<?xml version="1.0" encoding="UTF-8"?>
<testsuites name="MMA Merchandising With Channel Wise Data Verification" time="981" tests="3" failures="1" errors="0">
   <testsuite name="MMA Merchandising With Channel Wise Data Verification" tests="3" failures="1" errors="0" time="981" timestamp="2018-11-16 18:00:21" hostname="Fahad Shah - DESKTOP-L12UUAD" id="Test Suites/MMA Merchandising With Channel Wise Data Verification">
      <properties>
         <property name="deviceName" value="samsung SM-J110H (Android 4.4.4)"/>
         <property name="devicePlatform" value=""/>
         <property name="logFolder" value="F:\\Git Projects\\Audit_Merchandising\\Audit_Merchandising\\Reports\\MMA Merchandising With Channel Wise Data Verification\\20181116_180018"/>
         <property name="logFiles" value="F:\\Git Projects\\Audit_Merchandising\\Audit_Merchandising\\Reports\\MMA Merchandising With Channel Wise Data Verification\\20181116_180018\\appium.log, F:\\Git Projects\\Audit_Merchandising\\Audit_Merchandising\\Reports\\MMA Merchandising With Channel Wise Data Verification\\20181116_180018\\execution0.log"/>
         <property name="attachments" value="F:\\Git Projects\\Audit_Merchandising\\Audit_Merchandising\\Reports\\MMA Merchandising With Channel Wise Data Verification\\20181116_180018\\1542374009116.png, F:\\Git Projects\\Audit_Merchandising\\Audit_Merchandising\\Reports\\MMA Merchandising With Channel Wise Data Verification\\20181116_180018\\1542374201066.png"/>
         <property name="hostName" value="Fahad Shah - DESKTOP-L12UUAD"/>
         <property name="os" value="Windows 10 64bit"/>
         <property name="katalonVersion" value="5.8.0.1"/>
         <property name="deviceOS" value="Android"/>
         <property name="appiumVersion" value="1.8.1"/>
         <property name="deviceModel" value="SM-J110H"/>
         <property name="hostAddress" value="192.168.3.221"/>
         <property name="deviceManufacturer" value="samsung"/>
         <property name="deviceId" value="11015a1136d0b24a"/>
         <property name="deviceName" value="samsung SM-J110H (Android 4.4.4)"/>
         <property name="deviceOSVersion" value="4.4.4"/>
      </properties>
      <testcase name="Test Cases/LaunchingApp/LaunchApp" classname="Test Cases/LaunchingApp/LaunchApp" status="PASSED">
         <system-out><![CDATA[2018-11-16 18:00:22 - [TEST_CASE][PASSED] - Test Cases/LaunchingApp/LaunchApp: Test Cases/LaunchingApp/LaunchApp

2018-11-16 18:00:23 - [TEST_STEP][PASSED] - startApplication: Started app at: 'F:\QA_Automation\Builds\non_mma_v150_081118.apk'

2018-11-16 18:00:41 - [MESSAGE][PASSED] - Started app at: 'F:\QA_Automation\Builds\non_mma_v150_081118.apk'

2018-11-16 18:00:41 - [TEST_STEP][PASSED] - delay: Delayed 5 second(s)

2018-11-16 18:00:46 - [MESSAGE][PASSED] - Delayed 5 second(s)]]></system-out>
         <system-err><![CDATA[]]></system-err>
      </testcase>
      <testcase name="Test Cases/SliderOptions/VisitSliderOptions" classname="Test Cases/SliderOptions/VisitSliderOptions" status="PASSED">
         <system-out><![CDATA[2018-11-16 18:00:46 - [TEST_CASE][PASSED] - Test Cases/SliderOptions/VisitSliderOptions: Test Cases/SliderOptions/VisitSliderOptions

2018-11-16 18:00:47 - [TEST_STEP][PASSED] - verifyElementText: Actual text and expected text of test object 'Object Repository/DashboardScreenElements/Validate_DashboardScreen' are matched.

2018-11-16 18:00:50 - [MESSAGE][PASSED] - Actual text and expected text of test object 'Object Repository/DashboardScreenElements/Validate_DashboardScreen' are matched.

2018-11-16 18:00:50 - [TEST_STEP][PASSED] - swipe: Swiped from 2,250 to 400,250

2018-11-16 18:00:51 - [MESSAGE][PASSED] - Swiped from 2,250 to 400,250

2018-11-16 18:00:51 - [TEST_STEP][PASSED] - swipe: Swiped from 2,250 to 400,250

2018-11-16 18:00:51 - [MESSAGE][PASSED] - Swiped from 2,250 to 400,250

2018-11-16 18:00:51 - [TEST_STEP][PASSED] - verifyElementExist: Element 'Object Repository/SliderOptions/Validate_SliderItemsScreen' is exist

2018-11-16 18:00:51 - [MESSAGE][WARNING] - Timeout '0' is invalid. Using default page load timeout: '7'

2018-11-16 18:00:52 - [MESSAGE][PASSED] - Element 'Object Repository/SliderOptions/Validate_SliderItemsScreen' is exist

2018-11-16 18:00:52 - [TEST_STEP][PASSED] - com.ct.qa.keywords.SliderOptionsKeywords.valideSliderOptions: com.ct.qa.keywords.SliderOptionsKeywords.valideSliderOptions is PASSED

2018-11-16 18:00:59 - [MESSAGE][PASSED] - Swiped from 0,255 to 0,200

2018-11-16 18:01:02 - [MESSAGE][PASSED] - Swiped from 0,284 to 0,200

2018-11-16 18:01:07 - [MESSAGE][PASSED] - Swiped from 0,284 to 0,200

2018-11-16 18:01:13 - [MESSAGE][PASSED] - Swiped from 0,284 to 0,200

2018-11-16 18:01:17 - [MESSAGE][PASSED] - Swiped from 0,284 to 0,200

2018-11-16 18:01:19 - [MESSAGE][PASSED] - com.ct.qa.keywords.SliderOptionsKeywords.valideSliderOptions is PASSED

2018-11-16 18:01:19 - [TEST_STEP][PASSED] - swipe: Swiped from 5,200 to 5,500

2018-11-16 18:01:20 - [MESSAGE][PASSED] - Swiped from 5,200 to 5,500

2018-11-16 18:01:20 - [TEST_STEP][PASSED] - swipe: Swiped from 5,200 to 5,500

2018-11-16 18:01:21 - [MESSAGE][PASSED] - Swiped from 5,200 to 5,500

2018-11-16 18:01:21 - [TEST_STEP][PASSED] - com.ct.qa.keywords.SliderOptionsKeywords.findSliderOption: com.ct.qa.keywords.SliderOptionsKeywords.findSliderOption is PASSED

2018-11-16 18:01:22 - [MESSAGE][PASSED] - Swiped from 5,200 to 5,500

2018-11-16 18:01:23 - [MESSAGE][PASSED] - Swiped from 5,200 to 5,500

2018-11-16 18:01:25 - [MESSAGE][WARNING] - Timeout '0' is invalid. Using default page load timeout: '7'

2018-11-16 18:01:27 - [MESSAGE][PASSED] - Element 'Object Repository/SliderOptions/UpdateProfile_EnterEmail' is exist

2018-11-16 18:01:27 - [MESSAGE][WARNING] - Timeout '0' is invalid. Using default page load timeout: '7'

2018-11-16 18:01:27 - [MESSAGE][PASSED] - Element 'Object Repository/SliderOptions/UpdateProfile_EnterPhone' is exist

2018-11-16 18:01:27 - [MESSAGE][WARNING] - Timeout '0' is invalid. Using default page load timeout: '7'

2018-11-16 18:01:27 - [MESSAGE][PASSED] - Element 'Object Repository/SliderOptions/UpdateProfile_EnterCNIC' is exist

2018-11-16 18:01:27 - [MESSAGE][PASSED] - Press back button successfully

2018-11-16 18:01:27 - [MESSAGE][WARNING] - Timeout '0' is invalid. Using default page load timeout: '7'

2018-11-16 18:01:28 - [MESSAGE][PASSED] - Element 'Object Repository/SliderOptions/Validate_SliderItemsScreen' is exist

2018-11-16 18:01:28 - [MESSAGE][PASSED] - com.ct.qa.keywords.SliderOptionsKeywords.findSliderOption is PASSED

2018-11-16 18:01:28 - [TEST_STEP][PASSED] - com.ct.qa.keywords.SliderOptionsKeywords.findSliderOption: com.ct.qa.keywords.SliderOptionsKeywords.findSliderOption is PASSED

2018-11-16 18:01:29 - [MESSAGE][PASSED] - Swiped from 5,200 to 5,500

2018-11-16 18:01:30 - [MESSAGE][PASSED] - Swiped from 5,200 to 5,500

2018-11-16 18:01:37 - [MESSAGE][PASSED] - Actual text and expected text of test object 'Object Repository/SliderOptions/Validate_OutOfRoute_RouteListScreen' are matched.

2018-11-16 18:01:39 - [MESSAGE][PASSED] - Actual text and expected text of test object 'Object Repository/SliderOptions/Validate_OutOfRoute_ShopOnRouteScreen' are matched.

2018-11-16 18:01:39 - [MESSAGE][PASSED] - Press back button successfully

2018-11-16 18:01:40 - [MESSAGE][PASSED] - Actual text and expected text of test object 'Object Repository/SliderOptions/Validate_OutOfRoute_RouteListScreen' are matched.

2018-11-16 18:01:40 - [MESSAGE][PASSED] - Press back button successfully

2018-11-16 18:01:40 - [MESSAGE][WARNING] - Timeout '0' is invalid. Using default page load timeout: '7'

2018-11-16 18:01:41 - [MESSAGE][PASSED] - Element 'Object Repository/SliderOptions/Validate_SliderItemsScreen' is exist

2018-11-16 18:01:41 - [MESSAGE][PASSED] - com.ct.qa.keywords.SliderOptionsKeywords.findSliderOption is PASSED

2018-11-16 18:01:41 - [TEST_STEP][PASSED] - com.ct.qa.keywords.SliderOptionsKeywords.findSliderOption: com.ct.qa.keywords.SliderOptionsKeywords.findSliderOption is PASSED

2018-11-16 18:01:42 - [MESSAGE][PASSED] - Swiped from 5,200 to 5,500

2018-11-16 18:01:43 - [MESSAGE][PASSED] - Swiped from 5,200 to 5,500

2018-11-16 18:01:49 - [MESSAGE][PASSED] - Swiped from 0,255 to 0,200

2018-11-16 18:01:51 - [MESSAGE][PASSED] - Swiped from 0,284 to 0,200

2018-11-16 18:01:56 - [MESSAGE][PASSED] - Actual text and expected text of test object 'Object Repository/SliderOptions/Validate_LoginCode' are matched.

2018-11-16 18:01:56 - [MESSAGE][PASSED] - Actual text and expected text of test object 'Object Repository/SliderOptions/Validate_LoginTime' are matched.

2018-11-16 18:01:57 - [MESSAGE][PASSED] - Actual text and expected text of test object 'Object Repository/SliderOptions/Validate_SyncAttempted' are matched.

2018-11-16 18:01:57 - [MESSAGE][PASSED] - Actual text and expected text of test object 'Object Repository/SliderOptions/Validate_SyncSuccessful' are matched.

2018-11-16 18:01:58 - [MESSAGE][PASSED] - Actual text and expected text of test object 'Object Repository/SliderOptions/Validate_RefreshRoutes' are matched.

2018-11-16 18:01:58 - [MESSAGE][PASSED] - Actual text and expected text of test object 'Object Repository/SliderOptions/Validate_BuildVersion' are matched.

2018-11-16 18:01:59 - [MESSAGE][PASSED] - Press back button successfully

2018-11-16 18:01:59 - [MESSAGE][WARNING] - Timeout '0' is invalid. Using default page load timeout: '7'

2018-11-16 18:02:00 - [MESSAGE][PASSED] - Element 'Object Repository/SliderOptions/Validate_SliderItemsScreen' is exist

2018-11-16 18:02:00 - [MESSAGE][PASSED] - com.ct.qa.keywords.SliderOptionsKeywords.findSliderOption is PASSED

2018-11-16 18:02:00 - [TEST_STEP][PASSED] - swipe: Swiped from 320,5 to 2,5

2018-11-16 18:02:01 - [MESSAGE][PASSED] - Swiped from 320,5 to 2,5

2018-11-16 18:02:01 - [TEST_STEP][PASSED] - swipe: Swiped from 320,5 to 2,5

2018-11-16 18:02:02 - [MESSAGE][PASSED] - Swiped from 320,5 to 2,5

2018-11-16 18:02:02 - [TEST_STEP][PASSED] - com.ct.qa.keywords.SliderOptionsKeywords.displayMissingSliderOptionsInReport: com.ct.qa.keywords.SliderOptionsKeywords.displayMissingSliderOptionsInReport is PASSED

2018-11-16 18:02:02 - [MESSAGE][PASSED] - com.ct.qa.keywords.SliderOptionsKeywords.displayMissingSliderOptionsInReport is PASSED]]></system-out>
         <system-err><![CDATA[]]></system-err>
      </testcase>
      <testcase name="Test Cases/DistributionPoint/VisitDistributionPoint" classname="Test Cases/DistributionPoint/VisitDistributionPoint" status="PASSED">
         <system-out><![CDATA[2018-11-16 18:02:02 - [TEST_CASE][PASSED] - Test Cases/DistributionPoint/VisitDistributionPoint: Test Cases/DistributionPoint/VisitDistributionPoint

2018-11-16 18:02:03 - [TEST_STEP][PASSED] - verifyElementText: Actual text and expected text of test object 'Object Repository/DashboardScreenElements/Validate_DashboardScreen' are matched.

2018-11-16 18:02:04 - [MESSAGE][PASSED] - Actual text and expected text of test object 'Object Repository/DashboardScreenElements/Validate_DashboardScreen' are matched.

2018-11-16 18:02:04 - [TEST_STEP][PASSED] - tap: Tapped on element 'Object Repository/DashboardScreenElements/StartYourDay'

2018-11-16 18:02:04 - [MESSAGE][WARNING] - Timeout '0' is invalid. Using default page load timeout: '7'

2018-11-16 18:02:04 - [MESSAGE][PASSED] - Tapped on element 'Object Repository/DashboardScreenElements/StartYourDay'

2018-11-16 18:02:04 - [TEST_STEP][PASSED] - delay: Delayed 15 second(s)

2018-11-16 18:02:19 - [MESSAGE][PASSED] - Delayed 15 second(s)

2018-11-16 18:02:19 - [TEST_STEP][PASSED] - verifyElementExist: Element 'Object Repository/CommonScreenElements/Validate_MapScreen' is exist

2018-11-16 18:02:19 - [MESSAGE][WARNING] - Timeout '0' is invalid. Using default page load timeout: '7'

2018-11-16 18:02:20 - [MESSAGE][PASSED] - Element 'Object Repository/CommonScreenElements/Validate_MapScreen' is exist

2018-11-16 18:02:20 - [TEST_STEP][PASSED] - tap: Tapped on element 'Object Repository/CommonScreenElements/Location_CheckIn'

2018-11-16 18:02:21 - [MESSAGE][WARNING] - Timeout '0' is invalid. Using default page load timeout: '7'

2018-11-16 18:02:21 - [MESSAGE][PASSED] - Tapped on element 'Object Repository/CommonScreenElements/Location_CheckIn'

2018-11-16 18:02:21 - [TEST_STEP][PASSED] - verifyElementExist: Element 'Object Repository/CommonScreenElements/Validate_InfoPopUP' is exist

2018-11-16 18:02:21 - [MESSAGE][WARNING] - Timeout '0' is invalid. Using default page load timeout: '7'

2018-11-16 18:02:22 - [MESSAGE][PASSED] - Element 'Object Repository/CommonScreenElements/Validate_InfoPopUP' is exist

2018-11-16 18:02:22 - [TEST_STEP][PASSED] - tap: Tapped on element 'Object Repository/CommonScreenElements/InfoPopUp_NoButton'

2018-11-16 18:02:22 - [MESSAGE][WARNING] - Timeout '0' is invalid. Using default page load timeout: '7'

2018-11-16 18:02:23 - [MESSAGE][PASSED] - Tapped on element 'Object Repository/CommonScreenElements/InfoPopUp_NoButton'

2018-11-16 18:02:23 - [TEST_STEP][PASSED] - verifyElementText: Actual text and expected text of test object 'Object Repository/DistributionPoint/Validate_RouteInfoScreen' are matched.

2018-11-16 18:02:24 - [MESSAGE][PASSED] - Actual text and expected text of test object 'Object Repository/DistributionPoint/Validate_RouteInfoScreen' are matched.

2018-11-16 18:02:24 - [TEST_STEP][PASSED] - tap: Tapped on element 'Object Repository/DistributionPoint/RouteInfoNextButton'

2018-11-16 18:02:24 - [MESSAGE][WARNING] - Timeout '0' is invalid. Using default page load timeout: '7'

2018-11-16 18:02:25 - [MESSAGE][PASSED] - Tapped on element 'Object Repository/DistributionPoint/RouteInfoNextButton'

2018-11-16 18:02:25 - [TEST_STEP][PASSED] - verifyElementText: Actual text and expected text of test object 'Object Repository/DistributionPoint/Validate_DistributionPointScreen' are matched.

2018-11-16 18:02:27 - [MESSAGE][PASSED] - Actual text and expected text of test object 'Object Repository/DistributionPoint/Validate_DistributionPointScreen' are matched.

2018-11-16 18:02:27 - [TEST_STEP][PASSED] - com.ct.qa.keywords.DistributionPointKeywords.visitdistributionPoint: com.ct.qa.keywords.DistributionPointKeywords.visitdistributionPoint is PASSED

2018-11-16 18:02:31 - [MESSAGE][PASSED] - Keyboard is hidden

2018-11-16 18:02:34 - [MESSAGE][PASSED] - Keyboard is hidden

2018-11-16 18:02:37 - [MESSAGE][PASSED] - Keyboard is hidden

2018-11-16 18:02:40 - [MESSAGE][PASSED] - Keyboard is hidden

2018-11-16 18:02:40 - [MESSAGE][PASSED] - com.ct.qa.keywords.DistributionPointKeywords.visitdistributionPoint is PASSED

2018-11-16 18:02:40 - [TEST_STEP][PASSED] - tap: Tapped on element 'Object Repository/DistributionPoint/DistributionPoint_SubmitButton'

2018-11-16 18:02:40 - [MESSAGE][WARNING] - Timeout '0' is invalid. Using default page load timeout: '7'

2018-11-16 18:02:41 - [MESSAGE][PASSED] - Tapped on element 'Object Repository/DistributionPoint/DistributionPoint_SubmitButton'

2018-11-16 18:02:41 - [TEST_STEP][PASSED] - verifyElementText: Actual text and expected text of test object 'Object Repository/DashboardScreenElements/Validate_DashboardScreen' are matched.

2018-11-16 18:02:42 - [MESSAGE][PASSED] - Actual text and expected text of test object 'Object Repository/DashboardScreenElements/Validate_DashboardScreen' are matched.]]></system-out>
         <system-err><![CDATA[]]></system-err>
      </testcase>
      <testcase name="Test Cases/VisitShopScenarios/VisitShopsWithDataVerification" classname="Test Cases/VisitShopScenarios/VisitShopsWithDataVerification" status="FAILED">
         <failure type="FAILED" message="(Stack trace: com.kms.katalon.core.exception.StepFailedException: Cannot hide keyboard (Root cause: org.openqa.selenium.WebDriverException: An unknown server-side error occurred while processing the command. Original error: Soft keyboard not present, cannot hide keyboard (WARNING: The server did not provide any stacktrace information)
Command duration or timeout: 0 milliseconds
Build info: version: '3.7.1', revision: '8a0099a', time: '2017-11-06T21:07:36.161Z'
System info: host: 'DESKTOP-L12UUAD', ip: '192.168.3.221', os.name: 'Windows 10', os.arch: 'amd64', os.version: '10.0', java.version: '1.8.0_102'
Driver info: com.kms.katalon.core.appium.driver.SwipeableAndroidDriver
Capabilities {app: F:\QA_Automation\Builds\non..., appActivity: com.audit.main.ui.SplashScreen, appPackage: com.concavetech.bloc, appWaitActivity: com.audit.main.ui.SplashScreen, appWaitPackage: com.concavetech.bloc, autoGrantPermissions: true, databaseEnabled: false, desired: {app: F:\QA_Automation\Builds\non..., autoGrantPermissions: true, deviceId: , deviceName: samsung SM-J110H (Android 4..., fullReset: false, newCommandTimeout: 1800, noReset: true, platform: ANDROID, platformName: Android, udid: 11015a1136d0b24a}, deviceId: , deviceManufacturer: samsung, deviceModel: SM-J110H, deviceName: 11015a1136d0b24a, deviceScreenSize: 480x800, deviceUDID: 11015a1136d0b24a, fullReset: false, javascriptEnabled: true, locationContextEnabled: false, networkConnectionEnabled: true, newCommandTimeout: 1800, noReset: true, platform: ANDROID, platformName: ANDROID, platformVersion: 4.4.4, takesScreenshot: true, udid: 11015a1136d0b24a, warnings: {}, webStorageEnabled: false}
Session ID: ba9f2dd4-22cf-4a6f-aeb7-f71967160ad1)
	at com.kms.katalon.core.keyword.internal.KeywordMain.stepFailed(KeywordMain.groovy:36)
	at com.kms.katalon.core.mobile.keyword.internal.MobileKeywordMain.stepFailed(MobileKeywordMain.groovy:40)
	at com.kms.katalon.core.mobile.keyword.internal.MobileKeywordMain.runKeyword(MobileKeywordMain.groovy:23)
	at com.kms.katalon.core.mobile.keyword.internal.MobileKeywordMain$runKeyword.call(Unknown Source)
	at com.kms.katalon.core.mobile.keyword.builtin.HideKeyboardKeyword.hideKeyboard(HideKeyboardKeyword.groovy:66)
	at com.kms.katalon.core.mobile.keyword.builtin.HideKeyboardKeyword.execute(HideKeyboardKeyword.groovy:62)
	at com.kms.katalon.core.keyword.internal.KeywordExecutor.executeKeywordForPlatform(KeywordExecutor.groovy:53)
	at com.kms.katalon.core.mobile.keyword.MobileBuiltInKeywords.hideKeyboard(MobileBuiltInKeywords.groovy:1269)
	at com.kms.katalon.core.mobile.keyword.MobileBuiltInKeywords$hideKeyboard$5.call(Unknown Source)
	at com.ct.qa.keywords.ChillerProductsDataKeywords.VisitChillerNotAvailableProductsData(ChillerProductsDataKeywords.groovy:704)
	at sun.reflect.NativeMethodAccessorImpl.invoke0(Native Method)
	at sun.reflect.NativeMethodAccessorImpl.invoke(NativeMethodAccessorImpl.java:62)
	at sun.reflect.DelegatingMethodAccessorImpl.invoke(DelegatingMethodAccessorImpl.java:43)
	at java.lang.reflect.Method.invoke(Method.java:498)
	at org.codehaus.groovy.reflection.CachedMethod.invoke(CachedMethod.java:93)
	at groovy.lang.MetaMethod.doMethodInvoke(MetaMethod.java:325)
	at groovy.lang.MetaClassImpl.invokeMethod(MetaClassImpl.java:1215)
	at groovy.lang.MetaClassImpl.invokeMethod(MetaClassImpl.java:1024)
	at groovy.lang.MetaClassImpl.invokeMethod(MetaClassImpl.java:812)
	at groovy.lang.DelegatingMetaClass.invokeMethod(DelegatingMetaClass.java:144)
	at com.ct.qa.keywords.ChillerProductsDataKeywords.invokeMethod(ChillerProductsDataKeywords.groovy)
	at com.kms.katalon.core.main.CustomKeywordDelegatingMetaClass.invokeStaticMethod(CustomKeywordDelegatingMetaClass.java:46)
	at org.codehaus.groovy.runtime.callsite.StaticMetaClassSite.call(StaticMetaClassSite.java:53)
	at org.codehaus.groovy.runtime.callsite.AbstractCallSite.call(AbstractCallSite.java:133)
	at Script1531389034206.run(Script1531389034206.groovy:53)
	at com.kms.katalon.core.main.ScriptEngine.run(ScriptEngine.java:183)
	at com.kms.katalon.core.main.ScriptEngine.runScriptAsRawText(ScriptEngine.java:108)
	at com.kms.katalon.core.main.TestCaseExecutor.runScript(TestCaseExecutor.java:294)
	at com.kms.katalon.core.main.TestCaseExecutor.doExecute(TestCaseExecutor.java:285)
	at com.kms.katalon.core.main.TestCaseExecutor.processExecutionPhase(TestCaseExecutor.java:264)
	at com.kms.katalon.core.main.TestCaseExecutor.accessMainPhase(TestCaseExecutor.java:256)
	at com.kms.katalon.core.main.TestCaseExecutor.execute(TestCaseExecutor.java:200)
	at com.kms.katalon.core.main.TestCaseMain.runTestCase(TestCaseMain.java:99)
	at com.kms.katalon.core.keyword.builtin.CallTestCaseKeyword$_callTestCase_closure1.doCall(CallTestCaseKeyword.groovy:60)
	at com.kms.katalon.core.keyword.builtin.CallTestCaseKeyword$_callTestCase_closure1.call(CallTestCaseKeyword.groovy)
	at com.kms.katalon.core.keyword.internal.KeywordMain.runKeyword(KeywordMain.groovy:54)
	at com.kms.katalon.core.keyword.builtin.CallTestCaseKeyword.callTestCase(CallTestCaseKeyword.groovy:81)
	at com.kms.katalon.core.keyword.builtin.CallTestCaseKeyword.execute(CallTestCaseKeyword.groovy:45)
	at com.kms.katalon.core.keyword.internal.KeywordExecutor.executeKeywordForPlatform(KeywordExecutor.groovy:53)
	at com.kms.katalon.core.keyword.BuiltinKeywords.callTestCase(BuiltinKeywords.groovy:350)
	at sun.reflect.GeneratedMethodAccessor20.invoke(Unknown Source)
	at sun.reflect.DelegatingMethodAccessorImpl.invoke(DelegatingMethodAccessorImpl.java:43)
	at java.lang.reflect.Method.invoke(Method.java:498)
	at org.codehaus.groovy.reflection.CachedMethod.invoke(CachedMethod.java:93)
	at groovy.lang.MetaMethod.doMethodInvoke(MetaMethod.java:325)
	at groovy.lang.MetaClassImpl.invokeStaticMethod(MetaClassImpl.java:1469)
	at org.codehaus.groovy.runtime.callsite.StaticMetaClassSite.call(StaticMetaClassSite.java:53)
	at org.codehaus.groovy.runtime.callsite.AbstractCallSite.call(AbstractCallSite.java:133)
	at com.ct.qa.keywords.ChillerProductsDataKeywords.visitChillerNotAvailableProductCategories(ChillerProductsDataKeywords.groovy:199)
	at sun.reflect.NativeMethodAccessorImpl.invoke0(Native Method)
	at sun.reflect.NativeMethodAccessorImpl.invoke(NativeMethodAccessorImpl.java:62)
	at sun.reflect.DelegatingMethodAccessorImpl.invoke(DelegatingMethodAccessorImpl.java:43)
	at java.lang.reflect.Method.invoke(Method.java:498)
	at org.codehaus.groovy.reflection.CachedMethod.invoke(CachedMethod.java:93)
	at groovy.lang.MetaMethod.doMethodInvoke(MetaMethod.java:325)
	at groovy.lang.MetaClassImpl.invokeMethod(MetaClassImpl.java:1215)
	at groovy.lang.MetaClassImpl.invokeMethod(MetaClassImpl.java:1024)
	at groovy.lang.MetaClassImpl.invokeMethod(MetaClassImpl.java:812)
	at groovy.lang.DelegatingMetaClass.invokeMethod(DelegatingMetaClass.java:144)
	at com.ct.qa.keywords.ChillerProductsDataKeywords.invokeMethod(ChillerProductsDataKeywords.groovy)
	at com.kms.katalon.core.main.CustomKeywordDelegatingMetaClass.invokeStaticMethod(CustomKeywordDelegatingMetaClass.java:46)
	at org.codehaus.groovy.runtime.callsite.StaticMetaClassSite.call(StaticMetaClassSite.java:53)
	at org.codehaus.groovy.runtime.callsite.CallSiteArray.defaultCall(CallSiteArray.java:48)
	at org.codehaus.groovy.runtime.callsite.AbstractCallSite.call(AbstractCallSite.java:113)
	at org.codehaus.groovy.runtime.callsite.AbstractCallSite.call(AbstractCallSite.java:125)
	at Script1527584701019.run(Script1527584701019.groovy:28)
	at com.kms.katalon.core.main.ScriptEngine.run(ScriptEngine.java:183)
	at com.kms.katalon.core.main.ScriptEngine.runScriptAsRawText(ScriptEngine.java:108)
	at com.kms.katalon.core.main.TestCaseExecutor.runScript(TestCaseExecutor.java:294)
	at com.kms.katalon.core.main.TestCaseExecutor.doExecute(TestCaseExecutor.java:285)
	at com.kms.katalon.core.main.TestCaseExecutor.processExecutionPhase(TestCaseExecutor.java:264)
	at com.kms.katalon.core.main.TestCaseExecutor.accessMainPhase(TestCaseExecutor.java:256)
	at com.kms.katalon.core.main.TestCaseExecutor.execute(TestCaseExecutor.java:200)
	at com.kms.katalon.core.main.TestCaseMain.runTestCase(TestCaseMain.java:99)
	at com.kms.katalon.core.keyword.builtin.CallTestCaseKeyword$_callTestCase_closure1.doCall(CallTestCaseKeyword.groovy:60)
	at com.kms.katalon.core.keyword.builtin.CallTestCaseKeyword$_callTestCase_closure1.call(CallTestCaseKeyword.groovy)
	at com.kms.katalon.core.keyword.internal.KeywordMain.runKeyword(KeywordMain.groovy:54)
	at com.kms.katalon.core.keyword.builtin.CallTestCaseKeyword.callTestCase(CallTestCaseKeyword.groovy:81)
	at com.kms.katalon.core.keyword.builtin.CallTestCaseKeyword.execute(CallTestCaseKeyword.groovy:45)
	at com.kms.katalon.core.keyword.internal.KeywordExecutor.executeKeywordForPlatform(KeywordExecutor.groovy:53)
	at com.kms.katalon.core.keyword.BuiltinKeywords.callTestCase(BuiltinKeywords.groovy:350)
	at sun.reflect.GeneratedMethodAccessor20.invoke(Unknown Source)
	at sun.reflect.DelegatingMethodAccessorImpl.invoke(DelegatingMethodAccessorImpl.java:43)
	at java.lang.reflect.Method.invoke(Method.java:498)
	at org.codehaus.groovy.reflection.CachedMethod.invoke(CachedMethod.java:93)
	at groovy.lang.MetaMethod.doMethodInvoke(MetaMethod.java:325)
	at groovy.lang.MetaClassImpl.invokeStaticMethod(MetaClassImpl.java:1469)
	at org.codehaus.groovy.runtime.callsite.StaticMetaClassSite.call(StaticMetaClassSite.java:53)
	at org.codehaus.groovy.runtime.callsite.CallSiteArray.defaultCall(CallSiteArray.java:48)
	at org.codehaus.groovy.runtime.callsite.AbstractCallSite.call(AbstractCallSite.java:113)
	at org.codehaus.groovy.runtime.callsite.AbstractCallSite.call(AbstractCallSite.java:133)
	at com.ct.qa.keywords.ChillerVisitingScenariosKeywords.visitChillersTaggedInChillerUtilizationWithDataVerification(ChillerVisitingScenariosKeywords.groovy:63)
	at sun.reflect.NativeMethodAccessorImpl.invoke0(Native Method)
	at sun.reflect.NativeMethodAccessorImpl.invoke(NativeMethodAccessorImpl.java:62)
	at sun.reflect.DelegatingMethodAccessorImpl.invoke(DelegatingMethodAccessorImpl.java:43)
	at java.lang.reflect.Method.invoke(Method.java:498)
	at org.codehaus.groovy.reflection.CachedMethod.invoke(CachedMethod.java:93)
	at groovy.lang.MetaMethod.doMethodInvoke(MetaMethod.java:325)
	at groovy.lang.MetaClassImpl.invokeMethod(MetaClassImpl.java:1215)
	at groovy.lang.MetaClassImpl.invokeMethod(MetaClassImpl.java:1024)
	at groovy.lang.MetaClassImpl.invokeMethod(MetaClassImpl.java:812)
	at groovy.lang.DelegatingMetaClass.invokeMethod(DelegatingMetaClass.java:144)
	at com.ct.qa.keywords.ChillerVisitingScenariosKeywords.invokeMethod(ChillerVisitingScenariosKeywords.groovy)
	at com.kms.katalon.core.main.CustomKeywordDelegatingMetaClass.invokeStaticMethod(CustomKeywordDelegatingMetaClass.java:46)
	at org.codehaus.groovy.runtime.callsite.StaticMetaClassSite.call(StaticMetaClassSite.java:53)
	at org.codehaus.groovy.runtime.callsite.CallSiteArray.defaultCall(CallSiteArray.java:48)
	at org.codehaus.groovy.runtime.callsite.AbstractCallSite.call(AbstractCallSite.java:113)
	at org.codehaus.groovy.runtime.callsite.AbstractCallSite.call(AbstractCallSite.java:117)
	at Script1532949461188.run(Script1532949461188.groovy:29)
	at com.kms.katalon.core.main.ScriptEngine.run(ScriptEngine.java:183)
	at com.kms.katalon.core.main.ScriptEngine.runScriptAsRawText(ScriptEngine.java:108)
	at com.kms.katalon.core.main.TestCaseExecutor.runScript(TestCaseExecutor.java:294)
	at com.kms.katalon.core.main.TestCaseExecutor.doExecute(TestCaseExecutor.java:285)
	at com.kms.katalon.core.main.TestCaseExecutor.processExecutionPhase(TestCaseExecutor.java:264)
	at com.kms.katalon.core.main.TestCaseExecutor.accessMainPhase(TestCaseExecutor.java:256)
	at com.kms.katalon.core.main.TestCaseExecutor.execute(TestCaseExecutor.java:200)
	at com.kms.katalon.core.main.TestCaseMain.runTestCase(TestCaseMain.java:99)
	at com.kms.katalon.core.keyword.builtin.CallTestCaseKeyword$_callTestCase_closure1.doCall(CallTestCaseKeyword.groovy:60)
	at com.kms.katalon.core.keyword.builtin.CallTestCaseKeyword$_callTestCase_closure1.call(CallTestCaseKeyword.groovy)
	at com.kms.katalon.core.keyword.internal.KeywordMain.runKeyword(KeywordMain.groovy:54)
	at com.kms.katalon.core.keyword.builtin.CallTestCaseKeyword.callTestCase(CallTestCaseKeyword.groovy:81)
	at com.kms.katalon.core.keyword.builtin.CallTestCaseKeyword.execute(CallTestCaseKeyword.groovy:45)
	at com.kms.katalon.core.keyword.internal.KeywordExecutor.executeKeywordForPlatform(KeywordExecutor.groovy:53)
	at com.kms.katalon.core.keyword.BuiltinKeywords.callTestCase(BuiltinKeywords.groovy:350)
	at sun.reflect.GeneratedMethodAccessor20.invoke(Unknown Source)
	at sun.reflect.DelegatingMethodAccessorImpl.invoke(DelegatingMethodAccessorImpl.java:43)
	at java.lang.reflect.Method.invoke(Method.java:498)
	at org.codehaus.groovy.reflection.CachedMethod.invoke(CachedMethod.java:93)
	at groovy.lang.MetaMethod.doMethodInvoke(MetaMethod.java:325)
	at groovy.lang.MetaClassImpl.invokeStaticMethod(MetaClassImpl.java:1469)
	at org.codehaus.groovy.runtime.callsite.StaticMetaClassSite.call(StaticMetaClassSite.java:53)
	at org.codehaus.groovy.runtime.callsite.CallSiteArray.defaultCall(CallSiteArray.java:48)
	at org.codehaus.groovy.runtime.callsite.AbstractCallSite.call(AbstractCallSite.java:113)
	at org.codehaus.groovy.runtime.callsite.AbstractCallSite.call(AbstractCallSite.java:133)
	at com.ct.qa.keywords.CategoryVisitingScenariosKeywords.visitShopCategoriesWithDataVerification(CategoryVisitingScenariosKeywords.groovy:93)
	at sun.reflect.NativeMethodAccessorImpl.invoke0(Native Method)
	at sun.reflect.NativeMethodAccessorImpl.invoke(NativeMethodAccessorImpl.java:62)
	at sun.reflect.DelegatingMethodAccessorImpl.invoke(DelegatingMethodAccessorImpl.java:43)
	at java.lang.reflect.Method.invoke(Method.java:498)
	at org.codehaus.groovy.reflection.CachedMethod.invoke(CachedMethod.java:93)
	at groovy.lang.MetaMethod.doMethodInvoke(MetaMethod.java:325)
	at groovy.lang.MetaClassImpl.invokeMethod(MetaClassImpl.java:1215)
	at groovy.lang.MetaClassImpl.invokeMethod(MetaClassImpl.java:1024)
	at groovy.lang.MetaClassImpl.invokeMethod(MetaClassImpl.java:812)
	at groovy.lang.DelegatingMetaClass.invokeMethod(DelegatingMetaClass.java:144)
	at com.ct.qa.keywords.CategoryVisitingScenariosKeywords.invokeMethod(CategoryVisitingScenariosKeywords.groovy)
	at com.kms.katalon.core.main.CustomKeywordDelegatingMetaClass.invokeStaticMethod(CustomKeywordDelegatingMetaClass.java:46)
	at org.codehaus.groovy.runtime.callsite.StaticMetaClassSite.call(StaticMetaClassSite.java:53)
	at org.codehaus.groovy.runtime.callsite.AbstractCallSite.call(AbstractCallSite.java:117)
	at Script1533013695676.run(Script1533013695676.groovy:28)
	at com.kms.katalon.core.main.ScriptEngine.run(ScriptEngine.java:183)
	at com.kms.katalon.core.main.ScriptEngine.runScriptAsRawText(ScriptEngine.java:108)
	at com.kms.katalon.core.main.TestCaseExecutor.runScript(TestCaseExecutor.java:294)
	at com.kms.katalon.core.main.TestCaseExecutor.doExecute(TestCaseExecutor.java:285)
	at com.kms.katalon.core.main.TestCaseExecutor.processExecutionPhase(TestCaseExecutor.java:264)
	at com.kms.katalon.core.main.TestCaseExecutor.accessMainPhase(TestCaseExecutor.java:256)
	at com.kms.katalon.core.main.TestCaseExecutor.execute(TestCaseExecutor.java:200)
	at com.kms.katalon.core.main.TestCaseMain.runTestCase(TestCaseMain.java:99)
	at com.kms.katalon.core.keyword.builtin.CallTestCaseKeyword$_callTestCase_closure1.doCall(CallTestCaseKeyword.groovy:60)
	at com.kms.katalon.core.keyword.builtin.CallTestCaseKeyword$_callTestCase_closure1.call(CallTestCaseKeyword.groovy)
	at com.kms.katalon.core.keyword.internal.KeywordMain.runKeyword(KeywordMain.groovy:54)
	at com.kms.katalon.core.keyword.builtin.CallTestCaseKeyword.callTestCase(CallTestCaseKeyword.groovy:81)
	at com.kms.katalon.core.keyword.builtin.CallTestCaseKeyword.execute(CallTestCaseKeyword.groovy:45)
	at com.kms.katalon.core.keyword.internal.KeywordExecutor.executeKeywordForPlatform(KeywordExecutor.groovy:53)
	at com.kms.katalon.core.keyword.BuiltinKeywords.callTestCase(BuiltinKeywords.groovy:350)
	at sun.reflect.NativeMethodAccessorImpl.invoke0(Native Method)
	at sun.reflect.NativeMethodAccessorImpl.invoke(NativeMethodAccessorImpl.java:62)
	at sun.reflect.DelegatingMethodAccessorImpl.invoke(DelegatingMethodAccessorImpl.java:43)
	at java.lang.reflect.Method.invoke(Method.java:498)
	at org.codehaus.groovy.reflection.CachedMethod.invoke(CachedMethod.java:93)
	at groovy.lang.MetaMethod.doMethodInvoke(MetaMethod.java:325)
	at groovy.lang.MetaClassImpl.invokeStaticMethod(MetaClassImpl.java:1469)
	at org.codehaus.groovy.runtime.callsite.StaticMetaClassSite.call(StaticMetaClassSite.java:53)
	at org.codehaus.groovy.runtime.callsite.AbstractCallSite.call(AbstractCallSite.java:133)
	at com.ct.qa.keywords.ShopVisitingScenariosKeywords.visitShopWith_DataVerification(ShopVisitingScenariosKeywords.groovy:336)
	at sun.reflect.NativeMethodAccessorImpl.invoke0(Native Method)
	at sun.reflect.NativeMethodAccessorImpl.invoke(NativeMethodAccessorImpl.java:62)
	at sun.reflect.DelegatingMethodAccessorImpl.invoke(DelegatingMethodAccessorImpl.java:43)
	at java.lang.reflect.Method.invoke(Method.java:498)
	at org.codehaus.groovy.reflection.CachedMethod.invoke(CachedMethod.java:93)
	at groovy.lang.MetaMethod.doMethodInvoke(MetaMethod.java:325)
	at groovy.lang.MetaClassImpl.invokeMethod(MetaClassImpl.java:1215)
	at groovy.lang.MetaClassImpl.invokeMethod(MetaClassImpl.java:1024)
	at groovy.lang.MetaClassImpl.invokeMethod(MetaClassImpl.java:812)
	at groovy.lang.DelegatingMetaClass.invokeMethod(DelegatingMetaClass.java:144)
	at com.ct.qa.keywords.ShopVisitingScenariosKeywords.invokeMethod(ShopVisitingScenariosKeywords.groovy)
	at com.kms.katalon.core.main.CustomKeywordDelegatingMetaClass.invokeStaticMethod(CustomKeywordDelegatingMetaClass.java:46)
	at org.codehaus.groovy.runtime.callsite.StaticMetaClassSite.call(StaticMetaClassSite.java:53)
	at org.codehaus.groovy.runtime.callsite.CallSiteArray.defaultCall(CallSiteArray.java:48)
	at org.codehaus.groovy.runtime.callsite.AbstractCallSite.call(AbstractCallSite.java:113)
	at org.codehaus.groovy.runtime.callsite.AbstractCallSite.call(AbstractCallSite.java:117)
	at Script1539252870661.run(Script1539252870661.groovy:36)
	at com.kms.katalon.core.main.ScriptEngine.run(ScriptEngine.java:183)
	at com.kms.katalon.core.main.ScriptEngine.runScriptAsRawText(ScriptEngine.java:108)
	at com.kms.katalon.core.main.TestCaseExecutor.runScript(TestCaseExecutor.java:294)
	at com.kms.katalon.core.main.TestCaseExecutor.doExecute(TestCaseExecutor.java:285)
	at com.kms.katalon.core.main.TestCaseExecutor.processExecutionPhase(TestCaseExecutor.java:264)
	at com.kms.katalon.core.main.TestCaseExecutor.accessMainPhase(TestCaseExecutor.java:256)
	at com.kms.katalon.core.main.TestCaseExecutor.execute(TestCaseExecutor.java:200)
	at com.kms.katalon.core.main.TestSuiteExecutor.accessTestCaseMainPhase(TestSuiteExecutor.java:129)
	at com.kms.katalon.core.main.TestSuiteExecutor.accessTestSuiteMainPhase(TestSuiteExecutor.java:112)
	at com.kms.katalon.core.main.TestSuiteExecutor.execute(TestSuiteExecutor.java:81)
	at com.kms.katalon.core.main.TestCaseMain.startTestSuite(TestCaseMain.java:142)
	at com.kms.katalon.core.main.TestCaseMain$startTestSuite$0.call(Unknown Source)
	at org.codehaus.groovy.runtime.callsite.CallSiteArray.defaultCall(CallSiteArray.java:48)
	at org.codehaus.groovy.runtime.callsite.AbstractCallSite.call(AbstractCallSite.java:113)
	at org.codehaus.groovy.runtime.callsite.AbstractCallSite.call(AbstractCallSite.java:141)
	at TempTestSuite1542373218680.run(TempTestSuite1542373218680.groovy:36)
	at groovy.lang.GroovyShell.runScriptOrMainOrTestOrRunnable(GroovyShell.java:263)
	at groovy.lang.GroovyShell.run(GroovyShell.java:518)
	at groovy.lang.GroovyShell.run(GroovyShell.java:507)
	at groovy.ui.GroovyMain.processOnce(GroovyMain.java:653)
	at groovy.ui.GroovyMain.run(GroovyMain.java:384)
	at groovy.ui.GroovyMain.process(GroovyMain.java:370)
	at groovy.ui.GroovyMain.processArgs(GroovyMain.java:129)
	at groovy.ui.GroovyMain.main(GroovyMain.java:109)
	at sun.reflect.NativeMethodAccessorImpl.invoke0(Native Method)
	at sun.reflect.NativeMethodAccessorImpl.invoke(NativeMethodAccessorImpl.java:62)
	at sun.reflect.DelegatingMethodAccessorImpl.invoke(DelegatingMethodAccessorImpl.java:43)
	at java.lang.reflect.Method.invoke(Method.java:498)
	at org.codehaus.groovy.tools.GroovyStarter.rootLoader(GroovyStarter.java:109)
	at org.codehaus.groovy.tools.GroovyStarter.main(GroovyStarter.java:131)
)"/>
         <system-out><![CDATA[2018-11-16 18:02:42 - [TEST_CASE][FAILED] - Test Cases/VisitShopScenarios/VisitShopsWithDataVerification: Test Cases/VisitShopScenarios/VisitShopsWithDataVerification FAILED because (of) (Stack trace: com.kms.katalon.core.exception.StepFailedException: Cannot hide keyboard (Root cause: org.openqa.selenium.WebDriverException: An unknown server-side error occurred while processing the command. Original error: Soft keyboard not present, cannot hide keyboard (WARNING: The server did not provide any stacktrace information)
Command duration or timeout: 0 milliseconds
Build info: version: '3.7.1', revision: '8a0099a', time: '2017-11-06T21:07:36.161Z'
System info: host: 'DESKTOP-L12UUAD', ip: '192.168.3.221', os.name: 'Windows 10', os.arch: 'amd64', os.version: '10.0', java.version: '1.8.0_102'
Driver info: com.kms.katalon.core.appium.driver.SwipeableAndroidDriver
Capabilities {app: F:\QA_Automation\Builds\non..., appActivity: com.audit.main.ui.SplashScreen, appPackage: com.concavetech.bloc, appWaitActivity: com.audit.main.ui.SplashScreen, appWaitPackage: com.concavetech.bloc, autoGrantPermissions: true, databaseEnabled: false, desired: {app: F:\QA_Automation\Builds\non..., autoGrantPermissions: true, deviceId: , deviceName: samsung SM-J110H (Android 4..., fullReset: false, newCommandTimeout: 1800, noReset: true, platform: ANDROID, platformName: Android, udid: 11015a1136d0b24a}, deviceId: , deviceManufacturer: samsung, deviceModel: SM-J110H, deviceName: 11015a1136d0b24a, deviceScreenSize: 480x800, deviceUDID: 11015a1136d0b24a, fullReset: false, javascriptEnabled: true, locationContextEnabled: false, networkConnectionEnabled: true, newCommandTimeout: 1800, noReset: true, platform: ANDROID, platformName: ANDROID, platformVersion: 4.4.4, takesScreenshot: true, udid: 11015a1136d0b24a, warnings: {}, webStorageEnabled: false}
Session ID: ba9f2dd4-22cf-4a6f-aeb7-f71967160ad1)
	at com.kms.katalon.core.keyword.internal.KeywordMain.stepFailed(KeywordMain.groovy:36)
	at com.kms.katalon.core.mobile.keyword.internal.MobileKeywordMain.stepFailed(MobileKeywordMain.groovy:40)
	at com.kms.katalon.core.mobile.keyword.internal.MobileKeywordMain.runKeyword(MobileKeywordMain.groovy:23)
	at com.kms.katalon.core.mobile.keyword.internal.MobileKeywordMain$runKeyword.call(Unknown Source)
	at com.kms.katalon.core.mobile.keyword.builtin.HideKeyboardKeyword.hideKeyboard(HideKeyboardKeyword.groovy:66)
	at com.kms.katalon.core.mobile.keyword.builtin.HideKeyboardKeyword.execute(HideKeyboardKeyword.groovy:62)
	at com.kms.katalon.core.keyword.internal.KeywordExecutor.executeKeywordForPlatform(KeywordExecutor.groovy:53)
	at com.kms.katalon.core.mobile.keyword.MobileBuiltInKeywords.hideKeyboard(MobileBuiltInKeywords.groovy:1269)
	at com.kms.katalon.core.mobile.keyword.MobileBuiltInKeywords$hideKeyboard$5.call(Unknown Source)
	at com.ct.qa.keywords.ChillerProductsDataKeywords.VisitChillerNotAvailableProductsData(ChillerProductsDataKeywords.groovy:704)
	at sun.reflect.NativeMethodAccessorImpl.invoke0(Native Method)
	at sun.reflect.NativeMethodAccessorImpl.invoke(NativeMethodAccessorImpl.java:62)
	at sun.reflect.DelegatingMethodAccessorImpl.invoke(DelegatingMethodAccessorImpl.java:43)
	at java.lang.reflect.Method.invoke(Method.java:498)
	at org.codehaus.groovy.reflection.CachedMethod.invoke(CachedMethod.java:93)
	at groovy.lang.MetaMethod.doMethodInvoke(MetaMethod.java:325)
	at groovy.lang.MetaClassImpl.invokeMethod(MetaClassImpl.java:1215)
	at groovy.lang.MetaClassImpl.invokeMethod(MetaClassImpl.java:1024)
	at groovy.lang.MetaClassImpl.invokeMethod(MetaClassImpl.java:812)
	at groovy.lang.DelegatingMetaClass.invokeMethod(DelegatingMetaClass.java:144)
	at com.ct.qa.keywords.ChillerProductsDataKeywords.invokeMethod(ChillerProductsDataKeywords.groovy)
	at com.kms.katalon.core.main.CustomKeywordDelegatingMetaClass.invokeStaticMethod(CustomKeywordDelegatingMetaClass.java:46)
	at org.codehaus.groovy.runtime.callsite.StaticMetaClassSite.call(StaticMetaClassSite.java:53)
	at org.codehaus.groovy.runtime.callsite.AbstractCallSite.call(AbstractCallSite.java:133)
	at Script1531389034206.run(Script1531389034206.groovy:53)
	at com.kms.katalon.core.main.ScriptEngine.run(ScriptEngine.java:183)
	at com.kms.katalon.core.main.ScriptEngine.runScriptAsRawText(ScriptEngine.java:108)
	at com.kms.katalon.core.main.TestCaseExecutor.runScript(TestCaseExecutor.java:294)
	at com.kms.katalon.core.main.TestCaseExecutor.doExecute(TestCaseExecutor.java:285)
	at com.kms.katalon.core.main.TestCaseExecutor.processExecutionPhase(TestCaseExecutor.java:264)
	at com.kms.katalon.core.main.TestCaseExecutor.accessMainPhase(TestCaseExecutor.java:256)
	at com.kms.katalon.core.main.TestCaseExecutor.execute(TestCaseExecutor.java:200)
	at com.kms.katalon.core.main.TestCaseMain.runTestCase(TestCaseMain.java:99)
	at com.kms.katalon.core.keyword.builtin.CallTestCaseKeyword$_callTestCase_closure1.doCall(CallTestCaseKeyword.groovy:60)
	at com.kms.katalon.core.keyword.builtin.CallTestCaseKeyword$_callTestCase_closure1.call(CallTestCaseKeyword.groovy)
	at com.kms.katalon.core.keyword.internal.KeywordMain.runKeyword(KeywordMain.groovy:54)
	at com.kms.katalon.core.keyword.builtin.CallTestCaseKeyword.callTestCase(CallTestCaseKeyword.groovy:81)
	at com.kms.katalon.core.keyword.builtin.CallTestCaseKeyword.execute(CallTestCaseKeyword.groovy:45)
	at com.kms.katalon.core.keyword.internal.KeywordExecutor.executeKeywordForPlatform(KeywordExecutor.groovy:53)
	at com.kms.katalon.core.keyword.BuiltinKeywords.callTestCase(BuiltinKeywords.groovy:350)
	at sun.reflect.GeneratedMethodAccessor20.invoke(Unknown Source)
	at sun.reflect.DelegatingMethodAccessorImpl.invoke(DelegatingMethodAccessorImpl.java:43)
	at java.lang.reflect.Method.invoke(Method.java:498)
	at org.codehaus.groovy.reflection.CachedMethod.invoke(CachedMethod.java:93)
	at groovy.lang.MetaMethod.doMethodInvoke(MetaMethod.java:325)
	at groovy.lang.MetaClassImpl.invokeStaticMethod(MetaClassImpl.java:1469)
	at org.codehaus.groovy.runtime.callsite.StaticMetaClassSite.call(StaticMetaClassSite.java:53)
	at org.codehaus.groovy.runtime.callsite.AbstractCallSite.call(AbstractCallSite.java:133)
	at com.ct.qa.keywords.ChillerProductsDataKeywords.visitChillerNotAvailableProductCategories(ChillerProductsDataKeywords.groovy:199)
	at sun.reflect.NativeMethodAccessorImpl.invoke0(Native Method)
	at sun.reflect.NativeMethodAccessorImpl.invoke(NativeMethodAccessorImpl.java:62)
	at sun.reflect.DelegatingMethodAccessorImpl.invoke(DelegatingMethodAccessorImpl.java:43)
	at java.lang.reflect.Method.invoke(Method.java:498)
	at org.codehaus.groovy.reflection.CachedMethod.invoke(CachedMethod.java:93)
	at groovy.lang.MetaMethod.doMethodInvoke(MetaMethod.java:325)
	at groovy.lang.MetaClassImpl.invokeMethod(MetaClassImpl.java:1215)
	at groovy.lang.MetaClassImpl.invokeMethod(MetaClassImpl.java:1024)
	at groovy.lang.MetaClassImpl.invokeMethod(MetaClassImpl.java:812)
	at groovy.lang.DelegatingMetaClass.invokeMethod(DelegatingMetaClass.java:144)
	at com.ct.qa.keywords.ChillerProductsDataKeywords.invokeMethod(ChillerProductsDataKeywords.groovy)
	at com.kms.katalon.core.main.CustomKeywordDelegatingMetaClass.invokeStaticMethod(CustomKeywordDelegatingMetaClass.java:46)
	at org.codehaus.groovy.runtime.callsite.StaticMetaClassSite.call(StaticMetaClassSite.java:53)
	at org.codehaus.groovy.runtime.callsite.CallSiteArray.defaultCall(CallSiteArray.java:48)
	at org.codehaus.groovy.runtime.callsite.AbstractCallSite.call(AbstractCallSite.java:113)
	at org.codehaus.groovy.runtime.callsite.AbstractCallSite.call(AbstractCallSite.java:125)
	at Script1527584701019.run(Script1527584701019.groovy:28)
	at com.kms.katalon.core.main.ScriptEngine.run(ScriptEngine.java:183)
	at com.kms.katalon.core.main.ScriptEngine.runScriptAsRawText(ScriptEngine.java:108)
	at com.kms.katalon.core.main.TestCaseExecutor.runScript(TestCaseExecutor.java:294)
	at com.kms.katalon.core.main.TestCaseExecutor.doExecute(TestCaseExecutor.java:285)
	at com.kms.katalon.core.main.TestCaseExecutor.processExecutionPhase(TestCaseExecutor.java:264)
	at com.kms.katalon.core.main.TestCaseExecutor.accessMainPhase(TestCaseExecutor.java:256)
	at com.kms.katalon.core.main.TestCaseExecutor.execute(TestCaseExecutor.java:200)
	at com.kms.katalon.core.main.TestCaseMain.runTestCase(TestCaseMain.java:99)
	at com.kms.katalon.core.keyword.builtin.CallTestCaseKeyword$_callTestCase_closure1.doCall(CallTestCaseKeyword.groovy:60)
	at com.kms.katalon.core.keyword.builtin.CallTestCaseKeyword$_callTestCase_closure1.call(CallTestCaseKeyword.groovy)
	at com.kms.katalon.core.keyword.internal.KeywordMain.runKeyword(KeywordMain.groovy:54)
	at com.kms.katalon.core.keyword.builtin.CallTestCaseKeyword.callTestCase(CallTestCaseKeyword.groovy:81)
	at com.kms.katalon.core.keyword.builtin.CallTestCaseKeyword.execute(CallTestCaseKeyword.groovy:45)
	at com.kms.katalon.core.keyword.internal.KeywordExecutor.executeKeywordForPlatform(KeywordExecutor.groovy:53)
	at com.kms.katalon.core.keyword.BuiltinKeywords.callTestCase(BuiltinKeywords.groovy:350)
	at sun.reflect.GeneratedMethodAccessor20.invoke(Unknown Source)
	at sun.reflect.DelegatingMethodAccessorImpl.invoke(DelegatingMethodAccessorImpl.java:43)
	at java.lang.reflect.Method.invoke(Method.java:498)
	at org.codehaus.groovy.reflection.CachedMethod.invoke(CachedMethod.java:93)
	at groovy.lang.MetaMethod.doMethodInvoke(MetaMethod.java:325)
	at groovy.lang.MetaClassImpl.invokeStaticMethod(MetaClassImpl.java:1469)
	at org.codehaus.groovy.runtime.callsite.StaticMetaClassSite.call(StaticMetaClassSite.java:53)
	at org.codehaus.groovy.runtime.callsite.CallSiteArray.defaultCall(CallSiteArray.java:48)
	at org.codehaus.groovy.runtime.callsite.AbstractCallSite.call(AbstractCallSite.java:113)
	at org.codehaus.groovy.runtime.callsite.AbstractCallSite.call(AbstractCallSite.java:133)
	at com.ct.qa.keywords.ChillerVisitingScenariosKeywords.visitChillersTaggedInChillerUtilizationWithDataVerification(ChillerVisitingScenariosKeywords.groovy:63)
	at sun.reflect.NativeMethodAccessorImpl.invoke0(Native Method)
	at sun.reflect.NativeMethodAccessorImpl.invoke(NativeMethodAccessorImpl.java:62)
	at sun.reflect.DelegatingMethodAccessorImpl.invoke(DelegatingMethodAccessorImpl.java:43)
	at java.lang.reflect.Method.invoke(Method.java:498)
	at org.codehaus.groovy.reflection.CachedMethod.invoke(CachedMethod.java:93)
	at groovy.lang.MetaMethod.doMethodInvoke(MetaMethod.java:325)
	at groovy.lang.MetaClassImpl.invokeMethod(MetaClassImpl.java:1215)
	at groovy.lang.MetaClassImpl.invokeMethod(MetaClassImpl.java:1024)
	at groovy.lang.MetaClassImpl.invokeMethod(MetaClassImpl.java:812)
	at groovy.lang.DelegatingMetaClass.invokeMethod(DelegatingMetaClass.java:144)
	at com.ct.qa.keywords.ChillerVisitingScenariosKeywords.invokeMethod(ChillerVisitingScenariosKeywords.groovy)
	at com.kms.katalon.core.main.CustomKeywordDelegatingMetaClass.invokeStaticMethod(CustomKeywordDelegatingMetaClass.java:46)
	at org.codehaus.groovy.runtime.callsite.StaticMetaClassSite.call(StaticMetaClassSite.java:53)
	at org.codehaus.groovy.runtime.callsite.CallSiteArray.defaultCall(CallSiteArray.java:48)
	at org.codehaus.groovy.runtime.callsite.AbstractCallSite.call(AbstractCallSite.java:113)
	at org.codehaus.groovy.runtime.callsite.AbstractCallSite.call(AbstractCallSite.java:117)
	at Script1532949461188.run(Script1532949461188.groovy:29)
	at com.kms.katalon.core.main.ScriptEngine.run(ScriptEngine.java:183)
	at com.kms.katalon.core.main.ScriptEngine.runScriptAsRawText(ScriptEngine.java:108)
	at com.kms.katalon.core.main.TestCaseExecutor.runScript(TestCaseExecutor.java:294)
	at com.kms.katalon.core.main.TestCaseExecutor.doExecute(TestCaseExecutor.java:285)
	at com.kms.katalon.core.main.TestCaseExecutor.processExecutionPhase(TestCaseExecutor.java:264)
	at com.kms.katalon.core.main.TestCaseExecutor.accessMainPhase(TestCaseExecutor.java:256)
	at com.kms.katalon.core.main.TestCaseExecutor.execute(TestCaseExecutor.java:200)
	at com.kms.katalon.core.main.TestCaseMain.runTestCase(TestCaseMain.java:99)
	at com.kms.katalon.core.keyword.builtin.CallTestCaseKeyword$_callTestCase_closure1.doCall(CallTestCaseKeyword.groovy:60)
	at com.kms.katalon.core.keyword.builtin.CallTestCaseKeyword$_callTestCase_closure1.call(CallTestCaseKeyword.groovy)
	at com.kms.katalon.core.keyword.internal.KeywordMain.runKeyword(KeywordMain.groovy:54)
	at com.kms.katalon.core.keyword.builtin.CallTestCaseKeyword.callTestCase(CallTestCaseKeyword.groovy:81)
	at com.kms.katalon.core.keyword.builtin.CallTestCaseKeyword.execute(CallTestCaseKeyword.groovy:45)
	at com.kms.katalon.core.keyword.internal.KeywordExecutor.executeKeywordForPlatform(KeywordExecutor.groovy:53)
	at com.kms.katalon.core.keyword.BuiltinKeywords.callTestCase(BuiltinKeywords.groovy:350)
	at sun.reflect.GeneratedMethodAccessor20.invoke(Unknown Source)
	at sun.reflect.DelegatingMethodAccessorImpl.invoke(DelegatingMethodAccessorImpl.java:43)
	at java.lang.reflect.Method.invoke(Method.java:498)
	at org.codehaus.groovy.reflection.CachedMethod.invoke(CachedMethod.java:93)
	at groovy.lang.MetaMethod.doMethodInvoke(MetaMethod.java:325)
	at groovy.lang.MetaClassImpl.invokeStaticMethod(MetaClassImpl.java:1469)
	at org.codehaus.groovy.runtime.callsite.StaticMetaClassSite.call(StaticMetaClassSite.java:53)
	at org.codehaus.groovy.runtime.callsite.CallSiteArray.defaultCall(CallSiteArray.java:48)
	at org.codehaus.groovy.runtime.callsite.AbstractCallSite.call(AbstractCallSite.java:113)
	at org.codehaus.groovy.runtime.callsite.AbstractCallSite.call(AbstractCallSite.java:133)
	at com.ct.qa.keywords.CategoryVisitingScenariosKeywords.visitShopCategoriesWithDataVerification(CategoryVisitingScenariosKeywords.groovy:93)
	at sun.reflect.NativeMethodAccessorImpl.invoke0(Native Method)
	at sun.reflect.NativeMethodAccessorImpl.invoke(NativeMethodAccessorImpl.java:62)
	at sun.reflect.DelegatingMethodAccessorImpl.invoke(DelegatingMethodAccessorImpl.java:43)
	at java.lang.reflect.Method.invoke(Method.java:498)
	at org.codehaus.groovy.reflection.CachedMethod.invoke(CachedMethod.java:93)
	at groovy.lang.MetaMethod.doMethodInvoke(MetaMethod.java:325)
	at groovy.lang.MetaClassImpl.invokeMethod(MetaClassImpl.java:1215)
	at groovy.lang.MetaClassImpl.invokeMethod(MetaClassImpl.java:1024)
	at groovy.lang.MetaClassImpl.invokeMethod(MetaClassImpl.java:812)
	at groovy.lang.DelegatingMetaClass.invokeMethod(DelegatingMetaClass.java:144)
	at com.ct.qa.keywords.CategoryVisitingScenariosKeywords.invokeMethod(CategoryVisitingScenariosKeywords.groovy)
	at com.kms.katalon.core.main.CustomKeywordDelegatingMetaClass.invokeStaticMethod(CustomKeywordDelegatingMetaClass.java:46)
	at org.codehaus.groovy.runtime.callsite.StaticMetaClassSite.call(StaticMetaClassSite.java:53)
	at org.codehaus.groovy.runtime.callsite.AbstractCallSite.call(AbstractCallSite.java:117)
	at Script1533013695676.run(Script1533013695676.groovy:28)
	at com.kms.katalon.core.main.ScriptEngine.run(ScriptEngine.java:183)
	at com.kms.katalon.core.main.ScriptEngine.runScriptAsRawText(ScriptEngine.java:108)
	at com.kms.katalon.core.main.TestCaseExecutor.runScript(TestCaseExecutor.java:294)
	at com.kms.katalon.core.main.TestCaseExecutor.doExecute(TestCaseExecutor.java:285)
	at com.kms.katalon.core.main.TestCaseExecutor.processExecutionPhase(TestCaseExecutor.java:264)
	at com.kms.katalon.core.main.TestCaseExecutor.accessMainPhase(TestCaseExecutor.java:256)
	at com.kms.katalon.core.main.TestCaseExecutor.execute(TestCaseExecutor.java:200)
	at com.kms.katalon.core.main.TestCaseMain.runTestCase(TestCaseMain.java:99)
	at com.kms.katalon.core.keyword.builtin.CallTestCaseKeyword$_callTestCase_closure1.doCall(CallTestCaseKeyword.groovy:60)
	at com.kms.katalon.core.keyword.builtin.CallTestCaseKeyword$_callTestCase_closure1.call(CallTestCaseKeyword.groovy)
	at com.kms.katalon.core.keyword.internal.KeywordMain.runKeyword(KeywordMain.groovy:54)
	at com.kms.katalon.core.keyword.builtin.CallTestCaseKeyword.callTestCase(CallTestCaseKeyword.groovy:81)
	at com.kms.katalon.core.keyword.builtin.CallTestCaseKeyword.execute(CallTestCaseKeyword.groovy:45)
	at com.kms.katalon.core.keyword.internal.KeywordExecutor.executeKeywordForPlatform(KeywordExecutor.groovy:53)
	at com.kms.katalon.core.keyword.BuiltinKeywords.callTestCase(BuiltinKeywords.groovy:350)
	at sun.reflect.NativeMethodAccessorImpl.invoke0(Native Method)
	at sun.reflect.NativeMethodAccessorImpl.invoke(NativeMethodAccessorImpl.java:62)
	at sun.reflect.DelegatingMethodAccessorImpl.invoke(DelegatingMethodAccessorImpl.java:43)
	at java.lang.reflect.Method.invoke(Method.java:498)
	at org.codehaus.groovy.reflection.CachedMethod.invoke(CachedMethod.java:93)
	at groovy.lang.MetaMethod.doMethodInvoke(MetaMethod.java:325)
	at groovy.lang.MetaClassImpl.invokeStaticMethod(MetaClassImpl.java:1469)
	at org.codehaus.groovy.runtime.callsite.StaticMetaClassSite.call(StaticMetaClassSite.java:53)
	at org.codehaus.groovy.runtime.callsite.AbstractCallSite.call(AbstractCallSite.java:133)
	at com.ct.qa.keywords.ShopVisitingScenariosKeywords.visitShopWith_DataVerification(ShopVisitingScenariosKeywords.groovy:336)
	at sun.reflect.NativeMethodAccessorImpl.invoke0(Native Method)
	at sun.reflect.NativeMethodAccessorImpl.invoke(NativeMethodAccessorImpl.java:62)
	at sun.reflect.DelegatingMethodAccessorImpl.invoke(DelegatingMethodAccessorImpl.java:43)
	at java.lang.reflect.Method.invoke(Method.java:498)
	at org.codehaus.groovy.reflection.CachedMethod.invoke(CachedMethod.java:93)
	at groovy.lang.MetaMethod.doMethodInvoke(MetaMethod.java:325)
	at groovy.lang.MetaClassImpl.invokeMethod(MetaClassImpl.java:1215)
	at groovy.lang.MetaClassImpl.invokeMethod(MetaClassImpl.java:1024)
	at groovy.lang.MetaClassImpl.invokeMethod(MetaClassImpl.java:812)
	at groovy.lang.DelegatingMetaClass.invokeMethod(DelegatingMetaClass.java:144)
	at com.ct.qa.keywords.ShopVisitingScenariosKeywords.invokeMethod(ShopVisitingScenariosKeywords.groovy)
	at com.kms.katalon.core.main.CustomKeywordDelegatingMetaClass.invokeStaticMethod(CustomKeywordDelegatingMetaClass.java:46)
	at org.codehaus.groovy.runtime.callsite.StaticMetaClassSite.call(StaticMetaClassSite.java:53)
	at org.codehaus.groovy.runtime.callsite.CallSiteArray.defaultCall(CallSiteArray.java:48)
	at org.codehaus.groovy.runtime.callsite.AbstractCallSite.call(AbstractCallSite.java:113)
	at org.codehaus.groovy.runtime.callsite.AbstractCallSite.call(AbstractCallSite.java:117)
	at Script1539252870661.run(Script1539252870661.groovy:36)
	at com.kms.katalon.core.main.ScriptEngine.run(ScriptEngine.java:183)
	at com.kms.katalon.core.main.ScriptEngine.runScriptAsRawText(ScriptEngine.java:108)
	at com.kms.katalon.core.main.TestCaseExecutor.runScript(TestCaseExecutor.java:294)
	at com.kms.katalon.core.main.TestCaseExecutor.doExecute(TestCaseExecutor.java:285)
	at com.kms.katalon.core.main.TestCaseExecutor.processExecutionPhase(TestCaseExecutor.java:264)
	at com.kms.katalon.core.main.TestCaseExecutor.accessMainPhase(TestCaseExecutor.java:256)
	at com.kms.katalon.core.main.TestCaseExecutor.execute(TestCaseExecutor.java:200)
	at com.kms.katalon.core.main.TestSuiteExecutor.accessTestCaseMainPhase(TestSuiteExecutor.java:129)
	at com.kms.katalon.core.main.TestSuiteExecutor.accessTestSuiteMainPhase(TestSuiteExecutor.java:112)
	at com.kms.katalon.core.main.TestSuiteExecutor.execute(TestSuiteExecutor.java:81)
	at com.kms.katalon.core.main.TestCaseMain.startTestSuite(TestCaseMain.java:142)
	at com.kms.katalon.core.main.TestCaseMain$startTestSuite$0.call(Unknown Source)
	at org.codehaus.groovy.runtime.callsite.CallSiteArray.defaultCall(CallSiteArray.java:48)
	at org.codehaus.groovy.runtime.callsite.AbstractCallSite.call(AbstractCallSite.java:113)
	at org.codehaus.groovy.runtime.callsite.AbstractCallSite.call(AbstractCallSite.java:141)
	at TempTestSuite1542373218680.run(TempTestSuite1542373218680.groovy:36)
	at groovy.lang.GroovyShell.runScriptOrMainOrTestOrRunnable(GroovyShell.java:263)
	at groovy.lang.GroovyShell.run(GroovyShell.java:518)
	at groovy.lang.GroovyShell.run(GroovyShell.java:507)
	at groovy.ui.GroovyMain.processOnce(GroovyMain.java:653)
	at groovy.ui.GroovyMain.run(GroovyMain.java:384)
	at groovy.ui.GroovyMain.process(GroovyMain.java:370)
	at groovy.ui.GroovyMain.processArgs(GroovyMain.java:129)
	at groovy.ui.GroovyMain.main(GroovyMain.java:109)
	at sun.reflect.NativeMethodAccessorImpl.invoke0(Native Method)
	at sun.reflect.NativeMethodAccessorImpl.invoke(NativeMethodAccessorImpl.java:62)
	at sun.reflect.DelegatingMethodAccessorImpl.invoke(DelegatingMethodAccessorImpl.java:43)
	at java.lang.reflect.Method.invoke(Method.java:498)
	at org.codehaus.groovy.tools.GroovyStarter.rootLoader(GroovyStarter.java:109)
	at org.codehaus.groovy.tools.GroovyStarter.main(GroovyStarter.java:131)
)

2018-11-16 18:02:42 - [TEST_STEP][PASSED] - verifyElementText: Actual text and expected text of test object 'Object Repository/DashboardScreenElements/Validate_DashboardScreen' are matched.

2018-11-16 18:02:43 - [MESSAGE][PASSED] - Actual text and expected text of test object 'Object Repository/DashboardScreenElements/Validate_DashboardScreen' are matched.

2018-11-16 18:02:43 - [TEST_STEP][PASSED] - tap: Tapped on element 'Object Repository/DashboardScreenElements/StartYourDay'

2018-11-16 18:02:43 - [MESSAGE][WARNING] - Timeout '0' is invalid. Using default page load timeout: '7'

2018-11-16 18:02:43 - [MESSAGE][PASSED] - Tapped on element 'Object Repository/DashboardScreenElements/StartYourDay'

2018-11-16 18:02:43 - [TEST_STEP][PASSED] - verifyElementText: Actual text and expected text of test object 'Object Repository/Validate_ShopListScreen' are matched.

2018-11-16 18:02:45 - [MESSAGE][PASSED] - Actual text and expected text of test object 'Object Repository/Validate_ShopListScreen' are matched.

2018-11-16 18:02:45 - [TEST_STEP][FAILED] - com.ct.qa.keywords.ShopVisitingScenariosKeywords.visitShopWith_DataVerification: Cannot hide keyboard (Root cause: org.openqa.selenium.WebDriverException: An unknown server-side error occurred while processing the command. Original error: Soft keyboard not present, cannot hide keyboard (WARNING: The server did not provide any stacktrace information)
Command duration or timeout: 0 milliseconds
Build info: version: '3.7.1', revision: '8a0099a', time: '2017-11-06T21:07:36.161Z'
System info: host: 'DESKTOP-L12UUAD', ip: '192.168.3.221', os.name: 'Windows 10', os.arch: 'amd64', os.version: '10.0', java.version: '1.8.0_102'
Driver info: com.kms.katalon.core.appium.driver.SwipeableAndroidDriver
Capabilities {app: F:\QA_Automation\Builds\non..., appActivity: com.audit.main.ui.SplashScreen, appPackage: com.concavetech.bloc, appWaitActivity: com.audit.main.ui.SplashScreen, appWaitPackage: com.concavetech.bloc, autoGrantPermissions: true, databaseEnabled: false, desired: {app: F:\QA_Automation\Builds\non..., autoGrantPermissions: true, deviceId: , deviceName: samsung SM-J110H (Android 4..., fullReset: false, newCommandTimeout: 1800, noReset: true, platform: ANDROID, platformName: Android, udid: 11015a1136d0b24a}, deviceId: , deviceManufacturer: samsung, deviceModel: SM-J110H, deviceName: 11015a1136d0b24a, deviceScreenSize: 480x800, deviceUDID: 11015a1136d0b24a, fullReset: false, javascriptEnabled: true, locationContextEnabled: false, networkConnectionEnabled: true, newCommandTimeout: 1800, noReset: true, platform: ANDROID, platformName: ANDROID, platformVersion: 4.4.4, takesScreenshot: true, udid: 11015a1136d0b24a, warnings: {}, webStorageEnabled: false}
Session ID: ba9f2dd4-22cf-4a6f-aeb7-f71967160ad1)

2018-11-16 18:02:49 - [MESSAGE][PASSED] - Actual text and expected text of test object 'Object Repository/Validate_ShopOptionsScreen' are matched.

2018-11-16 18:02:49 - [MESSAGE][WARNING] - Timeout '0' is invalid. Using default page load timeout: '7'

2018-11-16 18:02:49 - [MESSAGE][PASSED] - Tapped on element 'Object Repository/ShopOptions_Audit'

2018-11-16 18:03:04 - [MESSAGE][PASSED] - Delayed 15 second(s)

2018-11-16 18:03:05 - [MESSAGE][PASSED] - Element 'Object Repository/CommonScreenElements/Validate_MapScreen' is exist

2018-11-16 18:03:05 - [MESSAGE][WARNING] - Timeout '0' is invalid. Using default page load timeout: '7'

2018-11-16 18:03:06 - [MESSAGE][PASSED] - Tapped on element 'Object Repository/CommonScreenElements/Location_CheckIn'

2018-11-16 18:03:06 - [MESSAGE][WARNING] - Timeout '0' is invalid. Using default page load timeout: '7'

2018-11-16 18:03:07 - [MESSAGE][PASSED] - Element 'Object Repository/CommonScreenElements/Validate_InfoPopUP' is exist

2018-11-16 18:03:07 - [MESSAGE][WARNING] - Timeout '0' is invalid. Using default page load timeout: '7'

2018-11-16 18:03:07 - [MESSAGE][PASSED] - Tapped on element 'Object Repository/CommonScreenElements/InfoPopUp_NoButton'

2018-11-16 18:03:07 - [TEST_CASE][PASSED] - Test Cases/ShopOpen/VisitShopOpen: Test Cases/ShopOpen/VisitShopOpen

2018-11-16 18:03:08 - [TEST_STEP][PASSED] - verifyElementExist: Element 'Object Repository/ShopActions_List' is exist

2018-11-16 18:03:08 - [MESSAGE][WARNING] - Timeout '0' is invalid. Using default page load timeout: '7'

2018-11-16 18:03:08 - [MESSAGE][PASSED] - Element 'Object Repository/ShopActions_List' is exist

2018-11-16 18:03:08 - [TEST_STEP][PASSED] - tap: Tapped on element 'Object Repository/ShopOpen/ShopOpen'

2018-11-16 18:03:08 - [MESSAGE][WARNING] - Timeout '0' is invalid. Using default page load timeout: '7'

2018-11-16 18:03:10 - [MESSAGE][PASSED] - Tapped on element 'Object Repository/ShopOpen/ShopOpen'

2018-11-16 18:03:10 - [TEST_STEP][PASSED] - verifyElementExist: Element 'Object Repository/CommonScreenElements/Validate_CameraScreen' is exist

2018-11-16 18:03:10 - [MESSAGE][WARNING] - Timeout '0' is invalid. Using default page load timeout: '7'

2018-11-16 18:03:12 - [MESSAGE][PASSED] - Element 'Object Repository/CommonScreenElements/Validate_CameraScreen' is exist

2018-11-16 18:03:12 - [TEST_STEP][PASSED] - tap: Tapped on element 'Object Repository/CommonScreenElements/TakePictureButton'

2018-11-16 18:03:12 - [MESSAGE][WARNING] - Timeout '0' is invalid. Using default page load timeout: '7'

2018-11-16 18:03:15 - [MESSAGE][PASSED] - Tapped on element 'Object Repository/CommonScreenElements/TakePictureButton'

2018-11-16 18:03:15 - [TEST_STEP][PASSED] - delay: Delayed 5 second(s)

2018-11-16 18:03:20 - [MESSAGE][PASSED] - Delayed 5 second(s)

2018-11-16 18:03:20 - [TEST_STEP][PASSED] - tap: Tapped on element 'Object Repository/CommonScreenElements/DoneButton'

2018-11-16 18:03:20 - [MESSAGE][WARNING] - Timeout '0' is invalid. Using default page load timeout: '7'

2018-11-16 18:03:21 - [MESSAGE][PASSED] - Tapped on element 'Object Repository/CommonScreenElements/DoneButton'

2018-11-16 18:03:21 - [MESSAGE][PASSED] - Call Test Case 'Test Cases/ShopOpen/VisitShopOpen' successfully

2018-11-16 18:03:21 - [TEST_CASE][PASSED] - Test Cases/ShopOpen/VisitCategoryScenarios/VisitShopCategoriesWithDataVerification: Test Cases/ShopOpen/VisitCategoryScenarios/VisitShopCategoriesWithDataVerification

2018-11-16 18:03:22 - [TEST_STEP][PASSED] - verifyElementExist: Element 'Object Repository/ShopOpen/Validate_ShopCategoriesListScreen' is exist

2018-11-16 18:03:22 - [MESSAGE][WARNING] - Timeout '0' is invalid. Using default page load timeout: '7'

2018-11-16 18:03:23 - [MESSAGE][PASSED] - Element 'Object Repository/ShopOpen/Validate_ShopCategoriesListScreen' is exist

2018-11-16 18:03:23 - [TEST_STEP][PASSED] - com.ct.qa.keywords.CategoryVisitingScenariosKeywords.visitShopCategoriesWithDataVerification: com.ct.qa.keywords.CategoryVisitingScenariosKeywords.visitShopCategoriesWithDataVerification is PASSED

2018-11-16 18:03:28 - [MESSAGE][PASSED] - Swiped from 0,293 to 0,200

2018-11-16 18:03:31 - [MESSAGE][PASSED] - Swiped from 0,293 to 0,200

2018-11-16 18:03:35 - [MESSAGE][PASSED] - Swiped from 0,293 to 0,200

2018-11-16 18:03:38 - [MESSAGE][PASSED] - Swiped from 0,293 to 0,200

2018-11-16 18:03:42 - [MESSAGE][PASSED] - Swiped from 0,293 to 0,200

2018-11-16 18:03:46 - [MESSAGE][PASSED] - Swiped from 0,293 to 0,200

2018-11-16 18:03:48 - [MESSAGE][PASSED] - Swiped from 0,200 to 0,750

2018-11-16 18:03:49 - [MESSAGE][PASSED] - Swiped from 0,200 to 0,750

2018-11-16 18:03:51 - [MESSAGE][WARNING] - Timeout '0' is invalid. Using default page load timeout: '7'

2018-11-16 18:03:53 - [MESSAGE][PASSED] - Element 'Object Repository/CommonScreenElements/Validate_CameraScreen' is exist

2018-11-16 18:03:53 - [MESSAGE][WARNING] - Timeout '0' is invalid. Using default page load timeout: '7'

2018-11-16 18:03:56 - [MESSAGE][PASSED] - Tapped on element 'Object Repository/CommonScreenElements/TakePictureButton'

2018-11-16 18:04:01 - [MESSAGE][PASSED] - Delayed 5 second(s)

2018-11-16 18:04:01 - [MESSAGE][WARNING] - Timeout '0' is invalid. Using default page load timeout: '7'

2018-11-16 18:04:02 - [MESSAGE][PASSED] - Tapped on element 'Object Repository/CommonScreenElements/DoneButton'

2018-11-16 18:04:02 - [TEST_CASE][PASSED] - Test Cases/ShopOpen/Chiller/VisitChillerWithChillerNotAllocated: Test Cases/ShopOpen/Chiller/VisitChillerWithChillerNotAllocated

2018-11-16 18:04:03 - [TEST_STEP][PASSED] - verifyElementText: Actual text and expected text of test object 'Object Repository/ShopOpen/Chiller/Validate_ChillerScreen' are matched.

2018-11-16 18:04:05 - [MESSAGE][PASSED] - Actual text and expected text of test object 'Object Repository/ShopOpen/Chiller/Validate_ChillerScreen' are matched.

2018-11-16 18:04:05 - [TEST_STEP][PASSED] - tap: Tapped on element 'Object Repository/ShopOpen/Chiller/ChillerNotAllocated'

2018-11-16 18:04:05 - [MESSAGE][WARNING] - Timeout '0' is invalid. Using default page load timeout: '7'

2018-11-16 18:04:05 - [MESSAGE][PASSED] - Tapped on element 'Object Repository/ShopOpen/Chiller/ChillerNotAllocated'

2018-11-16 18:04:05 - [TEST_STEP][PASSED] - verifyElementText: Actual text and expected text of test object 'Object Repository/ShopOpen/Chiller/Validate_ChillerNotAllocatedProductCategoryScreen' are matched.

2018-11-16 18:04:07 - [MESSAGE][PASSED] - Actual text and expected text of test object 'Object Repository/ShopOpen/Chiller/Validate_ChillerNotAllocatedProductCategoryScreen' are matched.

2018-11-16 18:04:07 - [TEST_STEP][PASSED] - com.ct.qa.keywords.ChannelProductsDataKeywords.visitChillerNotAllocatedProductCategories: com.ct.qa.keywords.ChannelProductsDataKeywords.visitChillerNotAllocatedProductCategories is PASSED

2018-11-16 18:04:09 - [TEST_CASE][PASSED] - Test Cases/ShopOpen/Chiller/VisitProductCategoryAssets: Test Cases/ShopOpen/Chiller/VisitProductCategoryAssets

2018-11-16 18:04:10 - [TEST_STEP][PASSED] - verifyElementText: Actual text and expected text of test object 'Object Repository/ShopOpen/Chiller/Validate_ProductCategoryAssetsScreen' are matched.

2018-11-16 18:04:11 - [MESSAGE][PASSED] - Actual text and expected text of test object 'Object Repository/ShopOpen/Chiller/Validate_ProductCategoryAssetsScreen' are matched.

2018-11-16 18:04:11 - [TEST_STEP][PASSED] - tap: Tapped on element 'Object Repository/ShopOpen/Chiller/Facing'

2018-11-16 18:04:11 - [MESSAGE][WARNING] - Timeout '0' is invalid. Using default page load timeout: '7'

2018-11-16 18:04:11 - [MESSAGE][PASSED] - Tapped on element 'Object Repository/ShopOpen/Chiller/Facing'

2018-11-16 18:04:11 - [TEST_STEP][PASSED] - verifyElementText: Actual text and expected text of test object 'Object Repository/ShopOpen/Chiller/Validate_FacingScreen' are matched.

2018-11-16 18:04:13 - [MESSAGE][PASSED] - Actual text and expected text of test object 'Object Repository/ShopOpen/Chiller/Validate_FacingScreen' are matched.

2018-11-16 18:04:13 - [TEST_STEP][PASSED] - com.ct.qa.keywords.ChannelProductsDataKeywords.visitChannelWiseProductsData: com.ct.qa.keywords.ChannelProductsDataKeywords.visitChannelWiseProductsData is PASSED

2018-11-16 18:04:17 - [MESSAGE][PASSED] - Keyboard is hidden

2018-11-16 18:04:20 - [MESSAGE][PASSED] - Keyboard is hidden

2018-11-16 18:04:21 - [MESSAGE][PASSED] - com.ct.qa.keywords.ChannelProductsDataKeywords.visitChannelWiseProductsData is PASSED

2018-11-16 18:04:21 - [TEST_STEP][PASSED] - tap: Tapped on element 'Object Repository/ShopOpen/Chiller/SubmitButton'

2018-11-16 18:04:21 - [MESSAGE][WARNING] - Timeout '0' is invalid. Using default page load timeout: '7'

2018-11-16 18:04:22 - [MESSAGE][PASSED] - Tapped on element 'Object Repository/ShopOpen/Chiller/SubmitButton'

2018-11-16 18:04:22 - [TEST_STEP][PASSED] - verifyElementText: Actual text and expected text of test object 'Object Repository/ShopOpen/Chiller/Validate_ProductCategoryAssetsScreen' are matched.

2018-11-16 18:04:23 - [MESSAGE][PASSED] - Actual text and expected text of test object 'Object Repository/ShopOpen/Chiller/Validate_ProductCategoryAssetsScreen' are matched.

2018-11-16 18:04:23 - [TEST_STEP][PASSED] - tap: Tapped on element 'Object Repository/ShopOpen/Chiller/StockTaking'

2018-11-16 18:04:23 - [MESSAGE][WARNING] - Timeout '0' is invalid. Using default page load timeout: '7'

2018-11-16 18:04:23 - [MESSAGE][PASSED] - Tapped on element 'Object Repository/ShopOpen/Chiller/StockTaking'

2018-11-16 18:04:23 - [TEST_STEP][PASSED] - verifyElementText: Actual text and expected text of test object 'Object Repository/ShopOpen/Chiller/Validate_StockTakingScreen' are matched.

2018-11-16 18:04:25 - [MESSAGE][PASSED] - Actual text and expected text of test object 'Object Repository/ShopOpen/Chiller/Validate_StockTakingScreen' are matched.

2018-11-16 18:04:25 - [TEST_STEP][PASSED] - com.ct.qa.keywords.ChannelProductsDataKeywords.visitChannelWiseProductsData: com.ct.qa.keywords.ChannelProductsDataKeywords.visitChannelWiseProductsData is PASSED

2018-11-16 18:04:29 - [MESSAGE][PASSED] - Keyboard is hidden

2018-11-16 18:04:32 - [MESSAGE][PASSED] - Keyboard is hidden

2018-11-16 18:04:33 - [MESSAGE][PASSED] - com.ct.qa.keywords.ChannelProductsDataKeywords.visitChannelWiseProductsData is PASSED

2018-11-16 18:04:33 - [TEST_STEP][PASSED] - tap: Tapped on element 'Object Repository/ShopOpen/Chiller/SubmitButton'

2018-11-16 18:04:33 - [MESSAGE][WARNING] - Timeout '0' is invalid. Using default page load timeout: '7'

2018-11-16 18:04:34 - [MESSAGE][PASSED] - Tapped on element 'Object Repository/ShopOpen/Chiller/SubmitButton'

2018-11-16 18:04:34 - [TEST_STEP][PASSED] - verifyElementText: Actual text and expected text of test object 'Object Repository/ShopOpen/Chiller/Validate_ProductCategoryAssetsScreen' are matched.

2018-11-16 18:04:35 - [MESSAGE][PASSED] - Actual text and expected text of test object 'Object Repository/ShopOpen/Chiller/Validate_ProductCategoryAssetsScreen' are matched.

2018-11-16 18:04:35 - [TEST_STEP][PASSED] - tap: Tapped on element 'Object Repository/ShopOpen/Chiller/ChillerNotAllocatedProductCategory_BackButton'

2018-11-16 18:04:35 - [MESSAGE][WARNING] - Timeout '0' is invalid. Using default page load timeout: '7'

2018-11-16 18:04:35 - [MESSAGE][PASSED] - Tapped on element 'Object Repository/ShopOpen/Chiller/ChillerNotAllocatedProductCategory_BackButton'

2018-11-16 18:04:35 - [MESSAGE][PASSED] - Call Test Case 'Test Cases/ShopOpen/Chiller/VisitProductCategoryAssets' successfully

2018-11-16 18:04:36 - [MESSAGE][PASSED] - Actual text and expected text of test object 'Object Repository/ShopOpen/Chiller/Validate_ChillerNotAllocatedProductCategoryScreen' are matched.

2018-11-16 18:04:36 - [MESSAGE][PASSED] - com.ct.qa.keywords.ChannelProductsDataKeywords.visitChillerNotAllocatedProductCategories is PASSED

2018-11-16 18:04:36 - [TEST_STEP][PASSED] - verifyElementText: Actual text and expected text of test object 'Object Repository/ShopOpen/Chiller/Validate_ChillerNotAllocatedProductCategoryScreen' are matched.

2018-11-16 18:04:36 - [MESSAGE][PASSED] - Actual text and expected text of test object 'Object Repository/ShopOpen/Chiller/Validate_ChillerNotAllocatedProductCategoryScreen' are matched.

2018-11-16 18:04:36 - [TEST_STEP][PASSED] - com.ct.qa.keywords.CommonKeywords.visitPlanogramImageViewButton: com.ct.qa.keywords.CommonKeywords.visitPlanogramImageViewButton is PASSED

2018-11-16 18:04:37 - [MESSAGE][PASSED] - com.ct.qa.keywords.CommonKeywords.visitPlanogramImageViewButton is PASSED

2018-11-16 18:04:37 - [TEST_STEP][PASSED] - verifyElementText: Actual text and expected text of test object 'Object Repository/ShopOpen/Chiller/Validate_ChillerNotAllocatedProductCategoryScreen' are matched.

2018-11-16 18:04:37 - [MESSAGE][PASSED] - Actual text and expected text of test object 'Object Repository/ShopOpen/Chiller/Validate_ChillerNotAllocatedProductCategoryScreen' are matched.

2018-11-16 18:04:37 - [TEST_STEP][PASSED] - com.ct.qa.keywords.CommonKeywords.visitPictureImageViewButton: com.ct.qa.keywords.CommonKeywords.visitPictureImageViewButton is PASSED

2018-11-16 18:04:37 - [MESSAGE][PASSED] - com.ct.qa.keywords.CommonKeywords.visitPictureImageViewButton is PASSED

2018-11-16 18:04:37 - [TEST_STEP][PASSED] - verifyElementText: Actual text and expected text of test object 'Object Repository/ShopOpen/Chiller/Validate_ChillerNotAllocatedProductCategoryScreen' are matched.

2018-11-16 18:04:38 - [MESSAGE][PASSED] - Actual text and expected text of test object 'Object Repository/ShopOpen/Chiller/Validate_ChillerNotAllocatedProductCategoryScreen' are matched.

2018-11-16 18:04:38 - [TEST_STEP][PASSED] - com.ct.qa.keywords.CommonKeywords.visitBackImageViewButton: com.ct.qa.keywords.CommonKeywords.visitBackImageViewButton is PASSED

2018-11-16 18:04:39 - [MESSAGE][PASSED] - com.ct.qa.keywords.CommonKeywords.visitBackImageViewButton is PASSED

2018-11-16 18:04:39 - [TEST_STEP][PASSED] - verifyElementExist: Element 'Object Repository/ShopOpen/Validate_ShopCategoriesListScreen' is exist

2018-11-16 18:04:39 - [MESSAGE][WARNING] - Timeout '0' is invalid. Using default page load timeout: '7'

2018-11-16 18:04:41 - [MESSAGE][PASSED] - Element 'Object Repository/ShopOpen/Validate_ShopCategoriesListScreen' is exist

2018-11-16 18:04:41 - [MESSAGE][PASSED] - Call Test Case 'Test Cases/ShopOpen/Chiller/VisitChillerWithChillerNotAllocated' successfully

2018-11-16 18:04:41 - [MESSAGE][WARNING] - Timeout '0' is invalid. Using default page load timeout: '7'

2018-11-16 18:04:41 - [MESSAGE][PASSED] - Element 'Object Repository/ShopOpen/Validate_ShopCategoriesListScreen' is exist

2018-11-16 18:04:43 - [MESSAGE][WARNING] - Timeout '0' is invalid. Using default page load timeout: '7'

2018-11-16 18:04:44 - [MESSAGE][PASSED] - Element 'Object Repository/CommonScreenElements/Validate_CameraScreen' is exist

2018-11-16 18:04:44 - [MESSAGE][WARNING] - Timeout '0' is invalid. Using default page load timeout: '7'

2018-11-16 18:04:48 - [MESSAGE][PASSED] - Tapped on element 'Object Repository/CommonScreenElements/TakePictureButton'

2018-11-16 18:04:53 - [MESSAGE][PASSED] - Delayed 5 second(s)

2018-11-16 18:04:53 - [MESSAGE][WARNING] - Timeout '0' is invalid. Using default page load timeout: '7'

2018-11-16 18:04:54 - [MESSAGE][PASSED] - Tapped on element 'Object Repository/CommonScreenElements/DoneButton'

2018-11-16 18:04:54 - [TEST_CASE][PASSED] - Test Cases/ShopOpen/RemainingCategories/VisitRemainingCategoriesWithDSA: Test Cases/ShopOpen/RemainingCategories/VisitRemainingCategoriesWithDSA

2018-11-16 18:04:54 - [TEST_STEP][PASSED] - verifyElementText: Actual text and expected text of test object 'Object Repository/ShopOpen/RemainingCategories/Validate_MainCategoryDetailScreen' are matched.

2018-11-16 18:04:56 - [MESSAGE][PASSED] - Actual text and expected text of test object 'Object Repository/ShopOpen/RemainingCategories/Validate_MainCategoryDetailScreen' are matched.

2018-11-16 18:04:56 - [TEST_STEP][PASSED] - tap: Tapped on element 'Object Repository/ShopOpen/RemainingCategories/DisplaySpaceAvailable'

2018-11-16 18:04:56 - [MESSAGE][WARNING] - Timeout '0' is invalid. Using default page load timeout: '7'

2018-11-16 18:04:56 - [MESSAGE][PASSED] - Tapped on element 'Object Repository/ShopOpen/RemainingCategories/DisplaySpaceAvailable'

2018-11-16 18:04:56 - [TEST_STEP][PASSED] - verifyElementText: Actual text and expected text of test object 'Object Repository/ShopOpen/RemainingCategories/Validate_ProductCategoryAssetScreen' are matched.

2018-11-16 18:04:59 - [MESSAGE][PASSED] - Actual text and expected text of test object 'Object Repository/ShopOpen/RemainingCategories/Validate_ProductCategoryAssetScreen' are matched.

2018-11-16 18:04:59 - [TEST_STEP][PASSED] - tap: Tapped on element 'Object Repository/ShopOpen/RemainingCategories/Facing'

2018-11-16 18:04:59 - [MESSAGE][WARNING] - Timeout '0' is invalid. Using default page load timeout: '7'

2018-11-16 18:04:59 - [MESSAGE][PASSED] - Tapped on element 'Object Repository/ShopOpen/RemainingCategories/Facing'

2018-11-16 18:04:59 - [TEST_STEP][PASSED] - verifyElementText: Actual text and expected text of test object 'Object Repository/ShopOpen/RemainingCategories/Validate_FacingScreen' are matched.

2018-11-16 18:05:01 - [MESSAGE][PASSED] - Actual text and expected text of test object 'Object Repository/ShopOpen/RemainingCategories/Validate_FacingScreen' are matched.

2018-11-16 18:05:01 - [TEST_STEP][PASSED] - com.ct.qa.keywords.ChannelProductsDataKeywords.visitChannelWiseProductsData: com.ct.qa.keywords.ChannelProductsDataKeywords.visitChannelWiseProductsData is PASSED

2018-11-16 18:05:04 - [MESSAGE][PASSED] - Keyboard is hidden

2018-11-16 18:05:05 - [MESSAGE][PASSED] - com.ct.qa.keywords.ChannelProductsDataKeywords.visitChannelWiseProductsData is PASSED

2018-11-16 18:05:05 - [TEST_STEP][PASSED] - tap: Tapped on element 'Object Repository/ShopOpen/RemainingCategories/SubmitButton'

2018-11-16 18:05:05 - [MESSAGE][WARNING] - Timeout '0' is invalid. Using default page load timeout: '7'

2018-11-16 18:05:05 - [MESSAGE][PASSED] - Tapped on element 'Object Repository/ShopOpen/RemainingCategories/SubmitButton'

2018-11-16 18:05:05 - [TEST_STEP][PASSED] - verifyElementText: Actual text and expected text of test object 'Object Repository/ShopOpen/RemainingCategories/Validate_ProductCategoryAssetScreen' are matched.

2018-11-16 18:05:06 - [MESSAGE][PASSED] - Actual text and expected text of test object 'Object Repository/ShopOpen/RemainingCategories/Validate_ProductCategoryAssetScreen' are matched.

2018-11-16 18:05:06 - [TEST_STEP][PASSED] - tap: Tapped on element 'Object Repository/ShopOpen/RemainingCategories/StockTaking'

2018-11-16 18:05:06 - [MESSAGE][WARNING] - Timeout '0' is invalid. Using default page load timeout: '7'

2018-11-16 18:05:07 - [MESSAGE][PASSED] - Tapped on element 'Object Repository/ShopOpen/RemainingCategories/StockTaking'

2018-11-16 18:05:07 - [TEST_STEP][PASSED] - verifyElementText: Actual text and expected text of test object 'Object Repository/ShopOpen/RemainingCategories/Validate_StockTakingScreen' are matched.

2018-11-16 18:05:09 - [MESSAGE][PASSED] - Actual text and expected text of test object 'Object Repository/ShopOpen/RemainingCategories/Validate_StockTakingScreen' are matched.

2018-11-16 18:05:09 - [TEST_STEP][PASSED] - com.ct.qa.keywords.ChannelProductsDataKeywords.visitChannelWiseProductsData: com.ct.qa.keywords.ChannelProductsDataKeywords.visitChannelWiseProductsData is PASSED

2018-11-16 18:05:12 - [MESSAGE][PASSED] - Keyboard is hidden

2018-11-16 18:05:13 - [MESSAGE][PASSED] - com.ct.qa.keywords.ChannelProductsDataKeywords.visitChannelWiseProductsData is PASSED

2018-11-16 18:05:13 - [TEST_STEP][PASSED] - tap: Tapped on element 'Object Repository/ShopOpen/RemainingCategories/SubmitButton'

2018-11-16 18:05:13 - [MESSAGE][WARNING] - Timeout '0' is invalid. Using default page load timeout: '7'

2018-11-16 18:05:13 - [MESSAGE][PASSED] - Tapped on element 'Object Repository/ShopOpen/RemainingCategories/SubmitButton'

2018-11-16 18:05:13 - [TEST_STEP][PASSED] - verifyElementText: Actual text and expected text of test object 'Object Repository/ShopOpen/RemainingCategories/Validate_ProductCategoryAssetScreen' are matched.

2018-11-16 18:05:14 - [MESSAGE][PASSED] - Actual text and expected text of test object 'Object Repository/ShopOpen/RemainingCategories/Validate_ProductCategoryAssetScreen' are matched.

2018-11-16 18:05:14 - [TEST_STEP][PASSED] - com.ct.qa.keywords.CommonKeywords.visitPlanogramImageViewButton: com.ct.qa.keywords.CommonKeywords.visitPlanogramImageViewButton is PASSED

2018-11-16 18:05:15 - [MESSAGE][PASSED] - com.ct.qa.keywords.CommonKeywords.visitPlanogramImageViewButton is PASSED

2018-11-16 18:05:15 - [TEST_STEP][PASSED] - verifyElementText: Actual text and expected text of test object 'Object Repository/ShopOpen/RemainingCategories/Validate_ProductCategoryAssetScreen' are matched.

2018-11-16 18:05:15 - [MESSAGE][PASSED] - Actual text and expected text of test object 'Object Repository/ShopOpen/RemainingCategories/Validate_ProductCategoryAssetScreen' are matched.

2018-11-16 18:05:15 - [TEST_STEP][PASSED] - com.ct.qa.keywords.CommonKeywords.visitPictureImageViewButton: com.ct.qa.keywords.CommonKeywords.visitPictureImageViewButton is PASSED

2018-11-16 18:05:16 - [MESSAGE][PASSED] - com.ct.qa.keywords.CommonKeywords.visitPictureImageViewButton is PASSED

2018-11-16 18:05:16 - [TEST_STEP][PASSED] - verifyElementText: Actual text and expected text of test object 'Object Repository/ShopOpen/RemainingCategories/Validate_ProductCategoryAssetScreen' are matched.

2018-11-16 18:05:16 - [MESSAGE][PASSED] - Actual text and expected text of test object 'Object Repository/ShopOpen/RemainingCategories/Validate_ProductCategoryAssetScreen' are matched.

2018-11-16 18:05:16 - [TEST_STEP][PASSED] - com.ct.qa.keywords.CommonKeywords.visitBackImageViewButton: com.ct.qa.keywords.CommonKeywords.visitBackImageViewButton is PASSED

2018-11-16 18:05:17 - [MESSAGE][PASSED] - com.ct.qa.keywords.CommonKeywords.visitBackImageViewButton is PASSED

2018-11-16 18:05:17 - [TEST_STEP][PASSED] - verifyElementExist: Element 'Object Repository/ShopOpen/Validate_ShopCategoriesListScreen' is exist

2018-11-16 18:05:17 - [MESSAGE][WARNING] - Timeout '0' is invalid. Using default page load timeout: '7'

2018-11-16 18:05:19 - [MESSAGE][PASSED] - Element 'Object Repository/ShopOpen/Validate_ShopCategoriesListScreen' is exist

2018-11-16 18:05:19 - [MESSAGE][PASSED] - Call Test Case 'Test Cases/ShopOpen/RemainingCategories/VisitRemainingCategoriesWithDSA' successfully

2018-11-16 18:05:19 - [MESSAGE][WARNING] - Timeout '0' is invalid. Using default page load timeout: '7'

2018-11-16 18:05:19 - [MESSAGE][PASSED] - Element 'Object Repository/ShopOpen/Validate_ShopCategoriesListScreen' is exist

2018-11-16 18:05:21 - [MESSAGE][WARNING] - Timeout '0' is invalid. Using default page load timeout: '7'

2018-11-16 18:05:23 - [MESSAGE][PASSED] - Element 'Object Repository/CommonScreenElements/Validate_CameraScreen' is exist

2018-11-16 18:05:23 - [MESSAGE][WARNING] - Timeout '0' is invalid. Using default page load timeout: '7'

2018-11-16 18:05:26 - [MESSAGE][PASSED] - Tapped on element 'Object Repository/CommonScreenElements/TakePictureButton'

2018-11-16 18:05:31 - [MESSAGE][PASSED] - Delayed 5 second(s)

2018-11-16 18:05:31 - [MESSAGE][WARNING] - Timeout '0' is invalid. Using default page load timeout: '7'

2018-11-16 18:05:32 - [MESSAGE][PASSED] - Tapped on element 'Object Repository/CommonScreenElements/DoneButton'

2018-11-16 18:05:32 - [TEST_CASE][PASSED] - Test Cases/ShopOpen/RemainingCategories/VisitRemainingCategoriesWithDSA: Test Cases/ShopOpen/RemainingCategories/VisitRemainingCategoriesWithDSA

2018-11-16 18:05:32 - [TEST_STEP][PASSED] - verifyElementText: Actual text and expected text of test object 'Object Repository/ShopOpen/RemainingCategories/Validate_MainCategoryDetailScreen' are matched.

2018-11-16 18:05:34 - [MESSAGE][PASSED] - Actual text and expected text of test object 'Object Repository/ShopOpen/RemainingCategories/Validate_MainCategoryDetailScreen' are matched.

2018-11-16 18:05:34 - [TEST_STEP][PASSED] - tap: Tapped on element 'Object Repository/ShopOpen/RemainingCategories/DisplaySpaceAvailable'

2018-11-16 18:05:34 - [MESSAGE][WARNING] - Timeout '0' is invalid. Using default page load timeout: '7'

2018-11-16 18:05:34 - [MESSAGE][PASSED] - Tapped on element 'Object Repository/ShopOpen/RemainingCategories/DisplaySpaceAvailable'

2018-11-16 18:05:34 - [TEST_STEP][PASSED] - verifyElementText: Actual text and expected text of test object 'Object Repository/ShopOpen/RemainingCategories/Validate_ProductCategoryAssetScreen' are matched.

2018-11-16 18:05:36 - [MESSAGE][PASSED] - Actual text and expected text of test object 'Object Repository/ShopOpen/RemainingCategories/Validate_ProductCategoryAssetScreen' are matched.

2018-11-16 18:05:36 - [TEST_STEP][PASSED] - tap: Tapped on element 'Object Repository/ShopOpen/RemainingCategories/Facing'

2018-11-16 18:05:36 - [MESSAGE][WARNING] - Timeout '0' is invalid. Using default page load timeout: '7'

2018-11-16 18:05:36 - [MESSAGE][PASSED] - Tapped on element 'Object Repository/ShopOpen/RemainingCategories/Facing'

2018-11-16 18:05:36 - [TEST_STEP][PASSED] - verifyElementText: Actual text and expected text of test object 'Object Repository/ShopOpen/RemainingCategories/Validate_FacingScreen' are matched.

2018-11-16 18:05:38 - [MESSAGE][PASSED] - Actual text and expected text of test object 'Object Repository/ShopOpen/RemainingCategories/Validate_FacingScreen' are matched.

2018-11-16 18:05:38 - [TEST_STEP][PASSED] - com.ct.qa.keywords.ChannelProductsDataKeywords.visitChannelWiseProductsData: com.ct.qa.keywords.ChannelProductsDataKeywords.visitChannelWiseProductsData is PASSED

2018-11-16 18:05:42 - [MESSAGE][PASSED] - Keyboard is hidden

2018-11-16 18:05:45 - [MESSAGE][PASSED] - Keyboard is hidden

2018-11-16 18:05:48 - [MESSAGE][PASSED] - Keyboard is hidden

2018-11-16 18:05:51 - [MESSAGE][PASSED] - Keyboard is hidden

2018-11-16 18:05:54 - [MESSAGE][PASSED] - Keyboard is hidden

2018-11-16 18:05:56 - [MESSAGE][PASSED] - com.ct.qa.keywords.ChannelProductsDataKeywords.visitChannelWiseProductsData is PASSED

2018-11-16 18:05:56 - [TEST_STEP][PASSED] - tap: Tapped on element 'Object Repository/ShopOpen/RemainingCategories/SubmitButton'

2018-11-16 18:05:56 - [MESSAGE][WARNING] - Timeout '0' is invalid. Using default page load timeout: '7'

2018-11-16 18:05:56 - [MESSAGE][PASSED] - Tapped on element 'Object Repository/ShopOpen/RemainingCategories/SubmitButton'

2018-11-16 18:05:56 - [TEST_STEP][PASSED] - verifyElementText: Actual text and expected text of test object 'Object Repository/ShopOpen/RemainingCategories/Validate_ProductCategoryAssetScreen' are matched.

2018-11-16 18:05:57 - [MESSAGE][PASSED] - Actual text and expected text of test object 'Object Repository/ShopOpen/RemainingCategories/Validate_ProductCategoryAssetScreen' are matched.

2018-11-16 18:05:57 - [TEST_STEP][PASSED] - tap: Tapped on element 'Object Repository/ShopOpen/RemainingCategories/StockTaking'

2018-11-16 18:05:57 - [MESSAGE][WARNING] - Timeout '0' is invalid. Using default page load timeout: '7'

2018-11-16 18:05:58 - [MESSAGE][PASSED] - Tapped on element 'Object Repository/ShopOpen/RemainingCategories/StockTaking'

2018-11-16 18:05:58 - [TEST_STEP][PASSED] - verifyElementText: Actual text and expected text of test object 'Object Repository/ShopOpen/RemainingCategories/Validate_StockTakingScreen' are matched.

2018-11-16 18:06:00 - [MESSAGE][PASSED] - Actual text and expected text of test object 'Object Repository/ShopOpen/RemainingCategories/Validate_StockTakingScreen' are matched.

2018-11-16 18:06:00 - [TEST_STEP][PASSED] - com.ct.qa.keywords.ChannelProductsDataKeywords.visitChannelWiseProductsData: com.ct.qa.keywords.ChannelProductsDataKeywords.visitChannelWiseProductsData is PASSED

2018-11-16 18:06:04 - [MESSAGE][PASSED] - Keyboard is hidden

2018-11-16 18:06:07 - [MESSAGE][PASSED] - Keyboard is hidden

2018-11-16 18:06:10 - [MESSAGE][PASSED] - Keyboard is hidden

2018-11-16 18:06:13 - [MESSAGE][PASSED] - Keyboard is hidden

2018-11-16 18:06:16 - [MESSAGE][PASSED] - Keyboard is hidden

2018-11-16 18:06:17 - [MESSAGE][PASSED] - com.ct.qa.keywords.ChannelProductsDataKeywords.visitChannelWiseProductsData is PASSED

2018-11-16 18:06:17 - [TEST_STEP][PASSED] - tap: Tapped on element 'Object Repository/ShopOpen/RemainingCategories/SubmitButton'

2018-11-16 18:06:17 - [MESSAGE][WARNING] - Timeout '0' is invalid. Using default page load timeout: '7'

2018-11-16 18:06:18 - [MESSAGE][PASSED] - Tapped on element 'Object Repository/ShopOpen/RemainingCategories/SubmitButton'

2018-11-16 18:06:18 - [TEST_STEP][PASSED] - verifyElementText: Actual text and expected text of test object 'Object Repository/ShopOpen/RemainingCategories/Validate_ProductCategoryAssetScreen' are matched.

2018-11-16 18:06:19 - [MESSAGE][PASSED] - Actual text and expected text of test object 'Object Repository/ShopOpen/RemainingCategories/Validate_ProductCategoryAssetScreen' are matched.

2018-11-16 18:06:19 - [TEST_STEP][PASSED] - com.ct.qa.keywords.CommonKeywords.visitPlanogramImageViewButton: com.ct.qa.keywords.CommonKeywords.visitPlanogramImageViewButton is PASSED

2018-11-16 18:06:20 - [MESSAGE][PASSED] - com.ct.qa.keywords.CommonKeywords.visitPlanogramImageViewButton is PASSED

2018-11-16 18:06:20 - [TEST_STEP][PASSED] - verifyElementText: Actual text and expected text of test object 'Object Repository/ShopOpen/RemainingCategories/Validate_ProductCategoryAssetScreen' are matched.

2018-11-16 18:06:20 - [MESSAGE][PASSED] - Actual text and expected text of test object 'Object Repository/ShopOpen/RemainingCategories/Validate_ProductCategoryAssetScreen' are matched.

2018-11-16 18:06:20 - [TEST_STEP][PASSED] - com.ct.qa.keywords.CommonKeywords.visitPictureImageViewButton: com.ct.qa.keywords.CommonKeywords.visitPictureImageViewButton is PASSED

2018-11-16 18:06:20 - [MESSAGE][PASSED] - com.ct.qa.keywords.CommonKeywords.visitPictureImageViewButton is PASSED

2018-11-16 18:06:20 - [TEST_STEP][PASSED] - verifyElementText: Actual text and expected text of test object 'Object Repository/ShopOpen/RemainingCategories/Validate_ProductCategoryAssetScreen' are matched.

2018-11-16 18:06:21 - [MESSAGE][PASSED] - Actual text and expected text of test object 'Object Repository/ShopOpen/RemainingCategories/Validate_ProductCategoryAssetScreen' are matched.

2018-11-16 18:06:21 - [TEST_STEP][PASSED] - com.ct.qa.keywords.CommonKeywords.visitBackImageViewButton: com.ct.qa.keywords.CommonKeywords.visitBackImageViewButton is PASSED

2018-11-16 18:06:22 - [MESSAGE][PASSED] - com.ct.qa.keywords.CommonKeywords.visitBackImageViewButton is PASSED

2018-11-16 18:06:22 - [TEST_STEP][PASSED] - verifyElementExist: Element 'Object Repository/ShopOpen/Validate_ShopCategoriesListScreen' is exist

2018-11-16 18:06:22 - [MESSAGE][WARNING] - Timeout '0' is invalid. Using default page load timeout: '7'

2018-11-16 18:06:24 - [MESSAGE][PASSED] - Element 'Object Repository/ShopOpen/Validate_ShopCategoriesListScreen' is exist

2018-11-16 18:06:24 - [MESSAGE][PASSED] - Call Test Case 'Test Cases/ShopOpen/RemainingCategories/VisitRemainingCategoriesWithDSA' successfully

2018-11-16 18:06:24 - [MESSAGE][WARNING] - Timeout '0' is invalid. Using default page load timeout: '7'

2018-11-16 18:06:24 - [MESSAGE][PASSED] - Element 'Object Repository/ShopOpen/Validate_ShopCategoriesListScreen' is exist

2018-11-16 18:06:26 - [MESSAGE][WARNING] - Timeout '0' is invalid. Using default page load timeout: '7'

2018-11-16 18:06:27 - [MESSAGE][PASSED] - Element 'Object Repository/CommonScreenElements/Validate_CameraScreen' is exist

2018-11-16 18:06:27 - [MESSAGE][WARNING] - Timeout '0' is invalid. Using default page load timeout: '7'

2018-11-16 18:06:31 - [MESSAGE][PASSED] - Tapped on element 'Object Repository/CommonScreenElements/TakePictureButton'

2018-11-16 18:06:36 - [MESSAGE][PASSED] - Delayed 5 second(s)

2018-11-16 18:06:36 - [MESSAGE][WARNING] - Timeout '0' is invalid. Using default page load timeout: '7'

2018-11-16 18:06:37 - [MESSAGE][PASSED] - Tapped on element 'Object Repository/CommonScreenElements/DoneButton'

2018-11-16 18:06:37 - [TEST_CASE][PASSED] - Test Cases/ShopOpen/RemainingCategories/VisitRemainingCategoriesWithDSA: Test Cases/ShopOpen/RemainingCategories/VisitRemainingCategoriesWithDSA

2018-11-16 18:06:37 - [TEST_STEP][PASSED] - verifyElementText: Actual text and expected text of test object 'Object Repository/ShopOpen/RemainingCategories/Validate_MainCategoryDetailScreen' are matched.

2018-11-16 18:06:39 - [MESSAGE][PASSED] - Actual text and expected text of test object 'Object Repository/ShopOpen/RemainingCategories/Validate_MainCategoryDetailScreen' are matched.

2018-11-16 18:06:39 - [TEST_STEP][PASSED] - tap: Tapped on element 'Object Repository/ShopOpen/RemainingCategories/DisplaySpaceAvailable'

2018-11-16 18:06:39 - [MESSAGE][WARNING] - Timeout '0' is invalid. Using default page load timeout: '7'

2018-11-16 18:06:39 - [MESSAGE][PASSED] - Tapped on element 'Object Repository/ShopOpen/RemainingCategories/DisplaySpaceAvailable'

2018-11-16 18:06:39 - [TEST_STEP][PASSED] - verifyElementText: Actual text and expected text of test object 'Object Repository/ShopOpen/RemainingCategories/Validate_ProductCategoryAssetScreen' are matched.

2018-11-16 18:06:41 - [MESSAGE][PASSED] - Actual text and expected text of test object 'Object Repository/ShopOpen/RemainingCategories/Validate_ProductCategoryAssetScreen' are matched.

2018-11-16 18:06:41 - [TEST_STEP][PASSED] - tap: Tapped on element 'Object Repository/ShopOpen/RemainingCategories/Facing'

2018-11-16 18:06:41 - [MESSAGE][WARNING] - Timeout '0' is invalid. Using default page load timeout: '7'

2018-11-16 18:06:41 - [MESSAGE][PASSED] - Tapped on element 'Object Repository/ShopOpen/RemainingCategories/Facing'

2018-11-16 18:06:41 - [TEST_STEP][PASSED] - verifyElementText: Actual text and expected text of test object 'Object Repository/ShopOpen/RemainingCategories/Validate_FacingScreen' are matched.

2018-11-16 18:06:43 - [MESSAGE][PASSED] - Actual text and expected text of test object 'Object Repository/ShopOpen/RemainingCategories/Validate_FacingScreen' are matched.

2018-11-16 18:06:43 - [TEST_STEP][PASSED] - com.ct.qa.keywords.ChannelProductsDataKeywords.visitChannelWiseProductsData: com.ct.qa.keywords.ChannelProductsDataKeywords.visitChannelWiseProductsData is PASSED

2018-11-16 18:06:46 - [MESSAGE][PASSED] - Keyboard is hidden

2018-11-16 18:06:47 - [MESSAGE][PASSED] - com.ct.qa.keywords.ChannelProductsDataKeywords.visitChannelWiseProductsData is PASSED

2018-11-16 18:06:47 - [TEST_STEP][PASSED] - tap: Tapped on element 'Object Repository/ShopOpen/RemainingCategories/SubmitButton'

2018-11-16 18:06:47 - [MESSAGE][WARNING] - Timeout '0' is invalid. Using default page load timeout: '7'

2018-11-16 18:06:48 - [MESSAGE][PASSED] - Tapped on element 'Object Repository/ShopOpen/RemainingCategories/SubmitButton'

2018-11-16 18:06:48 - [TEST_STEP][PASSED] - verifyElementText: Actual text and expected text of test object 'Object Repository/ShopOpen/RemainingCategories/Validate_ProductCategoryAssetScreen' are matched.

2018-11-16 18:06:49 - [MESSAGE][PASSED] - Actual text and expected text of test object 'Object Repository/ShopOpen/RemainingCategories/Validate_ProductCategoryAssetScreen' are matched.

2018-11-16 18:06:49 - [TEST_STEP][PASSED] - tap: Tapped on element 'Object Repository/ShopOpen/RemainingCategories/StockTaking'

2018-11-16 18:06:49 - [MESSAGE][WARNING] - Timeout '0' is invalid. Using default page load timeout: '7'

2018-11-16 18:06:49 - [MESSAGE][PASSED] - Tapped on element 'Object Repository/ShopOpen/RemainingCategories/StockTaking'

2018-11-16 18:06:49 - [TEST_STEP][PASSED] - verifyElementText: Actual text and expected text of test object 'Object Repository/ShopOpen/RemainingCategories/Validate_StockTakingScreen' are matched.

2018-11-16 18:06:51 - [MESSAGE][PASSED] - Actual text and expected text of test object 'Object Repository/ShopOpen/RemainingCategories/Validate_StockTakingScreen' are matched.

2018-11-16 18:06:51 - [TEST_STEP][PASSED] - com.ct.qa.keywords.ChannelProductsDataKeywords.visitChannelWiseProductsData: com.ct.qa.keywords.ChannelProductsDataKeywords.visitChannelWiseProductsData is PASSED

2018-11-16 18:06:55 - [MESSAGE][PASSED] - Keyboard is hidden

2018-11-16 18:06:56 - [MESSAGE][PASSED] - com.ct.qa.keywords.ChannelProductsDataKeywords.visitChannelWiseProductsData is PASSED

2018-11-16 18:06:56 - [TEST_STEP][PASSED] - tap: Tapped on element 'Object Repository/ShopOpen/RemainingCategories/SubmitButton'

2018-11-16 18:06:56 - [MESSAGE][WARNING] - Timeout '0' is invalid. Using default page load timeout: '7'

2018-11-16 18:06:56 - [MESSAGE][PASSED] - Tapped on element 'Object Repository/ShopOpen/RemainingCategories/SubmitButton'

2018-11-16 18:06:56 - [TEST_STEP][PASSED] - verifyElementText: Actual text and expected text of test object 'Object Repository/ShopOpen/RemainingCategories/Validate_ProductCategoryAssetScreen' are matched.

2018-11-16 18:06:57 - [MESSAGE][PASSED] - Actual text and expected text of test object 'Object Repository/ShopOpen/RemainingCategories/Validate_ProductCategoryAssetScreen' are matched.

2018-11-16 18:06:57 - [TEST_STEP][PASSED] - com.ct.qa.keywords.CommonKeywords.visitPlanogramImageViewButton: com.ct.qa.keywords.CommonKeywords.visitPlanogramImageViewButton is PASSED

2018-11-16 18:06:58 - [MESSAGE][PASSED] - com.ct.qa.keywords.CommonKeywords.visitPlanogramImageViewButton is PASSED

2018-11-16 18:06:58 - [TEST_STEP][PASSED] - verifyElementText: Actual text and expected text of test object 'Object Repository/ShopOpen/RemainingCategories/Validate_ProductCategoryAssetScreen' are matched.

2018-11-16 18:06:58 - [MESSAGE][PASSED] - Actual text and expected text of test object 'Object Repository/ShopOpen/RemainingCategories/Validate_ProductCategoryAssetScreen' are matched.

2018-11-16 18:06:58 - [TEST_STEP][PASSED] - com.ct.qa.keywords.CommonKeywords.visitPictureImageViewButton: com.ct.qa.keywords.CommonKeywords.visitPictureImageViewButton is PASSED

2018-11-16 18:06:59 - [MESSAGE][PASSED] - com.ct.qa.keywords.CommonKeywords.visitPictureImageViewButton is PASSED

2018-11-16 18:06:59 - [TEST_STEP][PASSED] - verifyElementText: Actual text and expected text of test object 'Object Repository/ShopOpen/RemainingCategories/Validate_ProductCategoryAssetScreen' are matched.

2018-11-16 18:06:59 - [MESSAGE][PASSED] - Actual text and expected text of test object 'Object Repository/ShopOpen/RemainingCategories/Validate_ProductCategoryAssetScreen' are matched.

2018-11-16 18:06:59 - [TEST_STEP][PASSED] - com.ct.qa.keywords.CommonKeywords.visitBackImageViewButton: com.ct.qa.keywords.CommonKeywords.visitBackImageViewButton is PASSED

2018-11-16 18:07:00 - [MESSAGE][PASSED] - com.ct.qa.keywords.CommonKeywords.visitBackImageViewButton is PASSED

2018-11-16 18:07:00 - [TEST_STEP][PASSED] - verifyElementExist: Element 'Object Repository/ShopOpen/Validate_ShopCategoriesListScreen' is exist

2018-11-16 18:07:00 - [MESSAGE][WARNING] - Timeout '0' is invalid. Using default page load timeout: '7'

2018-11-16 18:07:02 - [MESSAGE][PASSED] - Element 'Object Repository/ShopOpen/Validate_ShopCategoriesListScreen' is exist

2018-11-16 18:07:02 - [MESSAGE][PASSED] - Call Test Case 'Test Cases/ShopOpen/RemainingCategories/VisitRemainingCategoriesWithDSA' successfully

2018-11-16 18:07:02 - [MESSAGE][WARNING] - Timeout '0' is invalid. Using default page load timeout: '7'

2018-11-16 18:07:02 - [MESSAGE][PASSED] - Element 'Object Repository/ShopOpen/Validate_ShopCategoriesListScreen' is exist

2018-11-16 18:07:04 - [MESSAGE][WARNING] - Timeout '0' is invalid. Using default page load timeout: '7'

2018-11-16 18:07:05 - [MESSAGE][PASSED] - Element 'Object Repository/CommonScreenElements/Validate_CameraScreen' is exist

2018-11-16 18:07:05 - [MESSAGE][WARNING] - Timeout '0' is invalid. Using default page load timeout: '7'

2018-11-16 18:07:09 - [MESSAGE][PASSED] - Tapped on element 'Object Repository/CommonScreenElements/TakePictureButton'

2018-11-16 18:07:14 - [MESSAGE][PASSED] - Delayed 5 second(s)

2018-11-16 18:07:14 - [MESSAGE][WARNING] - Timeout '0' is invalid. Using default page load timeout: '7'

2018-11-16 18:07:15 - [MESSAGE][PASSED] - Tapped on element 'Object Repository/CommonScreenElements/DoneButton'

2018-11-16 18:07:15 - [TEST_CASE][PASSED] - Test Cases/ShopOpen/RemainingCategories/VisitRemainingCategoriesWithDSA: Test Cases/ShopOpen/RemainingCategories/VisitRemainingCategoriesWithDSA

2018-11-16 18:07:15 - [TEST_STEP][PASSED] - verifyElementText: Actual text and expected text of test object 'Object Repository/ShopOpen/RemainingCategories/Validate_MainCategoryDetailScreen' are matched.

2018-11-16 18:07:17 - [MESSAGE][PASSED] - Actual text and expected text of test object 'Object Repository/ShopOpen/RemainingCategories/Validate_MainCategoryDetailScreen' are matched.

2018-11-16 18:07:17 - [TEST_STEP][PASSED] - tap: Tapped on element 'Object Repository/ShopOpen/RemainingCategories/DisplaySpaceAvailable'

2018-11-16 18:07:17 - [MESSAGE][WARNING] - Timeout '0' is invalid. Using default page load timeout: '7'

2018-11-16 18:07:17 - [MESSAGE][PASSED] - Tapped on element 'Object Repository/ShopOpen/RemainingCategories/DisplaySpaceAvailable'

2018-11-16 18:07:17 - [TEST_STEP][PASSED] - verifyElementText: Actual text and expected text of test object 'Object Repository/ShopOpen/RemainingCategories/Validate_ProductCategoryAssetScreen' are matched.

2018-11-16 18:07:19 - [MESSAGE][PASSED] - Actual text and expected text of test object 'Object Repository/ShopOpen/RemainingCategories/Validate_ProductCategoryAssetScreen' are matched.

2018-11-16 18:07:19 - [TEST_STEP][PASSED] - tap: Tapped on element 'Object Repository/ShopOpen/RemainingCategories/Facing'

2018-11-16 18:07:19 - [MESSAGE][WARNING] - Timeout '0' is invalid. Using default page load timeout: '7'

2018-11-16 18:07:19 - [MESSAGE][PASSED] - Tapped on element 'Object Repository/ShopOpen/RemainingCategories/Facing'

2018-11-16 18:07:19 - [TEST_STEP][PASSED] - verifyElementText: Actual text and expected text of test object 'Object Repository/ShopOpen/RemainingCategories/Validate_FacingScreen' are matched.

2018-11-16 18:07:21 - [MESSAGE][PASSED] - Actual text and expected text of test object 'Object Repository/ShopOpen/RemainingCategories/Validate_FacingScreen' are matched.

2018-11-16 18:07:21 - [TEST_STEP][PASSED] - com.ct.qa.keywords.ChannelProductsDataKeywords.visitChannelWiseProductsData: com.ct.qa.keywords.ChannelProductsDataKeywords.visitChannelWiseProductsData is PASSED

2018-11-16 18:07:25 - [MESSAGE][PASSED] - Keyboard is hidden

2018-11-16 18:07:28 - [MESSAGE][PASSED] - Keyboard is hidden

2018-11-16 18:07:29 - [MESSAGE][PASSED] - com.ct.qa.keywords.ChannelProductsDataKeywords.visitChannelWiseProductsData is PASSED

2018-11-16 18:07:29 - [TEST_STEP][PASSED] - tap: Tapped on element 'Object Repository/ShopOpen/RemainingCategories/SubmitButton'

2018-11-16 18:07:29 - [MESSAGE][WARNING] - Timeout '0' is invalid. Using default page load timeout: '7'

2018-11-16 18:07:30 - [MESSAGE][PASSED] - Tapped on element 'Object Repository/ShopOpen/RemainingCategories/SubmitButton'

2018-11-16 18:07:30 - [TEST_STEP][PASSED] - verifyElementText: Actual text and expected text of test object 'Object Repository/ShopOpen/RemainingCategories/Validate_ProductCategoryAssetScreen' are matched.

2018-11-16 18:07:31 - [MESSAGE][PASSED] - Actual text and expected text of test object 'Object Repository/ShopOpen/RemainingCategories/Validate_ProductCategoryAssetScreen' are matched.

2018-11-16 18:07:31 - [TEST_STEP][PASSED] - tap: Tapped on element 'Object Repository/ShopOpen/RemainingCategories/StockTaking'

2018-11-16 18:07:31 - [MESSAGE][WARNING] - Timeout '0' is invalid. Using default page load timeout: '7'

2018-11-16 18:07:31 - [MESSAGE][PASSED] - Tapped on element 'Object Repository/ShopOpen/RemainingCategories/StockTaking'

2018-11-16 18:07:31 - [TEST_STEP][PASSED] - verifyElementText: Actual text and expected text of test object 'Object Repository/ShopOpen/RemainingCategories/Validate_StockTakingScreen' are matched.

2018-11-16 18:07:33 - [MESSAGE][PASSED] - Actual text and expected text of test object 'Object Repository/ShopOpen/RemainingCategories/Validate_StockTakingScreen' are matched.

2018-11-16 18:07:33 - [TEST_STEP][PASSED] - com.ct.qa.keywords.ChannelProductsDataKeywords.visitChannelWiseProductsData: com.ct.qa.keywords.ChannelProductsDataKeywords.visitChannelWiseProductsData is PASSED

2018-11-16 18:07:37 - [MESSAGE][PASSED] - Keyboard is hidden

2018-11-16 18:07:40 - [MESSAGE][PASSED] - Keyboard is hidden

2018-11-16 18:07:41 - [MESSAGE][PASSED] - com.ct.qa.keywords.ChannelProductsDataKeywords.visitChannelWiseProductsData is PASSED

2018-11-16 18:07:41 - [TEST_STEP][PASSED] - tap: Tapped on element 'Object Repository/ShopOpen/RemainingCategories/SubmitButton'

2018-11-16 18:07:41 - [MESSAGE][WARNING] - Timeout '0' is invalid. Using default page load timeout: '7'

2018-11-16 18:07:42 - [MESSAGE][PASSED] - Tapped on element 'Object Repository/ShopOpen/RemainingCategories/SubmitButton'

2018-11-16 18:07:42 - [TEST_STEP][PASSED] - verifyElementText: Actual text and expected text of test object 'Object Repository/ShopOpen/RemainingCategories/Validate_ProductCategoryAssetScreen' are matched.

2018-11-16 18:07:43 - [MESSAGE][PASSED] - Actual text and expected text of test object 'Object Repository/ShopOpen/RemainingCategories/Validate_ProductCategoryAssetScreen' are matched.

2018-11-16 18:07:43 - [TEST_STEP][PASSED] - com.ct.qa.keywords.CommonKeywords.visitPlanogramImageViewButton: com.ct.qa.keywords.CommonKeywords.visitPlanogramImageViewButton is PASSED

2018-11-16 18:07:44 - [MESSAGE][PASSED] - com.ct.qa.keywords.CommonKeywords.visitPlanogramImageViewButton is PASSED

2018-11-16 18:07:44 - [TEST_STEP][PASSED] - verifyElementText: Actual text and expected text of test object 'Object Repository/ShopOpen/RemainingCategories/Validate_ProductCategoryAssetScreen' are matched.

2018-11-16 18:07:44 - [MESSAGE][PASSED] - Actual text and expected text of test object 'Object Repository/ShopOpen/RemainingCategories/Validate_ProductCategoryAssetScreen' are matched.

2018-11-16 18:07:44 - [TEST_STEP][PASSED] - com.ct.qa.keywords.CommonKeywords.visitPictureImageViewButton: com.ct.qa.keywords.CommonKeywords.visitPictureImageViewButton is PASSED

2018-11-16 18:07:45 - [MESSAGE][PASSED] - com.ct.qa.keywords.CommonKeywords.visitPictureImageViewButton is PASSED

2018-11-16 18:07:45 - [TEST_STEP][PASSED] - verifyElementText: Actual text and expected text of test object 'Object Repository/ShopOpen/RemainingCategories/Validate_ProductCategoryAssetScreen' are matched.

2018-11-16 18:07:45 - [MESSAGE][PASSED] - Actual text and expected text of test object 'Object Repository/ShopOpen/RemainingCategories/Validate_ProductCategoryAssetScreen' are matched.

2018-11-16 18:07:45 - [TEST_STEP][PASSED] - com.ct.qa.keywords.CommonKeywords.visitBackImageViewButton: com.ct.qa.keywords.CommonKeywords.visitBackImageViewButton is PASSED

2018-11-16 18:07:46 - [MESSAGE][PASSED] - com.ct.qa.keywords.CommonKeywords.visitBackImageViewButton is PASSED

2018-11-16 18:07:46 - [TEST_STEP][PASSED] - verifyElementExist: Element 'Object Repository/ShopOpen/Validate_ShopCategoriesListScreen' is exist

2018-11-16 18:07:46 - [MESSAGE][WARNING] - Timeout '0' is invalid. Using default page load timeout: '7'

2018-11-16 18:07:48 - [MESSAGE][PASSED] - Element 'Object Repository/ShopOpen/Validate_ShopCategoriesListScreen' is exist

2018-11-16 18:07:48 - [MESSAGE][PASSED] - Call Test Case 'Test Cases/ShopOpen/RemainingCategories/VisitRemainingCategoriesWithDSA' successfully

2018-11-16 18:07:48 - [MESSAGE][WARNING] - Timeout '0' is invalid. Using default page load timeout: '7'

2018-11-16 18:07:48 - [MESSAGE][PASSED] - Element 'Object Repository/ShopOpen/Validate_ShopCategoriesListScreen' is exist

2018-11-16 18:07:50 - [MESSAGE][WARNING] - Timeout '0' is invalid. Using default page load timeout: '7'

2018-11-16 18:07:51 - [MESSAGE][PASSED] - Element 'Object Repository/CommonScreenElements/Validate_CameraScreen' is exist

2018-11-16 18:07:51 - [MESSAGE][WARNING] - Timeout '0' is invalid. Using default page load timeout: '7'

2018-11-16 18:07:55 - [MESSAGE][PASSED] - Tapped on element 'Object Repository/CommonScreenElements/TakePictureButton'

2018-11-16 18:08:00 - [MESSAGE][PASSED] - Delayed 5 second(s)

2018-11-16 18:08:00 - [MESSAGE][WARNING] - Timeout '0' is invalid. Using default page load timeout: '7'

2018-11-16 18:08:01 - [MESSAGE][PASSED] - Tapped on element 'Object Repository/CommonScreenElements/DoneButton'

2018-11-16 18:08:01 - [TEST_CASE][PASSED] - Test Cases/ShopOpen/RemainingCategories/VisitRemainingCategoriesWithDSA: Test Cases/ShopOpen/RemainingCategories/VisitRemainingCategoriesWithDSA

2018-11-16 18:08:01 - [TEST_STEP][PASSED] - verifyElementText: Actual text and expected text of test object 'Object Repository/ShopOpen/RemainingCategories/Validate_MainCategoryDetailScreen' are matched.

2018-11-16 18:08:04 - [MESSAGE][PASSED] - Actual text and expected text of test object 'Object Repository/ShopOpen/RemainingCategories/Validate_MainCategoryDetailScreen' are matched.

2018-11-16 18:08:04 - [TEST_STEP][PASSED] - tap: Tapped on element 'Object Repository/ShopOpen/RemainingCategories/DisplaySpaceAvailable'

2018-11-16 18:08:04 - [MESSAGE][WARNING] - Timeout '0' is invalid. Using default page load timeout: '7'

2018-11-16 18:08:04 - [MESSAGE][PASSED] - Tapped on element 'Object Repository/ShopOpen/RemainingCategories/DisplaySpaceAvailable'

2018-11-16 18:08:04 - [TEST_STEP][PASSED] - verifyElementText: Actual text and expected text of test object 'Object Repository/ShopOpen/RemainingCategories/Validate_ProductCategoryAssetScreen' are matched.

2018-11-16 18:08:06 - [MESSAGE][PASSED] - Actual text and expected text of test object 'Object Repository/ShopOpen/RemainingCategories/Validate_ProductCategoryAssetScreen' are matched.

2018-11-16 18:08:06 - [TEST_STEP][PASSED] - tap: Tapped on element 'Object Repository/ShopOpen/RemainingCategories/Facing'

2018-11-16 18:08:06 - [MESSAGE][WARNING] - Timeout '0' is invalid. Using default page load timeout: '7'

2018-11-16 18:08:06 - [MESSAGE][PASSED] - Tapped on element 'Object Repository/ShopOpen/RemainingCategories/Facing'

2018-11-16 18:08:06 - [TEST_STEP][PASSED] - verifyElementText: Actual text and expected text of test object 'Object Repository/ShopOpen/RemainingCategories/Validate_FacingScreen' are matched.

2018-11-16 18:08:09 - [MESSAGE][PASSED] - Actual text and expected text of test object 'Object Repository/ShopOpen/RemainingCategories/Validate_FacingScreen' are matched.

2018-11-16 18:08:09 - [TEST_STEP][PASSED] - com.ct.qa.keywords.ChannelProductsDataKeywords.visitChannelWiseProductsData: com.ct.qa.keywords.ChannelProductsDataKeywords.visitChannelWiseProductsData is PASSED

2018-11-16 18:08:14 - [MESSAGE][PASSED] - Keyboard is hidden

2018-11-16 18:08:17 - [MESSAGE][PASSED] - Keyboard is hidden

2018-11-16 18:08:20 - [MESSAGE][PASSED] - Keyboard is hidden

2018-11-16 18:08:23 - [MESSAGE][PASSED] - Keyboard is hidden

2018-11-16 18:08:26 - [MESSAGE][PASSED] - Keyboard is hidden

2018-11-16 18:08:29 - [MESSAGE][PASSED] - Keyboard is hidden

2018-11-16 18:08:32 - [MESSAGE][PASSED] - Swiped from 73,359 to 73,250

2018-11-16 18:08:35 - [MESSAGE][PASSED] - Keyboard is hidden

2018-11-16 18:08:37 - [MESSAGE][PASSED] - Swiped from 73,359 to 73,250

2018-11-16 18:08:40 - [MESSAGE][PASSED] - Keyboard is hidden

2018-11-16 18:08:42 - [MESSAGE][PASSED] - Swiped from 73,359 to 73,250

2018-11-16 18:08:45 - [MESSAGE][PASSED] - Keyboard is hidden

2018-11-16 18:08:47 - [MESSAGE][PASSED] - Swiped from 73,359 to 73,250

2018-11-16 18:08:50 - [MESSAGE][PASSED] - Keyboard is hidden

2018-11-16 18:08:52 - [MESSAGE][PASSED] - Swiped from 73,359 to 73,250

2018-11-16 18:08:55 - [MESSAGE][PASSED] - Keyboard is hidden

2018-11-16 18:08:57 - [MESSAGE][PASSED] - Swiped from 73,359 to 73,250

2018-11-16 18:08:58 - [MESSAGE][PASSED] - com.ct.qa.keywords.ChannelProductsDataKeywords.visitChannelWiseProductsData is PASSED

2018-11-16 18:08:58 - [TEST_STEP][PASSED] - tap: Tapped on element 'Object Repository/ShopOpen/RemainingCategories/SubmitButton'

2018-11-16 18:08:58 - [MESSAGE][WARNING] - Timeout '0' is invalid. Using default page load timeout: '7'

2018-11-16 18:08:58 - [MESSAGE][PASSED] - Tapped on element 'Object Repository/ShopOpen/RemainingCategories/SubmitButton'

2018-11-16 18:08:58 - [TEST_STEP][PASSED] - verifyElementText: Actual text and expected text of test object 'Object Repository/ShopOpen/RemainingCategories/Validate_ProductCategoryAssetScreen' are matched.

2018-11-16 18:08:59 - [MESSAGE][PASSED] - Actual text and expected text of test object 'Object Repository/ShopOpen/RemainingCategories/Validate_ProductCategoryAssetScreen' are matched.

2018-11-16 18:08:59 - [TEST_STEP][PASSED] - tap: Tapped on element 'Object Repository/ShopOpen/RemainingCategories/StockTaking'

2018-11-16 18:08:59 - [MESSAGE][WARNING] - Timeout '0' is invalid. Using default page load timeout: '7'

2018-11-16 18:09:00 - [MESSAGE][PASSED] - Tapped on element 'Object Repository/ShopOpen/RemainingCategories/StockTaking'

2018-11-16 18:09:00 - [TEST_STEP][PASSED] - verifyElementText: Actual text and expected text of test object 'Object Repository/ShopOpen/RemainingCategories/Validate_StockTakingScreen' are matched.

2018-11-16 18:09:02 - [MESSAGE][PASSED] - Actual text and expected text of test object 'Object Repository/ShopOpen/RemainingCategories/Validate_StockTakingScreen' are matched.

2018-11-16 18:09:02 - [TEST_STEP][PASSED] - com.ct.qa.keywords.ChannelProductsDataKeywords.visitChannelWiseProductsData: com.ct.qa.keywords.ChannelProductsDataKeywords.visitChannelWiseProductsData is PASSED

2018-11-16 18:09:07 - [MESSAGE][PASSED] - Keyboard is hidden

2018-11-16 18:09:10 - [MESSAGE][PASSED] - Keyboard is hidden

2018-11-16 18:09:13 - [MESSAGE][PASSED] - Keyboard is hidden

2018-11-16 18:09:16 - [MESSAGE][PASSED] - Keyboard is hidden

2018-11-16 18:09:19 - [MESSAGE][PASSED] - Keyboard is hidden

2018-11-16 18:09:22 - [MESSAGE][PASSED] - Keyboard is hidden

2018-11-16 18:09:25 - [MESSAGE][PASSED] - Swiped from 73,359 to 73,250

2018-11-16 18:09:28 - [MESSAGE][PASSED] - Keyboard is hidden

2018-11-16 18:09:30 - [MESSAGE][PASSED] - Swiped from 73,359 to 73,250

2018-11-16 18:09:33 - [MESSAGE][PASSED] - Keyboard is hidden

2018-11-16 18:09:35 - [MESSAGE][PASSED] - Swiped from 73,359 to 73,250

2018-11-16 18:09:38 - [MESSAGE][PASSED] - Keyboard is hidden

2018-11-16 18:09:40 - [MESSAGE][PASSED] - Swiped from 73,359 to 73,250

2018-11-16 18:09:43 - [MESSAGE][PASSED] - Keyboard is hidden

2018-11-16 18:09:45 - [MESSAGE][PASSED] - Swiped from 73,359 to 73,250

2018-11-16 18:09:48 - [MESSAGE][PASSED] - Keyboard is hidden

2018-11-16 18:09:50 - [MESSAGE][PASSED] - Swiped from 73,359 to 73,250

2018-11-16 18:09:51 - [MESSAGE][PASSED] - com.ct.qa.keywords.ChannelProductsDataKeywords.visitChannelWiseProductsData is PASSED

2018-11-16 18:09:51 - [TEST_STEP][PASSED] - tap: Tapped on element 'Object Repository/ShopOpen/RemainingCategories/SubmitButton'

2018-11-16 18:09:51 - [MESSAGE][WARNING] - Timeout '0' is invalid. Using default page load timeout: '7'

2018-11-16 18:09:51 - [MESSAGE][PASSED] - Tapped on element 'Object Repository/ShopOpen/RemainingCategories/SubmitButton'

2018-11-16 18:09:51 - [TEST_STEP][PASSED] - verifyElementText: Actual text and expected text of test object 'Object Repository/ShopOpen/RemainingCategories/Validate_ProductCategoryAssetScreen' are matched.

2018-11-16 18:09:52 - [MESSAGE][PASSED] - Actual text and expected text of test object 'Object Repository/ShopOpen/RemainingCategories/Validate_ProductCategoryAssetScreen' are matched.

2018-11-16 18:09:52 - [TEST_STEP][PASSED] - com.ct.qa.keywords.CommonKeywords.visitPlanogramImageViewButton: com.ct.qa.keywords.CommonKeywords.visitPlanogramImageViewButton is PASSED

2018-11-16 18:09:53 - [MESSAGE][PASSED] - com.ct.qa.keywords.CommonKeywords.visitPlanogramImageViewButton is PASSED

2018-11-16 18:09:53 - [TEST_STEP][PASSED] - verifyElementText: Actual text and expected text of test object 'Object Repository/ShopOpen/RemainingCategories/Validate_ProductCategoryAssetScreen' are matched.

2018-11-16 18:09:53 - [MESSAGE][PASSED] - Actual text and expected text of test object 'Object Repository/ShopOpen/RemainingCategories/Validate_ProductCategoryAssetScreen' are matched.

2018-11-16 18:09:53 - [TEST_STEP][PASSED] - com.ct.qa.keywords.CommonKeywords.visitPictureImageViewButton: com.ct.qa.keywords.CommonKeywords.visitPictureImageViewButton is PASSED

2018-11-16 18:09:53 - [MESSAGE][PASSED] - com.ct.qa.keywords.CommonKeywords.visitPictureImageViewButton is PASSED

2018-11-16 18:09:53 - [TEST_STEP][PASSED] - verifyElementText: Actual text and expected text of test object 'Object Repository/ShopOpen/RemainingCategories/Validate_ProductCategoryAssetScreen' are matched.

2018-11-16 18:09:54 - [MESSAGE][PASSED] - Actual text and expected text of test object 'Object Repository/ShopOpen/RemainingCategories/Validate_ProductCategoryAssetScreen' are matched.

2018-11-16 18:09:54 - [TEST_STEP][PASSED] - com.ct.qa.keywords.CommonKeywords.visitBackImageViewButton: com.ct.qa.keywords.CommonKeywords.visitBackImageViewButton is PASSED

2018-11-16 18:09:55 - [MESSAGE][PASSED] - com.ct.qa.keywords.CommonKeywords.visitBackImageViewButton is PASSED

2018-11-16 18:09:55 - [TEST_STEP][PASSED] - verifyElementExist: Element 'Object Repository/ShopOpen/Validate_ShopCategoriesListScreen' is exist

2018-11-16 18:09:55 - [MESSAGE][WARNING] - Timeout '0' is invalid. Using default page load timeout: '7'

2018-11-16 18:09:57 - [MESSAGE][PASSED] - Element 'Object Repository/ShopOpen/Validate_ShopCategoriesListScreen' is exist

2018-11-16 18:09:57 - [MESSAGE][PASSED] - Call Test Case 'Test Cases/ShopOpen/RemainingCategories/VisitRemainingCategoriesWithDSA' successfully

2018-11-16 18:09:57 - [MESSAGE][WARNING] - Timeout '0' is invalid. Using default page load timeout: '7'

2018-11-16 18:09:57 - [MESSAGE][PASSED] - Element 'Object Repository/ShopOpen/Validate_ShopCategoriesListScreen' is exist

2018-11-16 18:09:58 - [TEST_CASE][PASSED] - Test Cases/ShopOpen/CompetitionTracking/VisitCompetitionTracking: Test Cases/ShopOpen/CompetitionTracking/VisitCompetitionTracking

2018-11-16 18:09:59 - [TEST_STEP][PASSED] - verifyElementExist: Element 'Object Repository/ShopOpen/CompetitionTracking/Validate_CompetitionTrackingScreen' is exist

2018-11-16 18:09:59 - [MESSAGE][WARNING] - Timeout '0' is invalid. Using default page load timeout: '7'

2018-11-16 18:10:00 - [MESSAGE][PASSED] - Element 'Object Repository/ShopOpen/CompetitionTracking/Validate_CompetitionTrackingScreen' is exist

2018-11-16 18:10:00 - [TEST_STEP][PASSED] - com.ct.qa.keywords.CompetitionTrackingKeywords.visitCompetitiontrackingProducts: com.ct.qa.keywords.CompetitionTrackingKeywords.visitCompetitiontrackingProducts is PASSED

2018-11-16 18:10:03 - [MESSAGE][PASSED] - Keyboard is hidden

2018-11-16 18:10:05 - [MESSAGE][PASSED] - Keyboard is hidden

2018-11-16 18:10:05 - [MESSAGE][PASSED] - com.ct.qa.keywords.CompetitionTrackingKeywords.visitCompetitiontrackingProducts is PASSED

2018-11-16 18:10:05 - [TEST_STEP][PASSED] - pressBack: Press back button successfully

2018-11-16 18:10:06 - [MESSAGE][PASSED] - Press back button successfully

2018-11-16 18:10:06 - [TEST_STEP][PASSED] - verifyElementExist: Element 'Object Repository/ShopOpen/Validate_ShopCategoriesListScreen' is exist

2018-11-16 18:10:06 - [MESSAGE][WARNING] - Timeout '0' is invalid. Using default page load timeout: '7'

2018-11-16 18:10:07 - [MESSAGE][PASSED] - Element 'Object Repository/ShopOpen/Validate_ShopCategoriesListScreen' is exist

2018-11-16 18:10:07 - [TEST_STEP][PASSED] - swipe: Swiped from 0,200 to 0,750

2018-11-16 18:10:08 - [MESSAGE][PASSED] - Swiped from 0,200 to 0,750

2018-11-16 18:10:08 - [TEST_STEP][PASSED] - swipe: Swiped from 0,200 to 0,750

2018-11-16 18:10:08 - [MESSAGE][PASSED] - Swiped from 0,200 to 0,750

2018-11-16 18:10:08 - [MESSAGE][PASSED] - Call Test Case 'Test Cases/ShopOpen/CompetitionTracking/VisitCompetitionTracking' successfully

2018-11-16 18:10:08 - [MESSAGE][WARNING] - Timeout '0' is invalid. Using default page load timeout: '7'

2018-11-16 18:10:09 - [MESSAGE][PASSED] - Element 'Object Repository/ShopOpen/Validate_ShopCategoriesListScreen' is exist

2018-11-16 18:10:10 - [MESSAGE][PASSED] - Swiped from 0,293 to 0,200

2018-11-16 18:10:13 - [TEST_CASE][PASSED] - Test Cases/ShopOpen/RTMVisitFrequency/VisitRTMVisitFrequency: Test Cases/ShopOpen/RTMVisitFrequency/VisitRTMVisitFrequency

2018-11-16 18:10:14 - [TEST_STEP][PASSED] - verifyElementText: Actual text and expected text of test object 'Object Repository/ShopOpen/RTMVisitFrequency/Validate_RTMVisitFrequencyScreen' are matched.

2018-11-16 18:10:15 - [MESSAGE][PASSED] - Actual text and expected text of test object 'Object Repository/ShopOpen/RTMVisitFrequency/Validate_RTMVisitFrequencyScreen' are matched.

2018-11-16 18:10:15 - [TEST_STEP][PASSED] - com.ct.qa.keywords.RTMVisitFrequencyKeywords.visitRTMVisitFrequency: com.ct.qa.keywords.RTMVisitFrequencyKeywords.visitRTMVisitFrequency is PASSED

2018-11-16 18:10:16 - [MESSAGE][WARNING] - Timeout '0' is invalid. Using default page load timeout: '7'

2018-11-16 18:10:17 - [MESSAGE][PASSED] - Element 'Object Repository/ShopOpen/RTMVisitFrequency/Validate_RTMVisitFrequencyRemarks' is exist

2018-11-16 18:10:17 - [MESSAGE][WARNING] - Timeout '0' is invalid. Using default page load timeout: '7'

2018-11-16 18:10:18 - [MESSAGE][PASSED] - Tapped on element 'Object Repository/ShopOpen/RTMVisitFrequency/OnceAWeek'

2018-11-16 18:10:19 - [MESSAGE][WARNING] - Timeout '0' is invalid. Using default page load timeout: '7'

2018-11-16 18:10:20 - [MESSAGE][PASSED] - Element 'Object Repository/ShopOpen/RTMVisitFrequency/Validate_RTMVisitFrequencyRemarks' is exist

2018-11-16 18:10:20 - [MESSAGE][WARNING] - Timeout '0' is invalid. Using default page load timeout: '7'

2018-11-16 18:10:21 - [MESSAGE][PASSED] - Tapped on element 'Object Repository/ShopOpen/RTMVisitFrequency/OnceAWeek'

2018-11-16 18:10:22 - [MESSAGE][WARNING] - Timeout '0' is invalid. Using default page load timeout: '7'

2018-11-16 18:10:24 - [MESSAGE][PASSED] - Element 'Object Repository/ShopOpen/RTMVisitFrequency/Validate_RTMVisitFrequencyRemarks' is exist

2018-11-16 18:10:24 - [MESSAGE][WARNING] - Timeout '0' is invalid. Using default page load timeout: '7'

2018-11-16 18:10:24 - [MESSAGE][PASSED] - Tapped on element 'Object Repository/ShopOpen/RTMVisitFrequency/OnceAWeek'

2018-11-16 18:10:25 - [MESSAGE][WARNING] - Timeout '0' is invalid. Using default page load timeout: '7'

2018-11-16 18:10:26 - [MESSAGE][PASSED] - Element 'Object Repository/ShopOpen/RTMVisitFrequency/Validate_RTMVisitFrequencyRemarks' is exist

2018-11-16 18:10:26 - [MESSAGE][WARNING] - Timeout '0' is invalid. Using default page load timeout: '7'

2018-11-16 18:10:27 - [MESSAGE][PASSED] - Tapped on element 'Object Repository/ShopOpen/RTMVisitFrequency/OnceAWeek'

2018-11-16 18:10:27 - [MESSAGE][PASSED] - com.ct.qa.keywords.RTMVisitFrequencyKeywords.visitRTMVisitFrequency is PASSED

2018-11-16 18:10:27 - [TEST_STEP][PASSED] - tap: Tapped on element 'Object Repository/ShopOpen/RTMVisitFrequency/BackButton'

2018-11-16 18:10:27 - [MESSAGE][WARNING] - Timeout '0' is invalid. Using default page load timeout: '7'

2018-11-16 18:10:28 - [MESSAGE][PASSED] - Tapped on element 'Object Repository/ShopOpen/RTMVisitFrequency/BackButton'

2018-11-16 18:10:28 - [TEST_STEP][PASSED] - verifyElementExist: Element 'Object Repository/ShopOpen/Validate_ShopCategoriesListScreen' is exist

2018-11-16 18:10:28 - [MESSAGE][WARNING] - Timeout '0' is invalid. Using default page load timeout: '7'

2018-11-16 18:10:30 - [MESSAGE][PASSED] - Element 'Object Repository/ShopOpen/Validate_ShopCategoriesListScreen' is exist

2018-11-16 18:10:30 - [MESSAGE][PASSED] - Call Test Case 'Test Cases/ShopOpen/RTMVisitFrequency/VisitRTMVisitFrequency' successfully

2018-11-16 18:10:30 - [MESSAGE][PASSED] - Swiped from 0,293 to 0,200

2018-11-16 18:10:32 - [MESSAGE][WARNING] - Timeout '0' is invalid. Using default page load timeout: '7'

2018-11-16 18:10:33 - [MESSAGE][PASSED] - Element 'Object Repository/ShopOpen/Validate_ShopCategoriesListScreen' is exist

2018-11-16 18:10:34 - [MESSAGE][PASSED] - Swiped from 0,293 to 0,200

2018-11-16 18:10:37 - [MESSAGE][PASSED] - Swiped from 0,200 to 0,750

2018-11-16 18:10:37 - [MESSAGE][PASSED] - Swiped from 0,200 to 0,750

2018-11-16 18:10:38 - [MESSAGE][PASSED] - Swiped from 0,293 to 0,200

2018-11-16 18:10:40 - [MESSAGE][PASSED] - Swiped from 0,293 to 0,200

2018-11-16 18:10:42 - [MESSAGE][WARNING] - Timeout '0' is invalid. Using default page load timeout: '7'

2018-11-16 18:10:42 - [MESSAGE][PASSED] - Element 'Object Repository/ShopOpen/Validate_ShopCategoriesListScreen' is exist

2018-11-16 18:10:44 - [MESSAGE][PASSED] - Swiped from 0,293 to 0,200

2018-11-16 18:10:46 - [TEST_CASE][PASSED] - Test Cases/ShopOpen/RetailerRemarks/VisitRetailerRemarks: Test Cases/ShopOpen/RetailerRemarks/VisitRetailerRemarks

2018-11-16 18:10:47 - [TEST_STEP][PASSED] - verifyElementText: Actual text and expected text of test object 'Object Repository/ShopOpen/RetailerRemarks/Validate_RetailerRemarksScreen' are matched.

2018-11-16 18:10:48 - [MESSAGE][PASSED] - Actual text and expected text of test object 'Object Repository/ShopOpen/RetailerRemarks/Validate_RetailerRemarksScreen' are matched.

2018-11-16 18:10:48 - [TEST_STEP][PASSED] - com.ct.qa.keywords.RetailerRemarksKeywords.visitRetailerRemarks: com.ct.qa.keywords.RetailerRemarksKeywords.visitRetailerRemarks is PASSED

2018-11-16 18:10:48 - [MESSAGE][WARNING] - Timeout '0' is invalid. Using default page load timeout: '7'

2018-11-16 18:10:50 - [MESSAGE][PASSED] - Element 'Object Repository/ShopOpen/RetailerRemarks/OBNotVisiting' is exist

2018-11-16 18:10:50 - [MESSAGE][WARNING] - Timeout '0' is invalid. Using default page load timeout: '7'

2018-11-16 18:10:50 - [MESSAGE][PASSED] - Tapped on element 'Object Repository/ShopOpen/RetailerRemarks/OBNotVisiting'

2018-11-16 18:10:51 - [MESSAGE][PASSED] - Press back button successfully

2018-11-16 18:10:52 - [MESSAGE][PASSED] - Actual text and expected text of test object 'Object Repository/ShopOpen/RetailerRemarks/Validate_RetailerRemarksScreen' are matched.

2018-11-16 18:10:52 - [MESSAGE][WARNING] - Timeout '0' is invalid. Using default page load timeout: '7'

2018-11-16 18:10:54 - [MESSAGE][PASSED] - Element 'Object Repository/ShopOpen/RetailerRemarks/OBNotVisiting' is exist

2018-11-16 18:10:54 - [MESSAGE][WARNING] - Timeout '0' is invalid. Using default page load timeout: '7'

2018-11-16 18:10:54 - [MESSAGE][PASSED] - Tapped on element 'Object Repository/ShopOpen/RetailerRemarks/OBNotVisiting'

2018-11-16 18:10:55 - [MESSAGE][PASSED] - Press back button successfully

2018-11-16 18:10:56 - [MESSAGE][PASSED] - Actual text and expected text of test object 'Object Repository/ShopOpen/RetailerRemarks/Validate_RetailerRemarksScreen' are matched.

2018-11-16 18:10:56 - [MESSAGE][WARNING] - Timeout '0' is invalid. Using default page load timeout: '7'

2018-11-16 18:10:58 - [MESSAGE][PASSED] - Element 'Object Repository/ShopOpen/RetailerRemarks/OBNotVisiting' is exist

2018-11-16 18:10:58 - [MESSAGE][WARNING] - Timeout '0' is invalid. Using default page load timeout: '7'

2018-11-16 18:10:58 - [MESSAGE][PASSED] - Tapped on element 'Object Repository/ShopOpen/RetailerRemarks/OBNotVisiting'

2018-11-16 18:10:59 - [MESSAGE][PASSED] - Press back button successfully

2018-11-16 18:11:00 - [MESSAGE][PASSED] - Actual text and expected text of test object 'Object Repository/ShopOpen/RetailerRemarks/Validate_RetailerRemarksScreen' are matched.

2018-11-16 18:11:00 - [MESSAGE][PASSED] - com.ct.qa.keywords.RetailerRemarksKeywords.visitRetailerRemarks is PASSED

2018-11-16 18:11:00 - [TEST_STEP][PASSED] - tap: Tapped on element 'Object Repository/ShopOpen/RetailerRemarks/BackButton'

2018-11-16 18:11:00 - [MESSAGE][WARNING] - Timeout '0' is invalid. Using default page load timeout: '7'

2018-11-16 18:11:00 - [MESSAGE][PASSED] - Tapped on element 'Object Repository/ShopOpen/RetailerRemarks/BackButton'

2018-11-16 18:11:00 - [TEST_STEP][PASSED] - verifyElementExist: Element 'Object Repository/ShopOpen/Validate_ShopCategoriesListScreen' is exist

2018-11-16 18:11:00 - [MESSAGE][WARNING] - Timeout '0' is invalid. Using default page load timeout: '7'

2018-11-16 18:11:02 - [MESSAGE][PASSED] - Element 'Object Repository/ShopOpen/Validate_ShopCategoriesListScreen' is exist

2018-11-16 18:11:02 - [MESSAGE][PASSED] - Call Test Case 'Test Cases/ShopOpen/RetailerRemarks/VisitRetailerRemarks' successfully

2018-11-16 18:11:02 - [MESSAGE][PASSED] - Swiped from 0,293 to 0,200

2018-11-16 18:11:05 - [MESSAGE][PASSED] - Swiped from 0,293 to 0,200

2018-11-16 18:11:07 - [MESSAGE][PASSED] - Swiped from 0,293 to 0,200

2018-11-16 18:11:08 - [MESSAGE][WARNING] - Timeout '0' is invalid. Using default page load timeout: '7'

2018-11-16 18:11:09 - [MESSAGE][PASSED] - Element 'Object Repository/ShopOpen/Validate_ShopCategoriesListScreen' is exist

2018-11-16 18:11:10 - [MESSAGE][PASSED] - Swiped from 0,293 to 0,200

2018-11-16 18:11:13 - [TEST_CASE][PASSED] - Test Cases/ShopOpen/AdditionalPicture/VisitAdditionalPicture: Test Cases/ShopOpen/AdditionalPicture/VisitAdditionalPicture

2018-11-16 18:11:13 - [TEST_STEP][PASSED] - verifyElementText: Actual text and expected text of test object 'Object Repository/ShopOpen/AdditionalPicture/Validate_AdditionalPictureScreen' are matched.

2018-11-16 18:11:14 - [MESSAGE][PASSED] - Actual text and expected text of test object 'Object Repository/ShopOpen/AdditionalPicture/Validate_AdditionalPictureScreen' are matched.

2018-11-16 18:11:14 - [TEST_STEP][PASSED] - com.ct.qa.keywords.AdditionalPictureKeywords.takeMendatoryImages: com.ct.qa.keywords.AdditionalPictureKeywords.takeMendatoryImages is PASSED

2018-11-16 18:11:17 - [MESSAGE][WARNING] - Timeout '0' is invalid. Using default page load timeout: '7'

2018-11-16 18:11:19 - [MESSAGE][PASSED] - Element 'Object Repository/CommonScreenElements/Validate_CameraScreen' is exist

2018-11-16 18:11:19 - [MESSAGE][WARNING] - Timeout '0' is invalid. Using default page load timeout: '7'

2018-11-16 18:11:22 - [MESSAGE][PASSED] - Tapped on element 'Object Repository/CommonScreenElements/TakePictureButton'

2018-11-16 18:11:27 - [MESSAGE][PASSED] - Delayed 5 second(s)

2018-11-16 18:11:27 - [MESSAGE][WARNING] - Timeout '0' is invalid. Using default page load timeout: '7'

2018-11-16 18:11:28 - [MESSAGE][PASSED] - Tapped on element 'Object Repository/CommonScreenElements/DoneButton'

2018-11-16 18:11:28 - [MESSAGE][PASSED] - com.ct.qa.keywords.AdditionalPictureKeywords.takeMendatoryImages is PASSED

2018-11-16 18:11:28 - [TEST_STEP][PASSED] - pressBack: Press back button successfully

2018-11-16 18:11:29 - [MESSAGE][PASSED] - Press back button successfully

2018-11-16 18:11:29 - [TEST_STEP][PASSED] - verifyElementExist: Element 'Object Repository/ShopOpen/Validate_ShopCategoriesListScreen' is exist

2018-11-16 18:11:29 - [MESSAGE][WARNING] - Timeout '0' is invalid. Using default page load timeout: '7'

2018-11-16 18:11:31 - [MESSAGE][PASSED] - Element 'Object Repository/ShopOpen/Validate_ShopCategoriesListScreen' is exist

2018-11-16 18:11:31 - [MESSAGE][PASSED] - Call Test Case 'Test Cases/ShopOpen/AdditionalPicture/VisitAdditionalPicture' successfully

2018-11-16 18:11:32 - [MESSAGE][PASSED] - Swiped from 0,293 to 0,200

2018-11-16 18:11:34 - [MESSAGE][PASSED] - Swiped from 0,293 to 0,200

2018-11-16 18:11:36 - [MESSAGE][PASSED] - Swiped from 0,293 to 0,200

2018-11-16 18:11:39 - [MESSAGE][PASSED] - Swiped from 0,293 to 0,200

2018-11-16 18:11:40 - [MESSAGE][WARNING] - Timeout '0' is invalid. Using default page load timeout: '7'

2018-11-16 18:11:41 - [MESSAGE][PASSED] - Element 'Object Repository/ShopOpen/Validate_ShopCategoriesListScreen' is exist

2018-11-16 18:11:42 - [MESSAGE][PASSED] - Swiped from 0,293 to 0,200

2018-11-16 18:11:44 - [MESSAGE][PASSED] - Swiped from 0,200 to 0,750

2018-11-16 18:11:45 - [MESSAGE][PASSED] - Swiped from 0,200 to 0,750

2018-11-16 18:11:46 - [MESSAGE][PASSED] - Swiped from 0,293 to 0,200

2018-11-16 18:11:48 - [MESSAGE][PASSED] - Swiped from 0,293 to 0,200

2018-11-16 18:11:50 - [MESSAGE][PASSED] - Swiped from 0,293 to 0,200

2018-11-16 18:11:52 - [MESSAGE][PASSED] - Swiped from 0,293 to 0,200

2018-11-16 18:11:54 - [MESSAGE][PASSED] - Swiped from 0,293 to 0,200

2018-11-16 18:11:55 - [MESSAGE][WARNING] - Timeout '0' is invalid. Using default page load timeout: '7'

2018-11-16 18:11:56 - [MESSAGE][PASSED] - Element 'Object Repository/ShopOpen/Validate_ShopCategoriesListScreen' is exist

2018-11-16 18:11:57 - [MESSAGE][PASSED] - Swiped from 0,293 to 0,200

2018-11-16 18:11:59 - [MESSAGE][PASSED] - com.ct.qa.keywords.CategoryVisitingScenariosKeywords.visitShopCategoriesWithDataVerification is PASSED

2018-11-16 18:11:59 - [MESSAGE][PASSED] - Call Test Case 'Test Cases/ShopOpen/VisitCategoryScenarios/VisitShopCategoriesWithDataVerification' successfully

2018-11-16 18:11:59 - [TEST_CASE][PASSED] - Test Cases/ShopOpen/SaveShop: Test Cases/ShopOpen/SaveShop

2018-11-16 18:11:59 - [TEST_STEP][PASSED] - tap: Tapped on element 'Object Repository/ShopOpen/SubmitButtonToSaveShop'

2018-11-16 18:11:59 - [MESSAGE][WARNING] - Timeout '0' is invalid. Using default page load timeout: '7'

2018-11-16 18:12:00 - [MESSAGE][PASSED] - Tapped on element 'Object Repository/ShopOpen/SubmitButtonToSaveShop'

2018-11-16 18:12:00 - [TEST_STEP][PASSED] - verifyElementExist: Element 'Object Repository/CommonScreenElements/Validate_InfoPopUP' is exist

2018-11-16 18:12:00 - [MESSAGE][WARNING] - Timeout '0' is invalid. Using default page load timeout: '7'

2018-11-16 18:12:01 - [MESSAGE][PASSED] - Element 'Object Repository/CommonScreenElements/Validate_InfoPopUP' is exist

2018-11-16 18:12:01 - [TEST_STEP][PASSED] - tap: Tapped on element 'Object Repository/CommonScreenElements/InfoPopUp_YesButton'

2018-11-16 18:12:01 - [MESSAGE][WARNING] - Timeout '0' is invalid. Using default page load timeout: '7'

2018-11-16 18:12:02 - [MESSAGE][PASSED] - Tapped on element 'Object Repository/CommonScreenElements/InfoPopUp_YesButton'

2018-11-16 18:12:02 - [TEST_STEP][PASSED] - verifyElementText: Actual text and expected text of test object 'Object Repository/Validate_ShopListScreen' are matched.

2018-11-16 18:12:04 - [MESSAGE][PASSED] - Actual text and expected text of test object 'Object Repository/Validate_ShopListScreen' are matched.

2018-11-16 18:12:04 - [MESSAGE][PASSED] - Call Test Case 'Test Cases/ShopOpen/SaveShop' successfully

2018-11-16 18:12:04 - [MESSAGE][WARNING] - Timeout '0' is invalid. Using default page load timeout: '7'

2018-11-16 18:12:04 - [MESSAGE][PASSED] - Element 'Object Repository/Validate_ShopListScreen' is exist

2018-11-16 18:12:07 - [MESSAGE][PASSED] - Actual text and expected text of test object 'Object Repository/Validate_ShopOptionsScreen' are matched.

2018-11-16 18:12:07 - [MESSAGE][WARNING] - Timeout '0' is invalid. Using default page load timeout: '7'

2018-11-16 18:12:07 - [MESSAGE][PASSED] - Tapped on element 'Object Repository/ShopOptions_Audit'

2018-11-16 18:12:22 - [MESSAGE][PASSED] - Delayed 15 second(s)

2018-11-16 18:12:23 - [MESSAGE][PASSED] - Element 'Object Repository/CommonScreenElements/Validate_MapScreen' is exist

2018-11-16 18:12:23 - [MESSAGE][WARNING] - Timeout '0' is invalid. Using default page load timeout: '7'

2018-11-16 18:12:24 - [MESSAGE][PASSED] - Tapped on element 'Object Repository/CommonScreenElements/Location_CheckIn'

2018-11-16 18:12:24 - [MESSAGE][WARNING] - Timeout '0' is invalid. Using default page load timeout: '7'

2018-11-16 18:12:25 - [MESSAGE][PASSED] - Element 'Object Repository/CommonScreenElements/Validate_InfoPopUP' is exist

2018-11-16 18:12:25 - [MESSAGE][WARNING] - Timeout '0' is invalid. Using default page load timeout: '7'

2018-11-16 18:12:25 - [MESSAGE][PASSED] - Tapped on element 'Object Repository/CommonScreenElements/InfoPopUp_NoButton'

2018-11-16 18:12:25 - [TEST_CASE][PASSED] - Test Cases/ShopOpen/VisitShopOpen: Test Cases/ShopOpen/VisitShopOpen

2018-11-16 18:12:25 - [TEST_STEP][PASSED] - verifyElementExist: Element 'Object Repository/ShopActions_List' is exist

2018-11-16 18:12:25 - [MESSAGE][WARNING] - Timeout '0' is invalid. Using default page load timeout: '7'

2018-11-16 18:12:26 - [MESSAGE][PASSED] - Element 'Object Repository/ShopActions_List' is exist

2018-11-16 18:12:26 - [TEST_STEP][PASSED] - tap: Tapped on element 'Object Repository/ShopOpen/ShopOpen'

2018-11-16 18:12:26 - [MESSAGE][WARNING] - Timeout '0' is invalid. Using default page load timeout: '7'

2018-11-16 18:12:28 - [MESSAGE][PASSED] - Tapped on element 'Object Repository/ShopOpen/ShopOpen'

2018-11-16 18:12:28 - [TEST_STEP][PASSED] - verifyElementExist: Element 'Object Repository/CommonScreenElements/Validate_CameraScreen' is exist

2018-11-16 18:12:28 - [MESSAGE][WARNING] - Timeout '0' is invalid. Using default page load timeout: '7'

2018-11-16 18:12:29 - [MESSAGE][PASSED] - Element 'Object Repository/CommonScreenElements/Validate_CameraScreen' is exist

2018-11-16 18:12:29 - [TEST_STEP][PASSED] - tap: Tapped on element 'Object Repository/CommonScreenElements/TakePictureButton'

2018-11-16 18:12:29 - [MESSAGE][WARNING] - Timeout '0' is invalid. Using default page load timeout: '7'

2018-11-16 18:12:32 - [MESSAGE][PASSED] - Tapped on element 'Object Repository/CommonScreenElements/TakePictureButton'

2018-11-16 18:12:32 - [TEST_STEP][PASSED] - delay: Delayed 5 second(s)

2018-11-16 18:12:37 - [MESSAGE][PASSED] - Delayed 5 second(s)

2018-11-16 18:12:37 - [TEST_STEP][PASSED] - tap: Tapped on element 'Object Repository/CommonScreenElements/DoneButton'

2018-11-16 18:12:37 - [MESSAGE][WARNING] - Timeout '0' is invalid. Using default page load timeout: '7'

2018-11-16 18:12:38 - [MESSAGE][PASSED] - Tapped on element 'Object Repository/CommonScreenElements/DoneButton'

2018-11-16 18:12:38 - [MESSAGE][PASSED] - Call Test Case 'Test Cases/ShopOpen/VisitShopOpen' successfully

2018-11-16 18:12:38 - [TEST_CASE][FAILED] - Test Cases/ShopOpen/VisitCategoryScenarios/VisitShopCategoriesWithDataVerification: Test Cases/ShopOpen/VisitCategoryScenarios/VisitShopCategoriesWithDataVerification FAILED because (of) (Stack trace: com.kms.katalon.core.exception.StepFailedException: Cannot hide keyboard (Root cause: org.openqa.selenium.WebDriverException: An unknown server-side error occurred while processing the command. Original error: Soft keyboard not present, cannot hide keyboard (WARNING: The server did not provide any stacktrace information)
Command duration or timeout: 0 milliseconds
Build info: version: '3.7.1', revision: '8a0099a', time: '2017-11-06T21:07:36.161Z'
System info: host: 'DESKTOP-L12UUAD', ip: '192.168.3.221', os.name: 'Windows 10', os.arch: 'amd64', os.version: '10.0', java.version: '1.8.0_102'
Driver info: com.kms.katalon.core.appium.driver.SwipeableAndroidDriver
Capabilities {app: F:\QA_Automation\Builds\non..., appActivity: com.audit.main.ui.SplashScreen, appPackage: com.concavetech.bloc, appWaitActivity: com.audit.main.ui.SplashScreen, appWaitPackage: com.concavetech.bloc, autoGrantPermissions: true, databaseEnabled: false, desired: {app: F:\QA_Automation\Builds\non..., autoGrantPermissions: true, deviceId: , deviceName: samsung SM-J110H (Android 4..., fullReset: false, newCommandTimeout: 1800, noReset: true, platform: ANDROID, platformName: Android, udid: 11015a1136d0b24a}, deviceId: , deviceManufacturer: samsung, deviceModel: SM-J110H, deviceName: 11015a1136d0b24a, deviceScreenSize: 480x800, deviceUDID: 11015a1136d0b24a, fullReset: false, javascriptEnabled: true, locationContextEnabled: false, networkConnectionEnabled: true, newCommandTimeout: 1800, noReset: true, platform: ANDROID, platformName: ANDROID, platformVersion: 4.4.4, takesScreenshot: true, udid: 11015a1136d0b24a, warnings: {}, webStorageEnabled: false}
Session ID: ba9f2dd4-22cf-4a6f-aeb7-f71967160ad1)
	at com.kms.katalon.core.keyword.internal.KeywordMain.stepFailed(KeywordMain.groovy:36)
	at com.kms.katalon.core.mobile.keyword.internal.MobileKeywordMain.stepFailed(MobileKeywordMain.groovy:40)
	at com.kms.katalon.core.mobile.keyword.internal.MobileKeywordMain.runKeyword(MobileKeywordMain.groovy:23)
	at com.kms.katalon.core.mobile.keyword.internal.MobileKeywordMain$runKeyword.call(Unknown Source)
	at com.kms.katalon.core.mobile.keyword.builtin.HideKeyboardKeyword.hideKeyboard(HideKeyboardKeyword.groovy:66)
	at com.kms.katalon.core.mobile.keyword.builtin.HideKeyboardKeyword.execute(HideKeyboardKeyword.groovy:62)
	at com.kms.katalon.core.keyword.internal.KeywordExecutor.executeKeywordForPlatform(KeywordExecutor.groovy:53)
	at com.kms.katalon.core.mobile.keyword.MobileBuiltInKeywords.hideKeyboard(MobileBuiltInKeywords.groovy:1269)
	at com.kms.katalon.core.mobile.keyword.MobileBuiltInKeywords$hideKeyboard$5.call(Unknown Source)
	at com.ct.qa.keywords.ChillerProductsDataKeywords.VisitChillerNotAvailableProductsData(ChillerProductsDataKeywords.groovy:704)
	at sun.reflect.NativeMethodAccessorImpl.invoke0(Native Method)
	at sun.reflect.NativeMethodAccessorImpl.invoke(NativeMethodAccessorImpl.java:62)
	at sun.reflect.DelegatingMethodAccessorImpl.invoke(DelegatingMethodAccessorImpl.java:43)
	at java.lang.reflect.Method.invoke(Method.java:498)
	at org.codehaus.groovy.reflection.CachedMethod.invoke(CachedMethod.java:93)
	at groovy.lang.MetaMethod.doMethodInvoke(MetaMethod.java:325)
	at groovy.lang.MetaClassImpl.invokeMethod(MetaClassImpl.java:1215)
	at groovy.lang.MetaClassImpl.invokeMethod(MetaClassImpl.java:1024)
	at groovy.lang.MetaClassImpl.invokeMethod(MetaClassImpl.java:812)
	at groovy.lang.DelegatingMetaClass.invokeMethod(DelegatingMetaClass.java:144)
	at com.ct.qa.keywords.ChillerProductsDataKeywords.invokeMethod(ChillerProductsDataKeywords.groovy)
	at com.kms.katalon.core.main.CustomKeywordDelegatingMetaClass.invokeStaticMethod(CustomKeywordDelegatingMetaClass.java:46)
	at org.codehaus.groovy.runtime.callsite.StaticMetaClassSite.call(StaticMetaClassSite.java:53)
	at org.codehaus.groovy.runtime.callsite.AbstractCallSite.call(AbstractCallSite.java:133)
	at Script1531389034206.run(Script1531389034206.groovy:53)
	at com.kms.katalon.core.main.ScriptEngine.run(ScriptEngine.java:183)
	at com.kms.katalon.core.main.ScriptEngine.runScriptAsRawText(ScriptEngine.java:108)
	at com.kms.katalon.core.main.TestCaseExecutor.runScript(TestCaseExecutor.java:294)
	at com.kms.katalon.core.main.TestCaseExecutor.doExecute(TestCaseExecutor.java:285)
	at com.kms.katalon.core.main.TestCaseExecutor.processExecutionPhase(TestCaseExecutor.java:264)
	at com.kms.katalon.core.main.TestCaseExecutor.accessMainPhase(TestCaseExecutor.java:256)
	at com.kms.katalon.core.main.TestCaseExecutor.execute(TestCaseExecutor.java:200)
	at com.kms.katalon.core.main.TestCaseMain.runTestCase(TestCaseMain.java:99)
	at com.kms.katalon.core.keyword.builtin.CallTestCaseKeyword$_callTestCase_closure1.doCall(CallTestCaseKeyword.groovy:60)
	at com.kms.katalon.core.keyword.builtin.CallTestCaseKeyword$_callTestCase_closure1.call(CallTestCaseKeyword.groovy)
	at com.kms.katalon.core.keyword.internal.KeywordMain.runKeyword(KeywordMain.groovy:54)
	at com.kms.katalon.core.keyword.builtin.CallTestCaseKeyword.callTestCase(CallTestCaseKeyword.groovy:81)
	at com.kms.katalon.core.keyword.builtin.CallTestCaseKeyword.execute(CallTestCaseKeyword.groovy:45)
	at com.kms.katalon.core.keyword.internal.KeywordExecutor.executeKeywordForPlatform(KeywordExecutor.groovy:53)
	at com.kms.katalon.core.keyword.BuiltinKeywords.callTestCase(BuiltinKeywords.groovy:350)
	at sun.reflect.GeneratedMethodAccessor20.invoke(Unknown Source)
	at sun.reflect.DelegatingMethodAccessorImpl.invoke(DelegatingMethodAccessorImpl.java:43)
	at java.lang.reflect.Method.invoke(Method.java:498)
	at org.codehaus.groovy.reflection.CachedMethod.invoke(CachedMethod.java:93)
	at groovy.lang.MetaMethod.doMethodInvoke(MetaMethod.java:325)
	at groovy.lang.MetaClassImpl.invokeStaticMethod(MetaClassImpl.java:1469)
	at org.codehaus.groovy.runtime.callsite.StaticMetaClassSite.call(StaticMetaClassSite.java:53)
	at org.codehaus.groovy.runtime.callsite.AbstractCallSite.call(AbstractCallSite.java:133)
	at com.ct.qa.keywords.ChillerProductsDataKeywords.visitChillerNotAvailableProductCategories(ChillerProductsDataKeywords.groovy:199)
	at sun.reflect.NativeMethodAccessorImpl.invoke0(Native Method)
	at sun.reflect.NativeMethodAccessorImpl.invoke(NativeMethodAccessorImpl.java:62)
	at sun.reflect.DelegatingMethodAccessorImpl.invoke(DelegatingMethodAccessorImpl.java:43)
	at java.lang.reflect.Method.invoke(Method.java:498)
	at org.codehaus.groovy.reflection.CachedMethod.invoke(CachedMethod.java:93)
	at groovy.lang.MetaMethod.doMethodInvoke(MetaMethod.java:325)
	at groovy.lang.MetaClassImpl.invokeMethod(MetaClassImpl.java:1215)
	at groovy.lang.MetaClassImpl.invokeMethod(MetaClassImpl.java:1024)
	at groovy.lang.MetaClassImpl.invokeMethod(MetaClassImpl.java:812)
	at groovy.lang.DelegatingMetaClass.invokeMethod(DelegatingMetaClass.java:144)
	at com.ct.qa.keywords.ChillerProductsDataKeywords.invokeMethod(ChillerProductsDataKeywords.groovy)
	at com.kms.katalon.core.main.CustomKeywordDelegatingMetaClass.invokeStaticMethod(CustomKeywordDelegatingMetaClass.java:46)
	at org.codehaus.groovy.runtime.callsite.StaticMetaClassSite.call(StaticMetaClassSite.java:53)
	at org.codehaus.groovy.runtime.callsite.CallSiteArray.defaultCall(CallSiteArray.java:48)
	at org.codehaus.groovy.runtime.callsite.AbstractCallSite.call(AbstractCallSite.java:113)
	at org.codehaus.groovy.runtime.callsite.AbstractCallSite.call(AbstractCallSite.java:125)
	at Script1527584701019.run(Script1527584701019.groovy:28)
	at com.kms.katalon.core.main.ScriptEngine.run(ScriptEngine.java:183)
	at com.kms.katalon.core.main.ScriptEngine.runScriptAsRawText(ScriptEngine.java:108)
	at com.kms.katalon.core.main.TestCaseExecutor.runScript(TestCaseExecutor.java:294)
	at com.kms.katalon.core.main.TestCaseExecutor.doExecute(TestCaseExecutor.java:285)
	at com.kms.katalon.core.main.TestCaseExecutor.processExecutionPhase(TestCaseExecutor.java:264)
	at com.kms.katalon.core.main.TestCaseExecutor.accessMainPhase(TestCaseExecutor.java:256)
	at com.kms.katalon.core.main.TestCaseExecutor.execute(TestCaseExecutor.java:200)
	at com.kms.katalon.core.main.TestCaseMain.runTestCase(TestCaseMain.java:99)
	at com.kms.katalon.core.keyword.builtin.CallTestCaseKeyword$_callTestCase_closure1.doCall(CallTestCaseKeyword.groovy:60)
	at com.kms.katalon.core.keyword.builtin.CallTestCaseKeyword$_callTestCase_closure1.call(CallTestCaseKeyword.groovy)
	at com.kms.katalon.core.keyword.internal.KeywordMain.runKeyword(KeywordMain.groovy:54)
	at com.kms.katalon.core.keyword.builtin.CallTestCaseKeyword.callTestCase(CallTestCaseKeyword.groovy:81)
	at com.kms.katalon.core.keyword.builtin.CallTestCaseKeyword.execute(CallTestCaseKeyword.groovy:45)
	at com.kms.katalon.core.keyword.internal.KeywordExecutor.executeKeywordForPlatform(KeywordExecutor.groovy:53)
	at com.kms.katalon.core.keyword.BuiltinKeywords.callTestCase(BuiltinKeywords.groovy:350)
	at sun.reflect.GeneratedMethodAccessor20.invoke(Unknown Source)
	at sun.reflect.DelegatingMethodAccessorImpl.invoke(DelegatingMethodAccessorImpl.java:43)
	at java.lang.reflect.Method.invoke(Method.java:498)
	at org.codehaus.groovy.reflection.CachedMethod.invoke(CachedMethod.java:93)
	at groovy.lang.MetaMethod.doMethodInvoke(MetaMethod.java:325)
	at groovy.lang.MetaClassImpl.invokeStaticMethod(MetaClassImpl.java:1469)
	at org.codehaus.groovy.runtime.callsite.StaticMetaClassSite.call(StaticMetaClassSite.java:53)
	at org.codehaus.groovy.runtime.callsite.CallSiteArray.defaultCall(CallSiteArray.java:48)
	at org.codehaus.groovy.runtime.callsite.AbstractCallSite.call(AbstractCallSite.java:113)
	at org.codehaus.groovy.runtime.callsite.AbstractCallSite.call(AbstractCallSite.java:133)
	at com.ct.qa.keywords.ChillerVisitingScenariosKeywords.visitChillersTaggedInChillerUtilizationWithDataVerification(ChillerVisitingScenariosKeywords.groovy:63)
	at sun.reflect.NativeMethodAccessorImpl.invoke0(Native Method)
	at sun.reflect.NativeMethodAccessorImpl.invoke(NativeMethodAccessorImpl.java:62)
	at sun.reflect.DelegatingMethodAccessorImpl.invoke(DelegatingMethodAccessorImpl.java:43)
	at java.lang.reflect.Method.invoke(Method.java:498)
	at org.codehaus.groovy.reflection.CachedMethod.invoke(CachedMethod.java:93)
	at groovy.lang.MetaMethod.doMethodInvoke(MetaMethod.java:325)
	at groovy.lang.MetaClassImpl.invokeMethod(MetaClassImpl.java:1215)
	at groovy.lang.MetaClassImpl.invokeMethod(MetaClassImpl.java:1024)
	at groovy.lang.MetaClassImpl.invokeMethod(MetaClassImpl.java:812)
	at groovy.lang.DelegatingMetaClass.invokeMethod(DelegatingMetaClass.java:144)
	at com.ct.qa.keywords.ChillerVisitingScenariosKeywords.invokeMethod(ChillerVisitingScenariosKeywords.groovy)
	at com.kms.katalon.core.main.CustomKeywordDelegatingMetaClass.invokeStaticMethod(CustomKeywordDelegatingMetaClass.java:46)
	at org.codehaus.groovy.runtime.callsite.StaticMetaClassSite.call(StaticMetaClassSite.java:53)
	at org.codehaus.groovy.runtime.callsite.CallSiteArray.defaultCall(CallSiteArray.java:48)
	at org.codehaus.groovy.runtime.callsite.AbstractCallSite.call(AbstractCallSite.java:113)
	at org.codehaus.groovy.runtime.callsite.AbstractCallSite.call(AbstractCallSite.java:117)
	at Script1532949461188.run(Script1532949461188.groovy:29)
	at com.kms.katalon.core.main.ScriptEngine.run(ScriptEngine.java:183)
	at com.kms.katalon.core.main.ScriptEngine.runScriptAsRawText(ScriptEngine.java:108)
	at com.kms.katalon.core.main.TestCaseExecutor.runScript(TestCaseExecutor.java:294)
	at com.kms.katalon.core.main.TestCaseExecutor.doExecute(TestCaseExecutor.java:285)
	at com.kms.katalon.core.main.TestCaseExecutor.processExecutionPhase(TestCaseExecutor.java:264)
	at com.kms.katalon.core.main.TestCaseExecutor.accessMainPhase(TestCaseExecutor.java:256)
	at com.kms.katalon.core.main.TestCaseExecutor.execute(TestCaseExecutor.java:200)
	at com.kms.katalon.core.main.TestCaseMain.runTestCase(TestCaseMain.java:99)
	at com.kms.katalon.core.keyword.builtin.CallTestCaseKeyword$_callTestCase_closure1.doCall(CallTestCaseKeyword.groovy:60)
	at com.kms.katalon.core.keyword.builtin.CallTestCaseKeyword$_callTestCase_closure1.call(CallTestCaseKeyword.groovy)
	at com.kms.katalon.core.keyword.internal.KeywordMain.runKeyword(KeywordMain.groovy:54)
	at com.kms.katalon.core.keyword.builtin.CallTestCaseKeyword.callTestCase(CallTestCaseKeyword.groovy:81)
	at com.kms.katalon.core.keyword.builtin.CallTestCaseKeyword.execute(CallTestCaseKeyword.groovy:45)
	at com.kms.katalon.core.keyword.internal.KeywordExecutor.executeKeywordForPlatform(KeywordExecutor.groovy:53)
	at com.kms.katalon.core.keyword.BuiltinKeywords.callTestCase(BuiltinKeywords.groovy:350)
	at sun.reflect.GeneratedMethodAccessor20.invoke(Unknown Source)
	at sun.reflect.DelegatingMethodAccessorImpl.invoke(DelegatingMethodAccessorImpl.java:43)
	at java.lang.reflect.Method.invoke(Method.java:498)
	at org.codehaus.groovy.reflection.CachedMethod.invoke(CachedMethod.java:93)
	at groovy.lang.MetaMethod.doMethodInvoke(MetaMethod.java:325)
	at groovy.lang.MetaClassImpl.invokeStaticMethod(MetaClassImpl.java:1469)
	at org.codehaus.groovy.runtime.callsite.StaticMetaClassSite.call(StaticMetaClassSite.java:53)
	at org.codehaus.groovy.runtime.callsite.CallSiteArray.defaultCall(CallSiteArray.java:48)
	at org.codehaus.groovy.runtime.callsite.AbstractCallSite.call(AbstractCallSite.java:113)
	at org.codehaus.groovy.runtime.callsite.AbstractCallSite.call(AbstractCallSite.java:133)
	at com.ct.qa.keywords.CategoryVisitingScenariosKeywords.visitShopCategoriesWithDataVerification(CategoryVisitingScenariosKeywords.groovy:93)
	at sun.reflect.NativeMethodAccessorImpl.invoke0(Native Method)
	at sun.reflect.NativeMethodAccessorImpl.invoke(NativeMethodAccessorImpl.java:62)
	at sun.reflect.DelegatingMethodAccessorImpl.invoke(DelegatingMethodAccessorImpl.java:43)
	at java.lang.reflect.Method.invoke(Method.java:498)
	at org.codehaus.groovy.reflection.CachedMethod.invoke(CachedMethod.java:93)
	at groovy.lang.MetaMethod.doMethodInvoke(MetaMethod.java:325)
	at groovy.lang.MetaClassImpl.invokeMethod(MetaClassImpl.java:1215)
	at groovy.lang.MetaClassImpl.invokeMethod(MetaClassImpl.java:1024)
	at groovy.lang.MetaClassImpl.invokeMethod(MetaClassImpl.java:812)
	at groovy.lang.DelegatingMetaClass.invokeMethod(DelegatingMetaClass.java:144)
	at com.ct.qa.keywords.CategoryVisitingScenariosKeywords.invokeMethod(CategoryVisitingScenariosKeywords.groovy)
	at com.kms.katalon.core.main.CustomKeywordDelegatingMetaClass.invokeStaticMethod(CustomKeywordDelegatingMetaClass.java:46)
	at org.codehaus.groovy.runtime.callsite.StaticMetaClassSite.call(StaticMetaClassSite.java:53)
	at org.codehaus.groovy.runtime.callsite.AbstractCallSite.call(AbstractCallSite.java:117)
	at Script1533013695676.run(Script1533013695676.groovy:28)
	at com.kms.katalon.core.main.ScriptEngine.run(ScriptEngine.java:183)
	at com.kms.katalon.core.main.ScriptEngine.runScriptAsRawText(ScriptEngine.java:108)
	at com.kms.katalon.core.main.TestCaseExecutor.runScript(TestCaseExecutor.java:294)
	at com.kms.katalon.core.main.TestCaseExecutor.doExecute(TestCaseExecutor.java:285)
	at com.kms.katalon.core.main.TestCaseExecutor.processExecutionPhase(TestCaseExecutor.java:264)
	at com.kms.katalon.core.main.TestCaseExecutor.accessMainPhase(TestCaseExecutor.java:256)
	at com.kms.katalon.core.main.TestCaseExecutor.execute(TestCaseExecutor.java:200)
	at com.kms.katalon.core.main.TestCaseMain.runTestCase(TestCaseMain.java:99)
	at com.kms.katalon.core.keyword.builtin.CallTestCaseKeyword$_callTestCase_closure1.doCall(CallTestCaseKeyword.groovy:60)
	at com.kms.katalon.core.keyword.builtin.CallTestCaseKeyword$_callTestCase_closure1.call(CallTestCaseKeyword.groovy)
	at com.kms.katalon.core.keyword.internal.KeywordMain.runKeyword(KeywordMain.groovy:54)
	at com.kms.katalon.core.keyword.builtin.CallTestCaseKeyword.callTestCase(CallTestCaseKeyword.groovy:81)
	at com.kms.katalon.core.keyword.builtin.CallTestCaseKeyword.execute(CallTestCaseKeyword.groovy:45)
	at com.kms.katalon.core.keyword.internal.KeywordExecutor.executeKeywordForPlatform(KeywordExecutor.groovy:53)
	at com.kms.katalon.core.keyword.BuiltinKeywords.callTestCase(BuiltinKeywords.groovy:350)
	at sun.reflect.NativeMethodAccessorImpl.invoke0(Native Method)
	at sun.reflect.NativeMethodAccessorImpl.invoke(NativeMethodAccessorImpl.java:62)
	at sun.reflect.DelegatingMethodAccessorImpl.invoke(DelegatingMethodAccessorImpl.java:43)
	at java.lang.reflect.Method.invoke(Method.java:498)
	at org.codehaus.groovy.reflection.CachedMethod.invoke(CachedMethod.java:93)
	at groovy.lang.MetaMethod.doMethodInvoke(MetaMethod.java:325)
	at groovy.lang.MetaClassImpl.invokeStaticMethod(MetaClassImpl.java:1469)
	at org.codehaus.groovy.runtime.callsite.StaticMetaClassSite.call(StaticMetaClassSite.java:53)
	at org.codehaus.groovy.runtime.callsite.AbstractCallSite.call(AbstractCallSite.java:133)
	at com.ct.qa.keywords.ShopVisitingScenariosKeywords.visitShopWith_DataVerification(ShopVisitingScenariosKeywords.groovy:336)
	at sun.reflect.NativeMethodAccessorImpl.invoke0(Native Method)
	at sun.reflect.NativeMethodAccessorImpl.invoke(NativeMethodAccessorImpl.java:62)
	at sun.reflect.DelegatingMethodAccessorImpl.invoke(DelegatingMethodAccessorImpl.java:43)
	at java.lang.reflect.Method.invoke(Method.java:498)
	at org.codehaus.groovy.reflection.CachedMethod.invoke(CachedMethod.java:93)
	at groovy.lang.MetaMethod.doMethodInvoke(MetaMethod.java:325)
	at groovy.lang.MetaClassImpl.invokeMethod(MetaClassImpl.java:1215)
	at groovy.lang.MetaClassImpl.invokeMethod(MetaClassImpl.java:1024)
	at groovy.lang.MetaClassImpl.invokeMethod(MetaClassImpl.java:812)
	at groovy.lang.DelegatingMetaClass.invokeMethod(DelegatingMetaClass.java:144)
	at com.ct.qa.keywords.ShopVisitingScenariosKeywords.invokeMethod(ShopVisitingScenariosKeywords.groovy)
	at com.kms.katalon.core.main.CustomKeywordDelegatingMetaClass.invokeStaticMethod(CustomKeywordDelegatingMetaClass.java:46)
	at org.codehaus.groovy.runtime.callsite.StaticMetaClassSite.call(StaticMetaClassSite.java:53)
	at org.codehaus.groovy.runtime.callsite.CallSiteArray.defaultCall(CallSiteArray.java:48)
	at org.codehaus.groovy.runtime.callsite.AbstractCallSite.call(AbstractCallSite.java:113)
	at org.codehaus.groovy.runtime.callsite.AbstractCallSite.call(AbstractCallSite.java:117)
	at Script1539252870661.run(Script1539252870661.groovy:36)
	at com.kms.katalon.core.main.ScriptEngine.run(ScriptEngine.java:183)
	at com.kms.katalon.core.main.ScriptEngine.runScriptAsRawText(ScriptEngine.java:108)
	at com.kms.katalon.core.main.TestCaseExecutor.runScript(TestCaseExecutor.java:294)
	at com.kms.katalon.core.main.TestCaseExecutor.doExecute(TestCaseExecutor.java:285)
	at com.kms.katalon.core.main.TestCaseExecutor.processExecutionPhase(TestCaseExecutor.java:264)
	at com.kms.katalon.core.main.TestCaseExecutor.accessMainPhase(TestCaseExecutor.java:256)
	at com.kms.katalon.core.main.TestCaseExecutor.execute(TestCaseExecutor.java:200)
	at com.kms.katalon.core.main.TestSuiteExecutor.accessTestCaseMainPhase(TestSuiteExecutor.java:129)
	at com.kms.katalon.core.main.TestSuiteExecutor.accessTestSuiteMainPhase(TestSuiteExecutor.java:112)
	at com.kms.katalon.core.main.TestSuiteExecutor.execute(TestSuiteExecutor.java:81)
	at com.kms.katalon.core.main.TestCaseMain.startTestSuite(TestCaseMain.java:142)
	at com.kms.katalon.core.main.TestCaseMain$startTestSuite$0.call(Unknown Source)
	at org.codehaus.groovy.runtime.callsite.CallSiteArray.defaultCall(CallSiteArray.java:48)
	at org.codehaus.groovy.runtime.callsite.AbstractCallSite.call(AbstractCallSite.java:113)
	at org.codehaus.groovy.runtime.callsite.AbstractCallSite.call(AbstractCallSite.java:141)
	at TempTestSuite1542373218680.run(TempTestSuite1542373218680.groovy:36)
	at groovy.lang.GroovyShell.runScriptOrMainOrTestOrRunnable(GroovyShell.java:263)
	at groovy.lang.GroovyShell.run(GroovyShell.java:518)
	at groovy.lang.GroovyShell.run(GroovyShell.java:507)
	at groovy.ui.GroovyMain.processOnce(GroovyMain.java:653)
	at groovy.ui.GroovyMain.run(GroovyMain.java:384)
	at groovy.ui.GroovyMain.process(GroovyMain.java:370)
	at groovy.ui.GroovyMain.processArgs(GroovyMain.java:129)
	at groovy.ui.GroovyMain.main(GroovyMain.java:109)
	at sun.reflect.NativeMethodAccessorImpl.invoke0(Native Method)
	at sun.reflect.NativeMethodAccessorImpl.invoke(NativeMethodAccessorImpl.java:62)
	at sun.reflect.DelegatingMethodAccessorImpl.invoke(DelegatingMethodAccessorImpl.java:43)
	at java.lang.reflect.Method.invoke(Method.java:498)
	at org.codehaus.groovy.tools.GroovyStarter.rootLoader(GroovyStarter.java:109)
	at org.codehaus.groovy.tools.GroovyStarter.main(GroovyStarter.java:131)
)

2018-11-16 18:12:38 - [TEST_STEP][PASSED] - verifyElementExist: Element 'Object Repository/ShopOpen/Validate_ShopCategoriesListScreen' is exist

2018-11-16 18:12:38 - [MESSAGE][WARNING] - Timeout '0' is invalid. Using default page load timeout: '7'

2018-11-16 18:12:40 - [MESSAGE][PASSED] - Element 'Object Repository/ShopOpen/Validate_ShopCategoriesListScreen' is exist

2018-11-16 18:12:40 - [TEST_STEP][FAILED] - com.ct.qa.keywords.CategoryVisitingScenariosKeywords.visitShopCategoriesWithDataVerification: Cannot hide keyboard (Root cause: org.openqa.selenium.WebDriverException: An unknown server-side error occurred while processing the command. Original error: Soft keyboard not present, cannot hide keyboard (WARNING: The server did not provide any stacktrace information)
Command duration or timeout: 0 milliseconds
Build info: version: '3.7.1', revision: '8a0099a', time: '2017-11-06T21:07:36.161Z'
System info: host: 'DESKTOP-L12UUAD', ip: '192.168.3.221', os.name: 'Windows 10', os.arch: 'amd64', os.version: '10.0', java.version: '1.8.0_102'
Driver info: com.kms.katalon.core.appium.driver.SwipeableAndroidDriver
Capabilities {app: F:\QA_Automation\Builds\non..., appActivity: com.audit.main.ui.SplashScreen, appPackage: com.concavetech.bloc, appWaitActivity: com.audit.main.ui.SplashScreen, appWaitPackage: com.concavetech.bloc, autoGrantPermissions: true, databaseEnabled: false, desired: {app: F:\QA_Automation\Builds\non..., autoGrantPermissions: true, deviceId: , deviceName: samsung SM-J110H (Android 4..., fullReset: false, newCommandTimeout: 1800, noReset: true, platform: ANDROID, platformName: Android, udid: 11015a1136d0b24a}, deviceId: , deviceManufacturer: samsung, deviceModel: SM-J110H, deviceName: 11015a1136d0b24a, deviceScreenSize: 480x800, deviceUDID: 11015a1136d0b24a, fullReset: false, javascriptEnabled: true, locationContextEnabled: false, networkConnectionEnabled: true, newCommandTimeout: 1800, noReset: true, platform: ANDROID, platformName: ANDROID, platformVersion: 4.4.4, takesScreenshot: true, udid: 11015a1136d0b24a, warnings: {}, webStorageEnabled: false}
Session ID: ba9f2dd4-22cf-4a6f-aeb7-f71967160ad1)

2018-11-16 18:12:44 - [MESSAGE][PASSED] - Swiped from 0,293 to 0,200

2018-11-16 18:12:47 - [MESSAGE][PASSED] - Swiped from 0,293 to 0,200

2018-11-16 18:12:51 - [MESSAGE][PASSED] - Swiped from 0,293 to 0,200

2018-11-16 18:12:54 - [MESSAGE][PASSED] - Swiped from 0,293 to 0,200

2018-11-16 18:12:57 - [MESSAGE][PASSED] - Swiped from 0,293 to 0,200

2018-11-16 18:13:00 - [MESSAGE][PASSED] - Swiped from 0,293 to 0,200

2018-11-16 18:13:03 - [MESSAGE][PASSED] - Swiped from 0,293 to 0,200

2018-11-16 18:13:06 - [MESSAGE][PASSED] - Swiped from 0,293 to 0,200

2018-11-16 18:13:10 - [MESSAGE][PASSED] - Swiped from 0,293 to 0,200

2018-11-16 18:13:13 - [MESSAGE][PASSED] - Swiped from 0,293 to 0,200

2018-11-16 18:13:16 - [MESSAGE][PASSED] - Swiped from 0,293 to 0,200

2018-11-16 18:13:18 - [MESSAGE][PASSED] - Swiped from 0,200 to 0,750

2018-11-16 18:13:19 - [MESSAGE][PASSED] - Swiped from 0,200 to 0,750

2018-11-16 18:13:21 - [MESSAGE][WARNING] - Timeout '0' is invalid. Using default page load timeout: '7'

2018-11-16 18:13:30 - [MESSAGE][WARNING] - Element 'Object Repository/CommonScreenElements/Validate_CameraScreen' not found
[[ATTACHMENT|F:\\Git Projects\\Audit_Merchandising\\Audit_Merchandising\\Reports\\MMA Merchandising With Channel Wise Data Verification\\20181116_180018\\1542374009116.png]]

2018-11-16 18:13:30 - [TEST_CASE][FAILED] - Test Cases/ShopOpen/ChillerUtilization/VisitChillerScenarios/VisitChillerUtilizationWithDataVerification: Test Cases/ShopOpen/ChillerUtilization/VisitChillerScenarios/VisitChillerUtilizationWithDataVerification FAILED because (of) (Stack trace: com.kms.katalon.core.exception.StepFailedException: Cannot hide keyboard (Root cause: org.openqa.selenium.WebDriverException: An unknown server-side error occurred while processing the command. Original error: Soft keyboard not present, cannot hide keyboard (WARNING: The server did not provide any stacktrace information)
Command duration or timeout: 0 milliseconds
Build info: version: '3.7.1', revision: '8a0099a', time: '2017-11-06T21:07:36.161Z'
System info: host: 'DESKTOP-L12UUAD', ip: '192.168.3.221', os.name: 'Windows 10', os.arch: 'amd64', os.version: '10.0', java.version: '1.8.0_102'
Driver info: com.kms.katalon.core.appium.driver.SwipeableAndroidDriver
Capabilities {app: F:\QA_Automation\Builds\non..., appActivity: com.audit.main.ui.SplashScreen, appPackage: com.concavetech.bloc, appWaitActivity: com.audit.main.ui.SplashScreen, appWaitPackage: com.concavetech.bloc, autoGrantPermissions: true, databaseEnabled: false, desired: {app: F:\QA_Automation\Builds\non..., autoGrantPermissions: true, deviceId: , deviceName: samsung SM-J110H (Android 4..., fullReset: false, newCommandTimeout: 1800, noReset: true, platform: ANDROID, platformName: Android, udid: 11015a1136d0b24a}, deviceId: , deviceManufacturer: samsung, deviceModel: SM-J110H, deviceName: 11015a1136d0b24a, deviceScreenSize: 480x800, deviceUDID: 11015a1136d0b24a, fullReset: false, javascriptEnabled: true, locationContextEnabled: false, networkConnectionEnabled: true, newCommandTimeout: 1800, noReset: true, platform: ANDROID, platformName: ANDROID, platformVersion: 4.4.4, takesScreenshot: true, udid: 11015a1136d0b24a, warnings: {}, webStorageEnabled: false}
Session ID: ba9f2dd4-22cf-4a6f-aeb7-f71967160ad1)
	at com.kms.katalon.core.keyword.internal.KeywordMain.stepFailed(KeywordMain.groovy:36)
	at com.kms.katalon.core.mobile.keyword.internal.MobileKeywordMain.stepFailed(MobileKeywordMain.groovy:40)
	at com.kms.katalon.core.mobile.keyword.internal.MobileKeywordMain.runKeyword(MobileKeywordMain.groovy:23)
	at com.kms.katalon.core.mobile.keyword.internal.MobileKeywordMain$runKeyword.call(Unknown Source)
	at com.kms.katalon.core.mobile.keyword.builtin.HideKeyboardKeyword.hideKeyboard(HideKeyboardKeyword.groovy:66)
	at com.kms.katalon.core.mobile.keyword.builtin.HideKeyboardKeyword.execute(HideKeyboardKeyword.groovy:62)
	at com.kms.katalon.core.keyword.internal.KeywordExecutor.executeKeywordForPlatform(KeywordExecutor.groovy:53)
	at com.kms.katalon.core.mobile.keyword.MobileBuiltInKeywords.hideKeyboard(MobileBuiltInKeywords.groovy:1269)
	at com.kms.katalon.core.mobile.keyword.MobileBuiltInKeywords$hideKeyboard$5.call(Unknown Source)
	at com.ct.qa.keywords.ChillerProductsDataKeywords.VisitChillerNotAvailableProductsData(ChillerProductsDataKeywords.groovy:704)
	at sun.reflect.NativeMethodAccessorImpl.invoke0(Native Method)
	at sun.reflect.NativeMethodAccessorImpl.invoke(NativeMethodAccessorImpl.java:62)
	at sun.reflect.DelegatingMethodAccessorImpl.invoke(DelegatingMethodAccessorImpl.java:43)
	at java.lang.reflect.Method.invoke(Method.java:498)
	at org.codehaus.groovy.reflection.CachedMethod.invoke(CachedMethod.java:93)
	at groovy.lang.MetaMethod.doMethodInvoke(MetaMethod.java:325)
	at groovy.lang.MetaClassImpl.invokeMethod(MetaClassImpl.java:1215)
	at groovy.lang.MetaClassImpl.invokeMethod(MetaClassImpl.java:1024)
	at groovy.lang.MetaClassImpl.invokeMethod(MetaClassImpl.java:812)
	at groovy.lang.DelegatingMetaClass.invokeMethod(DelegatingMetaClass.java:144)
	at com.ct.qa.keywords.ChillerProductsDataKeywords.invokeMethod(ChillerProductsDataKeywords.groovy)
	at com.kms.katalon.core.main.CustomKeywordDelegatingMetaClass.invokeStaticMethod(CustomKeywordDelegatingMetaClass.java:46)
	at org.codehaus.groovy.runtime.callsite.StaticMetaClassSite.call(StaticMetaClassSite.java:53)
	at org.codehaus.groovy.runtime.callsite.AbstractCallSite.call(AbstractCallSite.java:133)
	at Script1531389034206.run(Script1531389034206.groovy:53)
	at com.kms.katalon.core.main.ScriptEngine.run(ScriptEngine.java:183)
	at com.kms.katalon.core.main.ScriptEngine.runScriptAsRawText(ScriptEngine.java:108)
	at com.kms.katalon.core.main.TestCaseExecutor.runScript(TestCaseExecutor.java:294)
	at com.kms.katalon.core.main.TestCaseExecutor.doExecute(TestCaseExecutor.java:285)
	at com.kms.katalon.core.main.TestCaseExecutor.processExecutionPhase(TestCaseExecutor.java:264)
	at com.kms.katalon.core.main.TestCaseExecutor.accessMainPhase(TestCaseExecutor.java:256)
	at com.kms.katalon.core.main.TestCaseExecutor.execute(TestCaseExecutor.java:200)
	at com.kms.katalon.core.main.TestCaseMain.runTestCase(TestCaseMain.java:99)
	at com.kms.katalon.core.keyword.builtin.CallTestCaseKeyword$_callTestCase_closure1.doCall(CallTestCaseKeyword.groovy:60)
	at com.kms.katalon.core.keyword.builtin.CallTestCaseKeyword$_callTestCase_closure1.call(CallTestCaseKeyword.groovy)
	at com.kms.katalon.core.keyword.internal.KeywordMain.runKeyword(KeywordMain.groovy:54)
	at com.kms.katalon.core.keyword.builtin.CallTestCaseKeyword.callTestCase(CallTestCaseKeyword.groovy:81)
	at com.kms.katalon.core.keyword.builtin.CallTestCaseKeyword.execute(CallTestCaseKeyword.groovy:45)
	at com.kms.katalon.core.keyword.internal.KeywordExecutor.executeKeywordForPlatform(KeywordExecutor.groovy:53)
	at com.kms.katalon.core.keyword.BuiltinKeywords.callTestCase(BuiltinKeywords.groovy:350)
	at sun.reflect.GeneratedMethodAccessor20.invoke(Unknown Source)
	at sun.reflect.DelegatingMethodAccessorImpl.invoke(DelegatingMethodAccessorImpl.java:43)
	at java.lang.reflect.Method.invoke(Method.java:498)
	at org.codehaus.groovy.reflection.CachedMethod.invoke(CachedMethod.java:93)
	at groovy.lang.MetaMethod.doMethodInvoke(MetaMethod.java:325)
	at groovy.lang.MetaClassImpl.invokeStaticMethod(MetaClassImpl.java:1469)
	at org.codehaus.groovy.runtime.callsite.StaticMetaClassSite.call(StaticMetaClassSite.java:53)
	at org.codehaus.groovy.runtime.callsite.AbstractCallSite.call(AbstractCallSite.java:133)
	at com.ct.qa.keywords.ChillerProductsDataKeywords.visitChillerNotAvailableProductCategories(ChillerProductsDataKeywords.groovy:199)
	at sun.reflect.NativeMethodAccessorImpl.invoke0(Native Method)
	at sun.reflect.NativeMethodAccessorImpl.invoke(NativeMethodAccessorImpl.java:62)
	at sun.reflect.DelegatingMethodAccessorImpl.invoke(DelegatingMethodAccessorImpl.java:43)
	at java.lang.reflect.Method.invoke(Method.java:498)
	at org.codehaus.groovy.reflection.CachedMethod.invoke(CachedMethod.java:93)
	at groovy.lang.MetaMethod.doMethodInvoke(MetaMethod.java:325)
	at groovy.lang.MetaClassImpl.invokeMethod(MetaClassImpl.java:1215)
	at groovy.lang.MetaClassImpl.invokeMethod(MetaClassImpl.java:1024)
	at groovy.lang.MetaClassImpl.invokeMethod(MetaClassImpl.java:812)
	at groovy.lang.DelegatingMetaClass.invokeMethod(DelegatingMetaClass.java:144)
	at com.ct.qa.keywords.ChillerProductsDataKeywords.invokeMethod(ChillerProductsDataKeywords.groovy)
	at com.kms.katalon.core.main.CustomKeywordDelegatingMetaClass.invokeStaticMethod(CustomKeywordDelegatingMetaClass.java:46)
	at org.codehaus.groovy.runtime.callsite.StaticMetaClassSite.call(StaticMetaClassSite.java:53)
	at org.codehaus.groovy.runtime.callsite.CallSiteArray.defaultCall(CallSiteArray.java:48)
	at org.codehaus.groovy.runtime.callsite.AbstractCallSite.call(AbstractCallSite.java:113)
	at org.codehaus.groovy.runtime.callsite.AbstractCallSite.call(AbstractCallSite.java:125)
	at Script1527584701019.run(Script1527584701019.groovy:28)
	at com.kms.katalon.core.main.ScriptEngine.run(ScriptEngine.java:183)
	at com.kms.katalon.core.main.ScriptEngine.runScriptAsRawText(ScriptEngine.java:108)
	at com.kms.katalon.core.main.TestCaseExecutor.runScript(TestCaseExecutor.java:294)
	at com.kms.katalon.core.main.TestCaseExecutor.doExecute(TestCaseExecutor.java:285)
	at com.kms.katalon.core.main.TestCaseExecutor.processExecutionPhase(TestCaseExecutor.java:264)
	at com.kms.katalon.core.main.TestCaseExecutor.accessMainPhase(TestCaseExecutor.java:256)
	at com.kms.katalon.core.main.TestCaseExecutor.execute(TestCaseExecutor.java:200)
	at com.kms.katalon.core.main.TestCaseMain.runTestCase(TestCaseMain.java:99)
	at com.kms.katalon.core.keyword.builtin.CallTestCaseKeyword$_callTestCase_closure1.doCall(CallTestCaseKeyword.groovy:60)
	at com.kms.katalon.core.keyword.builtin.CallTestCaseKeyword$_callTestCase_closure1.call(CallTestCaseKeyword.groovy)
	at com.kms.katalon.core.keyword.internal.KeywordMain.runKeyword(KeywordMain.groovy:54)
	at com.kms.katalon.core.keyword.builtin.CallTestCaseKeyword.callTestCase(CallTestCaseKeyword.groovy:81)
	at com.kms.katalon.core.keyword.builtin.CallTestCaseKeyword.execute(CallTestCaseKeyword.groovy:45)
	at com.kms.katalon.core.keyword.internal.KeywordExecutor.executeKeywordForPlatform(KeywordExecutor.groovy:53)
	at com.kms.katalon.core.keyword.BuiltinKeywords.callTestCase(BuiltinKeywords.groovy:350)
	at sun.reflect.GeneratedMethodAccessor20.invoke(Unknown Source)
	at sun.reflect.DelegatingMethodAccessorImpl.invoke(DelegatingMethodAccessorImpl.java:43)
	at java.lang.reflect.Method.invoke(Method.java:498)
	at org.codehaus.groovy.reflection.CachedMethod.invoke(CachedMethod.java:93)
	at groovy.lang.MetaMethod.doMethodInvoke(MetaMethod.java:325)
	at groovy.lang.MetaClassImpl.invokeStaticMethod(MetaClassImpl.java:1469)
	at org.codehaus.groovy.runtime.callsite.StaticMetaClassSite.call(StaticMetaClassSite.java:53)
	at org.codehaus.groovy.runtime.callsite.CallSiteArray.defaultCall(CallSiteArray.java:48)
	at org.codehaus.groovy.runtime.callsite.AbstractCallSite.call(AbstractCallSite.java:113)
	at org.codehaus.groovy.runtime.callsite.AbstractCallSite.call(AbstractCallSite.java:133)
	at com.ct.qa.keywords.ChillerVisitingScenariosKeywords.visitChillersTaggedInChillerUtilizationWithDataVerification(ChillerVisitingScenariosKeywords.groovy:63)
	at sun.reflect.NativeMethodAccessorImpl.invoke0(Native Method)
	at sun.reflect.NativeMethodAccessorImpl.invoke(NativeMethodAccessorImpl.java:62)
	at sun.reflect.DelegatingMethodAccessorImpl.invoke(DelegatingMethodAccessorImpl.java:43)
	at java.lang.reflect.Method.invoke(Method.java:498)
	at org.codehaus.groovy.reflection.CachedMethod.invoke(CachedMethod.java:93)
	at groovy.lang.MetaMethod.doMethodInvoke(MetaMethod.java:325)
	at groovy.lang.MetaClassImpl.invokeMethod(MetaClassImpl.java:1215)
	at groovy.lang.MetaClassImpl.invokeMethod(MetaClassImpl.java:1024)
	at groovy.lang.MetaClassImpl.invokeMethod(MetaClassImpl.java:812)
	at groovy.lang.DelegatingMetaClass.invokeMethod(DelegatingMetaClass.java:144)
	at com.ct.qa.keywords.ChillerVisitingScenariosKeywords.invokeMethod(ChillerVisitingScenariosKeywords.groovy)
	at com.kms.katalon.core.main.CustomKeywordDelegatingMetaClass.invokeStaticMethod(CustomKeywordDelegatingMetaClass.java:46)
	at org.codehaus.groovy.runtime.callsite.StaticMetaClassSite.call(StaticMetaClassSite.java:53)
	at org.codehaus.groovy.runtime.callsite.CallSiteArray.defaultCall(CallSiteArray.java:48)
	at org.codehaus.groovy.runtime.callsite.AbstractCallSite.call(AbstractCallSite.java:113)
	at org.codehaus.groovy.runtime.callsite.AbstractCallSite.call(AbstractCallSite.java:117)
	at Script1532949461188.run(Script1532949461188.groovy:29)
	at com.kms.katalon.core.main.ScriptEngine.run(ScriptEngine.java:183)
	at com.kms.katalon.core.main.ScriptEngine.runScriptAsRawText(ScriptEngine.java:108)
	at com.kms.katalon.core.main.TestCaseExecutor.runScript(TestCaseExecutor.java:294)
	at com.kms.katalon.core.main.TestCaseExecutor.doExecute(TestCaseExecutor.java:285)
	at com.kms.katalon.core.main.TestCaseExecutor.processExecutionPhase(TestCaseExecutor.java:264)
	at com.kms.katalon.core.main.TestCaseExecutor.accessMainPhase(TestCaseExecutor.java:256)
	at com.kms.katalon.core.main.TestCaseExecutor.execute(TestCaseExecutor.java:200)
	at com.kms.katalon.core.main.TestCaseMain.runTestCase(TestCaseMain.java:99)
	at com.kms.katalon.core.keyword.builtin.CallTestCaseKeyword$_callTestCase_closure1.doCall(CallTestCaseKeyword.groovy:60)
	at com.kms.katalon.core.keyword.builtin.CallTestCaseKeyword$_callTestCase_closure1.call(CallTestCaseKeyword.groovy)
	at com.kms.katalon.core.keyword.internal.KeywordMain.runKeyword(KeywordMain.groovy:54)
	at com.kms.katalon.core.keyword.builtin.CallTestCaseKeyword.callTestCase(CallTestCaseKeyword.groovy:81)
	at com.kms.katalon.core.keyword.builtin.CallTestCaseKeyword.execute(CallTestCaseKeyword.groovy:45)
	at com.kms.katalon.core.keyword.internal.KeywordExecutor.executeKeywordForPlatform(KeywordExecutor.groovy:53)
	at com.kms.katalon.core.keyword.BuiltinKeywords.callTestCase(BuiltinKeywords.groovy:350)
	at sun.reflect.GeneratedMethodAccessor20.invoke(Unknown Source)
	at sun.reflect.DelegatingMethodAccessorImpl.invoke(DelegatingMethodAccessorImpl.java:43)
	at java.lang.reflect.Method.invoke(Method.java:498)
	at org.codehaus.groovy.reflection.CachedMethod.invoke(CachedMethod.java:93)
	at groovy.lang.MetaMethod.doMethodInvoke(MetaMethod.java:325)
	at groovy.lang.MetaClassImpl.invokeStaticMethod(MetaClassImpl.java:1469)
	at org.codehaus.groovy.runtime.callsite.StaticMetaClassSite.call(StaticMetaClassSite.java:53)
	at org.codehaus.groovy.runtime.callsite.CallSiteArray.defaultCall(CallSiteArray.java:48)
	at org.codehaus.groovy.runtime.callsite.AbstractCallSite.call(AbstractCallSite.java:113)
	at org.codehaus.groovy.runtime.callsite.AbstractCallSite.call(AbstractCallSite.java:133)
	at com.ct.qa.keywords.CategoryVisitingScenariosKeywords.visitShopCategoriesWithDataVerification(CategoryVisitingScenariosKeywords.groovy:93)
	at sun.reflect.NativeMethodAccessorImpl.invoke0(Native Method)
	at sun.reflect.NativeMethodAccessorImpl.invoke(NativeMethodAccessorImpl.java:62)
	at sun.reflect.DelegatingMethodAccessorImpl.invoke(DelegatingMethodAccessorImpl.java:43)
	at java.lang.reflect.Method.invoke(Method.java:498)
	at org.codehaus.groovy.reflection.CachedMethod.invoke(CachedMethod.java:93)
	at groovy.lang.MetaMethod.doMethodInvoke(MetaMethod.java:325)
	at groovy.lang.MetaClassImpl.invokeMethod(MetaClassImpl.java:1215)
	at groovy.lang.MetaClassImpl.invokeMethod(MetaClassImpl.java:1024)
	at groovy.lang.MetaClassImpl.invokeMethod(MetaClassImpl.java:812)
	at groovy.lang.DelegatingMetaClass.invokeMethod(DelegatingMetaClass.java:144)
	at com.ct.qa.keywords.CategoryVisitingScenariosKeywords.invokeMethod(CategoryVisitingScenariosKeywords.groovy)
	at com.kms.katalon.core.main.CustomKeywordDelegatingMetaClass.invokeStaticMethod(CustomKeywordDelegatingMetaClass.java:46)
	at org.codehaus.groovy.runtime.callsite.StaticMetaClassSite.call(StaticMetaClassSite.java:53)
	at org.codehaus.groovy.runtime.callsite.AbstractCallSite.call(AbstractCallSite.java:117)
	at Script1533013695676.run(Script1533013695676.groovy:28)
	at com.kms.katalon.core.main.ScriptEngine.run(ScriptEngine.java:183)
	at com.kms.katalon.core.main.ScriptEngine.runScriptAsRawText(ScriptEngine.java:108)
	at com.kms.katalon.core.main.TestCaseExecutor.runScript(TestCaseExecutor.java:294)
	at com.kms.katalon.core.main.TestCaseExecutor.doExecute(TestCaseExecutor.java:285)
	at com.kms.katalon.core.main.TestCaseExecutor.processExecutionPhase(TestCaseExecutor.java:264)
	at com.kms.katalon.core.main.TestCaseExecutor.accessMainPhase(TestCaseExecutor.java:256)
	at com.kms.katalon.core.main.TestCaseExecutor.execute(TestCaseExecutor.java:200)
	at com.kms.katalon.core.main.TestCaseMain.runTestCase(TestCaseMain.java:99)
	at com.kms.katalon.core.keyword.builtin.CallTestCaseKeyword$_callTestCase_closure1.doCall(CallTestCaseKeyword.groovy:60)
	at com.kms.katalon.core.keyword.builtin.CallTestCaseKeyword$_callTestCase_closure1.call(CallTestCaseKeyword.groovy)
	at com.kms.katalon.core.keyword.internal.KeywordMain.runKeyword(KeywordMain.groovy:54)
	at com.kms.katalon.core.keyword.builtin.CallTestCaseKeyword.callTestCase(CallTestCaseKeyword.groovy:81)
	at com.kms.katalon.core.keyword.builtin.CallTestCaseKeyword.execute(CallTestCaseKeyword.groovy:45)
	at com.kms.katalon.core.keyword.internal.KeywordExecutor.executeKeywordForPlatform(KeywordExecutor.groovy:53)
	at com.kms.katalon.core.keyword.BuiltinKeywords.callTestCase(BuiltinKeywords.groovy:350)
	at sun.reflect.NativeMethodAccessorImpl.invoke0(Native Method)
	at sun.reflect.NativeMethodAccessorImpl.invoke(NativeMethodAccessorImpl.java:62)
	at sun.reflect.DelegatingMethodAccessorImpl.invoke(DelegatingMethodAccessorImpl.java:43)
	at java.lang.reflect.Method.invoke(Method.java:498)
	at org.codehaus.groovy.reflection.CachedMethod.invoke(CachedMethod.java:93)
	at groovy.lang.MetaMethod.doMethodInvoke(MetaMethod.java:325)
	at groovy.lang.MetaClassImpl.invokeStaticMethod(MetaClassImpl.java:1469)
	at org.codehaus.groovy.runtime.callsite.StaticMetaClassSite.call(StaticMetaClassSite.java:53)
	at org.codehaus.groovy.runtime.callsite.AbstractCallSite.call(AbstractCallSite.java:133)
	at com.ct.qa.keywords.ShopVisitingScenariosKeywords.visitShopWith_DataVerification(ShopVisitingScenariosKeywords.groovy:336)
	at sun.reflect.NativeMethodAccessorImpl.invoke0(Native Method)
	at sun.reflect.NativeMethodAccessorImpl.invoke(NativeMethodAccessorImpl.java:62)
	at sun.reflect.DelegatingMethodAccessorImpl.invoke(DelegatingMethodAccessorImpl.java:43)
	at java.lang.reflect.Method.invoke(Method.java:498)
	at org.codehaus.groovy.reflection.CachedMethod.invoke(CachedMethod.java:93)
	at groovy.lang.MetaMethod.doMethodInvoke(MetaMethod.java:325)
	at groovy.lang.MetaClassImpl.invokeMethod(MetaClassImpl.java:1215)
	at groovy.lang.MetaClassImpl.invokeMethod(MetaClassImpl.java:1024)
	at groovy.lang.MetaClassImpl.invokeMethod(MetaClassImpl.java:812)
	at groovy.lang.DelegatingMetaClass.invokeMethod(DelegatingMetaClass.java:144)
	at com.ct.qa.keywords.ShopVisitingScenariosKeywords.invokeMethod(ShopVisitingScenariosKeywords.groovy)
	at com.kms.katalon.core.main.CustomKeywordDelegatingMetaClass.invokeStaticMethod(CustomKeywordDelegatingMetaClass.java:46)
	at org.codehaus.groovy.runtime.callsite.StaticMetaClassSite.call(StaticMetaClassSite.java:53)
	at org.codehaus.groovy.runtime.callsite.CallSiteArray.defaultCall(CallSiteArray.java:48)
	at org.codehaus.groovy.runtime.callsite.AbstractCallSite.call(AbstractCallSite.java:113)
	at org.codehaus.groovy.runtime.callsite.AbstractCallSite.call(AbstractCallSite.java:117)
	at Script1539252870661.run(Script1539252870661.groovy:36)
	at com.kms.katalon.core.main.ScriptEngine.run(ScriptEngine.java:183)
	at com.kms.katalon.core.main.ScriptEngine.runScriptAsRawText(ScriptEngine.java:108)
	at com.kms.katalon.core.main.TestCaseExecutor.runScript(TestCaseExecutor.java:294)
	at com.kms.katalon.core.main.TestCaseExecutor.doExecute(TestCaseExecutor.java:285)
	at com.kms.katalon.core.main.TestCaseExecutor.processExecutionPhase(TestCaseExecutor.java:264)
	at com.kms.katalon.core.main.TestCaseExecutor.accessMainPhase(TestCaseExecutor.java:256)
	at com.kms.katalon.core.main.TestCaseExecutor.execute(TestCaseExecutor.java:200)
	at com.kms.katalon.core.main.TestSuiteExecutor.accessTestCaseMainPhase(TestSuiteExecutor.java:129)
	at com.kms.katalon.core.main.TestSuiteExecutor.accessTestSuiteMainPhase(TestSuiteExecutor.java:112)
	at com.kms.katalon.core.main.TestSuiteExecutor.execute(TestSuiteExecutor.java:81)
	at com.kms.katalon.core.main.TestCaseMain.startTestSuite(TestCaseMain.java:142)
	at com.kms.katalon.core.main.TestCaseMain$startTestSuite$0.call(Unknown Source)
	at org.codehaus.groovy.runtime.callsite.CallSiteArray.defaultCall(CallSiteArray.java:48)
	at org.codehaus.groovy.runtime.callsite.AbstractCallSite.call(AbstractCallSite.java:113)
	at org.codehaus.groovy.runtime.callsite.AbstractCallSite.call(AbstractCallSite.java:141)
	at TempTestSuite1542373218680.run(TempTestSuite1542373218680.groovy:36)
	at groovy.lang.GroovyShell.runScriptOrMainOrTestOrRunnable(GroovyShell.java:263)
	at groovy.lang.GroovyShell.run(GroovyShell.java:518)
	at groovy.lang.GroovyShell.run(GroovyShell.java:507)
	at groovy.ui.GroovyMain.processOnce(GroovyMain.java:653)
	at groovy.ui.GroovyMain.run(GroovyMain.java:384)
	at groovy.ui.GroovyMain.process(GroovyMain.java:370)
	at groovy.ui.GroovyMain.processArgs(GroovyMain.java:129)
	at groovy.ui.GroovyMain.main(GroovyMain.java:109)
	at sun.reflect.NativeMethodAccessorImpl.invoke0(Native Method)
	at sun.reflect.NativeMethodAccessorImpl.invoke(NativeMethodAccessorImpl.java:62)
	at sun.reflect.DelegatingMethodAccessorImpl.invoke(DelegatingMethodAccessorImpl.java:43)
	at java.lang.reflect.Method.invoke(Method.java:498)
	at org.codehaus.groovy.tools.GroovyStarter.rootLoader(GroovyStarter.java:109)
	at org.codehaus.groovy.tools.GroovyStarter.main(GroovyStarter.java:131)
)

2018-11-16 18:13:30 - [TEST_STEP][PASSED] - verifyElementText: Actual text and expected text of test object 'Object Repository/ShopOpen/ChillerUtilization/Validate_ChillerUtilizationScreen' are matched.

2018-11-16 18:13:31 - [MESSAGE][PASSED] - Actual text and expected text of test object 'Object Repository/ShopOpen/ChillerUtilization/Validate_ChillerUtilizationScreen' are matched.

2018-11-16 18:13:31 - [TEST_STEP][FAILED] - com.ct.qa.keywords.ChillerVisitingScenariosKeywords.visitChillersTaggedInChillerUtilizationWithDataVerification: Cannot hide keyboard (Root cause: org.openqa.selenium.WebDriverException: An unknown server-side error occurred while processing the command. Original error: Soft keyboard not present, cannot hide keyboard (WARNING: The server did not provide any stacktrace information)
Command duration or timeout: 0 milliseconds
Build info: version: '3.7.1', revision: '8a0099a', time: '2017-11-06T21:07:36.161Z'
System info: host: 'DESKTOP-L12UUAD', ip: '192.168.3.221', os.name: 'Windows 10', os.arch: 'amd64', os.version: '10.0', java.version: '1.8.0_102'
Driver info: com.kms.katalon.core.appium.driver.SwipeableAndroidDriver
Capabilities {app: F:\QA_Automation\Builds\non..., appActivity: com.audit.main.ui.SplashScreen, appPackage: com.concavetech.bloc, appWaitActivity: com.audit.main.ui.SplashScreen, appWaitPackage: com.concavetech.bloc, autoGrantPermissions: true, databaseEnabled: false, desired: {app: F:\QA_Automation\Builds\non..., autoGrantPermissions: true, deviceId: , deviceName: samsung SM-J110H (Android 4..., fullReset: false, newCommandTimeout: 1800, noReset: true, platform: ANDROID, platformName: Android, udid: 11015a1136d0b24a}, deviceId: , deviceManufacturer: samsung, deviceModel: SM-J110H, deviceName: 11015a1136d0b24a, deviceScreenSize: 480x800, deviceUDID: 11015a1136d0b24a, fullReset: false, javascriptEnabled: true, locationContextEnabled: false, networkConnectionEnabled: true, newCommandTimeout: 1800, noReset: true, platform: ANDROID, platformName: ANDROID, platformVersion: 4.4.4, takesScreenshot: true, udid: 11015a1136d0b24a, warnings: {}, webStorageEnabled: false}
Session ID: ba9f2dd4-22cf-4a6f-aeb7-f71967160ad1)

2018-11-16 18:13:33 - [MESSAGE][WARNING] - Timeout '0' is invalid. Using default page load timeout: '7'

2018-11-16 18:13:34 - [MESSAGE][PASSED] - Element 'Object Repository/CommonScreenElements/Validate_CameraScreen' is exist

2018-11-16 18:13:34 - [MESSAGE][WARNING] - Timeout '0' is invalid. Using default page load timeout: '7'

2018-11-16 18:13:38 - [MESSAGE][PASSED] - Tapped on element 'Object Repository/CommonScreenElements/TakePictureButton'

2018-11-16 18:13:43 - [MESSAGE][PASSED] - Delayed 5 second(s)

2018-11-16 18:13:43 - [MESSAGE][WARNING] - Timeout '0' is invalid. Using default page load timeout: '7'

2018-11-16 18:13:43 - [MESSAGE][PASSED] - Tapped on element 'Object Repository/CommonScreenElements/DoneButton'

2018-11-16 18:13:46 - [TEST_CASE][FAILED] - Test Cases/ShopOpen/ChillerUtilization/ChillerNotAvailable/VisitChillerNotAvailable: Test Cases/ShopOpen/ChillerUtilization/ChillerNotAvailable/VisitChillerNotAvailable FAILED because (of) (Stack trace: com.kms.katalon.core.exception.StepFailedException: Cannot hide keyboard (Root cause: org.openqa.selenium.WebDriverException: An unknown server-side error occurred while processing the command. Original error: Soft keyboard not present, cannot hide keyboard (WARNING: The server did not provide any stacktrace information)
Command duration or timeout: 0 milliseconds
Build info: version: '3.7.1', revision: '8a0099a', time: '2017-11-06T21:07:36.161Z'
System info: host: 'DESKTOP-L12UUAD', ip: '192.168.3.221', os.name: 'Windows 10', os.arch: 'amd64', os.version: '10.0', java.version: '1.8.0_102'
Driver info: com.kms.katalon.core.appium.driver.SwipeableAndroidDriver
Capabilities {app: F:\QA_Automation\Builds\non..., appActivity: com.audit.main.ui.SplashScreen, appPackage: com.concavetech.bloc, appWaitActivity: com.audit.main.ui.SplashScreen, appWaitPackage: com.concavetech.bloc, autoGrantPermissions: true, databaseEnabled: false, desired: {app: F:\QA_Automation\Builds\non..., autoGrantPermissions: true, deviceId: , deviceName: samsung SM-J110H (Android 4..., fullReset: false, newCommandTimeout: 1800, noReset: true, platform: ANDROID, platformName: Android, udid: 11015a1136d0b24a}, deviceId: , deviceManufacturer: samsung, deviceModel: SM-J110H, deviceName: 11015a1136d0b24a, deviceScreenSize: 480x800, deviceUDID: 11015a1136d0b24a, fullReset: false, javascriptEnabled: true, locationContextEnabled: false, networkConnectionEnabled: true, newCommandTimeout: 1800, noReset: true, platform: ANDROID, platformName: ANDROID, platformVersion: 4.4.4, takesScreenshot: true, udid: 11015a1136d0b24a, warnings: {}, webStorageEnabled: false}
Session ID: ba9f2dd4-22cf-4a6f-aeb7-f71967160ad1)
	at com.kms.katalon.core.keyword.internal.KeywordMain.stepFailed(KeywordMain.groovy:36)
	at com.kms.katalon.core.mobile.keyword.internal.MobileKeywordMain.stepFailed(MobileKeywordMain.groovy:40)
	at com.kms.katalon.core.mobile.keyword.internal.MobileKeywordMain.runKeyword(MobileKeywordMain.groovy:23)
	at com.kms.katalon.core.mobile.keyword.internal.MobileKeywordMain$runKeyword.call(Unknown Source)
	at com.kms.katalon.core.mobile.keyword.builtin.HideKeyboardKeyword.hideKeyboard(HideKeyboardKeyword.groovy:66)
	at com.kms.katalon.core.mobile.keyword.builtin.HideKeyboardKeyword.execute(HideKeyboardKeyword.groovy:62)
	at com.kms.katalon.core.keyword.internal.KeywordExecutor.executeKeywordForPlatform(KeywordExecutor.groovy:53)
	at com.kms.katalon.core.mobile.keyword.MobileBuiltInKeywords.hideKeyboard(MobileBuiltInKeywords.groovy:1269)
	at com.kms.katalon.core.mobile.keyword.MobileBuiltInKeywords$hideKeyboard$5.call(Unknown Source)
	at com.ct.qa.keywords.ChillerProductsDataKeywords.VisitChillerNotAvailableProductsData(ChillerProductsDataKeywords.groovy:704)
	at sun.reflect.NativeMethodAccessorImpl.invoke0(Native Method)
	at sun.reflect.NativeMethodAccessorImpl.invoke(NativeMethodAccessorImpl.java:62)
	at sun.reflect.DelegatingMethodAccessorImpl.invoke(DelegatingMethodAccessorImpl.java:43)
	at java.lang.reflect.Method.invoke(Method.java:498)
	at org.codehaus.groovy.reflection.CachedMethod.invoke(CachedMethod.java:93)
	at groovy.lang.MetaMethod.doMethodInvoke(MetaMethod.java:325)
	at groovy.lang.MetaClassImpl.invokeMethod(MetaClassImpl.java:1215)
	at groovy.lang.MetaClassImpl.invokeMethod(MetaClassImpl.java:1024)
	at groovy.lang.MetaClassImpl.invokeMethod(MetaClassImpl.java:812)
	at groovy.lang.DelegatingMetaClass.invokeMethod(DelegatingMetaClass.java:144)
	at com.ct.qa.keywords.ChillerProductsDataKeywords.invokeMethod(ChillerProductsDataKeywords.groovy)
	at com.kms.katalon.core.main.CustomKeywordDelegatingMetaClass.invokeStaticMethod(CustomKeywordDelegatingMetaClass.java:46)
	at org.codehaus.groovy.runtime.callsite.StaticMetaClassSite.call(StaticMetaClassSite.java:53)
	at org.codehaus.groovy.runtime.callsite.AbstractCallSite.call(AbstractCallSite.java:133)
	at Script1531389034206.run(Script1531389034206.groovy:53)
	at com.kms.katalon.core.main.ScriptEngine.run(ScriptEngine.java:183)
	at com.kms.katalon.core.main.ScriptEngine.runScriptAsRawText(ScriptEngine.java:108)
	at com.kms.katalon.core.main.TestCaseExecutor.runScript(TestCaseExecutor.java:294)
	at com.kms.katalon.core.main.TestCaseExecutor.doExecute(TestCaseExecutor.java:285)
	at com.kms.katalon.core.main.TestCaseExecutor.processExecutionPhase(TestCaseExecutor.java:264)
	at com.kms.katalon.core.main.TestCaseExecutor.accessMainPhase(TestCaseExecutor.java:256)
	at com.kms.katalon.core.main.TestCaseExecutor.execute(TestCaseExecutor.java:200)
	at com.kms.katalon.core.main.TestCaseMain.runTestCase(TestCaseMain.java:99)
	at com.kms.katalon.core.keyword.builtin.CallTestCaseKeyword$_callTestCase_closure1.doCall(CallTestCaseKeyword.groovy:60)
	at com.kms.katalon.core.keyword.builtin.CallTestCaseKeyword$_callTestCase_closure1.call(CallTestCaseKeyword.groovy)
	at com.kms.katalon.core.keyword.internal.KeywordMain.runKeyword(KeywordMain.groovy:54)
	at com.kms.katalon.core.keyword.builtin.CallTestCaseKeyword.callTestCase(CallTestCaseKeyword.groovy:81)
	at com.kms.katalon.core.keyword.builtin.CallTestCaseKeyword.execute(CallTestCaseKeyword.groovy:45)
	at com.kms.katalon.core.keyword.internal.KeywordExecutor.executeKeywordForPlatform(KeywordExecutor.groovy:53)
	at com.kms.katalon.core.keyword.BuiltinKeywords.callTestCase(BuiltinKeywords.groovy:350)
	at sun.reflect.GeneratedMethodAccessor20.invoke(Unknown Source)
	at sun.reflect.DelegatingMethodAccessorImpl.invoke(DelegatingMethodAccessorImpl.java:43)
	at java.lang.reflect.Method.invoke(Method.java:498)
	at org.codehaus.groovy.reflection.CachedMethod.invoke(CachedMethod.java:93)
	at groovy.lang.MetaMethod.doMethodInvoke(MetaMethod.java:325)
	at groovy.lang.MetaClassImpl.invokeStaticMethod(MetaClassImpl.java:1469)
	at org.codehaus.groovy.runtime.callsite.StaticMetaClassSite.call(StaticMetaClassSite.java:53)
	at org.codehaus.groovy.runtime.callsite.AbstractCallSite.call(AbstractCallSite.java:133)
	at com.ct.qa.keywords.ChillerProductsDataKeywords.visitChillerNotAvailableProductCategories(ChillerProductsDataKeywords.groovy:199)
	at sun.reflect.NativeMethodAccessorImpl.invoke0(Native Method)
	at sun.reflect.NativeMethodAccessorImpl.invoke(NativeMethodAccessorImpl.java:62)
	at sun.reflect.DelegatingMethodAccessorImpl.invoke(DelegatingMethodAccessorImpl.java:43)
	at java.lang.reflect.Method.invoke(Method.java:498)
	at org.codehaus.groovy.reflection.CachedMethod.invoke(CachedMethod.java:93)
	at groovy.lang.MetaMethod.doMethodInvoke(MetaMethod.java:325)
	at groovy.lang.MetaClassImpl.invokeMethod(MetaClassImpl.java:1215)
	at groovy.lang.MetaClassImpl.invokeMethod(MetaClassImpl.java:1024)
	at groovy.lang.MetaClassImpl.invokeMethod(MetaClassImpl.java:812)
	at groovy.lang.DelegatingMetaClass.invokeMethod(DelegatingMetaClass.java:144)
	at com.ct.qa.keywords.ChillerProductsDataKeywords.invokeMethod(ChillerProductsDataKeywords.groovy)
	at com.kms.katalon.core.main.CustomKeywordDelegatingMetaClass.invokeStaticMethod(CustomKeywordDelegatingMetaClass.java:46)
	at org.codehaus.groovy.runtime.callsite.StaticMetaClassSite.call(StaticMetaClassSite.java:53)
	at org.codehaus.groovy.runtime.callsite.CallSiteArray.defaultCall(CallSiteArray.java:48)
	at org.codehaus.groovy.runtime.callsite.AbstractCallSite.call(AbstractCallSite.java:113)
	at org.codehaus.groovy.runtime.callsite.AbstractCallSite.call(AbstractCallSite.java:125)
	at Script1527584701019.run(Script1527584701019.groovy:28)
	at com.kms.katalon.core.main.ScriptEngine.run(ScriptEngine.java:183)
	at com.kms.katalon.core.main.ScriptEngine.runScriptAsRawText(ScriptEngine.java:108)
	at com.kms.katalon.core.main.TestCaseExecutor.runScript(TestCaseExecutor.java:294)
	at com.kms.katalon.core.main.TestCaseExecutor.doExecute(TestCaseExecutor.java:285)
	at com.kms.katalon.core.main.TestCaseExecutor.processExecutionPhase(TestCaseExecutor.java:264)
	at com.kms.katalon.core.main.TestCaseExecutor.accessMainPhase(TestCaseExecutor.java:256)
	at com.kms.katalon.core.main.TestCaseExecutor.execute(TestCaseExecutor.java:200)
	at com.kms.katalon.core.main.TestCaseMain.runTestCase(TestCaseMain.java:99)
	at com.kms.katalon.core.keyword.builtin.CallTestCaseKeyword$_callTestCase_closure1.doCall(CallTestCaseKeyword.groovy:60)
	at com.kms.katalon.core.keyword.builtin.CallTestCaseKeyword$_callTestCase_closure1.call(CallTestCaseKeyword.groovy)
	at com.kms.katalon.core.keyword.internal.KeywordMain.runKeyword(KeywordMain.groovy:54)
	at com.kms.katalon.core.keyword.builtin.CallTestCaseKeyword.callTestCase(CallTestCaseKeyword.groovy:81)
	at com.kms.katalon.core.keyword.builtin.CallTestCaseKeyword.execute(CallTestCaseKeyword.groovy:45)
	at com.kms.katalon.core.keyword.internal.KeywordExecutor.executeKeywordForPlatform(KeywordExecutor.groovy:53)
	at com.kms.katalon.core.keyword.BuiltinKeywords.callTestCase(BuiltinKeywords.groovy:350)
	at sun.reflect.GeneratedMethodAccessor20.invoke(Unknown Source)
	at sun.reflect.DelegatingMethodAccessorImpl.invoke(DelegatingMethodAccessorImpl.java:43)
	at java.lang.reflect.Method.invoke(Method.java:498)
	at org.codehaus.groovy.reflection.CachedMethod.invoke(CachedMethod.java:93)
	at groovy.lang.MetaMethod.doMethodInvoke(MetaMethod.java:325)
	at groovy.lang.MetaClassImpl.invokeStaticMethod(MetaClassImpl.java:1469)
	at org.codehaus.groovy.runtime.callsite.StaticMetaClassSite.call(StaticMetaClassSite.java:53)
	at org.codehaus.groovy.runtime.callsite.CallSiteArray.defaultCall(CallSiteArray.java:48)
	at org.codehaus.groovy.runtime.callsite.AbstractCallSite.call(AbstractCallSite.java:113)
	at org.codehaus.groovy.runtime.callsite.AbstractCallSite.call(AbstractCallSite.java:133)
	at com.ct.qa.keywords.ChillerVisitingScenariosKeywords.visitChillersTaggedInChillerUtilizationWithDataVerification(ChillerVisitingScenariosKeywords.groovy:63)
	at sun.reflect.NativeMethodAccessorImpl.invoke0(Native Method)
	at sun.reflect.NativeMethodAccessorImpl.invoke(NativeMethodAccessorImpl.java:62)
	at sun.reflect.DelegatingMethodAccessorImpl.invoke(DelegatingMethodAccessorImpl.java:43)
	at java.lang.reflect.Method.invoke(Method.java:498)
	at org.codehaus.groovy.reflection.CachedMethod.invoke(CachedMethod.java:93)
	at groovy.lang.MetaMethod.doMethodInvoke(MetaMethod.java:325)
	at groovy.lang.MetaClassImpl.invokeMethod(MetaClassImpl.java:1215)
	at groovy.lang.MetaClassImpl.invokeMethod(MetaClassImpl.java:1024)
	at groovy.lang.MetaClassImpl.invokeMethod(MetaClassImpl.java:812)
	at groovy.lang.DelegatingMetaClass.invokeMethod(DelegatingMetaClass.java:144)
	at com.ct.qa.keywords.ChillerVisitingScenariosKeywords.invokeMethod(ChillerVisitingScenariosKeywords.groovy)
	at com.kms.katalon.core.main.CustomKeywordDelegatingMetaClass.invokeStaticMethod(CustomKeywordDelegatingMetaClass.java:46)
	at org.codehaus.groovy.runtime.callsite.StaticMetaClassSite.call(StaticMetaClassSite.java:53)
	at org.codehaus.groovy.runtime.callsite.CallSiteArray.defaultCall(CallSiteArray.java:48)
	at org.codehaus.groovy.runtime.callsite.AbstractCallSite.call(AbstractCallSite.java:113)
	at org.codehaus.groovy.runtime.callsite.AbstractCallSite.call(AbstractCallSite.java:117)
	at Script1532949461188.run(Script1532949461188.groovy:29)
	at com.kms.katalon.core.main.ScriptEngine.run(ScriptEngine.java:183)
	at com.kms.katalon.core.main.ScriptEngine.runScriptAsRawText(ScriptEngine.java:108)
	at com.kms.katalon.core.main.TestCaseExecutor.runScript(TestCaseExecutor.java:294)
	at com.kms.katalon.core.main.TestCaseExecutor.doExecute(TestCaseExecutor.java:285)
	at com.kms.katalon.core.main.TestCaseExecutor.processExecutionPhase(TestCaseExecutor.java:264)
	at com.kms.katalon.core.main.TestCaseExecutor.accessMainPhase(TestCaseExecutor.java:256)
	at com.kms.katalon.core.main.TestCaseExecutor.execute(TestCaseExecutor.java:200)
	at com.kms.katalon.core.main.TestCaseMain.runTestCase(TestCaseMain.java:99)
	at com.kms.katalon.core.keyword.builtin.CallTestCaseKeyword$_callTestCase_closure1.doCall(CallTestCaseKeyword.groovy:60)
	at com.kms.katalon.core.keyword.builtin.CallTestCaseKeyword$_callTestCase_closure1.call(CallTestCaseKeyword.groovy)
	at com.kms.katalon.core.keyword.internal.KeywordMain.runKeyword(KeywordMain.groovy:54)
	at com.kms.katalon.core.keyword.builtin.CallTestCaseKeyword.callTestCase(CallTestCaseKeyword.groovy:81)
	at com.kms.katalon.core.keyword.builtin.CallTestCaseKeyword.execute(CallTestCaseKeyword.groovy:45)
	at com.kms.katalon.core.keyword.internal.KeywordExecutor.executeKeywordForPlatform(KeywordExecutor.groovy:53)
	at com.kms.katalon.core.keyword.BuiltinKeywords.callTestCase(BuiltinKeywords.groovy:350)
	at sun.reflect.GeneratedMethodAccessor20.invoke(Unknown Source)
	at sun.reflect.DelegatingMethodAccessorImpl.invoke(DelegatingMethodAccessorImpl.java:43)
	at java.lang.reflect.Method.invoke(Method.java:498)
	at org.codehaus.groovy.reflection.CachedMethod.invoke(CachedMethod.java:93)
	at groovy.lang.MetaMethod.doMethodInvoke(MetaMethod.java:325)
	at groovy.lang.MetaClassImpl.invokeStaticMethod(MetaClassImpl.java:1469)
	at org.codehaus.groovy.runtime.callsite.StaticMetaClassSite.call(StaticMetaClassSite.java:53)
	at org.codehaus.groovy.runtime.callsite.CallSiteArray.defaultCall(CallSiteArray.java:48)
	at org.codehaus.groovy.runtime.callsite.AbstractCallSite.call(AbstractCallSite.java:113)
	at org.codehaus.groovy.runtime.callsite.AbstractCallSite.call(AbstractCallSite.java:133)
	at com.ct.qa.keywords.CategoryVisitingScenariosKeywords.visitShopCategoriesWithDataVerification(CategoryVisitingScenariosKeywords.groovy:93)
	at sun.reflect.NativeMethodAccessorImpl.invoke0(Native Method)
	at sun.reflect.NativeMethodAccessorImpl.invoke(NativeMethodAccessorImpl.java:62)
	at sun.reflect.DelegatingMethodAccessorImpl.invoke(DelegatingMethodAccessorImpl.java:43)
	at java.lang.reflect.Method.invoke(Method.java:498)
	at org.codehaus.groovy.reflection.CachedMethod.invoke(CachedMethod.java:93)
	at groovy.lang.MetaMethod.doMethodInvoke(MetaMethod.java:325)
	at groovy.lang.MetaClassImpl.invokeMethod(MetaClassImpl.java:1215)
	at groovy.lang.MetaClassImpl.invokeMethod(MetaClassImpl.java:1024)
	at groovy.lang.MetaClassImpl.invokeMethod(MetaClassImpl.java:812)
	at groovy.lang.DelegatingMetaClass.invokeMethod(DelegatingMetaClass.java:144)
	at com.ct.qa.keywords.CategoryVisitingScenariosKeywords.invokeMethod(CategoryVisitingScenariosKeywords.groovy)
	at com.kms.katalon.core.main.CustomKeywordDelegatingMetaClass.invokeStaticMethod(CustomKeywordDelegatingMetaClass.java:46)
	at org.codehaus.groovy.runtime.callsite.StaticMetaClassSite.call(StaticMetaClassSite.java:53)
	at org.codehaus.groovy.runtime.callsite.AbstractCallSite.call(AbstractCallSite.java:117)
	at Script1533013695676.run(Script1533013695676.groovy:28)
	at com.kms.katalon.core.main.ScriptEngine.run(ScriptEngine.java:183)
	at com.kms.katalon.core.main.ScriptEngine.runScriptAsRawText(ScriptEngine.java:108)
	at com.kms.katalon.core.main.TestCaseExecutor.runScript(TestCaseExecutor.java:294)
	at com.kms.katalon.core.main.TestCaseExecutor.doExecute(TestCaseExecutor.java:285)
	at com.kms.katalon.core.main.TestCaseExecutor.processExecutionPhase(TestCaseExecutor.java:264)
	at com.kms.katalon.core.main.TestCaseExecutor.accessMainPhase(TestCaseExecutor.java:256)
	at com.kms.katalon.core.main.TestCaseExecutor.execute(TestCaseExecutor.java:200)
	at com.kms.katalon.core.main.TestCaseMain.runTestCase(TestCaseMain.java:99)
	at com.kms.katalon.core.keyword.builtin.CallTestCaseKeyword$_callTestCase_closure1.doCall(CallTestCaseKeyword.groovy:60)
	at com.kms.katalon.core.keyword.builtin.CallTestCaseKeyword$_callTestCase_closure1.call(CallTestCaseKeyword.groovy)
	at com.kms.katalon.core.keyword.internal.KeywordMain.runKeyword(KeywordMain.groovy:54)
	at com.kms.katalon.core.keyword.builtin.CallTestCaseKeyword.callTestCase(CallTestCaseKeyword.groovy:81)
	at com.kms.katalon.core.keyword.builtin.CallTestCaseKeyword.execute(CallTestCaseKeyword.groovy:45)
	at com.kms.katalon.core.keyword.internal.KeywordExecutor.executeKeywordForPlatform(KeywordExecutor.groovy:53)
	at com.kms.katalon.core.keyword.BuiltinKeywords.callTestCase(BuiltinKeywords.groovy:350)
	at sun.reflect.NativeMethodAccessorImpl.invoke0(Native Method)
	at sun.reflect.NativeMethodAccessorImpl.invoke(NativeMethodAccessorImpl.java:62)
	at sun.reflect.DelegatingMethodAccessorImpl.invoke(DelegatingMethodAccessorImpl.java:43)
	at java.lang.reflect.Method.invoke(Method.java:498)
	at org.codehaus.groovy.reflection.CachedMethod.invoke(CachedMethod.java:93)
	at groovy.lang.MetaMethod.doMethodInvoke(MetaMethod.java:325)
	at groovy.lang.MetaClassImpl.invokeStaticMethod(MetaClassImpl.java:1469)
	at org.codehaus.groovy.runtime.callsite.StaticMetaClassSite.call(StaticMetaClassSite.java:53)
	at org.codehaus.groovy.runtime.callsite.AbstractCallSite.call(AbstractCallSite.java:133)
	at com.ct.qa.keywords.ShopVisitingScenariosKeywords.visitShopWith_DataVerification(ShopVisitingScenariosKeywords.groovy:336)
	at sun.reflect.NativeMethodAccessorImpl.invoke0(Native Method)
	at sun.reflect.NativeMethodAccessorImpl.invoke(NativeMethodAccessorImpl.java:62)
	at sun.reflect.DelegatingMethodAccessorImpl.invoke(DelegatingMethodAccessorImpl.java:43)
	at java.lang.reflect.Method.invoke(Method.java:498)
	at org.codehaus.groovy.reflection.CachedMethod.invoke(CachedMethod.java:93)
	at groovy.lang.MetaMethod.doMethodInvoke(MetaMethod.java:325)
	at groovy.lang.MetaClassImpl.invokeMethod(MetaClassImpl.java:1215)
	at groovy.lang.MetaClassImpl.invokeMethod(MetaClassImpl.java:1024)
	at groovy.lang.MetaClassImpl.invokeMethod(MetaClassImpl.java:812)
	at groovy.lang.DelegatingMetaClass.invokeMethod(DelegatingMetaClass.java:144)
	at com.ct.qa.keywords.ShopVisitingScenariosKeywords.invokeMethod(ShopVisitingScenariosKeywords.groovy)
	at com.kms.katalon.core.main.CustomKeywordDelegatingMetaClass.invokeStaticMethod(CustomKeywordDelegatingMetaClass.java:46)
	at org.codehaus.groovy.runtime.callsite.StaticMetaClassSite.call(StaticMetaClassSite.java:53)
	at org.codehaus.groovy.runtime.callsite.CallSiteArray.defaultCall(CallSiteArray.java:48)
	at org.codehaus.groovy.runtime.callsite.AbstractCallSite.call(AbstractCallSite.java:113)
	at org.codehaus.groovy.runtime.callsite.AbstractCallSite.call(AbstractCallSite.java:117)
	at Script1539252870661.run(Script1539252870661.groovy:36)
	at com.kms.katalon.core.main.ScriptEngine.run(ScriptEngine.java:183)
	at com.kms.katalon.core.main.ScriptEngine.runScriptAsRawText(ScriptEngine.java:108)
	at com.kms.katalon.core.main.TestCaseExecutor.runScript(TestCaseExecutor.java:294)
	at com.kms.katalon.core.main.TestCaseExecutor.doExecute(TestCaseExecutor.java:285)
	at com.kms.katalon.core.main.TestCaseExecutor.processExecutionPhase(TestCaseExecutor.java:264)
	at com.kms.katalon.core.main.TestCaseExecutor.accessMainPhase(TestCaseExecutor.java:256)
	at com.kms.katalon.core.main.TestCaseExecutor.execute(TestCaseExecutor.java:200)
	at com.kms.katalon.core.main.TestSuiteExecutor.accessTestCaseMainPhase(TestSuiteExecutor.java:129)
	at com.kms.katalon.core.main.TestSuiteExecutor.accessTestSuiteMainPhase(TestSuiteExecutor.java:112)
	at com.kms.katalon.core.main.TestSuiteExecutor.execute(TestSuiteExecutor.java:81)
	at com.kms.katalon.core.main.TestCaseMain.startTestSuite(TestCaseMain.java:142)
	at com.kms.katalon.core.main.TestCaseMain$startTestSuite$0.call(Unknown Source)
	at org.codehaus.groovy.runtime.callsite.CallSiteArray.defaultCall(CallSiteArray.java:48)
	at org.codehaus.groovy.runtime.callsite.AbstractCallSite.call(AbstractCallSite.java:113)
	at org.codehaus.groovy.runtime.callsite.AbstractCallSite.call(AbstractCallSite.java:141)
	at TempTestSuite1542373218680.run(TempTestSuite1542373218680.groovy:36)
	at groovy.lang.GroovyShell.runScriptOrMainOrTestOrRunnable(GroovyShell.java:263)
	at groovy.lang.GroovyShell.run(GroovyShell.java:518)
	at groovy.lang.GroovyShell.run(GroovyShell.java:507)
	at groovy.ui.GroovyMain.processOnce(GroovyMain.java:653)
	at groovy.ui.GroovyMain.run(GroovyMain.java:384)
	at groovy.ui.GroovyMain.process(GroovyMain.java:370)
	at groovy.ui.GroovyMain.processArgs(GroovyMain.java:129)
	at groovy.ui.GroovyMain.main(GroovyMain.java:109)
	at sun.reflect.NativeMethodAccessorImpl.invoke0(Native Method)
	at sun.reflect.NativeMethodAccessorImpl.invoke(NativeMethodAccessorImpl.java:62)
	at sun.reflect.DelegatingMethodAccessorImpl.invoke(DelegatingMethodAccessorImpl.java:43)
	at java.lang.reflect.Method.invoke(Method.java:498)
	at org.codehaus.groovy.tools.GroovyStarter.rootLoader(GroovyStarter.java:109)
	at org.codehaus.groovy.tools.GroovyStarter.main(GroovyStarter.java:131)
)

2018-11-16 18:13:47 - [TEST_STEP][PASSED] - verifyElementText: Actual text and expected text of test object 'Object Repository/ShopOpen/ChillerUtilization/ChillerNotAvailable/Validate_ChillerNotAvailableScreen' are matched.

2018-11-16 18:13:49 - [MESSAGE][PASSED] - Actual text and expected text of test object 'Object Repository/ShopOpen/ChillerUtilization/ChillerNotAvailable/Validate_ChillerNotAvailableScreen' are matched.

2018-11-16 18:13:49 - [TEST_STEP][FAILED] - com.ct.qa.keywords.ChillerProductsDataKeywords.visitChillerNotAvailableProductCategories: Cannot hide keyboard (Root cause: org.openqa.selenium.WebDriverException: An unknown server-side error occurred while processing the command. Original error: Soft keyboard not present, cannot hide keyboard (WARNING: The server did not provide any stacktrace information)
Command duration or timeout: 0 milliseconds
Build info: version: '3.7.1', revision: '8a0099a', time: '2017-11-06T21:07:36.161Z'
System info: host: 'DESKTOP-L12UUAD', ip: '192.168.3.221', os.name: 'Windows 10', os.arch: 'amd64', os.version: '10.0', java.version: '1.8.0_102'
Driver info: com.kms.katalon.core.appium.driver.SwipeableAndroidDriver
Capabilities {app: F:\QA_Automation\Builds\non..., appActivity: com.audit.main.ui.SplashScreen, appPackage: com.concavetech.bloc, appWaitActivity: com.audit.main.ui.SplashScreen, appWaitPackage: com.concavetech.bloc, autoGrantPermissions: true, databaseEnabled: false, desired: {app: F:\QA_Automation\Builds\non..., autoGrantPermissions: true, deviceId: , deviceName: samsung SM-J110H (Android 4..., fullReset: false, newCommandTimeout: 1800, noReset: true, platform: ANDROID, platformName: Android, udid: 11015a1136d0b24a}, deviceId: , deviceManufacturer: samsung, deviceModel: SM-J110H, deviceName: 11015a1136d0b24a, deviceScreenSize: 480x800, deviceUDID: 11015a1136d0b24a, fullReset: false, javascriptEnabled: true, locationContextEnabled: false, networkConnectionEnabled: true, newCommandTimeout: 1800, noReset: true, platform: ANDROID, platformName: ANDROID, platformVersion: 4.4.4, takesScreenshot: true, udid: 11015a1136d0b24a, warnings: {}, webStorageEnabled: false}
Session ID: ba9f2dd4-22cf-4a6f-aeb7-f71967160ad1)

2018-11-16 18:13:52 - [TEST_CASE][PASSED] - Test Cases/ShopOpen/ChillerUtilization/ChillerNotAvailable/VisitProductCategoryAssets: Test Cases/ShopOpen/ChillerUtilization/ChillerNotAvailable/VisitProductCategoryAssets

2018-11-16 18:13:53 - [TEST_STEP][PASSED] - verifyElementText: Actual text and expected text of test object 'Object Repository/ShopOpen/ChillerUtilization/ChillerNotAvailable/Validate_ProductCategoryAssetScreen' are matched.

2018-11-16 18:13:54 - [MESSAGE][PASSED] - Actual text and expected text of test object 'Object Repository/ShopOpen/ChillerUtilization/ChillerNotAvailable/Validate_ProductCategoryAssetScreen' are matched.

2018-11-16 18:13:54 - [TEST_STEP][PASSED] - tap: Tapped on element 'Object Repository/ShopOpen/ChillerUtilization/ChillerNotAvailable/Facing'

2018-11-16 18:13:54 - [MESSAGE][WARNING] - Timeout '0' is invalid. Using default page load timeout: '7'

2018-11-16 18:13:54 - [MESSAGE][PASSED] - Tapped on element 'Object Repository/ShopOpen/ChillerUtilization/ChillerNotAvailable/Facing'

2018-11-16 18:13:54 - [TEST_STEP][PASSED] - verifyElementText: Actual text and expected text of test object 'Object Repository/ShopOpen/ChillerUtilization/ChillerNotAvailable/Validate_FacingScreen' are matched.

2018-11-16 18:13:56 - [MESSAGE][PASSED] - Actual text and expected text of test object 'Object Repository/ShopOpen/ChillerUtilization/ChillerNotAvailable/Validate_FacingScreen' are matched.

2018-11-16 18:13:56 - [TEST_STEP][PASSED] - com.ct.qa.keywords.ChillerProductsDataKeywords.VisitChillerNotAvailableProductsData: com.ct.qa.keywords.ChillerProductsDataKeywords.VisitChillerNotAvailableProductsData is PASSED

2018-11-16 18:14:00 - [MESSAGE][PASSED] - Keyboard is hidden

2018-11-16 18:14:03 - [MESSAGE][PASSED] - Keyboard is hidden

2018-11-16 18:14:06 - [MESSAGE][PASSED] - Keyboard is hidden

2018-11-16 18:14:09 - [MESSAGE][PASSED] - Keyboard is hidden

2018-11-16 18:14:12 - [MESSAGE][PASSED] - Keyboard is hidden

2018-11-16 18:14:13 - [MESSAGE][PASSED] - com.ct.qa.keywords.ChillerProductsDataKeywords.VisitChillerNotAvailableProductsData is PASSED

2018-11-16 18:14:13 - [TEST_STEP][PASSED] - tap: Tapped on element 'Object Repository/ShopOpen/ChillerUtilization/ChillerNotAvailable/SubmitButton'

2018-11-16 18:14:13 - [MESSAGE][WARNING] - Timeout '0' is invalid. Using default page load timeout: '7'

2018-11-16 18:14:14 - [MESSAGE][PASSED] - Tapped on element 'Object Repository/ShopOpen/ChillerUtilization/ChillerNotAvailable/SubmitButton'

2018-11-16 18:14:14 - [TEST_STEP][PASSED] - verifyElementText: Actual text and expected text of test object 'Object Repository/ShopOpen/ChillerUtilization/ChillerNotAvailable/Validate_ProductCategoryAssetScreen' are matched.

2018-11-16 18:14:16 - [MESSAGE][PASSED] - Actual text and expected text of test object 'Object Repository/ShopOpen/ChillerUtilization/ChillerNotAvailable/Validate_ProductCategoryAssetScreen' are matched.

2018-11-16 18:14:16 - [TEST_STEP][PASSED] - tap: Tapped on element 'Object Repository/ShopOpen/ChillerUtilization/ChillerNotAvailable/StockTaking'

2018-11-16 18:14:16 - [MESSAGE][WARNING] - Timeout '0' is invalid. Using default page load timeout: '7'

2018-11-16 18:14:16 - [MESSAGE][PASSED] - Tapped on element 'Object Repository/ShopOpen/ChillerUtilization/ChillerNotAvailable/StockTaking'

2018-11-16 18:14:16 - [TEST_STEP][PASSED] - verifyElementText: Actual text and expected text of test object 'Object Repository/ShopOpen/ChillerUtilization/ChillerNotAvailable/Validate_StockTakingScreen' are matched.

2018-11-16 18:14:18 - [MESSAGE][PASSED] - Actual text and expected text of test object 'Object Repository/ShopOpen/ChillerUtilization/ChillerNotAvailable/Validate_StockTakingScreen' are matched.

2018-11-16 18:14:18 - [TEST_STEP][PASSED] - com.ct.qa.keywords.ChillerProductsDataKeywords.VisitChillerNotAvailableProductsData: com.ct.qa.keywords.ChillerProductsDataKeywords.VisitChillerNotAvailableProductsData is PASSED

2018-11-16 18:14:22 - [MESSAGE][PASSED] - Keyboard is hidden

2018-11-16 18:14:25 - [MESSAGE][PASSED] - Keyboard is hidden

2018-11-16 18:14:28 - [MESSAGE][PASSED] - Keyboard is hidden

2018-11-16 18:14:31 - [MESSAGE][PASSED] - Keyboard is hidden

2018-11-16 18:14:34 - [MESSAGE][PASSED] - Keyboard is hidden

2018-11-16 18:14:35 - [MESSAGE][PASSED] - com.ct.qa.keywords.ChillerProductsDataKeywords.VisitChillerNotAvailableProductsData is PASSED

2018-11-16 18:14:35 - [TEST_STEP][PASSED] - tap: Tapped on element 'Object Repository/ShopOpen/ChillerUtilization/ChillerNotAvailable/SubmitButton'

2018-11-16 18:14:35 - [MESSAGE][WARNING] - Timeout '0' is invalid. Using default page load timeout: '7'

2018-11-16 18:14:36 - [MESSAGE][PASSED] - Tapped on element 'Object Repository/ShopOpen/ChillerUtilization/ChillerNotAvailable/SubmitButton'

2018-11-16 18:14:36 - [TEST_STEP][PASSED] - verifyElementText: Actual text and expected text of test object 'Object Repository/ShopOpen/ChillerUtilization/ChillerNotAvailable/Validate_ProductCategoryAssetScreen' are matched.

2018-11-16 18:14:37 - [MESSAGE][PASSED] - Actual text and expected text of test object 'Object Repository/ShopOpen/ChillerUtilization/ChillerNotAvailable/Validate_ProductCategoryAssetScreen' are matched.

2018-11-16 18:14:37 - [TEST_STEP][PASSED] - tap: Tapped on element 'Object Repository/ShopOpen/ChillerUtilization/ChillerNotAvailable/ProductCategory_BackButton'

2018-11-16 18:14:37 - [MESSAGE][WARNING] - Timeout '0' is invalid. Using default page load timeout: '7'

2018-11-16 18:14:37 - [MESSAGE][PASSED] - Tapped on element 'Object Repository/ShopOpen/ChillerUtilization/ChillerNotAvailable/ProductCategory_BackButton'

2018-11-16 18:14:37 - [TEST_STEP][PASSED] - verifyElementText: Actual text and expected text of test object 'Object Repository/ShopOpen/ChillerUtilization/ChillerNotAvailable/Validate_ChillerNotAvailableScreen' are matched.

2018-11-16 18:14:38 - [MESSAGE][PASSED] - Actual text and expected text of test object 'Object Repository/ShopOpen/ChillerUtilization/ChillerNotAvailable/Validate_ChillerNotAvailableScreen' are matched.

2018-11-16 18:14:38 - [MESSAGE][PASSED] - Call Test Case 'Test Cases/ShopOpen/ChillerUtilization/ChillerNotAvailable/VisitProductCategoryAssets' successfully

2018-11-16 18:14:39 - [TEST_CASE][PASSED] - Test Cases/ShopOpen/ChillerUtilization/ChillerNotAvailable/VisitProductCategoryAssets: Test Cases/ShopOpen/ChillerUtilization/ChillerNotAvailable/VisitProductCategoryAssets

2018-11-16 18:14:39 - [TEST_STEP][PASSED] - verifyElementText: Actual text and expected text of test object 'Object Repository/ShopOpen/ChillerUtilization/ChillerNotAvailable/Validate_ProductCategoryAssetScreen' are matched.

2018-11-16 18:14:41 - [MESSAGE][PASSED] - Actual text and expected text of test object 'Object Repository/ShopOpen/ChillerUtilization/ChillerNotAvailable/Validate_ProductCategoryAssetScreen' are matched.

2018-11-16 18:14:41 - [TEST_STEP][PASSED] - tap: Tapped on element 'Object Repository/ShopOpen/ChillerUtilization/ChillerNotAvailable/Facing'

2018-11-16 18:14:41 - [MESSAGE][WARNING] - Timeout '0' is invalid. Using default page load timeout: '7'

2018-11-16 18:14:41 - [MESSAGE][PASSED] - Tapped on element 'Object Repository/ShopOpen/ChillerUtilization/ChillerNotAvailable/Facing'

2018-11-16 18:14:41 - [TEST_STEP][PASSED] - verifyElementText: Actual text and expected text of test object 'Object Repository/ShopOpen/ChillerUtilization/ChillerNotAvailable/Validate_FacingScreen' are matched.

2018-11-16 18:14:43 - [MESSAGE][PASSED] - Actual text and expected text of test object 'Object Repository/ShopOpen/ChillerUtilization/ChillerNotAvailable/Validate_FacingScreen' are matched.

2018-11-16 18:14:43 - [TEST_STEP][PASSED] - com.ct.qa.keywords.ChillerProductsDataKeywords.VisitChillerNotAvailableProductsData: com.ct.qa.keywords.ChillerProductsDataKeywords.VisitChillerNotAvailableProductsData is PASSED

2018-11-16 18:14:47 - [MESSAGE][PASSED] - Keyboard is hidden

2018-11-16 18:14:50 - [MESSAGE][PASSED] - Keyboard is hidden

2018-11-16 18:14:53 - [MESSAGE][PASSED] - Keyboard is hidden

2018-11-16 18:14:54 - [MESSAGE][PASSED] - com.ct.qa.keywords.ChillerProductsDataKeywords.VisitChillerNotAvailableProductsData is PASSED

2018-11-16 18:14:54 - [TEST_STEP][PASSED] - tap: Tapped on element 'Object Repository/ShopOpen/ChillerUtilization/ChillerNotAvailable/SubmitButton'

2018-11-16 18:14:54 - [MESSAGE][WARNING] - Timeout '0' is invalid. Using default page load timeout: '7'

2018-11-16 18:14:55 - [MESSAGE][PASSED] - Tapped on element 'Object Repository/ShopOpen/ChillerUtilization/ChillerNotAvailable/SubmitButton'

2018-11-16 18:14:55 - [TEST_STEP][PASSED] - verifyElementText: Actual text and expected text of test object 'Object Repository/ShopOpen/ChillerUtilization/ChillerNotAvailable/Validate_ProductCategoryAssetScreen' are matched.

2018-11-16 18:14:56 - [MESSAGE][PASSED] - Actual text and expected text of test object 'Object Repository/ShopOpen/ChillerUtilization/ChillerNotAvailable/Validate_ProductCategoryAssetScreen' are matched.

2018-11-16 18:14:56 - [TEST_STEP][PASSED] - tap: Tapped on element 'Object Repository/ShopOpen/ChillerUtilization/ChillerNotAvailable/StockTaking'

2018-11-16 18:14:56 - [MESSAGE][WARNING] - Timeout '0' is invalid. Using default page load timeout: '7'

2018-11-16 18:14:56 - [MESSAGE][PASSED] - Tapped on element 'Object Repository/ShopOpen/ChillerUtilization/ChillerNotAvailable/StockTaking'

2018-11-16 18:14:56 - [TEST_STEP][PASSED] - verifyElementText: Actual text and expected text of test object 'Object Repository/ShopOpen/ChillerUtilization/ChillerNotAvailable/Validate_StockTakingScreen' are matched.

2018-11-16 18:14:58 - [MESSAGE][PASSED] - Actual text and expected text of test object 'Object Repository/ShopOpen/ChillerUtilization/ChillerNotAvailable/Validate_StockTakingScreen' are matched.

2018-11-16 18:14:58 - [TEST_STEP][PASSED] - com.ct.qa.keywords.ChillerProductsDataKeywords.VisitChillerNotAvailableProductsData: com.ct.qa.keywords.ChillerProductsDataKeywords.VisitChillerNotAvailableProductsData is PASSED

2018-11-16 18:15:02 - [MESSAGE][PASSED] - Keyboard is hidden

2018-11-16 18:15:06 - [MESSAGE][PASSED] - Keyboard is hidden

2018-11-16 18:15:09 - [MESSAGE][PASSED] - Keyboard is hidden

2018-11-16 18:15:10 - [MESSAGE][PASSED] - com.ct.qa.keywords.ChillerProductsDataKeywords.VisitChillerNotAvailableProductsData is PASSED

2018-11-16 18:15:10 - [TEST_STEP][PASSED] - tap: Tapped on element 'Object Repository/ShopOpen/ChillerUtilization/ChillerNotAvailable/SubmitButton'

2018-11-16 18:15:10 - [MESSAGE][WARNING] - Timeout '0' is invalid. Using default page load timeout: '7'

2018-11-16 18:15:11 - [MESSAGE][PASSED] - Tapped on element 'Object Repository/ShopOpen/ChillerUtilization/ChillerNotAvailable/SubmitButton'

2018-11-16 18:15:11 - [TEST_STEP][PASSED] - verifyElementText: Actual text and expected text of test object 'Object Repository/ShopOpen/ChillerUtilization/ChillerNotAvailable/Validate_ProductCategoryAssetScreen' are matched.

2018-11-16 18:15:12 - [MESSAGE][PASSED] - Actual text and expected text of test object 'Object Repository/ShopOpen/ChillerUtilization/ChillerNotAvailable/Validate_ProductCategoryAssetScreen' are matched.

2018-11-16 18:15:12 - [TEST_STEP][PASSED] - tap: Tapped on element 'Object Repository/ShopOpen/ChillerUtilization/ChillerNotAvailable/ProductCategory_BackButton'

2018-11-16 18:15:12 - [MESSAGE][WARNING] - Timeout '0' is invalid. Using default page load timeout: '7'

2018-11-16 18:15:12 - [MESSAGE][PASSED] - Tapped on element 'Object Repository/ShopOpen/ChillerUtilization/ChillerNotAvailable/ProductCategory_BackButton'

2018-11-16 18:15:12 - [TEST_STEP][PASSED] - verifyElementText: Actual text and expected text of test object 'Object Repository/ShopOpen/ChillerUtilization/ChillerNotAvailable/Validate_ChillerNotAvailableScreen' are matched.

2018-11-16 18:15:13 - [MESSAGE][PASSED] - Actual text and expected text of test object 'Object Repository/ShopOpen/ChillerUtilization/ChillerNotAvailable/Validate_ChillerNotAvailableScreen' are matched.

2018-11-16 18:15:13 - [MESSAGE][PASSED] - Call Test Case 'Test Cases/ShopOpen/ChillerUtilization/ChillerNotAvailable/VisitProductCategoryAssets' successfully

2018-11-16 18:15:14 - [TEST_CASE][PASSED] - Test Cases/ShopOpen/ChillerUtilization/ChillerNotAvailable/VisitProductCategoryAssets: Test Cases/ShopOpen/ChillerUtilization/ChillerNotAvailable/VisitProductCategoryAssets

2018-11-16 18:15:14 - [TEST_STEP][PASSED] - verifyElementText: Actual text and expected text of test object 'Object Repository/ShopOpen/ChillerUtilization/ChillerNotAvailable/Validate_ProductCategoryAssetScreen' are matched.

2018-11-16 18:15:16 - [MESSAGE][PASSED] - Actual text and expected text of test object 'Object Repository/ShopOpen/ChillerUtilization/ChillerNotAvailable/Validate_ProductCategoryAssetScreen' are matched.

2018-11-16 18:15:16 - [TEST_STEP][PASSED] - tap: Tapped on element 'Object Repository/ShopOpen/ChillerUtilization/ChillerNotAvailable/Facing'

2018-11-16 18:15:16 - [MESSAGE][WARNING] - Timeout '0' is invalid. Using default page load timeout: '7'

2018-11-16 18:15:16 - [MESSAGE][PASSED] - Tapped on element 'Object Repository/ShopOpen/ChillerUtilization/ChillerNotAvailable/Facing'

2018-11-16 18:15:16 - [TEST_STEP][PASSED] - verifyElementText: Actual text and expected text of test object 'Object Repository/ShopOpen/ChillerUtilization/ChillerNotAvailable/Validate_FacingScreen' are matched.

2018-11-16 18:15:18 - [MESSAGE][PASSED] - Actual text and expected text of test object 'Object Repository/ShopOpen/ChillerUtilization/ChillerNotAvailable/Validate_FacingScreen' are matched.

2018-11-16 18:15:18 - [TEST_STEP][PASSED] - com.ct.qa.keywords.ChillerProductsDataKeywords.VisitChillerNotAvailableProductsData: com.ct.qa.keywords.ChillerProductsDataKeywords.VisitChillerNotAvailableProductsData is PASSED

2018-11-16 18:15:21 - [MESSAGE][PASSED] - Keyboard is hidden

2018-11-16 18:15:22 - [MESSAGE][PASSED] - com.ct.qa.keywords.ChillerProductsDataKeywords.VisitChillerNotAvailableProductsData is PASSED

2018-11-16 18:15:22 - [TEST_STEP][PASSED] - tap: Tapped on element 'Object Repository/ShopOpen/ChillerUtilization/ChillerNotAvailable/SubmitButton'

2018-11-16 18:15:22 - [MESSAGE][WARNING] - Timeout '0' is invalid. Using default page load timeout: '7'

2018-11-16 18:15:22 - [MESSAGE][PASSED] - Tapped on element 'Object Repository/ShopOpen/ChillerUtilization/ChillerNotAvailable/SubmitButton'

2018-11-16 18:15:22 - [TEST_STEP][PASSED] - verifyElementText: Actual text and expected text of test object 'Object Repository/ShopOpen/ChillerUtilization/ChillerNotAvailable/Validate_ProductCategoryAssetScreen' are matched.

2018-11-16 18:15:23 - [MESSAGE][PASSED] - Actual text and expected text of test object 'Object Repository/ShopOpen/ChillerUtilization/ChillerNotAvailable/Validate_ProductCategoryAssetScreen' are matched.

2018-11-16 18:15:23 - [TEST_STEP][PASSED] - tap: Tapped on element 'Object Repository/ShopOpen/ChillerUtilization/ChillerNotAvailable/StockTaking'

2018-11-16 18:15:23 - [MESSAGE][WARNING] - Timeout '0' is invalid. Using default page load timeout: '7'

2018-11-16 18:15:23 - [MESSAGE][PASSED] - Tapped on element 'Object Repository/ShopOpen/ChillerUtilization/ChillerNotAvailable/StockTaking'

2018-11-16 18:15:23 - [TEST_STEP][PASSED] - verifyElementText: Actual text and expected text of test object 'Object Repository/ShopOpen/ChillerUtilization/ChillerNotAvailable/Validate_StockTakingScreen' are matched.

2018-11-16 18:15:25 - [MESSAGE][PASSED] - Actual text and expected text of test object 'Object Repository/ShopOpen/ChillerUtilization/ChillerNotAvailable/Validate_StockTakingScreen' are matched.

2018-11-16 18:15:25 - [TEST_STEP][PASSED] - com.ct.qa.keywords.ChillerProductsDataKeywords.VisitChillerNotAvailableProductsData: com.ct.qa.keywords.ChillerProductsDataKeywords.VisitChillerNotAvailableProductsData is PASSED

2018-11-16 18:15:28 - [MESSAGE][PASSED] - Keyboard is hidden

2018-11-16 18:15:29 - [MESSAGE][PASSED] - com.ct.qa.keywords.ChillerProductsDataKeywords.VisitChillerNotAvailableProductsData is PASSED

2018-11-16 18:15:29 - [TEST_STEP][PASSED] - tap: Tapped on element 'Object Repository/ShopOpen/ChillerUtilization/ChillerNotAvailable/SubmitButton'

2018-11-16 18:15:29 - [MESSAGE][WARNING] - Timeout '0' is invalid. Using default page load timeout: '7'

2018-11-16 18:15:29 - [MESSAGE][PASSED] - Tapped on element 'Object Repository/ShopOpen/ChillerUtilization/ChillerNotAvailable/SubmitButton'

2018-11-16 18:15:29 - [TEST_STEP][PASSED] - verifyElementText: Actual text and expected text of test object 'Object Repository/ShopOpen/ChillerUtilization/ChillerNotAvailable/Validate_ProductCategoryAssetScreen' are matched.

2018-11-16 18:15:30 - [MESSAGE][PASSED] - Actual text and expected text of test object 'Object Repository/ShopOpen/ChillerUtilization/ChillerNotAvailable/Validate_ProductCategoryAssetScreen' are matched.

2018-11-16 18:15:30 - [TEST_STEP][PASSED] - tap: Tapped on element 'Object Repository/ShopOpen/ChillerUtilization/ChillerNotAvailable/ProductCategory_BackButton'

2018-11-16 18:15:30 - [MESSAGE][WARNING] - Timeout '0' is invalid. Using default page load timeout: '7'

2018-11-16 18:15:31 - [MESSAGE][PASSED] - Tapped on element 'Object Repository/ShopOpen/ChillerUtilization/ChillerNotAvailable/ProductCategory_BackButton'

2018-11-16 18:15:31 - [TEST_STEP][PASSED] - verifyElementText: Actual text and expected text of test object 'Object Repository/ShopOpen/ChillerUtilization/ChillerNotAvailable/Validate_ChillerNotAvailableScreen' are matched.

2018-11-16 18:15:32 - [MESSAGE][PASSED] - Actual text and expected text of test object 'Object Repository/ShopOpen/ChillerUtilization/ChillerNotAvailable/Validate_ChillerNotAvailableScreen' are matched.

2018-11-16 18:15:32 - [MESSAGE][PASSED] - Call Test Case 'Test Cases/ShopOpen/ChillerUtilization/ChillerNotAvailable/VisitProductCategoryAssets' successfully

2018-11-16 18:15:33 - [TEST_CASE][FAILED] - Test Cases/ShopOpen/ChillerUtilization/ChillerNotAvailable/VisitProductCategoryAssets: Test Cases/ShopOpen/ChillerUtilization/ChillerNotAvailable/VisitProductCategoryAssets FAILED because (of) (Stack trace: com.kms.katalon.core.exception.StepFailedException: Cannot hide keyboard (Root cause: org.openqa.selenium.WebDriverException: An unknown server-side error occurred while processing the command. Original error: Soft keyboard not present, cannot hide keyboard (WARNING: The server did not provide any stacktrace information)
Command duration or timeout: 0 milliseconds
Build info: version: '3.7.1', revision: '8a0099a', time: '2017-11-06T21:07:36.161Z'
System info: host: 'DESKTOP-L12UUAD', ip: '192.168.3.221', os.name: 'Windows 10', os.arch: 'amd64', os.version: '10.0', java.version: '1.8.0_102'
Driver info: com.kms.katalon.core.appium.driver.SwipeableAndroidDriver
Capabilities {app: F:\QA_Automation\Builds\non..., appActivity: com.audit.main.ui.SplashScreen, appPackage: com.concavetech.bloc, appWaitActivity: com.audit.main.ui.SplashScreen, appWaitPackage: com.concavetech.bloc, autoGrantPermissions: true, databaseEnabled: false, desired: {app: F:\QA_Automation\Builds\non..., autoGrantPermissions: true, deviceId: , deviceName: samsung SM-J110H (Android 4..., fullReset: false, newCommandTimeout: 1800, noReset: true, platform: ANDROID, platformName: Android, udid: 11015a1136d0b24a}, deviceId: , deviceManufacturer: samsung, deviceModel: SM-J110H, deviceName: 11015a1136d0b24a, deviceScreenSize: 480x800, deviceUDID: 11015a1136d0b24a, fullReset: false, javascriptEnabled: true, locationContextEnabled: false, networkConnectionEnabled: true, newCommandTimeout: 1800, noReset: true, platform: ANDROID, platformName: ANDROID, platformVersion: 4.4.4, takesScreenshot: true, udid: 11015a1136d0b24a, warnings: {}, webStorageEnabled: false}
Session ID: ba9f2dd4-22cf-4a6f-aeb7-f71967160ad1)
	at com.kms.katalon.core.keyword.internal.KeywordMain.stepFailed(KeywordMain.groovy:36)
	at com.kms.katalon.core.mobile.keyword.internal.MobileKeywordMain.stepFailed(MobileKeywordMain.groovy:40)
	at com.kms.katalon.core.mobile.keyword.internal.MobileKeywordMain.runKeyword(MobileKeywordMain.groovy:23)
	at com.kms.katalon.core.mobile.keyword.internal.MobileKeywordMain$runKeyword.call(Unknown Source)
	at com.kms.katalon.core.mobile.keyword.builtin.HideKeyboardKeyword.hideKeyboard(HideKeyboardKeyword.groovy:66)
	at com.kms.katalon.core.mobile.keyword.builtin.HideKeyboardKeyword.execute(HideKeyboardKeyword.groovy:62)
	at com.kms.katalon.core.keyword.internal.KeywordExecutor.executeKeywordForPlatform(KeywordExecutor.groovy:53)
	at com.kms.katalon.core.mobile.keyword.MobileBuiltInKeywords.hideKeyboard(MobileBuiltInKeywords.groovy:1269)
	at com.kms.katalon.core.mobile.keyword.MobileBuiltInKeywords$hideKeyboard$5.call(Unknown Source)
	at com.ct.qa.keywords.ChillerProductsDataKeywords.VisitChillerNotAvailableProductsData(ChillerProductsDataKeywords.groovy:704)
	at sun.reflect.NativeMethodAccessorImpl.invoke0(Native Method)
	at sun.reflect.NativeMethodAccessorImpl.invoke(NativeMethodAccessorImpl.java:62)
	at sun.reflect.DelegatingMethodAccessorImpl.invoke(DelegatingMethodAccessorImpl.java:43)
	at java.lang.reflect.Method.invoke(Method.java:498)
	at org.codehaus.groovy.reflection.CachedMethod.invoke(CachedMethod.java:93)
	at groovy.lang.MetaMethod.doMethodInvoke(MetaMethod.java:325)
	at groovy.lang.MetaClassImpl.invokeMethod(MetaClassImpl.java:1215)
	at groovy.lang.MetaClassImpl.invokeMethod(MetaClassImpl.java:1024)
	at groovy.lang.MetaClassImpl.invokeMethod(MetaClassImpl.java:812)
	at groovy.lang.DelegatingMetaClass.invokeMethod(DelegatingMetaClass.java:144)
	at com.ct.qa.keywords.ChillerProductsDataKeywords.invokeMethod(ChillerProductsDataKeywords.groovy)
	at com.kms.katalon.core.main.CustomKeywordDelegatingMetaClass.invokeStaticMethod(CustomKeywordDelegatingMetaClass.java:46)
	at org.codehaus.groovy.runtime.callsite.StaticMetaClassSite.call(StaticMetaClassSite.java:53)
	at org.codehaus.groovy.runtime.callsite.AbstractCallSite.call(AbstractCallSite.java:133)
	at Script1531389034206.run(Script1531389034206.groovy:53)
	at com.kms.katalon.core.main.ScriptEngine.run(ScriptEngine.java:183)
	at com.kms.katalon.core.main.ScriptEngine.runScriptAsRawText(ScriptEngine.java:108)
	at com.kms.katalon.core.main.TestCaseExecutor.runScript(TestCaseExecutor.java:294)
	at com.kms.katalon.core.main.TestCaseExecutor.doExecute(TestCaseExecutor.java:285)
	at com.kms.katalon.core.main.TestCaseExecutor.processExecutionPhase(TestCaseExecutor.java:264)
	at com.kms.katalon.core.main.TestCaseExecutor.accessMainPhase(TestCaseExecutor.java:256)
	at com.kms.katalon.core.main.TestCaseExecutor.execute(TestCaseExecutor.java:200)
	at com.kms.katalon.core.main.TestCaseMain.runTestCase(TestCaseMain.java:99)
	at com.kms.katalon.core.keyword.builtin.CallTestCaseKeyword$_callTestCase_closure1.doCall(CallTestCaseKeyword.groovy:60)
	at com.kms.katalon.core.keyword.builtin.CallTestCaseKeyword$_callTestCase_closure1.call(CallTestCaseKeyword.groovy)
	at com.kms.katalon.core.keyword.internal.KeywordMain.runKeyword(KeywordMain.groovy:54)
	at com.kms.katalon.core.keyword.builtin.CallTestCaseKeyword.callTestCase(CallTestCaseKeyword.groovy:81)
	at com.kms.katalon.core.keyword.builtin.CallTestCaseKeyword.execute(CallTestCaseKeyword.groovy:45)
	at com.kms.katalon.core.keyword.internal.KeywordExecutor.executeKeywordForPlatform(KeywordExecutor.groovy:53)
	at com.kms.katalon.core.keyword.BuiltinKeywords.callTestCase(BuiltinKeywords.groovy:350)
	at sun.reflect.GeneratedMethodAccessor20.invoke(Unknown Source)
	at sun.reflect.DelegatingMethodAccessorImpl.invoke(DelegatingMethodAccessorImpl.java:43)
	at java.lang.reflect.Method.invoke(Method.java:498)
	at org.codehaus.groovy.reflection.CachedMethod.invoke(CachedMethod.java:93)
	at groovy.lang.MetaMethod.doMethodInvoke(MetaMethod.java:325)
	at groovy.lang.MetaClassImpl.invokeStaticMethod(MetaClassImpl.java:1469)
	at org.codehaus.groovy.runtime.callsite.StaticMetaClassSite.call(StaticMetaClassSite.java:53)
	at org.codehaus.groovy.runtime.callsite.AbstractCallSite.call(AbstractCallSite.java:133)
	at com.ct.qa.keywords.ChillerProductsDataKeywords.visitChillerNotAvailableProductCategories(ChillerProductsDataKeywords.groovy:199)
	at sun.reflect.NativeMethodAccessorImpl.invoke0(Native Method)
	at sun.reflect.NativeMethodAccessorImpl.invoke(NativeMethodAccessorImpl.java:62)
	at sun.reflect.DelegatingMethodAccessorImpl.invoke(DelegatingMethodAccessorImpl.java:43)
	at java.lang.reflect.Method.invoke(Method.java:498)
	at org.codehaus.groovy.reflection.CachedMethod.invoke(CachedMethod.java:93)
	at groovy.lang.MetaMethod.doMethodInvoke(MetaMethod.java:325)
	at groovy.lang.MetaClassImpl.invokeMethod(MetaClassImpl.java:1215)
	at groovy.lang.MetaClassImpl.invokeMethod(MetaClassImpl.java:1024)
	at groovy.lang.MetaClassImpl.invokeMethod(MetaClassImpl.java:812)
	at groovy.lang.DelegatingMetaClass.invokeMethod(DelegatingMetaClass.java:144)
	at com.ct.qa.keywords.ChillerProductsDataKeywords.invokeMethod(ChillerProductsDataKeywords.groovy)
	at com.kms.katalon.core.main.CustomKeywordDelegatingMetaClass.invokeStaticMethod(CustomKeywordDelegatingMetaClass.java:46)
	at org.codehaus.groovy.runtime.callsite.StaticMetaClassSite.call(StaticMetaClassSite.java:53)
	at org.codehaus.groovy.runtime.callsite.CallSiteArray.defaultCall(CallSiteArray.java:48)
	at org.codehaus.groovy.runtime.callsite.AbstractCallSite.call(AbstractCallSite.java:113)
	at org.codehaus.groovy.runtime.callsite.AbstractCallSite.call(AbstractCallSite.java:125)
	at Script1527584701019.run(Script1527584701019.groovy:28)
	at com.kms.katalon.core.main.ScriptEngine.run(ScriptEngine.java:183)
	at com.kms.katalon.core.main.ScriptEngine.runScriptAsRawText(ScriptEngine.java:108)
	at com.kms.katalon.core.main.TestCaseExecutor.runScript(TestCaseExecutor.java:294)
	at com.kms.katalon.core.main.TestCaseExecutor.doExecute(TestCaseExecutor.java:285)
	at com.kms.katalon.core.main.TestCaseExecutor.processExecutionPhase(TestCaseExecutor.java:264)
	at com.kms.katalon.core.main.TestCaseExecutor.accessMainPhase(TestCaseExecutor.java:256)
	at com.kms.katalon.core.main.TestCaseExecutor.execute(TestCaseExecutor.java:200)
	at com.kms.katalon.core.main.TestCaseMain.runTestCase(TestCaseMain.java:99)
	at com.kms.katalon.core.keyword.builtin.CallTestCaseKeyword$_callTestCase_closure1.doCall(CallTestCaseKeyword.groovy:60)
	at com.kms.katalon.core.keyword.builtin.CallTestCaseKeyword$_callTestCase_closure1.call(CallTestCaseKeyword.groovy)
	at com.kms.katalon.core.keyword.internal.KeywordMain.runKeyword(KeywordMain.groovy:54)
	at com.kms.katalon.core.keyword.builtin.CallTestCaseKeyword.callTestCase(CallTestCaseKeyword.groovy:81)
	at com.kms.katalon.core.keyword.builtin.CallTestCaseKeyword.execute(CallTestCaseKeyword.groovy:45)
	at com.kms.katalon.core.keyword.internal.KeywordExecutor.executeKeywordForPlatform(KeywordExecutor.groovy:53)
	at com.kms.katalon.core.keyword.BuiltinKeywords.callTestCase(BuiltinKeywords.groovy:350)
	at sun.reflect.GeneratedMethodAccessor20.invoke(Unknown Source)
	at sun.reflect.DelegatingMethodAccessorImpl.invoke(DelegatingMethodAccessorImpl.java:43)
	at java.lang.reflect.Method.invoke(Method.java:498)
	at org.codehaus.groovy.reflection.CachedMethod.invoke(CachedMethod.java:93)
	at groovy.lang.MetaMethod.doMethodInvoke(MetaMethod.java:325)
	at groovy.lang.MetaClassImpl.invokeStaticMethod(MetaClassImpl.java:1469)
	at org.codehaus.groovy.runtime.callsite.StaticMetaClassSite.call(StaticMetaClassSite.java:53)
	at org.codehaus.groovy.runtime.callsite.CallSiteArray.defaultCall(CallSiteArray.java:48)
	at org.codehaus.groovy.runtime.callsite.AbstractCallSite.call(AbstractCallSite.java:113)
	at org.codehaus.groovy.runtime.callsite.AbstractCallSite.call(AbstractCallSite.java:133)
	at com.ct.qa.keywords.ChillerVisitingScenariosKeywords.visitChillersTaggedInChillerUtilizationWithDataVerification(ChillerVisitingScenariosKeywords.groovy:63)
	at sun.reflect.NativeMethodAccessorImpl.invoke0(Native Method)
	at sun.reflect.NativeMethodAccessorImpl.invoke(NativeMethodAccessorImpl.java:62)
	at sun.reflect.DelegatingMethodAccessorImpl.invoke(DelegatingMethodAccessorImpl.java:43)
	at java.lang.reflect.Method.invoke(Method.java:498)
	at org.codehaus.groovy.reflection.CachedMethod.invoke(CachedMethod.java:93)
	at groovy.lang.MetaMethod.doMethodInvoke(MetaMethod.java:325)
	at groovy.lang.MetaClassImpl.invokeMethod(MetaClassImpl.java:1215)
	at groovy.lang.MetaClassImpl.invokeMethod(MetaClassImpl.java:1024)
	at groovy.lang.MetaClassImpl.invokeMethod(MetaClassImpl.java:812)
	at groovy.lang.DelegatingMetaClass.invokeMethod(DelegatingMetaClass.java:144)
	at com.ct.qa.keywords.ChillerVisitingScenariosKeywords.invokeMethod(ChillerVisitingScenariosKeywords.groovy)
	at com.kms.katalon.core.main.CustomKeywordDelegatingMetaClass.invokeStaticMethod(CustomKeywordDelegatingMetaClass.java:46)
	at org.codehaus.groovy.runtime.callsite.StaticMetaClassSite.call(StaticMetaClassSite.java:53)
	at org.codehaus.groovy.runtime.callsite.CallSiteArray.defaultCall(CallSiteArray.java:48)
	at org.codehaus.groovy.runtime.callsite.AbstractCallSite.call(AbstractCallSite.java:113)
	at org.codehaus.groovy.runtime.callsite.AbstractCallSite.call(AbstractCallSite.java:117)
	at Script1532949461188.run(Script1532949461188.groovy:29)
	at com.kms.katalon.core.main.ScriptEngine.run(ScriptEngine.java:183)
	at com.kms.katalon.core.main.ScriptEngine.runScriptAsRawText(ScriptEngine.java:108)
	at com.kms.katalon.core.main.TestCaseExecutor.runScript(TestCaseExecutor.java:294)
	at com.kms.katalon.core.main.TestCaseExecutor.doExecute(TestCaseExecutor.java:285)
	at com.kms.katalon.core.main.TestCaseExecutor.processExecutionPhase(TestCaseExecutor.java:264)
	at com.kms.katalon.core.main.TestCaseExecutor.accessMainPhase(TestCaseExecutor.java:256)
	at com.kms.katalon.core.main.TestCaseExecutor.execute(TestCaseExecutor.java:200)
	at com.kms.katalon.core.main.TestCaseMain.runTestCase(TestCaseMain.java:99)
	at com.kms.katalon.core.keyword.builtin.CallTestCaseKeyword$_callTestCase_closure1.doCall(CallTestCaseKeyword.groovy:60)
	at com.kms.katalon.core.keyword.builtin.CallTestCaseKeyword$_callTestCase_closure1.call(CallTestCaseKeyword.groovy)
	at com.kms.katalon.core.keyword.internal.KeywordMain.runKeyword(KeywordMain.groovy:54)
	at com.kms.katalon.core.keyword.builtin.CallTestCaseKeyword.callTestCase(CallTestCaseKeyword.groovy:81)
	at com.kms.katalon.core.keyword.builtin.CallTestCaseKeyword.execute(CallTestCaseKeyword.groovy:45)
	at com.kms.katalon.core.keyword.internal.KeywordExecutor.executeKeywordForPlatform(KeywordExecutor.groovy:53)
	at com.kms.katalon.core.keyword.BuiltinKeywords.callTestCase(BuiltinKeywords.groovy:350)
	at sun.reflect.GeneratedMethodAccessor20.invoke(Unknown Source)
	at sun.reflect.DelegatingMethodAccessorImpl.invoke(DelegatingMethodAccessorImpl.java:43)
	at java.lang.reflect.Method.invoke(Method.java:498)
	at org.codehaus.groovy.reflection.CachedMethod.invoke(CachedMethod.java:93)
	at groovy.lang.MetaMethod.doMethodInvoke(MetaMethod.java:325)
	at groovy.lang.MetaClassImpl.invokeStaticMethod(MetaClassImpl.java:1469)
	at org.codehaus.groovy.runtime.callsite.StaticMetaClassSite.call(StaticMetaClassSite.java:53)
	at org.codehaus.groovy.runtime.callsite.CallSiteArray.defaultCall(CallSiteArray.java:48)
	at org.codehaus.groovy.runtime.callsite.AbstractCallSite.call(AbstractCallSite.java:113)
	at org.codehaus.groovy.runtime.callsite.AbstractCallSite.call(AbstractCallSite.java:133)
	at com.ct.qa.keywords.CategoryVisitingScenariosKeywords.visitShopCategoriesWithDataVerification(CategoryVisitingScenariosKeywords.groovy:93)
	at sun.reflect.NativeMethodAccessorImpl.invoke0(Native Method)
	at sun.reflect.NativeMethodAccessorImpl.invoke(NativeMethodAccessorImpl.java:62)
	at sun.reflect.DelegatingMethodAccessorImpl.invoke(DelegatingMethodAccessorImpl.java:43)
	at java.lang.reflect.Method.invoke(Method.java:498)
	at org.codehaus.groovy.reflection.CachedMethod.invoke(CachedMethod.java:93)
	at groovy.lang.MetaMethod.doMethodInvoke(MetaMethod.java:325)
	at groovy.lang.MetaClassImpl.invokeMethod(MetaClassImpl.java:1215)
	at groovy.lang.MetaClassImpl.invokeMethod(MetaClassImpl.java:1024)
	at groovy.lang.MetaClassImpl.invokeMethod(MetaClassImpl.java:812)
	at groovy.lang.DelegatingMetaClass.invokeMethod(DelegatingMetaClass.java:144)
	at com.ct.qa.keywords.CategoryVisitingScenariosKeywords.invokeMethod(CategoryVisitingScenariosKeywords.groovy)
	at com.kms.katalon.core.main.CustomKeywordDelegatingMetaClass.invokeStaticMethod(CustomKeywordDelegatingMetaClass.java:46)
	at org.codehaus.groovy.runtime.callsite.StaticMetaClassSite.call(StaticMetaClassSite.java:53)
	at org.codehaus.groovy.runtime.callsite.AbstractCallSite.call(AbstractCallSite.java:117)
	at Script1533013695676.run(Script1533013695676.groovy:28)
	at com.kms.katalon.core.main.ScriptEngine.run(ScriptEngine.java:183)
	at com.kms.katalon.core.main.ScriptEngine.runScriptAsRawText(ScriptEngine.java:108)
	at com.kms.katalon.core.main.TestCaseExecutor.runScript(TestCaseExecutor.java:294)
	at com.kms.katalon.core.main.TestCaseExecutor.doExecute(TestCaseExecutor.java:285)
	at com.kms.katalon.core.main.TestCaseExecutor.processExecutionPhase(TestCaseExecutor.java:264)
	at com.kms.katalon.core.main.TestCaseExecutor.accessMainPhase(TestCaseExecutor.java:256)
	at com.kms.katalon.core.main.TestCaseExecutor.execute(TestCaseExecutor.java:200)
	at com.kms.katalon.core.main.TestCaseMain.runTestCase(TestCaseMain.java:99)
	at com.kms.katalon.core.keyword.builtin.CallTestCaseKeyword$_callTestCase_closure1.doCall(CallTestCaseKeyword.groovy:60)
	at com.kms.katalon.core.keyword.builtin.CallTestCaseKeyword$_callTestCase_closure1.call(CallTestCaseKeyword.groovy)
	at com.kms.katalon.core.keyword.internal.KeywordMain.runKeyword(KeywordMain.groovy:54)
	at com.kms.katalon.core.keyword.builtin.CallTestCaseKeyword.callTestCase(CallTestCaseKeyword.groovy:81)
	at com.kms.katalon.core.keyword.builtin.CallTestCaseKeyword.execute(CallTestCaseKeyword.groovy:45)
	at com.kms.katalon.core.keyword.internal.KeywordExecutor.executeKeywordForPlatform(KeywordExecutor.groovy:53)
	at com.kms.katalon.core.keyword.BuiltinKeywords.callTestCase(BuiltinKeywords.groovy:350)
	at sun.reflect.NativeMethodAccessorImpl.invoke0(Native Method)
	at sun.reflect.NativeMethodAccessorImpl.invoke(NativeMethodAccessorImpl.java:62)
	at sun.reflect.DelegatingMethodAccessorImpl.invoke(DelegatingMethodAccessorImpl.java:43)
	at java.lang.reflect.Method.invoke(Method.java:498)
	at org.codehaus.groovy.reflection.CachedMethod.invoke(CachedMethod.java:93)
	at groovy.lang.MetaMethod.doMethodInvoke(MetaMethod.java:325)
	at groovy.lang.MetaClassImpl.invokeStaticMethod(MetaClassImpl.java:1469)
	at org.codehaus.groovy.runtime.callsite.StaticMetaClassSite.call(StaticMetaClassSite.java:53)
	at org.codehaus.groovy.runtime.callsite.AbstractCallSite.call(AbstractCallSite.java:133)
	at com.ct.qa.keywords.ShopVisitingScenariosKeywords.visitShopWith_DataVerification(ShopVisitingScenariosKeywords.groovy:336)
	at sun.reflect.NativeMethodAccessorImpl.invoke0(Native Method)
	at sun.reflect.NativeMethodAccessorImpl.invoke(NativeMethodAccessorImpl.java:62)
	at sun.reflect.DelegatingMethodAccessorImpl.invoke(DelegatingMethodAccessorImpl.java:43)
	at java.lang.reflect.Method.invoke(Method.java:498)
	at org.codehaus.groovy.reflection.CachedMethod.invoke(CachedMethod.java:93)
	at groovy.lang.MetaMethod.doMethodInvoke(MetaMethod.java:325)
	at groovy.lang.MetaClassImpl.invokeMethod(MetaClassImpl.java:1215)
	at groovy.lang.MetaClassImpl.invokeMethod(MetaClassImpl.java:1024)
	at groovy.lang.MetaClassImpl.invokeMethod(MetaClassImpl.java:812)
	at groovy.lang.DelegatingMetaClass.invokeMethod(DelegatingMetaClass.java:144)
	at com.ct.qa.keywords.ShopVisitingScenariosKeywords.invokeMethod(ShopVisitingScenariosKeywords.groovy)
	at com.kms.katalon.core.main.CustomKeywordDelegatingMetaClass.invokeStaticMethod(CustomKeywordDelegatingMetaClass.java:46)
	at org.codehaus.groovy.runtime.callsite.StaticMetaClassSite.call(StaticMetaClassSite.java:53)
	at org.codehaus.groovy.runtime.callsite.CallSiteArray.defaultCall(CallSiteArray.java:48)
	at org.codehaus.groovy.runtime.callsite.AbstractCallSite.call(AbstractCallSite.java:113)
	at org.codehaus.groovy.runtime.callsite.AbstractCallSite.call(AbstractCallSite.java:117)
	at Script1539252870661.run(Script1539252870661.groovy:36)
	at com.kms.katalon.core.main.ScriptEngine.run(ScriptEngine.java:183)
	at com.kms.katalon.core.main.ScriptEngine.runScriptAsRawText(ScriptEngine.java:108)
	at com.kms.katalon.core.main.TestCaseExecutor.runScript(TestCaseExecutor.java:294)
	at com.kms.katalon.core.main.TestCaseExecutor.doExecute(TestCaseExecutor.java:285)
	at com.kms.katalon.core.main.TestCaseExecutor.processExecutionPhase(TestCaseExecutor.java:264)
	at com.kms.katalon.core.main.TestCaseExecutor.accessMainPhase(TestCaseExecutor.java:256)
	at com.kms.katalon.core.main.TestCaseExecutor.execute(TestCaseExecutor.java:200)
	at com.kms.katalon.core.main.TestSuiteExecutor.accessTestCaseMainPhase(TestSuiteExecutor.java:129)
	at com.kms.katalon.core.main.TestSuiteExecutor.accessTestSuiteMainPhase(TestSuiteExecutor.java:112)
	at com.kms.katalon.core.main.TestSuiteExecutor.execute(TestSuiteExecutor.java:81)
	at com.kms.katalon.core.main.TestCaseMain.startTestSuite(TestCaseMain.java:142)
	at com.kms.katalon.core.main.TestCaseMain$startTestSuite$0.call(Unknown Source)
	at org.codehaus.groovy.runtime.callsite.CallSiteArray.defaultCall(CallSiteArray.java:48)
	at org.codehaus.groovy.runtime.callsite.AbstractCallSite.call(AbstractCallSite.java:113)
	at org.codehaus.groovy.runtime.callsite.AbstractCallSite.call(AbstractCallSite.java:141)
	at TempTestSuite1542373218680.run(TempTestSuite1542373218680.groovy:36)
	at groovy.lang.GroovyShell.runScriptOrMainOrTestOrRunnable(GroovyShell.java:263)
	at groovy.lang.GroovyShell.run(GroovyShell.java:518)
	at groovy.lang.GroovyShell.run(GroovyShell.java:507)
	at groovy.ui.GroovyMain.processOnce(GroovyMain.java:653)
	at groovy.ui.GroovyMain.run(GroovyMain.java:384)
	at groovy.ui.GroovyMain.process(GroovyMain.java:370)
	at groovy.ui.GroovyMain.processArgs(GroovyMain.java:129)
	at groovy.ui.GroovyMain.main(GroovyMain.java:109)
	at sun.reflect.NativeMethodAccessorImpl.invoke0(Native Method)
	at sun.reflect.NativeMethodAccessorImpl.invoke(NativeMethodAccessorImpl.java:62)
	at sun.reflect.DelegatingMethodAccessorImpl.invoke(DelegatingMethodAccessorImpl.java:43)
	at java.lang.reflect.Method.invoke(Method.java:498)
	at org.codehaus.groovy.tools.GroovyStarter.rootLoader(GroovyStarter.java:109)
	at org.codehaus.groovy.tools.GroovyStarter.main(GroovyStarter.java:131)
)

2018-11-16 18:15:33 - [TEST_STEP][PASSED] - verifyElementText: Actual text and expected text of test object 'Object Repository/ShopOpen/ChillerUtilization/ChillerNotAvailable/Validate_ProductCategoryAssetScreen' are matched.

2018-11-16 18:15:35 - [MESSAGE][PASSED] - Actual text and expected text of test object 'Object Repository/ShopOpen/ChillerUtilization/ChillerNotAvailable/Validate_ProductCategoryAssetScreen' are matched.

2018-11-16 18:15:35 - [TEST_STEP][PASSED] - tap: Tapped on element 'Object Repository/ShopOpen/ChillerUtilization/ChillerNotAvailable/Facing'

2018-11-16 18:15:35 - [MESSAGE][WARNING] - Timeout '0' is invalid. Using default page load timeout: '7'

2018-11-16 18:15:35 - [MESSAGE][PASSED] - Tapped on element 'Object Repository/ShopOpen/ChillerUtilization/ChillerNotAvailable/Facing'

2018-11-16 18:15:35 - [TEST_STEP][PASSED] - verifyElementText: Actual text and expected text of test object 'Object Repository/ShopOpen/ChillerUtilization/ChillerNotAvailable/Validate_FacingScreen' are matched.

2018-11-16 18:15:37 - [MESSAGE][PASSED] - Actual text and expected text of test object 'Object Repository/ShopOpen/ChillerUtilization/ChillerNotAvailable/Validate_FacingScreen' are matched.

2018-11-16 18:15:37 - [TEST_STEP][PASSED] - com.ct.qa.keywords.ChillerProductsDataKeywords.VisitChillerNotAvailableProductsData: com.ct.qa.keywords.ChillerProductsDataKeywords.VisitChillerNotAvailableProductsData is PASSED

2018-11-16 18:15:41 - [MESSAGE][PASSED] - Keyboard is hidden

2018-11-16 18:15:44 - [MESSAGE][PASSED] - Keyboard is hidden

2018-11-16 18:15:47 - [MESSAGE][PASSED] - Keyboard is hidden

2018-11-16 18:15:50 - [MESSAGE][PASSED] - Keyboard is hidden

2018-11-16 18:15:53 - [MESSAGE][PASSED] - Keyboard is hidden

2018-11-16 18:15:56 - [MESSAGE][PASSED] - Keyboard is hidden

2018-11-16 18:16:00 - [MESSAGE][PASSED] - Swiped from 23,359 to 23,250

2018-11-16 18:16:03 - [MESSAGE][PASSED] - Keyboard is hidden

2018-11-16 18:16:05 - [MESSAGE][PASSED] - Swiped from 23,359 to 23,250

2018-11-16 18:16:08 - [MESSAGE][PASSED] - Keyboard is hidden

2018-11-16 18:16:10 - [MESSAGE][PASSED] - Swiped from 23,359 to 23,250

2018-11-16 18:16:11 - [MESSAGE][PASSED] - com.ct.qa.keywords.ChillerProductsDataKeywords.VisitChillerNotAvailableProductsData is PASSED

2018-11-16 18:16:11 - [TEST_STEP][PASSED] - tap: Tapped on element 'Object Repository/ShopOpen/ChillerUtilization/ChillerNotAvailable/SubmitButton'

2018-11-16 18:16:11 - [MESSAGE][WARNING] - Timeout '0' is invalid. Using default page load timeout: '7'

2018-11-16 18:16:11 - [MESSAGE][PASSED] - Tapped on element 'Object Repository/ShopOpen/ChillerUtilization/ChillerNotAvailable/SubmitButton'

2018-11-16 18:16:11 - [TEST_STEP][PASSED] - verifyElementText: Actual text and expected text of test object 'Object Repository/ShopOpen/ChillerUtilization/ChillerNotAvailable/Validate_ProductCategoryAssetScreen' are matched.

2018-11-16 18:16:12 - [MESSAGE][PASSED] - Actual text and expected text of test object 'Object Repository/ShopOpen/ChillerUtilization/ChillerNotAvailable/Validate_ProductCategoryAssetScreen' are matched.

2018-11-16 18:16:12 - [TEST_STEP][PASSED] - tap: Tapped on element 'Object Repository/ShopOpen/ChillerUtilization/ChillerNotAvailable/StockTaking'

2018-11-16 18:16:12 - [MESSAGE][WARNING] - Timeout '0' is invalid. Using default page load timeout: '7'

2018-11-16 18:16:13 - [MESSAGE][PASSED] - Tapped on element 'Object Repository/ShopOpen/ChillerUtilization/ChillerNotAvailable/StockTaking'

2018-11-16 18:16:13 - [TEST_STEP][PASSED] - verifyElementText: Actual text and expected text of test object 'Object Repository/ShopOpen/ChillerUtilization/ChillerNotAvailable/Validate_StockTakingScreen' are matched.

2018-11-16 18:16:15 - [MESSAGE][PASSED] - Actual text and expected text of test object 'Object Repository/ShopOpen/ChillerUtilization/ChillerNotAvailable/Validate_StockTakingScreen' are matched.

2018-11-16 18:16:15 - [TEST_STEP][FAILED] - com.ct.qa.keywords.ChillerProductsDataKeywords.VisitChillerNotAvailableProductsData: Cannot hide keyboard (Root cause: org.openqa.selenium.WebDriverException: An unknown server-side error occurred while processing the command. Original error: Soft keyboard not present, cannot hide keyboard (WARNING: The server did not provide any stacktrace information)
Command duration or timeout: 0 milliseconds
Build info: version: '3.7.1', revision: '8a0099a', time: '2017-11-06T21:07:36.161Z'
System info: host: 'DESKTOP-L12UUAD', ip: '192.168.3.221', os.name: 'Windows 10', os.arch: 'amd64', os.version: '10.0', java.version: '1.8.0_102'
Driver info: com.kms.katalon.core.appium.driver.SwipeableAndroidDriver
Capabilities {app: F:\QA_Automation\Builds\non..., appActivity: com.audit.main.ui.SplashScreen, appPackage: com.concavetech.bloc, appWaitActivity: com.audit.main.ui.SplashScreen, appWaitPackage: com.concavetech.bloc, autoGrantPermissions: true, databaseEnabled: false, desired: {app: F:\QA_Automation\Builds\non..., autoGrantPermissions: true, deviceId: , deviceName: samsung SM-J110H (Android 4..., fullReset: false, newCommandTimeout: 1800, noReset: true, platform: ANDROID, platformName: Android, udid: 11015a1136d0b24a}, deviceId: , deviceManufacturer: samsung, deviceModel: SM-J110H, deviceName: 11015a1136d0b24a, deviceScreenSize: 480x800, deviceUDID: 11015a1136d0b24a, fullReset: false, javascriptEnabled: true, locationContextEnabled: false, networkConnectionEnabled: true, newCommandTimeout: 1800, noReset: true, platform: ANDROID, platformName: ANDROID, platformVersion: 4.4.4, takesScreenshot: true, udid: 11015a1136d0b24a, warnings: {}, webStorageEnabled: false}
Session ID: ba9f2dd4-22cf-4a6f-aeb7-f71967160ad1)

2018-11-16 18:16:19 - [MESSAGE][PASSED] - Keyboard is hidden

2018-11-16 18:16:22 - [MESSAGE][PASSED] - Keyboard is hidden

2018-11-16 18:16:25 - [MESSAGE][PASSED] - Keyboard is hidden

2018-11-16 18:16:28 - [MESSAGE][PASSED] - Keyboard is hidden

2018-11-16 18:16:31 - [MESSAGE][PASSED] - Keyboard is hidden

2018-11-16 18:16:34 - [MESSAGE][PASSED] - Keyboard is hidden

2018-11-16 18:16:38 - [MESSAGE][PASSED] - Swiped from 23,359 to 23,250

2018-11-16 18:16:42 - [MESSAGE][FAILED] - Cannot hide keyboard (Root cause: org.openqa.selenium.WebDriverException: An unknown server-side error occurred while processing the command. Original error: Soft keyboard not present, cannot hide keyboard (WARNING: The server did not provide any stacktrace information)
Command duration or timeout: 0 milliseconds
Build info: version: '3.7.1', revision: '8a0099a', time: '2017-11-06T21:07:36.161Z'
System info: host: 'DESKTOP-L12UUAD', ip: '192.168.3.221', os.name: 'Windows 10', os.arch: 'amd64', os.version: '10.0', java.version: '1.8.0_102'
Driver info: com.kms.katalon.core.appium.driver.SwipeableAndroidDriver
Capabilities {app: F:\QA_Automation\Builds\non..., appActivity: com.audit.main.ui.SplashScreen, appPackage: com.concavetech.bloc, appWaitActivity: com.audit.main.ui.SplashScreen, appWaitPackage: com.concavetech.bloc, autoGrantPermissions: true, databaseEnabled: false, desired: {app: F:\QA_Automation\Builds\non..., autoGrantPermissions: true, deviceId: , deviceName: samsung SM-J110H (Android 4..., fullReset: false, newCommandTimeout: 1800, noReset: true, platform: ANDROID, platformName: Android, udid: 11015a1136d0b24a}, deviceId: , deviceManufacturer: samsung, deviceModel: SM-J110H, deviceName: 11015a1136d0b24a, deviceScreenSize: 480x800, deviceUDID: 11015a1136d0b24a, fullReset: false, javascriptEnabled: true, locationContextEnabled: false, networkConnectionEnabled: true, newCommandTimeout: 1800, noReset: true, platform: ANDROID, platformName: ANDROID, platformVersion: 4.4.4, takesScreenshot: true, udid: 11015a1136d0b24a, warnings: {}, webStorageEnabled: false}
Session ID: ba9f2dd4-22cf-4a6f-aeb7-f71967160ad1)
[[ATTACHMENT|F:\\Git Projects\\Audit_Merchandising\\Audit_Merchandising\\Reports\\MMA Merchandising With Channel Wise Data Verification\\20181116_180018\\1542374201066.png]]

2018-11-16 18:16:42 - [MESSAGE][FAILED] - Cannot hide keyboard (Root cause: org.openqa.selenium.WebDriverException: An unknown server-side error occurred while processing the command. Original error: Soft keyboard not present, cannot hide keyboard (WARNING: The server did not provide any stacktrace information)
Command duration or timeout: 0 milliseconds
Build info: version: '3.7.1', revision: '8a0099a', time: '2017-11-06T21:07:36.161Z'
System info: host: 'DESKTOP-L12UUAD', ip: '192.168.3.221', os.name: 'Windows 10', os.arch: 'amd64', os.version: '10.0', java.version: '1.8.0_102'
Driver info: com.kms.katalon.core.appium.driver.SwipeableAndroidDriver
Capabilities {app: F:\QA_Automation\Builds\non..., appActivity: com.audit.main.ui.SplashScreen, appPackage: com.concavetech.bloc, appWaitActivity: com.audit.main.ui.SplashScreen, appWaitPackage: com.concavetech.bloc, autoGrantPermissions: true, databaseEnabled: false, desired: {app: F:\QA_Automation\Builds\non..., autoGrantPermissions: true, deviceId: , deviceName: samsung SM-J110H (Android 4..., fullReset: false, newCommandTimeout: 1800, noReset: true, platform: ANDROID, platformName: Android, udid: 11015a1136d0b24a}, deviceId: , deviceManufacturer: samsung, deviceModel: SM-J110H, deviceName: 11015a1136d0b24a, deviceScreenSize: 480x800, deviceUDID: 11015a1136d0b24a, fullReset: false, javascriptEnabled: true, locationContextEnabled: false, networkConnectionEnabled: true, newCommandTimeout: 1800, noReset: true, platform: ANDROID, platformName: ANDROID, platformVersion: 4.4.4, takesScreenshot: true, udid: 11015a1136d0b24a, warnings: {}, webStorageEnabled: false}
Session ID: ba9f2dd4-22cf-4a6f-aeb7-f71967160ad1)

2018-11-16 18:16:42 - [MESSAGE][FAILED] - Unable to call Test Case with id 'Test Cases/ShopOpen/ChillerUtilization/ChillerNotAvailable/VisitProductCategoryAssets' (Root cause: Call Test Case 'Test Cases/ShopOpen/ChillerUtilization/ChillerNotAvailable/VisitProductCategoryAssets' failed)

2018-11-16 18:16:42 - [MESSAGE][FAILED] - Cannot hide keyboard (Root cause: org.openqa.selenium.WebDriverException: An unknown server-side error occurred while processing the command. Original error: Soft keyboard not present, cannot hide keyboard (WARNING: The server did not provide any stacktrace information)
Command duration or timeout: 0 milliseconds
Build info: version: '3.7.1', revision: '8a0099a', time: '2017-11-06T21:07:36.161Z'
System info: host: 'DESKTOP-L12UUAD', ip: '192.168.3.221', os.name: 'Windows 10', os.arch: 'amd64', os.version: '10.0', java.version: '1.8.0_102'
Driver info: com.kms.katalon.core.appium.driver.SwipeableAndroidDriver
Capabilities {app: F:\QA_Automation\Builds\non..., appActivity: com.audit.main.ui.SplashScreen, appPackage: com.concavetech.bloc, appWaitActivity: com.audit.main.ui.SplashScreen, appWaitPackage: com.concavetech.bloc, autoGrantPermissions: true, databaseEnabled: false, desired: {app: F:\QA_Automation\Builds\non..., autoGrantPermissions: true, deviceId: , deviceName: samsung SM-J110H (Android 4..., fullReset: false, newCommandTimeout: 1800, noReset: true, platform: ANDROID, platformName: Android, udid: 11015a1136d0b24a}, deviceId: , deviceManufacturer: samsung, deviceModel: SM-J110H, deviceName: 11015a1136d0b24a, deviceScreenSize: 480x800, deviceUDID: 11015a1136d0b24a, fullReset: false, javascriptEnabled: true, locationContextEnabled: false, networkConnectionEnabled: true, newCommandTimeout: 1800, noReset: true, platform: ANDROID, platformName: ANDROID, platformVersion: 4.4.4, takesScreenshot: true, udid: 11015a1136d0b24a, warnings: {}, webStorageEnabled: false}
Session ID: ba9f2dd4-22cf-4a6f-aeb7-f71967160ad1)

2018-11-16 18:16:42 - [MESSAGE][FAILED] - Unable to call Test Case with id 'Test Cases/ShopOpen/ChillerUtilization/ChillerNotAvailable/VisitChillerNotAvailable' (Root cause: Call Test Case 'Test Cases/ShopOpen/ChillerUtilization/ChillerNotAvailable/VisitChillerNotAvailable' failed)

2018-11-16 18:16:42 - [MESSAGE][FAILED] - Cannot hide keyboard (Root cause: org.openqa.selenium.WebDriverException: An unknown server-side error occurred while processing the command. Original error: Soft keyboard not present, cannot hide keyboard (WARNING: The server did not provide any stacktrace information)
Command duration or timeout: 0 milliseconds
Build info: version: '3.7.1', revision: '8a0099a', time: '2017-11-06T21:07:36.161Z'
System info: host: 'DESKTOP-L12UUAD', ip: '192.168.3.221', os.name: 'Windows 10', os.arch: 'amd64', os.version: '10.0', java.version: '1.8.0_102'
Driver info: com.kms.katalon.core.appium.driver.SwipeableAndroidDriver
Capabilities {app: F:\QA_Automation\Builds\non..., appActivity: com.audit.main.ui.SplashScreen, appPackage: com.concavetech.bloc, appWaitActivity: com.audit.main.ui.SplashScreen, appWaitPackage: com.concavetech.bloc, autoGrantPermissions: true, databaseEnabled: false, desired: {app: F:\QA_Automation\Builds\non..., autoGrantPermissions: true, deviceId: , deviceName: samsung SM-J110H (Android 4..., fullReset: false, newCommandTimeout: 1800, noReset: true, platform: ANDROID, platformName: Android, udid: 11015a1136d0b24a}, deviceId: , deviceManufacturer: samsung, deviceModel: SM-J110H, deviceName: 11015a1136d0b24a, deviceScreenSize: 480x800, deviceUDID: 11015a1136d0b24a, fullReset: false, javascriptEnabled: true, locationContextEnabled: false, networkConnectionEnabled: true, newCommandTimeout: 1800, noReset: true, platform: ANDROID, platformName: ANDROID, platformVersion: 4.4.4, takesScreenshot: true, udid: 11015a1136d0b24a, warnings: {}, webStorageEnabled: false}
Session ID: ba9f2dd4-22cf-4a6f-aeb7-f71967160ad1)

2018-11-16 18:16:42 - [MESSAGE][FAILED] - Unable to call Test Case with id 'Test Cases/ShopOpen/ChillerUtilization/VisitChillerScenarios/VisitChillerUtilizationWithDataVerification' (Root cause: Call Test Case 'Test Cases/ShopOpen/ChillerUtilization/VisitChillerScenarios/VisitChillerUtilizationWithDataVerification' failed)

2018-11-16 18:16:42 - [MESSAGE][FAILED] - Cannot hide keyboard (Root cause: org.openqa.selenium.WebDriverException: An unknown server-side error occurred while processing the command. Original error: Soft keyboard not present, cannot hide keyboard (WARNING: The server did not provide any stacktrace information)
Command duration or timeout: 0 milliseconds
Build info: version: '3.7.1', revision: '8a0099a', time: '2017-11-06T21:07:36.161Z'
System info: host: 'DESKTOP-L12UUAD', ip: '192.168.3.221', os.name: 'Windows 10', os.arch: 'amd64', os.version: '10.0', java.version: '1.8.0_102'
Driver info: com.kms.katalon.core.appium.driver.SwipeableAndroidDriver
Capabilities {app: F:\QA_Automation\Builds\non..., appActivity: com.audit.main.ui.SplashScreen, appPackage: com.concavetech.bloc, appWaitActivity: com.audit.main.ui.SplashScreen, appWaitPackage: com.concavetech.bloc, autoGrantPermissions: true, databaseEnabled: false, desired: {app: F:\QA_Automation\Builds\non..., autoGrantPermissions: true, deviceId: , deviceName: samsung SM-J110H (Android 4..., fullReset: false, newCommandTimeout: 1800, noReset: true, platform: ANDROID, platformName: Android, udid: 11015a1136d0b24a}, deviceId: , deviceManufacturer: samsung, deviceModel: SM-J110H, deviceName: 11015a1136d0b24a, deviceScreenSize: 480x800, deviceUDID: 11015a1136d0b24a, fullReset: false, javascriptEnabled: true, locationContextEnabled: false, networkConnectionEnabled: true, newCommandTimeout: 1800, noReset: true, platform: ANDROID, platformName: ANDROID, platformVersion: 4.4.4, takesScreenshot: true, udid: 11015a1136d0b24a, warnings: {}, webStorageEnabled: false}
Session ID: ba9f2dd4-22cf-4a6f-aeb7-f71967160ad1)

2018-11-16 18:16:42 - [MESSAGE][FAILED] - Unable to call Test Case with id 'Test Cases/ShopOpen/VisitCategoryScenarios/VisitShopCategoriesWithDataVerification' (Root cause: Call Test Case 'Test Cases/ShopOpen/VisitCategoryScenarios/VisitShopCategoriesWithDataVerification' failed)

2018-11-16 18:16:42 - [MESSAGE][FAILED] - Cannot hide keyboard (Root cause: org.openqa.selenium.WebDriverException: An unknown server-side error occurred while processing the command. Original error: Soft keyboard not present, cannot hide keyboard (WARNING: The server did not provide any stacktrace information)
Command duration or timeout: 0 milliseconds
Build info: version: '3.7.1', revision: '8a0099a', time: '2017-11-06T21:07:36.161Z'
System info: host: 'DESKTOP-L12UUAD', ip: '192.168.3.221', os.name: 'Windows 10', os.arch: 'amd64', os.version: '10.0', java.version: '1.8.0_102'
Driver info: com.kms.katalon.core.appium.driver.SwipeableAndroidDriver
Capabilities {app: F:\QA_Automation\Builds\non..., appActivity: com.audit.main.ui.SplashScreen, appPackage: com.concavetech.bloc, appWaitActivity: com.audit.main.ui.SplashScreen, appWaitPackage: com.concavetech.bloc, autoGrantPermissions: true, databaseEnabled: false, desired: {app: F:\QA_Automation\Builds\non..., autoGrantPermissions: true, deviceId: , deviceName: samsung SM-J110H (Android 4..., fullReset: false, newCommandTimeout: 1800, noReset: true, platform: ANDROID, platformName: Android, udid: 11015a1136d0b24a}, deviceId: , deviceManufacturer: samsung, deviceModel: SM-J110H, deviceName: 11015a1136d0b24a, deviceScreenSize: 480x800, deviceUDID: 11015a1136d0b24a, fullReset: false, javascriptEnabled: true, locationContextEnabled: false, networkConnectionEnabled: true, newCommandTimeout: 1800, noReset: true, platform: ANDROID, platformName: ANDROID, platformVersion: 4.4.4, takesScreenshot: true, udid: 11015a1136d0b24a, warnings: {}, webStorageEnabled: false}
Session ID: ba9f2dd4-22cf-4a6f-aeb7-f71967160ad1)]]></system-out>
         <system-err><![CDATA[2018-11-16 18:02:42 - [TEST_CASE][FAILED] - Test Cases/VisitShopScenarios/VisitShopsWithDataVerification: Test Cases/VisitShopScenarios/VisitShopsWithDataVerification FAILED because (of) (Stack trace: com.kms.katalon.core.exception.StepFailedException: Cannot hide keyboard (Root cause: org.openqa.selenium.WebDriverException: An unknown server-side error occurred while processing the command. Original error: Soft keyboard not present, cannot hide keyboard (WARNING: The server did not provide any stacktrace information)
Command duration or timeout: 0 milliseconds
Build info: version: '3.7.1', revision: '8a0099a', time: '2017-11-06T21:07:36.161Z'
System info: host: 'DESKTOP-L12UUAD', ip: '192.168.3.221', os.name: 'Windows 10', os.arch: 'amd64', os.version: '10.0', java.version: '1.8.0_102'
Driver info: com.kms.katalon.core.appium.driver.SwipeableAndroidDriver
Capabilities {app: F:\QA_Automation\Builds\non..., appActivity: com.audit.main.ui.SplashScreen, appPackage: com.concavetech.bloc, appWaitActivity: com.audit.main.ui.SplashScreen, appWaitPackage: com.concavetech.bloc, autoGrantPermissions: true, databaseEnabled: false, desired: {app: F:\QA_Automation\Builds\non..., autoGrantPermissions: true, deviceId: , deviceName: samsung SM-J110H (Android 4..., fullReset: false, newCommandTimeout: 1800, noReset: true, platform: ANDROID, platformName: Android, udid: 11015a1136d0b24a}, deviceId: , deviceManufacturer: samsung, deviceModel: SM-J110H, deviceName: 11015a1136d0b24a, deviceScreenSize: 480x800, deviceUDID: 11015a1136d0b24a, fullReset: false, javascriptEnabled: true, locationContextEnabled: false, networkConnectionEnabled: true, newCommandTimeout: 1800, noReset: true, platform: ANDROID, platformName: ANDROID, platformVersion: 4.4.4, takesScreenshot: true, udid: 11015a1136d0b24a, warnings: {}, webStorageEnabled: false}
Session ID: ba9f2dd4-22cf-4a6f-aeb7-f71967160ad1)
	at com.kms.katalon.core.keyword.internal.KeywordMain.stepFailed(KeywordMain.groovy:36)
	at com.kms.katalon.core.mobile.keyword.internal.MobileKeywordMain.stepFailed(MobileKeywordMain.groovy:40)
	at com.kms.katalon.core.mobile.keyword.internal.MobileKeywordMain.runKeyword(MobileKeywordMain.groovy:23)
	at com.kms.katalon.core.mobile.keyword.internal.MobileKeywordMain$runKeyword.call(Unknown Source)
	at com.kms.katalon.core.mobile.keyword.builtin.HideKeyboardKeyword.hideKeyboard(HideKeyboardKeyword.groovy:66)
	at com.kms.katalon.core.mobile.keyword.builtin.HideKeyboardKeyword.execute(HideKeyboardKeyword.groovy:62)
	at com.kms.katalon.core.keyword.internal.KeywordExecutor.executeKeywordForPlatform(KeywordExecutor.groovy:53)
	at com.kms.katalon.core.mobile.keyword.MobileBuiltInKeywords.hideKeyboard(MobileBuiltInKeywords.groovy:1269)
	at com.kms.katalon.core.mobile.keyword.MobileBuiltInKeywords$hideKeyboard$5.call(Unknown Source)
	at com.ct.qa.keywords.ChillerProductsDataKeywords.VisitChillerNotAvailableProductsData(ChillerProductsDataKeywords.groovy:704)
	at sun.reflect.NativeMethodAccessorImpl.invoke0(Native Method)
	at sun.reflect.NativeMethodAccessorImpl.invoke(NativeMethodAccessorImpl.java:62)
	at sun.reflect.DelegatingMethodAccessorImpl.invoke(DelegatingMethodAccessorImpl.java:43)
	at java.lang.reflect.Method.invoke(Method.java:498)
	at org.codehaus.groovy.reflection.CachedMethod.invoke(CachedMethod.java:93)
	at groovy.lang.MetaMethod.doMethodInvoke(MetaMethod.java:325)
	at groovy.lang.MetaClassImpl.invokeMethod(MetaClassImpl.java:1215)
	at groovy.lang.MetaClassImpl.invokeMethod(MetaClassImpl.java:1024)
	at groovy.lang.MetaClassImpl.invokeMethod(MetaClassImpl.java:812)
	at groovy.lang.DelegatingMetaClass.invokeMethod(DelegatingMetaClass.java:144)
	at com.ct.qa.keywords.ChillerProductsDataKeywords.invokeMethod(ChillerProductsDataKeywords.groovy)
	at com.kms.katalon.core.main.CustomKeywordDelegatingMetaClass.invokeStaticMethod(CustomKeywordDelegatingMetaClass.java:46)
	at org.codehaus.groovy.runtime.callsite.StaticMetaClassSite.call(StaticMetaClassSite.java:53)
	at org.codehaus.groovy.runtime.callsite.AbstractCallSite.call(AbstractCallSite.java:133)
	at Script1531389034206.run(Script1531389034206.groovy:53)
	at com.kms.katalon.core.main.ScriptEngine.run(ScriptEngine.java:183)
	at com.kms.katalon.core.main.ScriptEngine.runScriptAsRawText(ScriptEngine.java:108)
	at com.kms.katalon.core.main.TestCaseExecutor.runScript(TestCaseExecutor.java:294)
	at com.kms.katalon.core.main.TestCaseExecutor.doExecute(TestCaseExecutor.java:285)
	at com.kms.katalon.core.main.TestCaseExecutor.processExecutionPhase(TestCaseExecutor.java:264)
	at com.kms.katalon.core.main.TestCaseExecutor.accessMainPhase(TestCaseExecutor.java:256)
	at com.kms.katalon.core.main.TestCaseExecutor.execute(TestCaseExecutor.java:200)
	at com.kms.katalon.core.main.TestCaseMain.runTestCase(TestCaseMain.java:99)
	at com.kms.katalon.core.keyword.builtin.CallTestCaseKeyword$_callTestCase_closure1.doCall(CallTestCaseKeyword.groovy:60)
	at com.kms.katalon.core.keyword.builtin.CallTestCaseKeyword$_callTestCase_closure1.call(CallTestCaseKeyword.groovy)
	at com.kms.katalon.core.keyword.internal.KeywordMain.runKeyword(KeywordMain.groovy:54)
	at com.kms.katalon.core.keyword.builtin.CallTestCaseKeyword.callTestCase(CallTestCaseKeyword.groovy:81)
	at com.kms.katalon.core.keyword.builtin.CallTestCaseKeyword.execute(CallTestCaseKeyword.groovy:45)
	at com.kms.katalon.core.keyword.internal.KeywordExecutor.executeKeywordForPlatform(KeywordExecutor.groovy:53)
	at com.kms.katalon.core.keyword.BuiltinKeywords.callTestCase(BuiltinKeywords.groovy:350)
	at sun.reflect.GeneratedMethodAccessor20.invoke(Unknown Source)
	at sun.reflect.DelegatingMethodAccessorImpl.invoke(DelegatingMethodAccessorImpl.java:43)
	at java.lang.reflect.Method.invoke(Method.java:498)
	at org.codehaus.groovy.reflection.CachedMethod.invoke(CachedMethod.java:93)
	at groovy.lang.MetaMethod.doMethodInvoke(MetaMethod.java:325)
	at groovy.lang.MetaClassImpl.invokeStaticMethod(MetaClassImpl.java:1469)
	at org.codehaus.groovy.runtime.callsite.StaticMetaClassSite.call(StaticMetaClassSite.java:53)
	at org.codehaus.groovy.runtime.callsite.AbstractCallSite.call(AbstractCallSite.java:133)
	at com.ct.qa.keywords.ChillerProductsDataKeywords.visitChillerNotAvailableProductCategories(ChillerProductsDataKeywords.groovy:199)
	at sun.reflect.NativeMethodAccessorImpl.invoke0(Native Method)
	at sun.reflect.NativeMethodAccessorImpl.invoke(NativeMethodAccessorImpl.java:62)
	at sun.reflect.DelegatingMethodAccessorImpl.invoke(DelegatingMethodAccessorImpl.java:43)
	at java.lang.reflect.Method.invoke(Method.java:498)
	at org.codehaus.groovy.reflection.CachedMethod.invoke(CachedMethod.java:93)
	at groovy.lang.MetaMethod.doMethodInvoke(MetaMethod.java:325)
	at groovy.lang.MetaClassImpl.invokeMethod(MetaClassImpl.java:1215)
	at groovy.lang.MetaClassImpl.invokeMethod(MetaClassImpl.java:1024)
	at groovy.lang.MetaClassImpl.invokeMethod(MetaClassImpl.java:812)
	at groovy.lang.DelegatingMetaClass.invokeMethod(DelegatingMetaClass.java:144)
	at com.ct.qa.keywords.ChillerProductsDataKeywords.invokeMethod(ChillerProductsDataKeywords.groovy)
	at com.kms.katalon.core.main.CustomKeywordDelegatingMetaClass.invokeStaticMethod(CustomKeywordDelegatingMetaClass.java:46)
	at org.codehaus.groovy.runtime.callsite.StaticMetaClassSite.call(StaticMetaClassSite.java:53)
	at org.codehaus.groovy.runtime.callsite.CallSiteArray.defaultCall(CallSiteArray.java:48)
	at org.codehaus.groovy.runtime.callsite.AbstractCallSite.call(AbstractCallSite.java:113)
	at org.codehaus.groovy.runtime.callsite.AbstractCallSite.call(AbstractCallSite.java:125)
	at Script1527584701019.run(Script1527584701019.groovy:28)
	at com.kms.katalon.core.main.ScriptEngine.run(ScriptEngine.java:183)
	at com.kms.katalon.core.main.ScriptEngine.runScriptAsRawText(ScriptEngine.java:108)
	at com.kms.katalon.core.main.TestCaseExecutor.runScript(TestCaseExecutor.java:294)
	at com.kms.katalon.core.main.TestCaseExecutor.doExecute(TestCaseExecutor.java:285)
	at com.kms.katalon.core.main.TestCaseExecutor.processExecutionPhase(TestCaseExecutor.java:264)
	at com.kms.katalon.core.main.TestCaseExecutor.accessMainPhase(TestCaseExecutor.java:256)
	at com.kms.katalon.core.main.TestCaseExecutor.execute(TestCaseExecutor.java:200)
	at com.kms.katalon.core.main.TestCaseMain.runTestCase(TestCaseMain.java:99)
	at com.kms.katalon.core.keyword.builtin.CallTestCaseKeyword$_callTestCase_closure1.doCall(CallTestCaseKeyword.groovy:60)
	at com.kms.katalon.core.keyword.builtin.CallTestCaseKeyword$_callTestCase_closure1.call(CallTestCaseKeyword.groovy)
	at com.kms.katalon.core.keyword.internal.KeywordMain.runKeyword(KeywordMain.groovy:54)
	at com.kms.katalon.core.keyword.builtin.CallTestCaseKeyword.callTestCase(CallTestCaseKeyword.groovy:81)
	at com.kms.katalon.core.keyword.builtin.CallTestCaseKeyword.execute(CallTestCaseKeyword.groovy:45)
	at com.kms.katalon.core.keyword.internal.KeywordExecutor.executeKeywordForPlatform(KeywordExecutor.groovy:53)
	at com.kms.katalon.core.keyword.BuiltinKeywords.callTestCase(BuiltinKeywords.groovy:350)
	at sun.reflect.GeneratedMethodAccessor20.invoke(Unknown Source)
	at sun.reflect.DelegatingMethodAccessorImpl.invoke(DelegatingMethodAccessorImpl.java:43)
	at java.lang.reflect.Method.invoke(Method.java:498)
	at org.codehaus.groovy.reflection.CachedMethod.invoke(CachedMethod.java:93)
	at groovy.lang.MetaMethod.doMethodInvoke(MetaMethod.java:325)
	at groovy.lang.MetaClassImpl.invokeStaticMethod(MetaClassImpl.java:1469)
	at org.codehaus.groovy.runtime.callsite.StaticMetaClassSite.call(StaticMetaClassSite.java:53)
	at org.codehaus.groovy.runtime.callsite.CallSiteArray.defaultCall(CallSiteArray.java:48)
	at org.codehaus.groovy.runtime.callsite.AbstractCallSite.call(AbstractCallSite.java:113)
	at org.codehaus.groovy.runtime.callsite.AbstractCallSite.call(AbstractCallSite.java:133)
	at com.ct.qa.keywords.ChillerVisitingScenariosKeywords.visitChillersTaggedInChillerUtilizationWithDataVerification(ChillerVisitingScenariosKeywords.groovy:63)
	at sun.reflect.NativeMethodAccessorImpl.invoke0(Native Method)
	at sun.reflect.NativeMethodAccessorImpl.invoke(NativeMethodAccessorImpl.java:62)
	at sun.reflect.DelegatingMethodAccessorImpl.invoke(DelegatingMethodAccessorImpl.java:43)
	at java.lang.reflect.Method.invoke(Method.java:498)
	at org.codehaus.groovy.reflection.CachedMethod.invoke(CachedMethod.java:93)
	at groovy.lang.MetaMethod.doMethodInvoke(MetaMethod.java:325)
	at groovy.lang.MetaClassImpl.invokeMethod(MetaClassImpl.java:1215)
	at groovy.lang.MetaClassImpl.invokeMethod(MetaClassImpl.java:1024)
	at groovy.lang.MetaClassImpl.invokeMethod(MetaClassImpl.java:812)
	at groovy.lang.DelegatingMetaClass.invokeMethod(DelegatingMetaClass.java:144)
	at com.ct.qa.keywords.ChillerVisitingScenariosKeywords.invokeMethod(ChillerVisitingScenariosKeywords.groovy)
	at com.kms.katalon.core.main.CustomKeywordDelegatingMetaClass.invokeStaticMethod(CustomKeywordDelegatingMetaClass.java:46)
	at org.codehaus.groovy.runtime.callsite.StaticMetaClassSite.call(StaticMetaClassSite.java:53)
	at org.codehaus.groovy.runtime.callsite.CallSiteArray.defaultCall(CallSiteArray.java:48)
	at org.codehaus.groovy.runtime.callsite.AbstractCallSite.call(AbstractCallSite.java:113)
	at org.codehaus.groovy.runtime.callsite.AbstractCallSite.call(AbstractCallSite.java:117)
	at Script1532949461188.run(Script1532949461188.groovy:29)
	at com.kms.katalon.core.main.ScriptEngine.run(ScriptEngine.java:183)
	at com.kms.katalon.core.main.ScriptEngine.runScriptAsRawText(ScriptEngine.java:108)
	at com.kms.katalon.core.main.TestCaseExecutor.runScript(TestCaseExecutor.java:294)
	at com.kms.katalon.core.main.TestCaseExecutor.doExecute(TestCaseExecutor.java:285)
	at com.kms.katalon.core.main.TestCaseExecutor.processExecutionPhase(TestCaseExecutor.java:264)
	at com.kms.katalon.core.main.TestCaseExecutor.accessMainPhase(TestCaseExecutor.java:256)
	at com.kms.katalon.core.main.TestCaseExecutor.execute(TestCaseExecutor.java:200)
	at com.kms.katalon.core.main.TestCaseMain.runTestCase(TestCaseMain.java:99)
	at com.kms.katalon.core.keyword.builtin.CallTestCaseKeyword$_callTestCase_closure1.doCall(CallTestCaseKeyword.groovy:60)
	at com.kms.katalon.core.keyword.builtin.CallTestCaseKeyword$_callTestCase_closure1.call(CallTestCaseKeyword.groovy)
	at com.kms.katalon.core.keyword.internal.KeywordMain.runKeyword(KeywordMain.groovy:54)
	at com.kms.katalon.core.keyword.builtin.CallTestCaseKeyword.callTestCase(CallTestCaseKeyword.groovy:81)
	at com.kms.katalon.core.keyword.builtin.CallTestCaseKeyword.execute(CallTestCaseKeyword.groovy:45)
	at com.kms.katalon.core.keyword.internal.KeywordExecutor.executeKeywordForPlatform(KeywordExecutor.groovy:53)
	at com.kms.katalon.core.keyword.BuiltinKeywords.callTestCase(BuiltinKeywords.groovy:350)
	at sun.reflect.GeneratedMethodAccessor20.invoke(Unknown Source)
	at sun.reflect.DelegatingMethodAccessorImpl.invoke(DelegatingMethodAccessorImpl.java:43)
	at java.lang.reflect.Method.invoke(Method.java:498)
	at org.codehaus.groovy.reflection.CachedMethod.invoke(CachedMethod.java:93)
	at groovy.lang.MetaMethod.doMethodInvoke(MetaMethod.java:325)
	at groovy.lang.MetaClassImpl.invokeStaticMethod(MetaClassImpl.java:1469)
	at org.codehaus.groovy.runtime.callsite.StaticMetaClassSite.call(StaticMetaClassSite.java:53)
	at org.codehaus.groovy.runtime.callsite.CallSiteArray.defaultCall(CallSiteArray.java:48)
	at org.codehaus.groovy.runtime.callsite.AbstractCallSite.call(AbstractCallSite.java:113)
	at org.codehaus.groovy.runtime.callsite.AbstractCallSite.call(AbstractCallSite.java:133)
	at com.ct.qa.keywords.CategoryVisitingScenariosKeywords.visitShopCategoriesWithDataVerification(CategoryVisitingScenariosKeywords.groovy:93)
	at sun.reflect.NativeMethodAccessorImpl.invoke0(Native Method)
	at sun.reflect.NativeMethodAccessorImpl.invoke(NativeMethodAccessorImpl.java:62)
	at sun.reflect.DelegatingMethodAccessorImpl.invoke(DelegatingMethodAccessorImpl.java:43)
	at java.lang.reflect.Method.invoke(Method.java:498)
	at org.codehaus.groovy.reflection.CachedMethod.invoke(CachedMethod.java:93)
	at groovy.lang.MetaMethod.doMethodInvoke(MetaMethod.java:325)
	at groovy.lang.MetaClassImpl.invokeMethod(MetaClassImpl.java:1215)
	at groovy.lang.MetaClassImpl.invokeMethod(MetaClassImpl.java:1024)
	at groovy.lang.MetaClassImpl.invokeMethod(MetaClassImpl.java:812)
	at groovy.lang.DelegatingMetaClass.invokeMethod(DelegatingMetaClass.java:144)
	at com.ct.qa.keywords.CategoryVisitingScenariosKeywords.invokeMethod(CategoryVisitingScenariosKeywords.groovy)
	at com.kms.katalon.core.main.CustomKeywordDelegatingMetaClass.invokeStaticMethod(CustomKeywordDelegatingMetaClass.java:46)
	at org.codehaus.groovy.runtime.callsite.StaticMetaClassSite.call(StaticMetaClassSite.java:53)
	at org.codehaus.groovy.runtime.callsite.AbstractCallSite.call(AbstractCallSite.java:117)
	at Script1533013695676.run(Script1533013695676.groovy:28)
	at com.kms.katalon.core.main.ScriptEngine.run(ScriptEngine.java:183)
	at com.kms.katalon.core.main.ScriptEngine.runScriptAsRawText(ScriptEngine.java:108)
	at com.kms.katalon.core.main.TestCaseExecutor.runScript(TestCaseExecutor.java:294)
	at com.kms.katalon.core.main.TestCaseExecutor.doExecute(TestCaseExecutor.java:285)
	at com.kms.katalon.core.main.TestCaseExecutor.processExecutionPhase(TestCaseExecutor.java:264)
	at com.kms.katalon.core.main.TestCaseExecutor.accessMainPhase(TestCaseExecutor.java:256)
	at com.kms.katalon.core.main.TestCaseExecutor.execute(TestCaseExecutor.java:200)
	at com.kms.katalon.core.main.TestCaseMain.runTestCase(TestCaseMain.java:99)
	at com.kms.katalon.core.keyword.builtin.CallTestCaseKeyword$_callTestCase_closure1.doCall(CallTestCaseKeyword.groovy:60)
	at com.kms.katalon.core.keyword.builtin.CallTestCaseKeyword$_callTestCase_closure1.call(CallTestCaseKeyword.groovy)
	at com.kms.katalon.core.keyword.internal.KeywordMain.runKeyword(KeywordMain.groovy:54)
	at com.kms.katalon.core.keyword.builtin.CallTestCaseKeyword.callTestCase(CallTestCaseKeyword.groovy:81)
	at com.kms.katalon.core.keyword.builtin.CallTestCaseKeyword.execute(CallTestCaseKeyword.groovy:45)
	at com.kms.katalon.core.keyword.internal.KeywordExecutor.executeKeywordForPlatform(KeywordExecutor.groovy:53)
	at com.kms.katalon.core.keyword.BuiltinKeywords.callTestCase(BuiltinKeywords.groovy:350)
	at sun.reflect.NativeMethodAccessorImpl.invoke0(Native Method)
	at sun.reflect.NativeMethodAccessorImpl.invoke(NativeMethodAccessorImpl.java:62)
	at sun.reflect.DelegatingMethodAccessorImpl.invoke(DelegatingMethodAccessorImpl.java:43)
	at java.lang.reflect.Method.invoke(Method.java:498)
	at org.codehaus.groovy.reflection.CachedMethod.invoke(CachedMethod.java:93)
	at groovy.lang.MetaMethod.doMethodInvoke(MetaMethod.java:325)
	at groovy.lang.MetaClassImpl.invokeStaticMethod(MetaClassImpl.java:1469)
	at org.codehaus.groovy.runtime.callsite.StaticMetaClassSite.call(StaticMetaClassSite.java:53)
	at org.codehaus.groovy.runtime.callsite.AbstractCallSite.call(AbstractCallSite.java:133)
	at com.ct.qa.keywords.ShopVisitingScenariosKeywords.visitShopWith_DataVerification(ShopVisitingScenariosKeywords.groovy:336)
	at sun.reflect.NativeMethodAccessorImpl.invoke0(Native Method)
	at sun.reflect.NativeMethodAccessorImpl.invoke(NativeMethodAccessorImpl.java:62)
	at sun.reflect.DelegatingMethodAccessorImpl.invoke(DelegatingMethodAccessorImpl.java:43)
	at java.lang.reflect.Method.invoke(Method.java:498)
	at org.codehaus.groovy.reflection.CachedMethod.invoke(CachedMethod.java:93)
	at groovy.lang.MetaMethod.doMethodInvoke(MetaMethod.java:325)
	at groovy.lang.MetaClassImpl.invokeMethod(MetaClassImpl.java:1215)
	at groovy.lang.MetaClassImpl.invokeMethod(MetaClassImpl.java:1024)
	at groovy.lang.MetaClassImpl.invokeMethod(MetaClassImpl.java:812)
	at groovy.lang.DelegatingMetaClass.invokeMethod(DelegatingMetaClass.java:144)
	at com.ct.qa.keywords.ShopVisitingScenariosKeywords.invokeMethod(ShopVisitingScenariosKeywords.groovy)
	at com.kms.katalon.core.main.CustomKeywordDelegatingMetaClass.invokeStaticMethod(CustomKeywordDelegatingMetaClass.java:46)
	at org.codehaus.groovy.runtime.callsite.StaticMetaClassSite.call(StaticMetaClassSite.java:53)
	at org.codehaus.groovy.runtime.callsite.CallSiteArray.defaultCall(CallSiteArray.java:48)
	at org.codehaus.groovy.runtime.callsite.AbstractCallSite.call(AbstractCallSite.java:113)
	at org.codehaus.groovy.runtime.callsite.AbstractCallSite.call(AbstractCallSite.java:117)
	at Script1539252870661.run(Script1539252870661.groovy:36)
	at com.kms.katalon.core.main.ScriptEngine.run(ScriptEngine.java:183)
	at com.kms.katalon.core.main.ScriptEngine.runScriptAsRawText(ScriptEngine.java:108)
	at com.kms.katalon.core.main.TestCaseExecutor.runScript(TestCaseExecutor.java:294)
	at com.kms.katalon.core.main.TestCaseExecutor.doExecute(TestCaseExecutor.java:285)
	at com.kms.katalon.core.main.TestCaseExecutor.processExecutionPhase(TestCaseExecutor.java:264)
	at com.kms.katalon.core.main.TestCaseExecutor.accessMainPhase(TestCaseExecutor.java:256)
	at com.kms.katalon.core.main.TestCaseExecutor.execute(TestCaseExecutor.java:200)
	at com.kms.katalon.core.main.TestSuiteExecutor.accessTestCaseMainPhase(TestSuiteExecutor.java:129)
	at com.kms.katalon.core.main.TestSuiteExecutor.accessTestSuiteMainPhase(TestSuiteExecutor.java:112)
	at com.kms.katalon.core.main.TestSuiteExecutor.execute(TestSuiteExecutor.java:81)
	at com.kms.katalon.core.main.TestCaseMain.startTestSuite(TestCaseMain.java:142)
	at com.kms.katalon.core.main.TestCaseMain$startTestSuite$0.call(Unknown Source)
	at org.codehaus.groovy.runtime.callsite.CallSiteArray.defaultCall(CallSiteArray.java:48)
	at org.codehaus.groovy.runtime.callsite.AbstractCallSite.call(AbstractCallSite.java:113)
	at org.codehaus.groovy.runtime.callsite.AbstractCallSite.call(AbstractCallSite.java:141)
	at TempTestSuite1542373218680.run(TempTestSuite1542373218680.groovy:36)
	at groovy.lang.GroovyShell.runScriptOrMainOrTestOrRunnable(GroovyShell.java:263)
	at groovy.lang.GroovyShell.run(GroovyShell.java:518)
	at groovy.lang.GroovyShell.run(GroovyShell.java:507)
	at groovy.ui.GroovyMain.processOnce(GroovyMain.java:653)
	at groovy.ui.GroovyMain.run(GroovyMain.java:384)
	at groovy.ui.GroovyMain.process(GroovyMain.java:370)
	at groovy.ui.GroovyMain.processArgs(GroovyMain.java:129)
	at groovy.ui.GroovyMain.main(GroovyMain.java:109)
	at sun.reflect.NativeMethodAccessorImpl.invoke0(Native Method)
	at sun.reflect.NativeMethodAccessorImpl.invoke(NativeMethodAccessorImpl.java:62)
	at sun.reflect.DelegatingMethodAccessorImpl.invoke(DelegatingMethodAccessorImpl.java:43)
	at java.lang.reflect.Method.invoke(Method.java:498)
	at org.codehaus.groovy.tools.GroovyStarter.rootLoader(GroovyStarter.java:109)
	at org.codehaus.groovy.tools.GroovyStarter.main(GroovyStarter.java:131)
)]]></system-err>
      </testcase>
      <system-out><![CDATA[2018-11-16 18:00:21 - [TEST_SUITE][FAILED] - MMA Merchandising With Channel Wise Data Verification: Test Cases/VisitShopScenarios/VisitShopsWithDataVerification FAILED because (of) (Stack trace: com.kms.katalon.core.exception.StepFailedException: Cannot hide keyboard (Root cause: org.openqa.selenium.WebDriverException: An unknown server-side error occurred while processing the command. Original error: Soft keyboard not present, cannot hide keyboard (WARNING: The server did not provide any stacktrace information)
Command duration or timeout: 0 milliseconds
Build info: version: '3.7.1', revision: '8a0099a', time: '2017-11-06T21:07:36.161Z'
System info: host: 'DESKTOP-L12UUAD', ip: '192.168.3.221', os.name: 'Windows 10', os.arch: 'amd64', os.version: '10.0', java.version: '1.8.0_102'
Driver info: com.kms.katalon.core.appium.driver.SwipeableAndroidDriver
Capabilities {app: F:\QA_Automation\Builds\non..., appActivity: com.audit.main.ui.SplashScreen, appPackage: com.concavetech.bloc, appWaitActivity: com.audit.main.ui.SplashScreen, appWaitPackage: com.concavetech.bloc, autoGrantPermissions: true, databaseEnabled: false, desired: {app: F:\QA_Automation\Builds\non..., autoGrantPermissions: true, deviceId: , deviceName: samsung SM-J110H (Android 4..., fullReset: false, newCommandTimeout: 1800, noReset: true, platform: ANDROID, platformName: Android, udid: 11015a1136d0b24a}, deviceId: , deviceManufacturer: samsung, deviceModel: SM-J110H, deviceName: 11015a1136d0b24a, deviceScreenSize: 480x800, deviceUDID: 11015a1136d0b24a, fullReset: false, javascriptEnabled: true, locationContextEnabled: false, networkConnectionEnabled: true, newCommandTimeout: 1800, noReset: true, platform: ANDROID, platformName: ANDROID, platformVersion: 4.4.4, takesScreenshot: true, udid: 11015a1136d0b24a, warnings: {}, webStorageEnabled: false}
Session ID: ba9f2dd4-22cf-4a6f-aeb7-f71967160ad1)
	at com.kms.katalon.core.keyword.internal.KeywordMain.stepFailed(KeywordMain.groovy:36)
	at com.kms.katalon.core.mobile.keyword.internal.MobileKeywordMain.stepFailed(MobileKeywordMain.groovy:40)
	at com.kms.katalon.core.mobile.keyword.internal.MobileKeywordMain.runKeyword(MobileKeywordMain.groovy:23)
	at com.kms.katalon.core.mobile.keyword.internal.MobileKeywordMain$runKeyword.call(Unknown Source)
	at com.kms.katalon.core.mobile.keyword.builtin.HideKeyboardKeyword.hideKeyboard(HideKeyboardKeyword.groovy:66)
	at com.kms.katalon.core.mobile.keyword.builtin.HideKeyboardKeyword.execute(HideKeyboardKeyword.groovy:62)
	at com.kms.katalon.core.keyword.internal.KeywordExecutor.executeKeywordForPlatform(KeywordExecutor.groovy:53)
	at com.kms.katalon.core.mobile.keyword.MobileBuiltInKeywords.hideKeyboard(MobileBuiltInKeywords.groovy:1269)
	at com.kms.katalon.core.mobile.keyword.MobileBuiltInKeywords$hideKeyboard$5.call(Unknown Source)
	at com.ct.qa.keywords.ChillerProductsDataKeywords.VisitChillerNotAvailableProductsData(ChillerProductsDataKeywords.groovy:704)
	at sun.reflect.NativeMethodAccessorImpl.invoke0(Native Method)
	at sun.reflect.NativeMethodAccessorImpl.invoke(NativeMethodAccessorImpl.java:62)
	at sun.reflect.DelegatingMethodAccessorImpl.invoke(DelegatingMethodAccessorImpl.java:43)
	at java.lang.reflect.Method.invoke(Method.java:498)
	at org.codehaus.groovy.reflection.CachedMethod.invoke(CachedMethod.java:93)
	at groovy.lang.MetaMethod.doMethodInvoke(MetaMethod.java:325)
	at groovy.lang.MetaClassImpl.invokeMethod(MetaClassImpl.java:1215)
	at groovy.lang.MetaClassImpl.invokeMethod(MetaClassImpl.java:1024)
	at groovy.lang.MetaClassImpl.invokeMethod(MetaClassImpl.java:812)
	at groovy.lang.DelegatingMetaClass.invokeMethod(DelegatingMetaClass.java:144)
	at com.ct.qa.keywords.ChillerProductsDataKeywords.invokeMethod(ChillerProductsDataKeywords.groovy)
	at com.kms.katalon.core.main.CustomKeywordDelegatingMetaClass.invokeStaticMethod(CustomKeywordDelegatingMetaClass.java:46)
	at org.codehaus.groovy.runtime.callsite.StaticMetaClassSite.call(StaticMetaClassSite.java:53)
	at org.codehaus.groovy.runtime.callsite.AbstractCallSite.call(AbstractCallSite.java:133)
	at Script1531389034206.run(Script1531389034206.groovy:53)
	at com.kms.katalon.core.main.ScriptEngine.run(ScriptEngine.java:183)
	at com.kms.katalon.core.main.ScriptEngine.runScriptAsRawText(ScriptEngine.java:108)
	at com.kms.katalon.core.main.TestCaseExecutor.runScript(TestCaseExecutor.java:294)
	at com.kms.katalon.core.main.TestCaseExecutor.doExecute(TestCaseExecutor.java:285)
	at com.kms.katalon.core.main.TestCaseExecutor.processExecutionPhase(TestCaseExecutor.java:264)
	at com.kms.katalon.core.main.TestCaseExecutor.accessMainPhase(TestCaseExecutor.java:256)
	at com.kms.katalon.core.main.TestCaseExecutor.execute(TestCaseExecutor.java:200)
	at com.kms.katalon.core.main.TestCaseMain.runTestCase(TestCaseMain.java:99)
	at com.kms.katalon.core.keyword.builtin.CallTestCaseKeyword$_callTestCase_closure1.doCall(CallTestCaseKeyword.groovy:60)
	at com.kms.katalon.core.keyword.builtin.CallTestCaseKeyword$_callTestCase_closure1.call(CallTestCaseKeyword.groovy)
	at com.kms.katalon.core.keyword.internal.KeywordMain.runKeyword(KeywordMain.groovy:54)
	at com.kms.katalon.core.keyword.builtin.CallTestCaseKeyword.callTestCase(CallTestCaseKeyword.groovy:81)
	at com.kms.katalon.core.keyword.builtin.CallTestCaseKeyword.execute(CallTestCaseKeyword.groovy:45)
	at com.kms.katalon.core.keyword.internal.KeywordExecutor.executeKeywordForPlatform(KeywordExecutor.groovy:53)
	at com.kms.katalon.core.keyword.BuiltinKeywords.callTestCase(BuiltinKeywords.groovy:350)
	at sun.reflect.GeneratedMethodAccessor20.invoke(Unknown Source)
	at sun.reflect.DelegatingMethodAccessorImpl.invoke(DelegatingMethodAccessorImpl.java:43)
	at java.lang.reflect.Method.invoke(Method.java:498)
	at org.codehaus.groovy.reflection.CachedMethod.invoke(CachedMethod.java:93)
	at groovy.lang.MetaMethod.doMethodInvoke(MetaMethod.java:325)
	at groovy.lang.MetaClassImpl.invokeStaticMethod(MetaClassImpl.java:1469)
	at org.codehaus.groovy.runtime.callsite.StaticMetaClassSite.call(StaticMetaClassSite.java:53)
	at org.codehaus.groovy.runtime.callsite.AbstractCallSite.call(AbstractCallSite.java:133)
	at com.ct.qa.keywords.ChillerProductsDataKeywords.visitChillerNotAvailableProductCategories(ChillerProductsDataKeywords.groovy:199)
	at sun.reflect.NativeMethodAccessorImpl.invoke0(Native Method)
	at sun.reflect.NativeMethodAccessorImpl.invoke(NativeMethodAccessorImpl.java:62)
	at sun.reflect.DelegatingMethodAccessorImpl.invoke(DelegatingMethodAccessorImpl.java:43)
	at java.lang.reflect.Method.invoke(Method.java:498)
	at org.codehaus.groovy.reflection.CachedMethod.invoke(CachedMethod.java:93)
	at groovy.lang.MetaMethod.doMethodInvoke(MetaMethod.java:325)
	at groovy.lang.MetaClassImpl.invokeMethod(MetaClassImpl.java:1215)
	at groovy.lang.MetaClassImpl.invokeMethod(MetaClassImpl.java:1024)
	at groovy.lang.MetaClassImpl.invokeMethod(MetaClassImpl.java:812)
	at groovy.lang.DelegatingMetaClass.invokeMethod(DelegatingMetaClass.java:144)
	at com.ct.qa.keywords.ChillerProductsDataKeywords.invokeMethod(ChillerProductsDataKeywords.groovy)
	at com.kms.katalon.core.main.CustomKeywordDelegatingMetaClass.invokeStaticMethod(CustomKeywordDelegatingMetaClass.java:46)
	at org.codehaus.groovy.runtime.callsite.StaticMetaClassSite.call(StaticMetaClassSite.java:53)
	at org.codehaus.groovy.runtime.callsite.CallSiteArray.defaultCall(CallSiteArray.java:48)
	at org.codehaus.groovy.runtime.callsite.AbstractCallSite.call(AbstractCallSite.java:113)
	at org.codehaus.groovy.runtime.callsite.AbstractCallSite.call(AbstractCallSite.java:125)
	at Script1527584701019.run(Script1527584701019.groovy:28)
	at com.kms.katalon.core.main.ScriptEngine.run(ScriptEngine.java:183)
	at com.kms.katalon.core.main.ScriptEngine.runScriptAsRawText(ScriptEngine.java:108)
	at com.kms.katalon.core.main.TestCaseExecutor.runScript(TestCaseExecutor.java:294)
	at com.kms.katalon.core.main.TestCaseExecutor.doExecute(TestCaseExecutor.java:285)
	at com.kms.katalon.core.main.TestCaseExecutor.processExecutionPhase(TestCaseExecutor.java:264)
	at com.kms.katalon.core.main.TestCaseExecutor.accessMainPhase(TestCaseExecutor.java:256)
	at com.kms.katalon.core.main.TestCaseExecutor.execute(TestCaseExecutor.java:200)
	at com.kms.katalon.core.main.TestCaseMain.runTestCase(TestCaseMain.java:99)
	at com.kms.katalon.core.keyword.builtin.CallTestCaseKeyword$_callTestCase_closure1.doCall(CallTestCaseKeyword.groovy:60)
	at com.kms.katalon.core.keyword.builtin.CallTestCaseKeyword$_callTestCase_closure1.call(CallTestCaseKeyword.groovy)
	at com.kms.katalon.core.keyword.internal.KeywordMain.runKeyword(KeywordMain.groovy:54)
	at com.kms.katalon.core.keyword.builtin.CallTestCaseKeyword.callTestCase(CallTestCaseKeyword.groovy:81)
	at com.kms.katalon.core.keyword.builtin.CallTestCaseKeyword.execute(CallTestCaseKeyword.groovy:45)
	at com.kms.katalon.core.keyword.internal.KeywordExecutor.executeKeywordForPlatform(KeywordExecutor.groovy:53)
	at com.kms.katalon.core.keyword.BuiltinKeywords.callTestCase(BuiltinKeywords.groovy:350)
	at sun.reflect.GeneratedMethodAccessor20.invoke(Unknown Source)
	at sun.reflect.DelegatingMethodAccessorImpl.invoke(DelegatingMethodAccessorImpl.java:43)
	at java.lang.reflect.Method.invoke(Method.java:498)
	at org.codehaus.groovy.reflection.CachedMethod.invoke(CachedMethod.java:93)
	at groovy.lang.MetaMethod.doMethodInvoke(MetaMethod.java:325)
	at groovy.lang.MetaClassImpl.invokeStaticMethod(MetaClassImpl.java:1469)
	at org.codehaus.groovy.runtime.callsite.StaticMetaClassSite.call(StaticMetaClassSite.java:53)
	at org.codehaus.groovy.runtime.callsite.CallSiteArray.defaultCall(CallSiteArray.java:48)
	at org.codehaus.groovy.runtime.callsite.AbstractCallSite.call(AbstractCallSite.java:113)
	at org.codehaus.groovy.runtime.callsite.AbstractCallSite.call(AbstractCallSite.java:133)
	at com.ct.qa.keywords.ChillerVisitingScenariosKeywords.visitChillersTaggedInChillerUtilizationWithDataVerification(ChillerVisitingScenariosKeywords.groovy:63)
	at sun.reflect.NativeMethodAccessorImpl.invoke0(Native Method)
	at sun.reflect.NativeMethodAccessorImpl.invoke(NativeMethodAccessorImpl.java:62)
	at sun.reflect.DelegatingMethodAccessorImpl.invoke(DelegatingMethodAccessorImpl.java:43)
	at java.lang.reflect.Method.invoke(Method.java:498)
	at org.codehaus.groovy.reflection.CachedMethod.invoke(CachedMethod.java:93)
	at groovy.lang.MetaMethod.doMethodInvoke(MetaMethod.java:325)
	at groovy.lang.MetaClassImpl.invokeMethod(MetaClassImpl.java:1215)
	at groovy.lang.MetaClassImpl.invokeMethod(MetaClassImpl.java:1024)
	at groovy.lang.MetaClassImpl.invokeMethod(MetaClassImpl.java:812)
	at groovy.lang.DelegatingMetaClass.invokeMethod(DelegatingMetaClass.java:144)
	at com.ct.qa.keywords.ChillerVisitingScenariosKeywords.invokeMethod(ChillerVisitingScenariosKeywords.groovy)
	at com.kms.katalon.core.main.CustomKeywordDelegatingMetaClass.invokeStaticMethod(CustomKeywordDelegatingMetaClass.java:46)
	at org.codehaus.groovy.runtime.callsite.StaticMetaClassSite.call(StaticMetaClassSite.java:53)
	at org.codehaus.groovy.runtime.callsite.CallSiteArray.defaultCall(CallSiteArray.java:48)
	at org.codehaus.groovy.runtime.callsite.AbstractCallSite.call(AbstractCallSite.java:113)
	at org.codehaus.groovy.runtime.callsite.AbstractCallSite.call(AbstractCallSite.java:117)
	at Script1532949461188.run(Script1532949461188.groovy:29)
	at com.kms.katalon.core.main.ScriptEngine.run(ScriptEngine.java:183)
	at com.kms.katalon.core.main.ScriptEngine.runScriptAsRawText(ScriptEngine.java:108)
	at com.kms.katalon.core.main.TestCaseExecutor.runScript(TestCaseExecutor.java:294)
	at com.kms.katalon.core.main.TestCaseExecutor.doExecute(TestCaseExecutor.java:285)
	at com.kms.katalon.core.main.TestCaseExecutor.processExecutionPhase(TestCaseExecutor.java:264)
	at com.kms.katalon.core.main.TestCaseExecutor.accessMainPhase(TestCaseExecutor.java:256)
	at com.kms.katalon.core.main.TestCaseExecutor.execute(TestCaseExecutor.java:200)
	at com.kms.katalon.core.main.TestCaseMain.runTestCase(TestCaseMain.java:99)
	at com.kms.katalon.core.keyword.builtin.CallTestCaseKeyword$_callTestCase_closure1.doCall(CallTestCaseKeyword.groovy:60)
	at com.kms.katalon.core.keyword.builtin.CallTestCaseKeyword$_callTestCase_closure1.call(CallTestCaseKeyword.groovy)
	at com.kms.katalon.core.keyword.internal.KeywordMain.runKeyword(KeywordMain.groovy:54)
	at com.kms.katalon.core.keyword.builtin.CallTestCaseKeyword.callTestCase(CallTestCaseKeyword.groovy:81)
	at com.kms.katalon.core.keyword.builtin.CallTestCaseKeyword.execute(CallTestCaseKeyword.groovy:45)
	at com.kms.katalon.core.keyword.internal.KeywordExecutor.executeKeywordForPlatform(KeywordExecutor.groovy:53)
	at com.kms.katalon.core.keyword.BuiltinKeywords.callTestCase(BuiltinKeywords.groovy:350)
	at sun.reflect.GeneratedMethodAccessor20.invoke(Unknown Source)
	at sun.reflect.DelegatingMethodAccessorImpl.invoke(DelegatingMethodAccessorImpl.java:43)
	at java.lang.reflect.Method.invoke(Method.java:498)
	at org.codehaus.groovy.reflection.CachedMethod.invoke(CachedMethod.java:93)
	at groovy.lang.MetaMethod.doMethodInvoke(MetaMethod.java:325)
	at groovy.lang.MetaClassImpl.invokeStaticMethod(MetaClassImpl.java:1469)
	at org.codehaus.groovy.runtime.callsite.StaticMetaClassSite.call(StaticMetaClassSite.java:53)
	at org.codehaus.groovy.runtime.callsite.CallSiteArray.defaultCall(CallSiteArray.java:48)
	at org.codehaus.groovy.runtime.callsite.AbstractCallSite.call(AbstractCallSite.java:113)
	at org.codehaus.groovy.runtime.callsite.AbstractCallSite.call(AbstractCallSite.java:133)
	at com.ct.qa.keywords.CategoryVisitingScenariosKeywords.visitShopCategoriesWithDataVerification(CategoryVisitingScenariosKeywords.groovy:93)
	at sun.reflect.NativeMethodAccessorImpl.invoke0(Native Method)
	at sun.reflect.NativeMethodAccessorImpl.invoke(NativeMethodAccessorImpl.java:62)
	at sun.reflect.DelegatingMethodAccessorImpl.invoke(DelegatingMethodAccessorImpl.java:43)
	at java.lang.reflect.Method.invoke(Method.java:498)
	at org.codehaus.groovy.reflection.CachedMethod.invoke(CachedMethod.java:93)
	at groovy.lang.MetaMethod.doMethodInvoke(MetaMethod.java:325)
	at groovy.lang.MetaClassImpl.invokeMethod(MetaClassImpl.java:1215)
	at groovy.lang.MetaClassImpl.invokeMethod(MetaClassImpl.java:1024)
	at groovy.lang.MetaClassImpl.invokeMethod(MetaClassImpl.java:812)
	at groovy.lang.DelegatingMetaClass.invokeMethod(DelegatingMetaClass.java:144)
	at com.ct.qa.keywords.CategoryVisitingScenariosKeywords.invokeMethod(CategoryVisitingScenariosKeywords.groovy)
	at com.kms.katalon.core.main.CustomKeywordDelegatingMetaClass.invokeStaticMethod(CustomKeywordDelegatingMetaClass.java:46)
	at org.codehaus.groovy.runtime.callsite.StaticMetaClassSite.call(StaticMetaClassSite.java:53)
	at org.codehaus.groovy.runtime.callsite.AbstractCallSite.call(AbstractCallSite.java:117)
	at Script1533013695676.run(Script1533013695676.groovy:28)
	at com.kms.katalon.core.main.ScriptEngine.run(ScriptEngine.java:183)
	at com.kms.katalon.core.main.ScriptEngine.runScriptAsRawText(ScriptEngine.java:108)
	at com.kms.katalon.core.main.TestCaseExecutor.runScript(TestCaseExecutor.java:294)
	at com.kms.katalon.core.main.TestCaseExecutor.doExecute(TestCaseExecutor.java:285)
	at com.kms.katalon.core.main.TestCaseExecutor.processExecutionPhase(TestCaseExecutor.java:264)
	at com.kms.katalon.core.main.TestCaseExecutor.accessMainPhase(TestCaseExecutor.java:256)
	at com.kms.katalon.core.main.TestCaseExecutor.execute(TestCaseExecutor.java:200)
	at com.kms.katalon.core.main.TestCaseMain.runTestCase(TestCaseMain.java:99)
	at com.kms.katalon.core.keyword.builtin.CallTestCaseKeyword$_callTestCase_closure1.doCall(CallTestCaseKeyword.groovy:60)
	at com.kms.katalon.core.keyword.builtin.CallTestCaseKeyword$_callTestCase_closure1.call(CallTestCaseKeyword.groovy)
	at com.kms.katalon.core.keyword.internal.KeywordMain.runKeyword(KeywordMain.groovy:54)
	at com.kms.katalon.core.keyword.builtin.CallTestCaseKeyword.callTestCase(CallTestCaseKeyword.groovy:81)
	at com.kms.katalon.core.keyword.builtin.CallTestCaseKeyword.execute(CallTestCaseKeyword.groovy:45)
	at com.kms.katalon.core.keyword.internal.KeywordExecutor.executeKeywordForPlatform(KeywordExecutor.groovy:53)
	at com.kms.katalon.core.keyword.BuiltinKeywords.callTestCase(BuiltinKeywords.groovy:350)
	at sun.reflect.NativeMethodAccessorImpl.invoke0(Native Method)
	at sun.reflect.NativeMethodAccessorImpl.invoke(NativeMethodAccessorImpl.java:62)
	at sun.reflect.DelegatingMethodAccessorImpl.invoke(DelegatingMethodAccessorImpl.java:43)
	at java.lang.reflect.Method.invoke(Method.java:498)
	at org.codehaus.groovy.reflection.CachedMethod.invoke(CachedMethod.java:93)
	at groovy.lang.MetaMethod.doMethodInvoke(MetaMethod.java:325)
	at groovy.lang.MetaClassImpl.invokeStaticMethod(MetaClassImpl.java:1469)
	at org.codehaus.groovy.runtime.callsite.StaticMetaClassSite.call(StaticMetaClassSite.java:53)
	at org.codehaus.groovy.runtime.callsite.AbstractCallSite.call(AbstractCallSite.java:133)
	at com.ct.qa.keywords.ShopVisitingScenariosKeywords.visitShopWith_DataVerification(ShopVisitingScenariosKeywords.groovy:336)
	at sun.reflect.NativeMethodAccessorImpl.invoke0(Native Method)
	at sun.reflect.NativeMethodAccessorImpl.invoke(NativeMethodAccessorImpl.java:62)
	at sun.reflect.DelegatingMethodAccessorImpl.invoke(DelegatingMethodAccessorImpl.java:43)
	at java.lang.reflect.Method.invoke(Method.java:498)
	at org.codehaus.groovy.reflection.CachedMethod.invoke(CachedMethod.java:93)
	at groovy.lang.MetaMethod.doMethodInvoke(MetaMethod.java:325)
	at groovy.lang.MetaClassImpl.invokeMethod(MetaClassImpl.java:1215)
	at groovy.lang.MetaClassImpl.invokeMethod(MetaClassImpl.java:1024)
	at groovy.lang.MetaClassImpl.invokeMethod(MetaClassImpl.java:812)
	at groovy.lang.DelegatingMetaClass.invokeMethod(DelegatingMetaClass.java:144)
	at com.ct.qa.keywords.ShopVisitingScenariosKeywords.invokeMethod(ShopVisitingScenariosKeywords.groovy)
	at com.kms.katalon.core.main.CustomKeywordDelegatingMetaClass.invokeStaticMethod(CustomKeywordDelegatingMetaClass.java:46)
	at org.codehaus.groovy.runtime.callsite.StaticMetaClassSite.call(StaticMetaClassSite.java:53)
	at org.codehaus.groovy.runtime.callsite.CallSiteArray.defaultCall(CallSiteArray.java:48)
	at org.codehaus.groovy.runtime.callsite.AbstractCallSite.call(AbstractCallSite.java:113)
	at org.codehaus.groovy.runtime.callsite.AbstractCallSite.call(AbstractCallSite.java:117)
	at Script1539252870661.run(Script1539252870661.groovy:36)
	at com.kms.katalon.core.main.ScriptEngine.run(ScriptEngine.java:183)
	at com.kms.katalon.core.main.ScriptEngine.runScriptAsRawText(ScriptEngine.java:108)
	at com.kms.katalon.core.main.TestCaseExecutor.runScript(TestCaseExecutor.java:294)
	at com.kms.katalon.core.main.TestCaseExecutor.doExecute(TestCaseExecutor.java:285)
	at com.kms.katalon.core.main.TestCaseExecutor.processExecutionPhase(TestCaseExecutor.java:264)
	at com.kms.katalon.core.main.TestCaseExecutor.accessMainPhase(TestCaseExecutor.java:256)
	at com.kms.katalon.core.main.TestCaseExecutor.execute(TestCaseExecutor.java:200)
	at com.kms.katalon.core.main.TestSuiteExecutor.accessTestCaseMainPhase(TestSuiteExecutor.java:129)
	at com.kms.katalon.core.main.TestSuiteExecutor.accessTestSuiteMainPhase(TestSuiteExecutor.java:112)
	at com.kms.katalon.core.main.TestSuiteExecutor.execute(TestSuiteExecutor.java:81)
	at com.kms.katalon.core.main.TestCaseMain.startTestSuite(TestCaseMain.java:142)
	at com.kms.katalon.core.main.TestCaseMain$startTestSuite$0.call(Unknown Source)
	at org.codehaus.groovy.runtime.callsite.CallSiteArray.defaultCall(CallSiteArray.java:48)
	at org.codehaus.groovy.runtime.callsite.AbstractCallSite.call(AbstractCallSite.java:113)
	at org.codehaus.groovy.runtime.callsite.AbstractCallSite.call(AbstractCallSite.java:141)
	at TempTestSuite1542373218680.run(TempTestSuite1542373218680.groovy:36)
	at groovy.lang.GroovyShell.runScriptOrMainOrTestOrRunnable(GroovyShell.java:263)
	at groovy.lang.GroovyShell.run(GroovyShell.java:518)
	at groovy.lang.GroovyShell.run(GroovyShell.java:507)
	at groovy.ui.GroovyMain.processOnce(GroovyMain.java:653)
	at groovy.ui.GroovyMain.run(GroovyMain.java:384)
	at groovy.ui.GroovyMain.process(GroovyMain.java:370)
	at groovy.ui.GroovyMain.processArgs(GroovyMain.java:129)
	at groovy.ui.GroovyMain.main(GroovyMain.java:109)
	at sun.reflect.NativeMethodAccessorImpl.invoke0(Native Method)
	at sun.reflect.NativeMethodAccessorImpl.invoke(NativeMethodAccessorImpl.java:62)
	at sun.reflect.DelegatingMethodAccessorImpl.invoke(DelegatingMethodAccessorImpl.java:43)
	at java.lang.reflect.Method.invoke(Method.java:498)
	at org.codehaus.groovy.tools.GroovyStarter.rootLoader(GroovyStarter.java:109)
	at org.codehaus.groovy.tools.GroovyStarter.main(GroovyStarter.java:131)
)]]></system-out>
      <system-err><![CDATA[2018-11-16 18:00:21 - [TEST_SUITE][FAILED] - MMA Merchandising With Channel Wise Data Verification: Test Cases/VisitShopScenarios/VisitShopsWithDataVerification FAILED because (of) (Stack trace: com.kms.katalon.core.exception.StepFailedException: Cannot hide keyboard (Root cause: org.openqa.selenium.WebDriverException: An unknown server-side error occurred while processing the command. Original error: Soft keyboard not present, cannot hide keyboard (WARNING: The server did not provide any stacktrace information)
Command duration or timeout: 0 milliseconds
Build info: version: '3.7.1', revision: '8a0099a', time: '2017-11-06T21:07:36.161Z'
System info: host: 'DESKTOP-L12UUAD', ip: '192.168.3.221', os.name: 'Windows 10', os.arch: 'amd64', os.version: '10.0', java.version: '1.8.0_102'
Driver info: com.kms.katalon.core.appium.driver.SwipeableAndroidDriver
Capabilities {app: F:\QA_Automation\Builds\non..., appActivity: com.audit.main.ui.SplashScreen, appPackage: com.concavetech.bloc, appWaitActivity: com.audit.main.ui.SplashScreen, appWaitPackage: com.concavetech.bloc, autoGrantPermissions: true, databaseEnabled: false, desired: {app: F:\QA_Automation\Builds\non..., autoGrantPermissions: true, deviceId: , deviceName: samsung SM-J110H (Android 4..., fullReset: false, newCommandTimeout: 1800, noReset: true, platform: ANDROID, platformName: Android, udid: 11015a1136d0b24a}, deviceId: , deviceManufacturer: samsung, deviceModel: SM-J110H, deviceName: 11015a1136d0b24a, deviceScreenSize: 480x800, deviceUDID: 11015a1136d0b24a, fullReset: false, javascriptEnabled: true, locationContextEnabled: false, networkConnectionEnabled: true, newCommandTimeout: 1800, noReset: true, platform: ANDROID, platformName: ANDROID, platformVersion: 4.4.4, takesScreenshot: true, udid: 11015a1136d0b24a, warnings: {}, webStorageEnabled: false}
Session ID: ba9f2dd4-22cf-4a6f-aeb7-f71967160ad1)
	at com.kms.katalon.core.keyword.internal.KeywordMain.stepFailed(KeywordMain.groovy:36)
	at com.kms.katalon.core.mobile.keyword.internal.MobileKeywordMain.stepFailed(MobileKeywordMain.groovy:40)
	at com.kms.katalon.core.mobile.keyword.internal.MobileKeywordMain.runKeyword(MobileKeywordMain.groovy:23)
	at com.kms.katalon.core.mobile.keyword.internal.MobileKeywordMain$runKeyword.call(Unknown Source)
	at com.kms.katalon.core.mobile.keyword.builtin.HideKeyboardKeyword.hideKeyboard(HideKeyboardKeyword.groovy:66)
	at com.kms.katalon.core.mobile.keyword.builtin.HideKeyboardKeyword.execute(HideKeyboardKeyword.groovy:62)
	at com.kms.katalon.core.keyword.internal.KeywordExecutor.executeKeywordForPlatform(KeywordExecutor.groovy:53)
	at com.kms.katalon.core.mobile.keyword.MobileBuiltInKeywords.hideKeyboard(MobileBuiltInKeywords.groovy:1269)
	at com.kms.katalon.core.mobile.keyword.MobileBuiltInKeywords$hideKeyboard$5.call(Unknown Source)
	at com.ct.qa.keywords.ChillerProductsDataKeywords.VisitChillerNotAvailableProductsData(ChillerProductsDataKeywords.groovy:704)
	at sun.reflect.NativeMethodAccessorImpl.invoke0(Native Method)
	at sun.reflect.NativeMethodAccessorImpl.invoke(NativeMethodAccessorImpl.java:62)
	at sun.reflect.DelegatingMethodAccessorImpl.invoke(DelegatingMethodAccessorImpl.java:43)
	at java.lang.reflect.Method.invoke(Method.java:498)
	at org.codehaus.groovy.reflection.CachedMethod.invoke(CachedMethod.java:93)
	at groovy.lang.MetaMethod.doMethodInvoke(MetaMethod.java:325)
	at groovy.lang.MetaClassImpl.invokeMethod(MetaClassImpl.java:1215)
	at groovy.lang.MetaClassImpl.invokeMethod(MetaClassImpl.java:1024)
	at groovy.lang.MetaClassImpl.invokeMethod(MetaClassImpl.java:812)
	at groovy.lang.DelegatingMetaClass.invokeMethod(DelegatingMetaClass.java:144)
	at com.ct.qa.keywords.ChillerProductsDataKeywords.invokeMethod(ChillerProductsDataKeywords.groovy)
	at com.kms.katalon.core.main.CustomKeywordDelegatingMetaClass.invokeStaticMethod(CustomKeywordDelegatingMetaClass.java:46)
	at org.codehaus.groovy.runtime.callsite.StaticMetaClassSite.call(StaticMetaClassSite.java:53)
	at org.codehaus.groovy.runtime.callsite.AbstractCallSite.call(AbstractCallSite.java:133)
	at Script1531389034206.run(Script1531389034206.groovy:53)
	at com.kms.katalon.core.main.ScriptEngine.run(ScriptEngine.java:183)
	at com.kms.katalon.core.main.ScriptEngine.runScriptAsRawText(ScriptEngine.java:108)
	at com.kms.katalon.core.main.TestCaseExecutor.runScript(TestCaseExecutor.java:294)
	at com.kms.katalon.core.main.TestCaseExecutor.doExecute(TestCaseExecutor.java:285)
	at com.kms.katalon.core.main.TestCaseExecutor.processExecutionPhase(TestCaseExecutor.java:264)
	at com.kms.katalon.core.main.TestCaseExecutor.accessMainPhase(TestCaseExecutor.java:256)
	at com.kms.katalon.core.main.TestCaseExecutor.execute(TestCaseExecutor.java:200)
	at com.kms.katalon.core.main.TestCaseMain.runTestCase(TestCaseMain.java:99)
	at com.kms.katalon.core.keyword.builtin.CallTestCaseKeyword$_callTestCase_closure1.doCall(CallTestCaseKeyword.groovy:60)
	at com.kms.katalon.core.keyword.builtin.CallTestCaseKeyword$_callTestCase_closure1.call(CallTestCaseKeyword.groovy)
	at com.kms.katalon.core.keyword.internal.KeywordMain.runKeyword(KeywordMain.groovy:54)
	at com.kms.katalon.core.keyword.builtin.CallTestCaseKeyword.callTestCase(CallTestCaseKeyword.groovy:81)
	at com.kms.katalon.core.keyword.builtin.CallTestCaseKeyword.execute(CallTestCaseKeyword.groovy:45)
	at com.kms.katalon.core.keyword.internal.KeywordExecutor.executeKeywordForPlatform(KeywordExecutor.groovy:53)
	at com.kms.katalon.core.keyword.BuiltinKeywords.callTestCase(BuiltinKeywords.groovy:350)
	at sun.reflect.GeneratedMethodAccessor20.invoke(Unknown Source)
	at sun.reflect.DelegatingMethodAccessorImpl.invoke(DelegatingMethodAccessorImpl.java:43)
	at java.lang.reflect.Method.invoke(Method.java:498)
	at org.codehaus.groovy.reflection.CachedMethod.invoke(CachedMethod.java:93)
	at groovy.lang.MetaMethod.doMethodInvoke(MetaMethod.java:325)
	at groovy.lang.MetaClassImpl.invokeStaticMethod(MetaClassImpl.java:1469)
	at org.codehaus.groovy.runtime.callsite.StaticMetaClassSite.call(StaticMetaClassSite.java:53)
	at org.codehaus.groovy.runtime.callsite.AbstractCallSite.call(AbstractCallSite.java:133)
	at com.ct.qa.keywords.ChillerProductsDataKeywords.visitChillerNotAvailableProductCategories(ChillerProductsDataKeywords.groovy:199)
	at sun.reflect.NativeMethodAccessorImpl.invoke0(Native Method)
	at sun.reflect.NativeMethodAccessorImpl.invoke(NativeMethodAccessorImpl.java:62)
	at sun.reflect.DelegatingMethodAccessorImpl.invoke(DelegatingMethodAccessorImpl.java:43)
	at java.lang.reflect.Method.invoke(Method.java:498)
	at org.codehaus.groovy.reflection.CachedMethod.invoke(CachedMethod.java:93)
	at groovy.lang.MetaMethod.doMethodInvoke(MetaMethod.java:325)
	at groovy.lang.MetaClassImpl.invokeMethod(MetaClassImpl.java:1215)
	at groovy.lang.MetaClassImpl.invokeMethod(MetaClassImpl.java:1024)
	at groovy.lang.MetaClassImpl.invokeMethod(MetaClassImpl.java:812)
	at groovy.lang.DelegatingMetaClass.invokeMethod(DelegatingMetaClass.java:144)
	at com.ct.qa.keywords.ChillerProductsDataKeywords.invokeMethod(ChillerProductsDataKeywords.groovy)
	at com.kms.katalon.core.main.CustomKeywordDelegatingMetaClass.invokeStaticMethod(CustomKeywordDelegatingMetaClass.java:46)
	at org.codehaus.groovy.runtime.callsite.StaticMetaClassSite.call(StaticMetaClassSite.java:53)
	at org.codehaus.groovy.runtime.callsite.CallSiteArray.defaultCall(CallSiteArray.java:48)
	at org.codehaus.groovy.runtime.callsite.AbstractCallSite.call(AbstractCallSite.java:113)
	at org.codehaus.groovy.runtime.callsite.AbstractCallSite.call(AbstractCallSite.java:125)
	at Script1527584701019.run(Script1527584701019.groovy:28)
	at com.kms.katalon.core.main.ScriptEngine.run(ScriptEngine.java:183)
	at com.kms.katalon.core.main.ScriptEngine.runScriptAsRawText(ScriptEngine.java:108)
	at com.kms.katalon.core.main.TestCaseExecutor.runScript(TestCaseExecutor.java:294)
	at com.kms.katalon.core.main.TestCaseExecutor.doExecute(TestCaseExecutor.java:285)
	at com.kms.katalon.core.main.TestCaseExecutor.processExecutionPhase(TestCaseExecutor.java:264)
	at com.kms.katalon.core.main.TestCaseExecutor.accessMainPhase(TestCaseExecutor.java:256)
	at com.kms.katalon.core.main.TestCaseExecutor.execute(TestCaseExecutor.java:200)
	at com.kms.katalon.core.main.TestCaseMain.runTestCase(TestCaseMain.java:99)
	at com.kms.katalon.core.keyword.builtin.CallTestCaseKeyword$_callTestCase_closure1.doCall(CallTestCaseKeyword.groovy:60)
	at com.kms.katalon.core.keyword.builtin.CallTestCaseKeyword$_callTestCase_closure1.call(CallTestCaseKeyword.groovy)
	at com.kms.katalon.core.keyword.internal.KeywordMain.runKeyword(KeywordMain.groovy:54)
	at com.kms.katalon.core.keyword.builtin.CallTestCaseKeyword.callTestCase(CallTestCaseKeyword.groovy:81)
	at com.kms.katalon.core.keyword.builtin.CallTestCaseKeyword.execute(CallTestCaseKeyword.groovy:45)
	at com.kms.katalon.core.keyword.internal.KeywordExecutor.executeKeywordForPlatform(KeywordExecutor.groovy:53)
	at com.kms.katalon.core.keyword.BuiltinKeywords.callTestCase(BuiltinKeywords.groovy:350)
	at sun.reflect.GeneratedMethodAccessor20.invoke(Unknown Source)
	at sun.reflect.DelegatingMethodAccessorImpl.invoke(DelegatingMethodAccessorImpl.java:43)
	at java.lang.reflect.Method.invoke(Method.java:498)
	at org.codehaus.groovy.reflection.CachedMethod.invoke(CachedMethod.java:93)
	at groovy.lang.MetaMethod.doMethodInvoke(MetaMethod.java:325)
	at groovy.lang.MetaClassImpl.invokeStaticMethod(MetaClassImpl.java:1469)
	at org.codehaus.groovy.runtime.callsite.StaticMetaClassSite.call(StaticMetaClassSite.java:53)
	at org.codehaus.groovy.runtime.callsite.CallSiteArray.defaultCall(CallSiteArray.java:48)
	at org.codehaus.groovy.runtime.callsite.AbstractCallSite.call(AbstractCallSite.java:113)
	at org.codehaus.groovy.runtime.callsite.AbstractCallSite.call(AbstractCallSite.java:133)
	at com.ct.qa.keywords.ChillerVisitingScenariosKeywords.visitChillersTaggedInChillerUtilizationWithDataVerification(ChillerVisitingScenariosKeywords.groovy:63)
	at sun.reflect.NativeMethodAccessorImpl.invoke0(Native Method)
	at sun.reflect.NativeMethodAccessorImpl.invoke(NativeMethodAccessorImpl.java:62)
	at sun.reflect.DelegatingMethodAccessorImpl.invoke(DelegatingMethodAccessorImpl.java:43)
	at java.lang.reflect.Method.invoke(Method.java:498)
	at org.codehaus.groovy.reflection.CachedMethod.invoke(CachedMethod.java:93)
	at groovy.lang.MetaMethod.doMethodInvoke(MetaMethod.java:325)
	at groovy.lang.MetaClassImpl.invokeMethod(MetaClassImpl.java:1215)
	at groovy.lang.MetaClassImpl.invokeMethod(MetaClassImpl.java:1024)
	at groovy.lang.MetaClassImpl.invokeMethod(MetaClassImpl.java:812)
	at groovy.lang.DelegatingMetaClass.invokeMethod(DelegatingMetaClass.java:144)
	at com.ct.qa.keywords.ChillerVisitingScenariosKeywords.invokeMethod(ChillerVisitingScenariosKeywords.groovy)
	at com.kms.katalon.core.main.CustomKeywordDelegatingMetaClass.invokeStaticMethod(CustomKeywordDelegatingMetaClass.java:46)
	at org.codehaus.groovy.runtime.callsite.StaticMetaClassSite.call(StaticMetaClassSite.java:53)
	at org.codehaus.groovy.runtime.callsite.CallSiteArray.defaultCall(CallSiteArray.java:48)
	at org.codehaus.groovy.runtime.callsite.AbstractCallSite.call(AbstractCallSite.java:113)
	at org.codehaus.groovy.runtime.callsite.AbstractCallSite.call(AbstractCallSite.java:117)
	at Script1532949461188.run(Script1532949461188.groovy:29)
	at com.kms.katalon.core.main.ScriptEngine.run(ScriptEngine.java:183)
	at com.kms.katalon.core.main.ScriptEngine.runScriptAsRawText(ScriptEngine.java:108)
	at com.kms.katalon.core.main.TestCaseExecutor.runScript(TestCaseExecutor.java:294)
	at com.kms.katalon.core.main.TestCaseExecutor.doExecute(TestCaseExecutor.java:285)
	at com.kms.katalon.core.main.TestCaseExecutor.processExecutionPhase(TestCaseExecutor.java:264)
	at com.kms.katalon.core.main.TestCaseExecutor.accessMainPhase(TestCaseExecutor.java:256)
	at com.kms.katalon.core.main.TestCaseExecutor.execute(TestCaseExecutor.java:200)
	at com.kms.katalon.core.main.TestCaseMain.runTestCase(TestCaseMain.java:99)
	at com.kms.katalon.core.keyword.builtin.CallTestCaseKeyword$_callTestCase_closure1.doCall(CallTestCaseKeyword.groovy:60)
	at com.kms.katalon.core.keyword.builtin.CallTestCaseKeyword$_callTestCase_closure1.call(CallTestCaseKeyword.groovy)
	at com.kms.katalon.core.keyword.internal.KeywordMain.runKeyword(KeywordMain.groovy:54)
	at com.kms.katalon.core.keyword.builtin.CallTestCaseKeyword.callTestCase(CallTestCaseKeyword.groovy:81)
	at com.kms.katalon.core.keyword.builtin.CallTestCaseKeyword.execute(CallTestCaseKeyword.groovy:45)
	at com.kms.katalon.core.keyword.internal.KeywordExecutor.executeKeywordForPlatform(KeywordExecutor.groovy:53)
	at com.kms.katalon.core.keyword.BuiltinKeywords.callTestCase(BuiltinKeywords.groovy:350)
	at sun.reflect.GeneratedMethodAccessor20.invoke(Unknown Source)
	at sun.reflect.DelegatingMethodAccessorImpl.invoke(DelegatingMethodAccessorImpl.java:43)
	at java.lang.reflect.Method.invoke(Method.java:498)
	at org.codehaus.groovy.reflection.CachedMethod.invoke(CachedMethod.java:93)
	at groovy.lang.MetaMethod.doMethodInvoke(MetaMethod.java:325)
	at groovy.lang.MetaClassImpl.invokeStaticMethod(MetaClassImpl.java:1469)
	at org.codehaus.groovy.runtime.callsite.StaticMetaClassSite.call(StaticMetaClassSite.java:53)
	at org.codehaus.groovy.runtime.callsite.CallSiteArray.defaultCall(CallSiteArray.java:48)
	at org.codehaus.groovy.runtime.callsite.AbstractCallSite.call(AbstractCallSite.java:113)
	at org.codehaus.groovy.runtime.callsite.AbstractCallSite.call(AbstractCallSite.java:133)
	at com.ct.qa.keywords.CategoryVisitingScenariosKeywords.visitShopCategoriesWithDataVerification(CategoryVisitingScenariosKeywords.groovy:93)
	at sun.reflect.NativeMethodAccessorImpl.invoke0(Native Method)
	at sun.reflect.NativeMethodAccessorImpl.invoke(NativeMethodAccessorImpl.java:62)
	at sun.reflect.DelegatingMethodAccessorImpl.invoke(DelegatingMethodAccessorImpl.java:43)
	at java.lang.reflect.Method.invoke(Method.java:498)
	at org.codehaus.groovy.reflection.CachedMethod.invoke(CachedMethod.java:93)
	at groovy.lang.MetaMethod.doMethodInvoke(MetaMethod.java:325)
	at groovy.lang.MetaClassImpl.invokeMethod(MetaClassImpl.java:1215)
	at groovy.lang.MetaClassImpl.invokeMethod(MetaClassImpl.java:1024)
	at groovy.lang.MetaClassImpl.invokeMethod(MetaClassImpl.java:812)
	at groovy.lang.DelegatingMetaClass.invokeMethod(DelegatingMetaClass.java:144)
	at com.ct.qa.keywords.CategoryVisitingScenariosKeywords.invokeMethod(CategoryVisitingScenariosKeywords.groovy)
	at com.kms.katalon.core.main.CustomKeywordDelegatingMetaClass.invokeStaticMethod(CustomKeywordDelegatingMetaClass.java:46)
	at org.codehaus.groovy.runtime.callsite.StaticMetaClassSite.call(StaticMetaClassSite.java:53)
	at org.codehaus.groovy.runtime.callsite.AbstractCallSite.call(AbstractCallSite.java:117)
	at Script1533013695676.run(Script1533013695676.groovy:28)
	at com.kms.katalon.core.main.ScriptEngine.run(ScriptEngine.java:183)
	at com.kms.katalon.core.main.ScriptEngine.runScriptAsRawText(ScriptEngine.java:108)
	at com.kms.katalon.core.main.TestCaseExecutor.runScript(TestCaseExecutor.java:294)
	at com.kms.katalon.core.main.TestCaseExecutor.doExecute(TestCaseExecutor.java:285)
	at com.kms.katalon.core.main.TestCaseExecutor.processExecutionPhase(TestCaseExecutor.java:264)
	at com.kms.katalon.core.main.TestCaseExecutor.accessMainPhase(TestCaseExecutor.java:256)
	at com.kms.katalon.core.main.TestCaseExecutor.execute(TestCaseExecutor.java:200)
	at com.kms.katalon.core.main.TestCaseMain.runTestCase(TestCaseMain.java:99)
	at com.kms.katalon.core.keyword.builtin.CallTestCaseKeyword$_callTestCase_closure1.doCall(CallTestCaseKeyword.groovy:60)
	at com.kms.katalon.core.keyword.builtin.CallTestCaseKeyword$_callTestCase_closure1.call(CallTestCaseKeyword.groovy)
	at com.kms.katalon.core.keyword.internal.KeywordMain.runKeyword(KeywordMain.groovy:54)
	at com.kms.katalon.core.keyword.builtin.CallTestCaseKeyword.callTestCase(CallTestCaseKeyword.groovy:81)
	at com.kms.katalon.core.keyword.builtin.CallTestCaseKeyword.execute(CallTestCaseKeyword.groovy:45)
	at com.kms.katalon.core.keyword.internal.KeywordExecutor.executeKeywordForPlatform(KeywordExecutor.groovy:53)
	at com.kms.katalon.core.keyword.BuiltinKeywords.callTestCase(BuiltinKeywords.groovy:350)
	at sun.reflect.NativeMethodAccessorImpl.invoke0(Native Method)
	at sun.reflect.NativeMethodAccessorImpl.invoke(NativeMethodAccessorImpl.java:62)
	at sun.reflect.DelegatingMethodAccessorImpl.invoke(DelegatingMethodAccessorImpl.java:43)
	at java.lang.reflect.Method.invoke(Method.java:498)
	at org.codehaus.groovy.reflection.CachedMethod.invoke(CachedMethod.java:93)
	at groovy.lang.MetaMethod.doMethodInvoke(MetaMethod.java:325)
	at groovy.lang.MetaClassImpl.invokeStaticMethod(MetaClassImpl.java:1469)
	at org.codehaus.groovy.runtime.callsite.StaticMetaClassSite.call(StaticMetaClassSite.java:53)
	at org.codehaus.groovy.runtime.callsite.AbstractCallSite.call(AbstractCallSite.java:133)
	at com.ct.qa.keywords.ShopVisitingScenariosKeywords.visitShopWith_DataVerification(ShopVisitingScenariosKeywords.groovy:336)
	at sun.reflect.NativeMethodAccessorImpl.invoke0(Native Method)
	at sun.reflect.NativeMethodAccessorImpl.invoke(NativeMethodAccessorImpl.java:62)
	at sun.reflect.DelegatingMethodAccessorImpl.invoke(DelegatingMethodAccessorImpl.java:43)
	at java.lang.reflect.Method.invoke(Method.java:498)
	at org.codehaus.groovy.reflection.CachedMethod.invoke(CachedMethod.java:93)
	at groovy.lang.MetaMethod.doMethodInvoke(MetaMethod.java:325)
	at groovy.lang.MetaClassImpl.invokeMethod(MetaClassImpl.java:1215)
	at groovy.lang.MetaClassImpl.invokeMethod(MetaClassImpl.java:1024)
	at groovy.lang.MetaClassImpl.invokeMethod(MetaClassImpl.java:812)
	at groovy.lang.DelegatingMetaClass.invokeMethod(DelegatingMetaClass.java:144)
	at com.ct.qa.keywords.ShopVisitingScenariosKeywords.invokeMethod(ShopVisitingScenariosKeywords.groovy)
	at com.kms.katalon.core.main.CustomKeywordDelegatingMetaClass.invokeStaticMethod(CustomKeywordDelegatingMetaClass.java:46)
	at org.codehaus.groovy.runtime.callsite.StaticMetaClassSite.call(StaticMetaClassSite.java:53)
	at org.codehaus.groovy.runtime.callsite.CallSiteArray.defaultCall(CallSiteArray.java:48)
	at org.codehaus.groovy.runtime.callsite.AbstractCallSite.call(AbstractCallSite.java:113)
	at org.codehaus.groovy.runtime.callsite.AbstractCallSite.call(AbstractCallSite.java:117)
	at Script1539252870661.run(Script1539252870661.groovy:36)
	at com.kms.katalon.core.main.ScriptEngine.run(ScriptEngine.java:183)
	at com.kms.katalon.core.main.ScriptEngine.runScriptAsRawText(ScriptEngine.java:108)
	at com.kms.katalon.core.main.TestCaseExecutor.runScript(TestCaseExecutor.java:294)
	at com.kms.katalon.core.main.TestCaseExecutor.doExecute(TestCaseExecutor.java:285)
	at com.kms.katalon.core.main.TestCaseExecutor.processExecutionPhase(TestCaseExecutor.java:264)
	at com.kms.katalon.core.main.TestCaseExecutor.accessMainPhase(TestCaseExecutor.java:256)
	at com.kms.katalon.core.main.TestCaseExecutor.execute(TestCaseExecutor.java:200)
	at com.kms.katalon.core.main.TestSuiteExecutor.accessTestCaseMainPhase(TestSuiteExecutor.java:129)
	at com.kms.katalon.core.main.TestSuiteExecutor.accessTestSuiteMainPhase(TestSuiteExecutor.java:112)
	at com.kms.katalon.core.main.TestSuiteExecutor.execute(TestSuiteExecutor.java:81)
	at com.kms.katalon.core.main.TestCaseMain.startTestSuite(TestCaseMain.java:142)
	at com.kms.katalon.core.main.TestCaseMain$startTestSuite$0.call(Unknown Source)
	at org.codehaus.groovy.runtime.callsite.CallSiteArray.defaultCall(CallSiteArray.java:48)
	at org.codehaus.groovy.runtime.callsite.AbstractCallSite.call(AbstractCallSite.java:113)
	at org.codehaus.groovy.runtime.callsite.AbstractCallSite.call(AbstractCallSite.java:141)
	at TempTestSuite1542373218680.run(TempTestSuite1542373218680.groovy:36)
	at groovy.lang.GroovyShell.runScriptOrMainOrTestOrRunnable(GroovyShell.java:263)
	at groovy.lang.GroovyShell.run(GroovyShell.java:518)
	at groovy.lang.GroovyShell.run(GroovyShell.java:507)
	at groovy.ui.GroovyMain.processOnce(GroovyMain.java:653)
	at groovy.ui.GroovyMain.run(GroovyMain.java:384)
	at groovy.ui.GroovyMain.process(GroovyMain.java:370)
	at groovy.ui.GroovyMain.processArgs(GroovyMain.java:129)
	at groovy.ui.GroovyMain.main(GroovyMain.java:109)
	at sun.reflect.NativeMethodAccessorImpl.invoke0(Native Method)
	at sun.reflect.NativeMethodAccessorImpl.invoke(NativeMethodAccessorImpl.java:62)
	at sun.reflect.DelegatingMethodAccessorImpl.invoke(DelegatingMethodAccessorImpl.java:43)
	at java.lang.reflect.Method.invoke(Method.java:498)
	at org.codehaus.groovy.tools.GroovyStarter.rootLoader(GroovyStarter.java:109)
	at org.codehaus.groovy.tools.GroovyStarter.main(GroovyStarter.java:131)
)]]></system-err>
   </testsuite>
</testsuites>
